ARM GAS  C:\Users\zakis\AppData\Local\Temp\ccjwJdh6.s 			page 1


   1              		.syntax unified
   2              		.cpu cortex-m3
   3              		.fpu softvfp
   4              		.eabi_attribute 20, 1
   5              		.eabi_attribute 21, 1
   6              		.eabi_attribute 23, 3
   7              		.eabi_attribute 24, 1
   8              		.eabi_attribute 25, 1
   9              		.eabi_attribute 26, 1
  10              		.eabi_attribute 30, 1
  11              		.eabi_attribute 34, 1
  12              		.eabi_attribute 18, 4
  13              		.thumb
  14              		.syntax unified
  15              		.file	"cymetadata.c"
  16              		.text
  17              	.Ltext0:
  18              		.cfi_sections	.debug_frame
  19              		.global	cy_metadata
  20              		.global	cy_meta_flashprotect
  21              		.global	cy_meta_wonvl
  22              		.global	cy_meta_custnvl
  23              		.global	cy_meta_configecc
  24              		.section	.cyconfigecc,"a",%progbits
  25              		.align	2
  26              		.type	cy_meta_configecc, %object
  27              		.size	cy_meta_configecc, 1616
  28              	cy_meta_configecc:
  29 0000 02       		.byte	2
  30 0001 4F       		.byte	79
  31 0002 00       		.byte	0
  32 0003 40       		.byte	64
  33 0004 01       		.byte	1
  34 0005 64       		.byte	100
  35 0006 00       		.byte	0
  36 0007 40       		.byte	64
  37 0008 04       		.byte	4
  38 0009 65       		.byte	101
  39 000a 00       		.byte	0
  40 000b 40       		.byte	64
  41 000c 04       		.byte	4
  42 000d 06       		.byte	6
  43 000e 01       		.byte	1
  44 000f 40       		.byte	64
  45 0010 02       		.byte	2
  46 0011 07       		.byte	7
  47 0012 01       		.byte	1
  48 0013 40       		.byte	64
  49 0014 31       		.byte	49
  50 0015 08       		.byte	8
  51 0016 01       		.byte	1
  52 0017 40       		.byte	64
  53 0018 44       		.byte	68
  54 0019 09       		.byte	9
  55 001a 01       		.byte	1
  56 001b 40       		.byte	64
  57 001c 66       		.byte	102
ARM GAS  C:\Users\zakis\AppData\Local\Temp\ccjwJdh6.s 			page 2


  58 001d 0A       		.byte	10
  59 001e 01       		.byte	1
  60 001f 40       		.byte	64
  61 0020 3D       		.byte	61
  62 0021 0B       		.byte	11
  63 0022 01       		.byte	1
  64 0023 40       		.byte	64
  65 0024 01       		.byte	1
  66 0025 15       		.byte	21
  67 0026 01       		.byte	1
  68 0027 40       		.byte	64
  69 0028 59       		.byte	89
  70 0029 18       		.byte	24
  71 002a 01       		.byte	1
  72 002b 40       		.byte	64
  73 002c 40       		.byte	64
  74 002d 19       		.byte	25
  75 002e 01       		.byte	1
  76 002f 40       		.byte	64
  77 0030 64       		.byte	100
  78 0031 1A       		.byte	26
  79 0032 01       		.byte	1
  80 0033 40       		.byte	64
  81 0034 4E       		.byte	78
  82 0035 1B       		.byte	27
  83 0036 01       		.byte	1
  84 0037 40       		.byte	64
  85 0038 02       		.byte	2
  86 0039 40       		.byte	64
  87 003a 01       		.byte	1
  88 003b 40       		.byte	64
  89 003c 01       		.byte	1
  90 003d 41       		.byte	65
  91 003e 01       		.byte	1
  92 003f 40       		.byte	64
  93 0040 03       		.byte	3
  94 0041 42       		.byte	66
  95 0042 01       		.byte	1
  96 0043 40       		.byte	64
  97 0044 08       		.byte	8
  98 0045 43       		.byte	67
  99 0046 01       		.byte	1
 100 0047 40       		.byte	64
 101 0048 04       		.byte	4
 102 0049 44       		.byte	68
 103 004a 01       		.byte	1
 104 004b 40       		.byte	64
 105 004c 02       		.byte	2
 106 004d 45       		.byte	69
 107 004e 01       		.byte	1
 108 004f 40       		.byte	64
 109 0050 03       		.byte	3
 110 0051 46       		.byte	70
 111 0052 01       		.byte	1
 112 0053 40       		.byte	64
 113 0054 01       		.byte	1
 114 0055 47       		.byte	71
ARM GAS  C:\Users\zakis\AppData\Local\Temp\ccjwJdh6.s 			page 3


 115 0056 01       		.byte	1
 116 0057 40       		.byte	64
 117 0058 01       		.byte	1
 118 0059 48       		.byte	72
 119 005a 01       		.byte	1
 120 005b 40       		.byte	64
 121 005c 03       		.byte	3
 122 005d 49       		.byte	73
 123 005e 01       		.byte	1
 124 005f 40       		.byte	64
 125 0060 03       		.byte	3
 126 0061 4C       		.byte	76
 127 0062 01       		.byte	1
 128 0063 40       		.byte	64
 129 0064 09       		.byte	9
 130 0065 4D       		.byte	77
 131 0066 01       		.byte	1
 132 0067 40       		.byte	64
 133 0068 04       		.byte	4
 134 0069 50       		.byte	80
 135 006a 01       		.byte	1
 136 006b 40       		.byte	64
 137 006c 01       		.byte	1
 138 006d 51       		.byte	81
 139 006e 01       		.byte	1
 140 006f 40       		.byte	64
 141 0070 01       		.byte	1
 142 0071 20       		.byte	32
 143 0072 0A       		.byte	10
 144 0073 27       		.byte	39
 145 0074 8B       		.byte	-117
 146 0075 0F       		.byte	15
 147 0076 88       		.byte	-120
 148 0077 0D       		.byte	13
 149 0078 89       		.byte	-119
 150 0079 76       		.byte	118
 151 007a 8A       		.byte	-118
 152 007b 38       		.byte	56
 153 007c 8B       		.byte	-117
 154 007d 0F       		.byte	15
 155 007e B8       		.byte	-72
 156 007f 02       		.byte	2
 157 0080 BE       		.byte	-66
 158 0081 01       		.byte	1
 159 0082 D8       		.byte	-40
 160 0083 04       		.byte	4
 161 0084 DF       		.byte	-33
 162 0085 01       		.byte	1
 163 0086 1A       		.byte	26
 164 0087 80       		.byte	-128
 165 0088 82       		.byte	-126
 166 0089 40       		.byte	64
 167 008a 00       		.byte	0
 168 008b 33       		.byte	51
 169 008c 02       		.byte	2
 170 008d 04       		.byte	4
 171 008e 05       		.byte	5
ARM GAS  C:\Users\zakis\AppData\Local\Temp\ccjwJdh6.s 			page 4


 172 008f 03       		.byte	3
 173 0090 07       		.byte	7
 174 0091 04       		.byte	4
 175 0092 08       		.byte	8
 176 0093 40       		.byte	64
 177 0094 0A       		.byte	10
 178 0095 15       		.byte	21
 179 0096 0D       		.byte	13
 180 0097 05       		.byte	5
 181 0098 0F       		.byte	15
 182 0099 0A       		.byte	10
 183 009a 14       		.byte	20
 184 009b 33       		.byte	51
 185 009c 15       		.byte	21
 186 009d 04       		.byte	4
 187 009e 16       		.byte	22
 188 009f 0C       		.byte	12
 189 00a0 17       		.byte	23
 190 00a1 09       		.byte	9
 191 00a2 18       		.byte	24
 192 00a3 03       		.byte	3
 193 00a4 1A       		.byte	26
 194 00a5 14       		.byte	20
 195 00a6 1D       		.byte	29
 196 00a7 0E       		.byte	14
 197 00a8 1E       		.byte	30
 198 00a9 08       		.byte	8
 199 00aa 28       		.byte	40
 200 00ab 0A       		.byte	10
 201 00ac 2A       		.byte	42
 202 00ad 34       		.byte	52
 203 00ae 30       		.byte	48
 204 00af 10       		.byte	16
 205 00b0 31       		.byte	49
 206 00b1 0F       		.byte	15
 207 00b2 32       		.byte	50
 208 00b3 0F       		.byte	15
 209 00b4 36       		.byte	54
 210 00b5 60       		.byte	96
 211 00b6 38       		.byte	56
 212 00b7 80       		.byte	-128
 213 00b8 39       		.byte	57
 214 00b9 02       		.byte	2
 215 00ba 3A       		.byte	58
 216 00bb 08       		.byte	8
 217 00bc 3E       		.byte	62
 218 00bd 01       		.byte	1
 219 00be 40       		.byte	64
 220 00bf 36       		.byte	54
 221 00c0 41       		.byte	65
 222 00c1 04       		.byte	4
 223 00c2 45       		.byte	69
 224 00c3 0C       		.byte	12
 225 00c4 46       		.byte	70
 226 00c5 B0       		.byte	-80
 227 00c6 47       		.byte	71
 228 00c7 0E       		.byte	14
ARM GAS  C:\Users\zakis\AppData\Local\Temp\ccjwJdh6.s 			page 5


 229 00c8 48       		.byte	72
 230 00c9 19       		.byte	25
 231 00ca 49       		.byte	73
 232 00cb FF       		.byte	-1
 233 00cc 4A       		.byte	74
 234 00cd FF       		.byte	-1
 235 00ce 4B       		.byte	75
 236 00cf FF       		.byte	-1
 237 00d0 4E       		.byte	78
 238 00d1 F0       		.byte	-16
 239 00d2 4F       		.byte	79
 240 00d3 44       		.byte	68
 241 00d4 50       		.byte	80
 242 00d5 0C       		.byte	12
 243 00d6 54       		.byte	84
 244 00d7 40       		.byte	64
 245 00d8 58       		.byte	88
 246 00d9 04       		.byte	4
 247 00da 59       		.byte	89
 248 00db 04       		.byte	4
 249 00dc 5A       		.byte	90
 250 00dd 04       		.byte	4
 251 00de 5B       		.byte	91
 252 00df 04       		.byte	4
 253 00e0 5C       		.byte	92
 254 00e1 01       		.byte	1
 255 00e2 5D       		.byte	93
 256 00e3 01       		.byte	1
 257 00e4 5F       		.byte	95
 258 00e5 01       		.byte	1
 259 00e6 66       		.byte	102
 260 00e7 C0       		.byte	-64
 261 00e8 6A       		.byte	106
 262 00e9 40       		.byte	64
 263 00ea 6B       		.byte	107
 264 00eb 02       		.byte	2
 265 00ec 00       		.byte	0
 266 00ed 08       		.byte	8
 267 00ee 03       		.byte	3
 268 00ef 80       		.byte	-128
 269 00f0 04       		.byte	4
 270 00f1 21       		.byte	33
 271 00f2 0A       		.byte	10
 272 00f3 90       		.byte	-112
 273 00f4 0E       		.byte	14
 274 00f5 11       		.byte	17
 275 00f6 0F       		.byte	15
 276 00f7 08       		.byte	8
 277 00f8 10       		.byte	16
 278 00f9 10       		.byte	16
 279 00fa 11       		.byte	17
 280 00fb 20       		.byte	32
 281 00fc 13       		.byte	19
 282 00fd 02       		.byte	2
 283 00fe 15       		.byte	21
 284 00ff 22       		.byte	34
 285 0100 16       		.byte	22
ARM GAS  C:\Users\zakis\AppData\Local\Temp\ccjwJdh6.s 			page 6


 286 0101 40       		.byte	64
 287 0102 1A       		.byte	26
 288 0103 88       		.byte	-120
 289 0104 1E       		.byte	30
 290 0105 91       		.byte	-111
 291 0106 1F       		.byte	31
 292 0107 88       		.byte	-120
 293 0108 20       		.byte	32
 294 0109 09       		.byte	9
 295 010a 21       		.byte	33
 296 010b 11       		.byte	17
 297 010c 22       		.byte	34
 298 010d 10       		.byte	16
 299 010e 23       		.byte	35
 300 010f 12       		.byte	18
 301 0110 27       		.byte	39
 302 0111 80       		.byte	-128
 303 0112 28       		.byte	40
 304 0113 10       		.byte	16
 305 0114 29       		.byte	41
 306 0115 08       		.byte	8
 307 0116 2B       		.byte	43
 308 0117 80       		.byte	-128
 309 0118 32       		.byte	50
 310 0119 90       		.byte	-112
 311 011a 33       		.byte	51
 312 011b 0C       		.byte	12
 313 011c 36       		.byte	54
 314 011d 28       		.byte	40
 315 011e 37       		.byte	55
 316 011f A0       		.byte	-96
 317 0120 38       		.byte	56
 318 0121 21       		.byte	33
 319 0122 39       		.byte	57
 320 0123 18       		.byte	24
 321 0124 3C       		.byte	60
 322 0125 44       		.byte	68
 323 0126 40       		.byte	64
 324 0127 54       		.byte	84
 325 0128 47       		.byte	71
 326 0129 06       		.byte	6
 327 012a 49       		.byte	73
 328 012b 06       		.byte	6
 329 012c 4A       		.byte	74
 330 012d 08       		.byte	8
 331 012e 4D       		.byte	77
 332 012f 10       		.byte	16
 333 0130 4E       		.byte	78
 334 0131 20       		.byte	32
 335 0132 4F       		.byte	79
 336 0133 08       		.byte	8
 337 0134 52       		.byte	82
 338 0135 14       		.byte	20
 339 0136 53       		.byte	83
 340 0137 02       		.byte	2
 341 0138 55       		.byte	85
 342 0139 14       		.byte	20
ARM GAS  C:\Users\zakis\AppData\Local\Temp\ccjwJdh6.s 			page 7


 343 013a 58       		.byte	88
 344 013b 02       		.byte	2
 345 013c 59       		.byte	89
 346 013d 04       		.byte	4
 347 013e 5A       		.byte	90
 348 013f 40       		.byte	64
 349 0140 5B       		.byte	91
 350 0141 10       		.byte	16
 351 0142 61       		.byte	97
 352 0143 40       		.byte	64
 353 0144 66       		.byte	102
 354 0145 90       		.byte	-112
 355 0146 67       		.byte	103
 356 0147 20       		.byte	32
 357 0148 90       		.byte	-112
 358 0149 74       		.byte	116
 359 014a 92       		.byte	-110
 360 014b 40       		.byte	64
 361 014c 93       		.byte	-109
 362 014d 20       		.byte	32
 363 014e 97       		.byte	-105
 364 014f 10       		.byte	16
 365 0150 98       		.byte	-104
 366 0151 02       		.byte	2
 367 0152 99       		.byte	-103
 368 0153 48       		.byte	72
 369 0154 9D       		.byte	-99
 370 0155 02       		.byte	2
 371 0156 9E       		.byte	-98
 372 0157 04       		.byte	4
 373 0158 A2       		.byte	-94
 374 0159 08       		.byte	8
 375 015a A7       		.byte	-89
 376 015b 02       		.byte	2
 377 015c AB       		.byte	-85
 378 015d 10       		.byte	16
 379 015e C0       		.byte	-64
 380 015f 5C       		.byte	92
 381 0160 C2       		.byte	-62
 382 0161 EC       		.byte	-20
 383 0162 C4       		.byte	-60
 384 0163 4E       		.byte	78
 385 0164 CA       		.byte	-54
 386 0165 03       		.byte	3
 387 0166 CC       		.byte	-52
 388 0167 5E       		.byte	94
 389 0168 CE       		.byte	-50
 390 0169 57       		.byte	87
 391 016a D0       		.byte	-48
 392 016b C7       		.byte	-57
 393 016c D2       		.byte	-46
 394 016d 24       		.byte	36
 395 016e D6       		.byte	-42
 396 016f 0F       		.byte	15
 397 0170 D8       		.byte	-40
 398 0171 78       		.byte	120
 399 0172 E8       		.byte	-24
ARM GAS  C:\Users\zakis\AppData\Local\Temp\ccjwJdh6.s 			page 8


 400 0173 04       		.byte	4
 401 0174 00       		.byte	0
 402 0175 60       		.byte	96
 403 0176 04       		.byte	4
 404 0177 07       		.byte	7
 405 0178 05       		.byte	5
 406 0179 33       		.byte	51
 407 017a 06       		.byte	6
 408 017b 38       		.byte	56
 409 017c 07       		.byte	7
 410 017d 44       		.byte	68
 411 017e 08       		.byte	8
 412 017f 01       		.byte	1
 413 0180 0C       		.byte	12
 414 0181 84       		.byte	-124
 415 0182 0D       		.byte	13
 416 0183 18       		.byte	24
 417 0184 0F       		.byte	15
 418 0185 02       		.byte	2
 419 0186 10       		.byte	16
 420 0187 84       		.byte	-124
 421 0188 11       		.byte	17
 422 0189 C1       		.byte	-63
 423 018a 13       		.byte	19
 424 018b 38       		.byte	56
 425 018c 14       		.byte	20
 426 018d 80       		.byte	-128
 427 018e 15       		.byte	21
 428 018f 9C       		.byte	-100
 429 0190 16       		.byte	22
 430 0191 04       		.byte	4
 431 0192 17       		.byte	23
 432 0193 03       		.byte	3
 433 0194 18       		.byte	24
 434 0195 04       		.byte	4
 435 0196 19       		.byte	25
 436 0197 18       		.byte	24
 437 0198 1B       		.byte	27
 438 0199 02       		.byte	2
 439 019a 1C       		.byte	28
 440 019b 0A       		.byte	10
 441 019c 1D       		.byte	29
 442 019d 1A       		.byte	26
 443 019e 1E       		.byte	30
 444 019f 10       		.byte	16
 445 01a0 21       		.byte	33
 446 01a1 1A       		.byte	26
 447 01a2 24       		.byte	36
 448 01a3 84       		.byte	-124
 449 01a4 25       		.byte	37
 450 01a5 18       		.byte	24
 451 01a6 28       		.byte	40
 452 01a7 56       		.byte	86
 453 01a8 29       		.byte	41
 454 01a9 02       		.byte	2
 455 01aa 2A       		.byte	42
 456 01ab 09       		.byte	9
ARM GAS  C:\Users\zakis\AppData\Local\Temp\ccjwJdh6.s 			page 9


 457 01ac 2B       		.byte	43
 458 01ad 18       		.byte	24
 459 01ae 2C       		.byte	44
 460 01af 04       		.byte	4
 461 01b0 2D       		.byte	45
 462 01b1 82       		.byte	-126
 463 01b2 2E       		.byte	46
 464 01b3 80       		.byte	-128
 465 01b4 30       		.byte	48
 466 01b5 08       		.byte	8
 467 01b6 31       		.byte	49
 468 01b7 0F       		.byte	15
 469 01b8 32       		.byte	50
 470 01b9 80       		.byte	-128
 471 01ba 33       		.byte	51
 472 01bb E0       		.byte	-32
 473 01bc 34       		.byte	52
 474 01bd 7F       		.byte	127
 475 01be 35       		.byte	53
 476 01bf 13       		.byte	19
 477 01c0 36       		.byte	54
 478 01c1 02       		.byte	2
 479 01c2 38       		.byte	56
 480 01c3 20       		.byte	32
 481 01c4 3B       		.byte	59
 482 01c5 0A       		.byte	10
 483 01c6 3E       		.byte	62
 484 01c7 45       		.byte	69
 485 01c8 40       		.byte	64
 486 01c9 06       		.byte	6
 487 01ca 45       		.byte	69
 488 01cb 04       		.byte	4
 489 01cc 49       		.byte	73
 490 01cd FF       		.byte	-1
 491 01ce 4A       		.byte	74
 492 01cf 0F       		.byte	15
 493 01d0 4B       		.byte	75
 494 01d1 FF       		.byte	-1
 495 01d2 4C       		.byte	76
 496 01d3 40       		.byte	64
 497 01d4 4D       		.byte	77
 498 01d5 20       		.byte	32
 499 01d6 4E       		.byte	78
 500 01d7 F0       		.byte	-16
 501 01d8 4F       		.byte	79
 502 01d9 05       		.byte	5
 503 01da 50       		.byte	80
 504 01db 08       		.byte	8
 505 01dc 58       		.byte	88
 506 01dd 04       		.byte	4
 507 01de 59       		.byte	89
 508 01df 04       		.byte	4
 509 01e0 5A       		.byte	90
 510 01e1 04       		.byte	4
 511 01e2 5D       		.byte	93
 512 01e3 01       		.byte	1
 513 01e4 5F       		.byte	95
ARM GAS  C:\Users\zakis\AppData\Local\Temp\ccjwJdh6.s 			page 10


 514 01e5 01       		.byte	1
 515 01e6 60       		.byte	96
 516 01e7 40       		.byte	64
 517 01e8 61       		.byte	97
 518 01e9 A8       		.byte	-88
 519 01ea 62       		.byte	98
 520 01eb 40       		.byte	64
 521 01ec 63       		.byte	99
 522 01ed 20       		.byte	32
 523 01ee 80       		.byte	-128
 524 01ef 12       		.byte	18
 525 01f0 82       		.byte	-126
 526 01f1 64       		.byte	100
 527 01f2 84       		.byte	-124
 528 01f3 10       		.byte	16
 529 01f4 85       		.byte	-123
 530 01f5 23       		.byte	35
 531 01f6 86       		.byte	-122
 532 01f7 60       		.byte	96
 533 01f8 87       		.byte	-121
 534 01f9 0C       		.byte	12
 535 01fa 8A       		.byte	-118
 536 01fb 80       		.byte	-128
 537 01fc 8C       		.byte	-116
 538 01fd 4D       		.byte	77
 539 01fe 8D       		.byte	-115
 540 01ff 05       		.byte	5
 541 0200 8E       		.byte	-114
 542 0201 80       		.byte	-128
 543 0202 8F       		.byte	-113
 544 0203 3A       		.byte	58
 545 0204 90       		.byte	-112
 546 0205 02       		.byte	2
 547 0206 92       		.byte	-110
 548 0207 0D       		.byte	13
 549 0208 94       		.byte	-108
 550 0209 8D       		.byte	-115
 551 020a 95       		.byte	-107
 552 020b 09       		.byte	9
 553 020c 96       		.byte	-106
 554 020d 40       		.byte	64
 555 020e 97       		.byte	-105
 556 020f 36       		.byte	54
 557 0210 98       		.byte	-104
 558 0211 CD       		.byte	-51
 559 0212 9B       		.byte	-101
 560 0213 10       		.byte	16
 561 0214 9C       		.byte	-100
 562 0215 CD       		.byte	-51
 563 0216 9D       		.byte	-99
 564 0217 02       		.byte	2
 565 0218 9F       		.byte	-97
 566 0219 0D       		.byte	13
 567 021a A0       		.byte	-96
 568 021b CD       		.byte	-51
 569 021c A4       		.byte	-92
 570 021d 72       		.byte	114
ARM GAS  C:\Users\zakis\AppData\Local\Temp\ccjwJdh6.s 			page 11


 571 021e A6       		.byte	-90
 572 021f 08       		.byte	8
 573 0220 A8       		.byte	-88
 574 0221 01       		.byte	1
 575 0222 AA       		.byte	-86
 576 0223 32       		.byte	50
 577 0224 B0       		.byte	-80
 578 0225 0F       		.byte	15
 579 0226 B2       		.byte	-78
 580 0227 70       		.byte	112
 581 0228 B3       		.byte	-77
 582 0229 30       		.byte	48
 583 022a B4       		.byte	-76
 584 022b 80       		.byte	-128
 585 022c B7       		.byte	-73
 586 022d 0F       		.byte	15
 587 022e BA       		.byte	-70
 588 022f 0A       		.byte	10
 589 0230 BB       		.byte	-69
 590 0231 80       		.byte	-128
 591 0232 BE       		.byte	-66
 592 0233 10       		.byte	16
 593 0234 D6       		.byte	-42
 594 0235 02       		.byte	2
 595 0236 D7       		.byte	-41
 596 0237 20       		.byte	32
 597 0238 D8       		.byte	-40
 598 0239 04       		.byte	4
 599 023a D9       		.byte	-39
 600 023b 04       		.byte	4
 601 023c DB       		.byte	-37
 602 023d 04       		.byte	4
 603 023e DF       		.byte	-33
 604 023f 01       		.byte	1
 605 0240 00       		.byte	0
 606 0241 84       		.byte	-124
 607 0242 01       		.byte	1
 608 0243 22       		.byte	34
 609 0244 05       		.byte	5
 610 0245 04       		.byte	4
 611 0246 06       		.byte	6
 612 0247 04       		.byte	4
 613 0248 07       		.byte	7
 614 0249 81       		.byte	-127
 615 024a 09       		.byte	9
 616 024b 01       		.byte	1
 617 024c 0A       		.byte	10
 618 024d 12       		.byte	18
 619 024e 0B       		.byte	11
 620 024f 08       		.byte	8
 621 0250 0C       		.byte	12
 622 0251 20       		.byte	32
 623 0252 0E       		.byte	14
 624 0253 92       		.byte	-110
 625 0254 10       		.byte	16
 626 0255 20       		.byte	32
 627 0256 11       		.byte	17
ARM GAS  C:\Users\zakis\AppData\Local\Temp\ccjwJdh6.s 			page 12


 628 0257 40       		.byte	64
 629 0258 12       		.byte	18
 630 0259 08       		.byte	8
 631 025a 15       		.byte	21
 632 025b 28       		.byte	40
 633 025c 17       		.byte	23
 634 025d 02       		.byte	2
 635 025e 18       		.byte	24
 636 025f 10       		.byte	16
 637 0260 19       		.byte	25
 638 0261 60       		.byte	96
 639 0262 1A       		.byte	26
 640 0263 40       		.byte	64
 641 0264 1D       		.byte	29
 642 0265 04       		.byte	4
 643 0266 1E       		.byte	30
 644 0267 80       		.byte	-128
 645 0268 1F       		.byte	31
 646 0269 14       		.byte	20
 647 026a 20       		.byte	32
 648 026b 44       		.byte	68
 649 026c 21       		.byte	33
 650 026d 14       		.byte	20
 651 026e 22       		.byte	34
 652 026f 09       		.byte	9
 653 0270 23       		.byte	35
 654 0271 80       		.byte	-128
 655 0272 26       		.byte	38
 656 0273 80       		.byte	-128
 657 0274 27       		.byte	39
 658 0275 10       		.byte	16
 659 0276 29       		.byte	41
 660 0277 04       		.byte	4
 661 0278 2A       		.byte	42
 662 0279 01       		.byte	1
 663 027a 2B       		.byte	43
 664 027b 0A       		.byte	10
 665 027c 30       		.byte	48
 666 027d 20       		.byte	32
 667 027e 32       		.byte	50
 668 027f 09       		.byte	9
 669 0280 33       		.byte	51
 670 0281 40       		.byte	64
 671 0282 36       		.byte	54
 672 0283 88       		.byte	-120
 673 0284 37       		.byte	55
 674 0285 10       		.byte	16
 675 0286 38       		.byte	56
 676 0287 04       		.byte	4
 677 0288 39       		.byte	57
 678 0289 40       		.byte	64
 679 028a 3C       		.byte	60
 680 028b 44       		.byte	68
 681 028c 49       		.byte	73
 682 028d 08       		.byte	8
 683 028e 4B       		.byte	75
 684 028f 10       		.byte	16
ARM GAS  C:\Users\zakis\AppData\Local\Temp\ccjwJdh6.s 			page 13


 685 0290 50       		.byte	80
 686 0291 10       		.byte	16
 687 0292 62       		.byte	98
 688 0293 C0       		.byte	-64
 689 0294 66       		.byte	102
 690 0295 40       		.byte	64
 691 0296 6C       		.byte	108
 692 0297 20       		.byte	32
 693 0298 6D       		.byte	109
 694 0299 42       		.byte	66
 695 029a 6E       		.byte	110
 696 029b 12       		.byte	18
 697 029c 6F       		.byte	111
 698 029d 49       		.byte	73
 699 029e 74       		.byte	116
 700 029f 40       		.byte	64
 701 02a0 76       		.byte	118
 702 02a1 01       		.byte	1
 703 02a2 77       		.byte	119
 704 02a3 02       		.byte	2
 705 02a4 81       		.byte	-127
 706 02a5 20       		.byte	32
 707 02a6 8C       		.byte	-116
 708 02a7 12       		.byte	18
 709 02a8 C0       		.byte	-64
 710 02a9 FF       		.byte	-1
 711 02aa C2       		.byte	-62
 712 02ab FF       		.byte	-1
 713 02ac C4       		.byte	-60
 714 02ad 77       		.byte	119
 715 02ae CA       		.byte	-54
 716 02af 0F       		.byte	15
 717 02b0 CC       		.byte	-52
 718 02b1 7F       		.byte	127
 719 02b2 CE       		.byte	-50
 720 02b3 5A       		.byte	90
 721 02b4 D2       		.byte	-46
 722 02b5 04       		.byte	4
 723 02b6 D8       		.byte	-40
 724 02b7 10       		.byte	16
 725 02b8 E4       		.byte	-28
 726 02b9 01       		.byte	1
 727 02ba E6       		.byte	-26
 728 02bb 02       		.byte	2
 729 02bc 05       		.byte	5
 730 02bd 02       		.byte	2
 731 02be 13       		.byte	19
 732 02bf 04       		.byte	4
 733 02c0 14       		.byte	20
 734 02c1 01       		.byte	1
 735 02c2 1A       		.byte	26
 736 02c3 03       		.byte	3
 737 02c4 27       		.byte	39
 738 02c5 04       		.byte	4
 739 02c6 2F       		.byte	47
 740 02c7 01       		.byte	1
 741 02c8 30       		.byte	48
ARM GAS  C:\Users\zakis\AppData\Local\Temp\ccjwJdh6.s 			page 14


 742 02c9 01       		.byte	1
 743 02ca 31       		.byte	49
 744 02cb 01       		.byte	1
 745 02cc 32       		.byte	50
 746 02cd 02       		.byte	2
 747 02ce 33       		.byte	51
 748 02cf 04       		.byte	4
 749 02d0 35       		.byte	53
 750 02d1 02       		.byte	2
 751 02d2 3F       		.byte	63
 752 02d3 14       		.byte	20
 753 02d4 40       		.byte	64
 754 02d5 50       		.byte	80
 755 02d6 41       		.byte	65
 756 02d7 06       		.byte	6
 757 02d8 45       		.byte	69
 758 02d9 D1       		.byte	-47
 759 02da 46       		.byte	70
 760 02db 20       		.byte	32
 761 02dc 48       		.byte	72
 762 02dd 0B       		.byte	11
 763 02de 49       		.byte	73
 764 02df FF       		.byte	-1
 765 02e0 4A       		.byte	74
 766 02e1 FF       		.byte	-1
 767 02e2 4B       		.byte	75
 768 02e3 FF       		.byte	-1
 769 02e4 4D       		.byte	77
 770 02e5 A0       		.byte	-96
 771 02e6 4F       		.byte	79
 772 02e7 04       		.byte	4
 773 02e8 50       		.byte	80
 774 02e9 18       		.byte	24
 775 02ea 52       		.byte	82
 776 02eb 80       		.byte	-128
 777 02ec 54       		.byte	84
 778 02ed 05       		.byte	5
 779 02ee 58       		.byte	88
 780 02ef 04       		.byte	4
 781 02f0 59       		.byte	89
 782 02f1 04       		.byte	4
 783 02f2 5A       		.byte	90
 784 02f3 04       		.byte	4
 785 02f4 5B       		.byte	91
 786 02f5 04       		.byte	4
 787 02f6 5C       		.byte	92
 788 02f7 33       		.byte	51
 789 02f8 5D       		.byte	93
 790 02f9 33       		.byte	51
 791 02fa 5F       		.byte	95
 792 02fb 01       		.byte	1
 793 02fc 60       		.byte	96
 794 02fd 40       		.byte	64
 795 02fe 62       		.byte	98
 796 02ff C0       		.byte	-64
 797 0300 64       		.byte	100
 798 0301 40       		.byte	64
ARM GAS  C:\Users\zakis\AppData\Local\Temp\ccjwJdh6.s 			page 15


 799 0302 65       		.byte	101
 800 0303 40       		.byte	64
 801 0304 66       		.byte	102
 802 0305 C0       		.byte	-64
 803 0306 68       		.byte	104
 804 0307 C0       		.byte	-64
 805 0308 6A       		.byte	106
 806 0309 C0       		.byte	-64
 807 030a 6C       		.byte	108
 808 030b C0       		.byte	-64
 809 030c 6E       		.byte	110
 810 030d C0       		.byte	-64
 811 030e 81       		.byte	-127
 812 030f 80       		.byte	-128
 813 0310 84       		.byte	-124
 814 0311 F3       		.byte	-13
 815 0312 85       		.byte	-123
 816 0313 67       		.byte	103
 817 0314 86       		.byte	-122
 818 0315 0C       		.byte	12
 819 0316 87       		.byte	-121
 820 0317 18       		.byte	24
 821 0318 89       		.byte	-119
 822 0319 08       		.byte	8
 823 031a 8A       		.byte	-118
 824 031b 73       		.byte	115
 825 031c 8C       		.byte	-116
 826 031d FF       		.byte	-1
 827 031e 8D       		.byte	-115
 828 031f 10       		.byte	16
 829 0320 90       		.byte	-112
 830 0321 8C       		.byte	-116
 831 0322 91       		.byte	-111
 832 0323 7F       		.byte	127
 833 0324 92       		.byte	-110
 834 0325 73       		.byte	115
 835 0326 94       		.byte	-108
 836 0327 22       		.byte	34
 837 0328 97       		.byte	-105
 838 0329 04       		.byte	4
 839 032a 9A       		.byte	-102
 840 032b 0C       		.byte	12
 841 032c 9C       		.byte	-100
 842 032d 8F       		.byte	-113
 843 032e 9D       		.byte	-99
 844 032f 04       		.byte	4
 845 0330 9E       		.byte	-98
 846 0331 70       		.byte	112
 847 0332 A0       		.byte	-96
 848 0333 11       		.byte	17
 849 0334 A1       		.byte	-95
 850 0335 5C       		.byte	92
 851 0336 A3       		.byte	-93
 852 0337 21       		.byte	33
 853 0338 A4       		.byte	-92
 854 0339 33       		.byte	51
 855 033a A5       		.byte	-91
ARM GAS  C:\Users\zakis\AppData\Local\Temp\ccjwJdh6.s 			page 16


 856 033b 80       		.byte	-128
 857 033c A7       		.byte	-89
 858 033d 18       		.byte	24
 859 033e A8       		.byte	-88
 860 033f 04       		.byte	4
 861 0340 AB       		.byte	-85
 862 0341 23       		.byte	35
 863 0342 AC       		.byte	-84
 864 0343 08       		.byte	8
 865 0344 AD       		.byte	-83
 866 0345 7C       		.byte	124
 867 0346 AF       		.byte	-81
 868 0347 02       		.byte	2
 869 0348 B0       		.byte	-80
 870 0349 30       		.byte	48
 871 034a B1       		.byte	-79
 872 034b 1F       		.byte	31
 873 034c B2       		.byte	-78
 874 034d 80       		.byte	-128
 875 034e B3       		.byte	-77
 876 034f 38       		.byte	56
 877 0350 B4       		.byte	-76
 878 0351 0F       		.byte	15
 879 0352 B5       		.byte	-75
 880 0353 C0       		.byte	-64
 881 0354 B6       		.byte	-74
 882 0355 4C       		.byte	76
 883 0356 B9       		.byte	-71
 884 0357 20       		.byte	32
 885 0358 BA       		.byte	-70
 886 0359 A0       		.byte	-96
 887 035a BB       		.byte	-69
 888 035b 02       		.byte	2
 889 035c BE       		.byte	-66
 890 035d 04       		.byte	4
 891 035e D6       		.byte	-42
 892 035f 02       		.byte	2
 893 0360 D7       		.byte	-41
 894 0361 12       		.byte	18
 895 0362 D8       		.byte	-40
 896 0363 04       		.byte	4
 897 0364 D9       		.byte	-39
 898 0365 04       		.byte	4
 899 0366 DB       		.byte	-37
 900 0367 04       		.byte	4
 901 0368 DC       		.byte	-36
 902 0369 11       		.byte	17
 903 036a DD       		.byte	-35
 904 036b 10       		.byte	16
 905 036c DF       		.byte	-33
 906 036d 01       		.byte	1
 907 036e 00       		.byte	0
 908 036f 04       		.byte	4
 909 0370 03       		.byte	3
 910 0371 0A       		.byte	10
 911 0372 08       		.byte	8
 912 0373 81       		.byte	-127
ARM GAS  C:\Users\zakis\AppData\Local\Temp\ccjwJdh6.s 			page 17


 913 0374 0A       		.byte	10
 914 0375 02       		.byte	2
 915 0376 0B       		.byte	11
 916 0377 64       		.byte	100
 917 0378 0E       		.byte	14
 918 0379 20       		.byte	32
 919 037a 0F       		.byte	15
 920 037b 08       		.byte	8
 921 037c 10       		.byte	16
 922 037d 10       		.byte	16
 923 037e 11       		.byte	17
 924 037f 42       		.byte	66
 925 0380 12       		.byte	18
 926 0381 01       		.byte	1
 927 0382 13       		.byte	19
 928 0383 10       		.byte	16
 929 0384 14       		.byte	20
 930 0385 04       		.byte	4
 931 0386 15       		.byte	21
 932 0387 20       		.byte	32
 933 0388 16       		.byte	22
 934 0389 04       		.byte	4
 935 038a 18       		.byte	24
 936 038b 04       		.byte	4
 937 038c 19       		.byte	25
 938 038d 06       		.byte	6
 939 038e 1A       		.byte	26
 940 038f 02       		.byte	2
 941 0390 1E       		.byte	30
 942 0391 60       		.byte	96
 943 0392 21       		.byte	33
 944 0393 14       		.byte	20
 945 0394 22       		.byte	34
 946 0395 08       		.byte	8
 947 0396 23       		.byte	35
 948 0397 44       		.byte	68
 949 0398 26       		.byte	38
 950 0399 07       		.byte	7
 951 039a 27       		.byte	39
 952 039b 08       		.byte	8
 953 039c 28       		.byte	40
 954 039d 81       		.byte	-127
 955 039e 2A       		.byte	42
 956 039f 04       		.byte	4
 957 03a0 2B       		.byte	43
 958 03a1 08       		.byte	8
 959 03a2 2E       		.byte	46
 960 03a3 80       		.byte	-128
 961 03a4 2F       		.byte	47
 962 03a5 20       		.byte	32
 963 03a6 31       		.byte	49
 964 03a7 08       		.byte	8
 965 03a8 33       		.byte	51
 966 03a9 82       		.byte	-126
 967 03aa 36       		.byte	54
 968 03ab 01       		.byte	1
 969 03ac 38       		.byte	56
ARM GAS  C:\Users\zakis\AppData\Local\Temp\ccjwJdh6.s 			page 18


 970 03ad 06       		.byte	6
 971 03ae 39       		.byte	57
 972 03af 40       		.byte	64
 973 03b0 3B       		.byte	59
 974 03b1 10       		.byte	16
 975 03b2 3D       		.byte	61
 976 03b3 0C       		.byte	12
 977 03b4 4D       		.byte	77
 978 03b5 01       		.byte	1
 979 03b6 4E       		.byte	78
 980 03b7 02       		.byte	2
 981 03b8 4F       		.byte	79
 982 03b9 28       		.byte	40
 983 03ba 57       		.byte	87
 984 03bb 30       		.byte	48
 985 03bc 59       		.byte	89
 986 03bd 04       		.byte	4
 987 03be 5D       		.byte	93
 988 03bf 01       		.byte	1
 989 03c0 5E       		.byte	94
 990 03c1 48       		.byte	72
 991 03c2 6A       		.byte	106
 992 03c3 14       		.byte	20
 993 03c4 6B       		.byte	107
 994 03c5 41       		.byte	65
 995 03c6 70       		.byte	112
 996 03c7 11       		.byte	17
 997 03c8 73       		.byte	115
 998 03c9 10       		.byte	16
 999 03ca 76       		.byte	118
 1000 03cb 80       		.byte	-128
 1001 03cc 95       		.byte	-107
 1002 03cd 08       		.byte	8
 1003 03ce 9A       		.byte	-102
 1004 03cf 40       		.byte	64
 1005 03d0 9B       		.byte	-101
 1006 03d1 20       		.byte	32
 1007 03d2 A1       		.byte	-95
 1008 03d3 04       		.byte	4
 1009 03d4 A2       		.byte	-94
 1010 03d5 40       		.byte	64
 1011 03d6 A6       		.byte	-90
 1012 03d7 80       		.byte	-128
 1013 03d8 AA       		.byte	-86
 1014 03d9 84       		.byte	-124
 1015 03da B2       		.byte	-78
 1016 03db 04       		.byte	4
 1017 03dc B7       		.byte	-73
 1018 03dd 12       		.byte	18
 1019 03de C0       		.byte	-64
 1020 03df 07       		.byte	7
 1021 03e0 C2       		.byte	-62
 1022 03e1 6F       		.byte	111
 1023 03e2 C4       		.byte	-60
 1024 03e3 0F       		.byte	15
 1025 03e4 CA       		.byte	-54
 1026 03e5 5F       		.byte	95
ARM GAS  C:\Users\zakis\AppData\Local\Temp\ccjwJdh6.s 			page 19


 1027 03e6 CC       		.byte	-52
 1028 03e7 8B       		.byte	-117
 1029 03e8 CE       		.byte	-50
 1030 03e9 4F       		.byte	79
 1031 03ea D2       		.byte	-46
 1032 03eb 30       		.byte	48
 1033 03ec D6       		.byte	-42
 1034 03ed D2       		.byte	-46
 1035 03ee 00       		.byte	0
 1036 03ef 03       		.byte	3
 1037 03f0 07       		.byte	7
 1038 03f1 11       		.byte	17
 1039 03f2 09       		.byte	9
 1040 03f3 02       		.byte	2
 1041 03f4 0C       		.byte	12
 1042 03f5 01       		.byte	1
 1043 03f6 0E       		.byte	14
 1044 03f7 02       		.byte	2
 1045 03f8 13       		.byte	19
 1046 03f9 04       		.byte	4
 1047 03fa 14       		.byte	20
 1048 03fb 01       		.byte	1
 1049 03fc 16       		.byte	22
 1050 03fd 02       		.byte	2
 1051 03fe 18       		.byte	24
 1052 03ff 01       		.byte	1
 1053 0400 1A       		.byte	26
 1054 0401 02       		.byte	2
 1055 0402 1B       		.byte	27
 1056 0403 10       		.byte	16
 1057 0404 1D       		.byte	29
 1058 0405 02       		.byte	2
 1059 0406 23       		.byte	35
 1060 0407 02       		.byte	2
 1061 0408 27       		.byte	39
 1062 0409 08       		.byte	8
 1063 040a 28       		.byte	40
 1064 040b 01       		.byte	1
 1065 040c 2A       		.byte	42
 1066 040d 02       		.byte	2
 1067 040e 2B       		.byte	43
 1068 040f 04       		.byte	4
 1069 0410 2F       		.byte	47
 1070 0411 02       		.byte	2
 1071 0412 31       		.byte	49
 1072 0413 02       		.byte	2
 1073 0414 32       		.byte	50
 1074 0415 03       		.byte	3
 1075 0416 33       		.byte	51
 1076 0417 01       		.byte	1
 1077 0418 35       		.byte	53
 1078 0419 04       		.byte	4
 1079 041a 37       		.byte	55
 1080 041b 18       		.byte	24
 1081 041c 39       		.byte	57
 1082 041d 02       		.byte	2
 1083 041e 3A       		.byte	58
ARM GAS  C:\Users\zakis\AppData\Local\Temp\ccjwJdh6.s 			page 20


 1084 041f 02       		.byte	2
 1085 0420 3F       		.byte	63
 1086 0421 50       		.byte	80
 1087 0422 40       		.byte	64
 1088 0423 23       		.byte	35
 1089 0424 41       		.byte	65
 1090 0425 04       		.byte	4
 1091 0426 42       		.byte	66
 1092 0427 06       		.byte	6
 1093 0428 44       		.byte	68
 1094 0429 05       		.byte	5
 1095 042a 46       		.byte	70
 1096 042b EC       		.byte	-20
 1097 042c 48       		.byte	72
 1098 042d 0C       		.byte	12
 1099 042e 49       		.byte	73
 1100 042f FF       		.byte	-1
 1101 0430 4A       		.byte	74
 1102 0431 FF       		.byte	-1
 1103 0432 4B       		.byte	75
 1104 0433 FF       		.byte	-1
 1105 0434 4C       		.byte	76
 1106 0435 62       		.byte	98
 1107 0436 4D       		.byte	77
 1108 0437 A0       		.byte	-96
 1109 0438 4E       		.byte	78
 1110 0439 F0       		.byte	-16
 1111 043a 4F       		.byte	79
 1112 043b 41       		.byte	65
 1113 043c 50       		.byte	80
 1114 043d 0C       		.byte	12
 1115 043e 54       		.byte	84
 1116 043f 18       		.byte	24
 1117 0440 56       		.byte	86
 1118 0441 04       		.byte	4
 1119 0442 58       		.byte	88
 1120 0443 04       		.byte	4
 1121 0444 59       		.byte	89
 1122 0445 04       		.byte	4
 1123 0446 5A       		.byte	90
 1124 0447 04       		.byte	4
 1125 0448 5B       		.byte	91
 1126 0449 04       		.byte	4
 1127 044a 5C       		.byte	92
 1128 044b 11       		.byte	17
 1129 044c 5D       		.byte	93
 1130 044d 11       		.byte	17
 1131 044e 5F       		.byte	95
 1132 044f 01       		.byte	1
 1133 0450 66       		.byte	102
 1134 0451 40       		.byte	64
 1135 0452 67       		.byte	103
 1136 0453 02       		.byte	2
 1137 0454 69       		.byte	105
 1138 0455 10       		.byte	16
 1139 0456 6A       		.byte	106
 1140 0457 30       		.byte	48
ARM GAS  C:\Users\zakis\AppData\Local\Temp\ccjwJdh6.s 			page 21


 1141 0458 6B       		.byte	107
 1142 0459 10       		.byte	16
 1143 045a 6D       		.byte	109
 1144 045b 10       		.byte	16
 1145 045c 6E       		.byte	110
 1146 045d 10       		.byte	16
 1147 045e 6F       		.byte	111
 1148 045f 12       		.byte	18
 1149 0460 80       		.byte	-128
 1150 0461 4F       		.byte	79
 1151 0462 82       		.byte	-126
 1152 0463 30       		.byte	48
 1153 0464 85       		.byte	-123
 1154 0465 E3       		.byte	-29
 1155 0466 86       		.byte	-122
 1156 0467 40       		.byte	64
 1157 0468 87       		.byte	-121
 1158 0469 1C       		.byte	28
 1159 046a 88       		.byte	-120
 1160 046b 2A       		.byte	42
 1161 046c 89       		.byte	-119
 1162 046d E3       		.byte	-29
 1163 046e 8A       		.byte	-118
 1164 046f 15       		.byte	21
 1165 0470 8B       		.byte	-117
 1166 0471 1C       		.byte	28
 1167 0472 8C       		.byte	-116
 1168 0473 30       		.byte	48
 1169 0474 8E       		.byte	-114
 1170 0475 0C       		.byte	12
 1171 0476 91       		.byte	-111
 1172 0477 E0       		.byte	-32
 1173 0478 93       		.byte	-109
 1174 0479 1C       		.byte	28
 1175 047a 94       		.byte	-108
 1176 047b 43       		.byte	67
 1177 047c 95       		.byte	-107
 1178 047d 25       		.byte	37
 1179 047e 96       		.byte	-106
 1180 047f 3C       		.byte	60
 1181 0480 97       		.byte	-105
 1182 0481 DA       		.byte	-38
 1183 0482 98       		.byte	-104
 1184 0483 73       		.byte	115
 1185 0484 99       		.byte	-103
 1186 0485 48       		.byte	72
 1187 0486 9A       		.byte	-102
 1188 0487 0C       		.byte	12
 1189 0488 9B       		.byte	-101
 1190 0489 25       		.byte	37
 1191 048a 9D       		.byte	-99
 1192 048b 1F       		.byte	31
 1193 048c 9E       		.byte	-98
 1194 048d 80       		.byte	-128
 1195 048e 9F       		.byte	-97
 1196 048f E0       		.byte	-32
 1197 0490 A0       		.byte	-96
ARM GAS  C:\Users\zakis\AppData\Local\Temp\ccjwJdh6.s 			page 22


 1198 0491 55       		.byte	85
 1199 0492 A2       		.byte	-94
 1200 0493 2A       		.byte	42
 1201 0494 A5       		.byte	-91
 1202 0495 92       		.byte	-110
 1203 0496 A7       		.byte	-89
 1204 0497 25       		.byte	37
 1205 0498 A8       		.byte	-88
 1206 0499 73       		.byte	115
 1207 049a A9       		.byte	-87
 1208 049b 03       		.byte	3
 1209 049c AA       		.byte	-86
 1210 049d 0C       		.byte	12
 1211 049e AB       		.byte	-85
 1212 049f FC       		.byte	-4
 1213 04a0 B2       		.byte	-78
 1214 04a1 C0       		.byte	-64
 1215 04a2 B4       		.byte	-76
 1216 04a3 3F       		.byte	63
 1217 04a4 B7       		.byte	-73
 1218 04a5 FF       		.byte	-1
 1219 04a6 BF       		.byte	-65
 1220 04a7 40       		.byte	64
 1221 04a8 D4       		.byte	-44
 1222 04a9 01       		.byte	1
 1223 04aa D8       		.byte	-40
 1224 04ab 04       		.byte	4
 1225 04ac D9       		.byte	-39
 1226 04ad 04       		.byte	4
 1227 04ae DB       		.byte	-37
 1228 04af 04       		.byte	4
 1229 04b0 DC       		.byte	-36
 1230 04b1 01       		.byte	1
 1231 04b2 DD       		.byte	-35
 1232 04b3 10       		.byte	16
 1233 04b4 DF       		.byte	-33
 1234 04b5 01       		.byte	1
 1235 04b6 03       		.byte	3
 1236 04b7 41       		.byte	65
 1237 04b8 05       		.byte	5
 1238 04b9 14       		.byte	20
 1239 04ba 07       		.byte	7
 1240 04bb 41       		.byte	65
 1241 04bc 0A       		.byte	10
 1242 04bd 14       		.byte	20
 1243 04be 0C       		.byte	12
 1244 04bf 04       		.byte	4
 1245 04c0 0D       		.byte	13
 1246 04c1 80       		.byte	-128
 1247 04c2 0E       		.byte	14
 1248 04c3 04       		.byte	4
 1249 04c4 10       		.byte	16
 1250 04c5 04       		.byte	4
 1251 04c6 15       		.byte	21
 1252 04c7 10       		.byte	16
 1253 04c8 17       		.byte	23
 1254 04c9 02       		.byte	2
ARM GAS  C:\Users\zakis\AppData\Local\Temp\ccjwJdh6.s 			page 23


 1255 04ca 18       		.byte	24
 1256 04cb 10       		.byte	16
 1257 04cc 1A       		.byte	26
 1258 04cd 80       		.byte	-128
 1259 04ce 1B       		.byte	27
 1260 04cf 0A       		.byte	10
 1261 04d0 1D       		.byte	29
 1262 04d1 14       		.byte	20
 1263 04d2 1F       		.byte	31
 1264 04d3 10       		.byte	16
 1265 04d4 20       		.byte	32
 1266 04d5 02       		.byte	2
 1267 04d6 21       		.byte	33
 1268 04d7 08       		.byte	8
 1269 04d8 22       		.byte	34
 1270 04d9 01       		.byte	1
 1271 04da 23       		.byte	35
 1272 04db 04       		.byte	4
 1273 04dc 25       		.byte	37
 1274 04dd 80       		.byte	-128
 1275 04de 28       		.byte	40
 1276 04df 91       		.byte	-111
 1277 04e0 29       		.byte	41
 1278 04e1 04       		.byte	4
 1279 04e2 2A       		.byte	42
 1280 04e3 10       		.byte	16
 1281 04e4 2C       		.byte	44
 1282 04e5 04       		.byte	4
 1283 04e6 2F       		.byte	47
 1284 04e7 10       		.byte	16
 1285 04e8 31       		.byte	49
 1286 04e9 10       		.byte	16
 1287 04ea 32       		.byte	50
 1288 04eb 41       		.byte	65
 1289 04ec 35       		.byte	53
 1290 04ed 04       		.byte	4
 1291 04ee 36       		.byte	54
 1292 04ef 10       		.byte	16
 1293 04f0 37       		.byte	55
 1294 04f1 41       		.byte	65
 1295 04f2 38       		.byte	56
 1296 04f3 08       		.byte	8
 1297 04f4 39       		.byte	57
 1298 04f5 20       		.byte	32
 1299 04f6 3D       		.byte	61
 1300 04f7 10       		.byte	16
 1301 04f8 3E       		.byte	62
 1302 04f9 14       		.byte	20
 1303 04fa 40       		.byte	64
 1304 04fb 14       		.byte	20
 1305 04fc 41       		.byte	65
 1306 04fd 10       		.byte	16
 1307 04fe 43       		.byte	67
 1308 04ff 02       		.byte	2
 1309 0500 48       		.byte	72
 1310 0501 01       		.byte	1
 1311 0502 4A       		.byte	74
ARM GAS  C:\Users\zakis\AppData\Local\Temp\ccjwJdh6.s 			page 24


 1312 0503 08       		.byte	8
 1313 0504 52       		.byte	82
 1314 0505 90       		.byte	-112
 1315 0506 59       		.byte	89
 1316 0507 02       		.byte	2
 1317 0508 5C       		.byte	92
 1318 0509 02       		.byte	2
 1319 050a 5E       		.byte	94
 1320 050b 80       		.byte	-128
 1321 050c 5F       		.byte	95
 1322 050d 28       		.byte	40
 1323 050e 62       		.byte	98
 1324 050f 40       		.byte	64
 1325 0510 63       		.byte	99
 1326 0511 44       		.byte	68
 1327 0512 87       		.byte	-121
 1328 0513 40       		.byte	64
 1329 0514 8A       		.byte	-118
 1330 0515 10       		.byte	16
 1331 0516 8B       		.byte	-117
 1332 0517 80       		.byte	-128
 1333 0518 8C       		.byte	-116
 1334 0519 04       		.byte	4
 1335 051a 8D       		.byte	-115
 1336 051b 01       		.byte	1
 1337 051c 8F       		.byte	-113
 1338 051d 02       		.byte	2
 1339 051e 90       		.byte	-112
 1340 051f 04       		.byte	4
 1341 0520 92       		.byte	-110
 1342 0521 14       		.byte	20
 1343 0522 97       		.byte	-105
 1344 0523 20       		.byte	32
 1345 0524 98       		.byte	-104
 1346 0525 87       		.byte	-121
 1347 0526 99       		.byte	-103
 1348 0527 02       		.byte	2
 1349 0528 9A       		.byte	-102
 1350 0529 40       		.byte	64
 1351 052a 9B       		.byte	-101
 1352 052b 69       		.byte	105
 1353 052c 9C       		.byte	-100
 1354 052d 10       		.byte	16
 1355 052e A2       		.byte	-94
 1356 052f 48       		.byte	72
 1357 0530 A5       		.byte	-91
 1358 0531 09       		.byte	9
 1359 0532 A6       		.byte	-90
 1360 0533 80       		.byte	-128
 1361 0534 A7       		.byte	-89
 1362 0535 8A       		.byte	-118
 1363 0536 AC       		.byte	-84
 1364 0537 02       		.byte	2
 1365 0538 AD       		.byte	-83
 1366 0539 04       		.byte	4
 1367 053a B4       		.byte	-76
 1368 053b 10       		.byte	16
ARM GAS  C:\Users\zakis\AppData\Local\Temp\ccjwJdh6.s 			page 25


 1369 053c B6       		.byte	-74
 1370 053d 01       		.byte	1
 1371 053e C0       		.byte	-64
 1372 053f F9       		.byte	-7
 1373 0540 C2       		.byte	-62
 1374 0541 E6       		.byte	-26
 1375 0542 C4       		.byte	-60
 1376 0543 52       		.byte	82
 1377 0544 CA       		.byte	-54
 1378 0545 6F       		.byte	111
 1379 0546 CC       		.byte	-52
 1380 0547 FD       		.byte	-3
 1381 0548 CE       		.byte	-50
 1382 0549 66       		.byte	102
 1383 054a D0       		.byte	-48
 1384 054b 07       		.byte	7
 1385 054c D2       		.byte	-46
 1386 054d 0C       		.byte	12
 1387 054e D6       		.byte	-42
 1388 054f F1       		.byte	-15
 1389 0550 D8       		.byte	-40
 1390 0551 0D       		.byte	13
 1391 0552 32       		.byte	50
 1392 0553 20       		.byte	32
 1393 0554 CC       		.byte	-52
 1394 0555 10       		.byte	16
 1395 0556 A6       		.byte	-90
 1396 0557 20       		.byte	32
 1397 0558 53       		.byte	83
 1398 0559 08       		.byte	8
 1399 055a A6       		.byte	-90
 1400 055b 20       		.byte	32
 1401 055c D4       		.byte	-44
 1402 055d 20       		.byte	32
 1403 055e 1B       		.byte	27
 1404 055f 08       		.byte	8
 1405 0560 6B       		.byte	107
 1406 0561 40       		.byte	64
 1407 0562 83       		.byte	-125
 1408 0563 40       		.byte	64
 1409 0564 A6       		.byte	-90
 1410 0565 20       		.byte	32
 1411 0566 A7       		.byte	-89
 1412 0567 08       		.byte	8
 1413 0568 C6       		.byte	-58
 1414 0569 10       		.byte	16
 1415 056a DC       		.byte	-36
 1416 056b 20       		.byte	32
 1417 056c E6       		.byte	-26
 1418 056d 80       		.byte	-128
 1419 056e 72       		.byte	114
 1420 056f 20       		.byte	32
 1421 0570 77       		.byte	119
 1422 0571 40       		.byte	64
 1423 0572 DC       		.byte	-36
 1424 0573 01       		.byte	1
 1425 0574 DE       		.byte	-34
ARM GAS  C:\Users\zakis\AppData\Local\Temp\ccjwJdh6.s 			page 26


 1426 0575 04       		.byte	4
 1427 0576 9E       		.byte	-98
 1428 0577 20       		.byte	32
 1429 0578 9F       		.byte	-97
 1430 0579 40       		.byte	64
 1431 057a 83       		.byte	-125
 1432 057b 40       		.byte	64
 1433 057c 9E       		.byte	-98
 1434 057d 20       		.byte	32
 1435 057e 9F       		.byte	-97
 1436 057f 40       		.byte	64
 1437 0580 AA       		.byte	-86
 1438 0581 20       		.byte	32
 1439 0582 A6       		.byte	-90
 1440 0583 20       		.byte	32
 1441 0584 86       		.byte	-122
 1442 0585 20       		.byte	32
 1443 0586 A6       		.byte	-90
 1444 0587 20       		.byte	32
 1445 0588 E6       		.byte	-26
 1446 0589 40       		.byte	64
 1447 058a A0       		.byte	-96
 1448 058b 01       		.byte	1
 1449 058c B0       		.byte	-80
 1450 058d 01       		.byte	1
 1451 058e E8       		.byte	-24
 1452 058f 01       		.byte	1
 1453 0590 10       		.byte	16
 1454 0591 40       		.byte	64
 1455 0592 12       		.byte	18
 1456 0593 20       		.byte	32
 1457 0594 74       		.byte	116
 1458 0595 01       		.byte	1
 1459 0596 88       		.byte	-120
 1460 0597 40       		.byte	64
 1461 0598 8E       		.byte	-114
 1462 0599 20       		.byte	32
 1463 059a A0       		.byte	-96
 1464 059b 01       		.byte	1
 1465 059c C4       		.byte	-60
 1466 059d 08       		.byte	8
 1467 059e DE       		.byte	-34
 1468 059f 04       		.byte	4
 1469 05a0 E2       		.byte	-30
 1470 05a1 09       		.byte	9
 1471 05a2 00       		.byte	0
 1472 05a3 03       		.byte	3
 1473 05a4 0C       		.byte	12
 1474 05a5 03       		.byte	3
 1475 05a6 10       		.byte	16
 1476 05a7 0A       		.byte	10
 1477 05a8 1C       		.byte	28
 1478 05a9 0A       		.byte	10
 1479 05aa 00       		.byte	0
 1480 05ab 03       		.byte	3
 1481 05ac A0       		.byte	-96
 1482 05ad 84       		.byte	-124
ARM GAS  C:\Users\zakis\AppData\Local\Temp\ccjwJdh6.s 			page 27


 1483 05ae 00       		.byte	0
 1484 05af 00       		.byte	0
 1485 05b0 40       		.byte	64
 1486 05b1 00       		.byte	0
 1487 05b2 00       		.byte	0
 1488 05b3 00       		.byte	0
 1489 05b4 09       		.byte	9
 1490 05b5 61       		.byte	97
 1491 05b6 10       		.byte	16
 1492 05b7 0E       		.byte	14
 1493 05b8 1C       		.byte	28
 1494 05b9 00       		.byte	0
 1495 05ba 02       		.byte	2
 1496 05bb 80       		.byte	-128
 1497 05bc 00       		.byte	0
 1498 05bd 00       		.byte	0
 1499 05be 00       		.byte	0
 1500 05bf 23       		.byte	35
 1501 05c0 00       		.byte	0
 1502 05c1 00       		.byte	0
 1503 05c2 00       		.byte	0
 1504 05c3 00       		.byte	0
 1505 05c4 20       		.byte	32
 1506 05c5 00       		.byte	0
 1507 05c6 03       		.byte	3
 1508 05c7 00       		.byte	0
 1509 05c8 10       		.byte	16
 1510 05c9 61       		.byte	97
 1511 05ca 0C       		.byte	12
 1512 05cb 16       		.byte	22
 1513 05cc 00       		.byte	0
 1514 05cd 5C       		.byte	92
 1515 05ce 00       		.byte	0
 1516 05cf 03       		.byte	3
 1517 05d0 00       		.byte	0
 1518 05d1 00       		.byte	0
 1519 05d2 00       		.byte	0
 1520 05d3 80       		.byte	-128
 1521 05d4 0C       		.byte	12
 1522 05d5 00       		.byte	0
 1523 05d6 11       		.byte	17
 1524 05d7 1C       		.byte	28
 1525 05d8 10       		.byte	16
 1526 05d9 00       		.byte	0
 1527 05da 00       		.byte	0
 1528 05db 08       		.byte	8
 1529 05dc 14       		.byte	20
 1530 05dd 00       		.byte	0
 1531 05de 00       		.byte	0
 1532 05df 00       		.byte	0
 1533 05e0 00       		.byte	0
 1534 05e1 00       		.byte	0
 1535 05e2 00       		.byte	0
 1536 05e3 00       		.byte	0
 1537 05e4 1F       		.byte	31
 1538 05e5 80       		.byte	-128
 1539 05e6 00       		.byte	0
ARM GAS  C:\Users\zakis\AppData\Local\Temp\ccjwJdh6.s 			page 28


 1540 05e7 60       		.byte	96
 1541 05e8 20       		.byte	32
 1542 05e9 0F       		.byte	15
 1543 05ea 00       		.byte	0
 1544 05eb 1A       		.byte	26
 1545 05ec 00       		.byte	0
 1546 05ed 08       		.byte	8
 1547 05ee 00       		.byte	0
 1548 05ef A0       		.byte	-96
 1549 05f0 00       		.byte	0
 1550 05f1 00       		.byte	0
 1551 05f2 10       		.byte	16
 1552 05f3 05       		.byte	5
 1553 05f4 46       		.byte	70
 1554 05f5 02       		.byte	2
 1555 05f6 30       		.byte	48
 1556 05f7 00       		.byte	0
 1557 05f8 00       		.byte	0
 1558 05f9 BE       		.byte	-66
 1559 05fa F0       		.byte	-16
 1560 05fb CD       		.byte	-51
 1561 05fc 3B       		.byte	59
 1562 05fd FF       		.byte	-1
 1563 05fe FF       		.byte	-1
 1564 05ff FF       		.byte	-1
 1565 0600 22       		.byte	34
 1566 0601 00       		.byte	0
 1567 0602 F0       		.byte	-16
 1568 0603 08       		.byte	8
 1569 0604 04       		.byte	4
 1570 0605 00       		.byte	0
 1571 0606 00       		.byte	0
 1572 0607 00       		.byte	0
 1573 0608 09       		.byte	9
 1574 0609 00       		.byte	0
 1575 060a 00       		.byte	0
 1576 060b 00       		.byte	0
 1577 060c 04       		.byte	4
 1578 060d 04       		.byte	4
 1579 060e 04       		.byte	4
 1580 060f 04       		.byte	4
 1581 0610 11       		.byte	17
 1582 0611 00       		.byte	0
 1583 0612 00       		.byte	0
 1584 0613 01       		.byte	1
 1585 0614 00       		.byte	0
 1586 0615 00       		.byte	0
 1587 0616 C0       		.byte	-64
 1588 0617 00       		.byte	0
 1589 0618 40       		.byte	64
 1590 0619 01       		.byte	1
 1591 061a 10       		.byte	16
 1592 061b 11       		.byte	17
 1593 061c C0       		.byte	-64
 1594 061d 01       		.byte	1
 1595 061e 00       		.byte	0
 1596 061f 11       		.byte	17
ARM GAS  C:\Users\zakis\AppData\Local\Temp\ccjwJdh6.s 			page 29


 1597 0620 40       		.byte	64
 1598 0621 01       		.byte	1
 1599 0622 40       		.byte	64
 1600 0623 01       		.byte	1
 1601 0624 00       		.byte	0
 1602 0625 00       		.byte	0
 1603 0626 00       		.byte	0
 1604 0627 00       		.byte	0
 1605 0628 00       		.byte	0
 1606 0629 00       		.byte	0
 1607 062a 00       		.byte	0
 1608 062b 00       		.byte	0
 1609 062c 00       		.byte	0
 1610 062d 00       		.byte	0
 1611 062e 00       		.byte	0
 1612 062f 00       		.byte	0
 1613 0630 00       		.byte	0
 1614 0631 00       		.byte	0
 1615 0632 00       		.byte	0
 1616 0633 00       		.byte	0
 1617 0634 80       		.byte	-128
 1618 0635 00       		.byte	0
 1619 0636 40       		.byte	64
 1620 0637 BC       		.byte	-68
 1621 0638 BC       		.byte	-68
 1622 0639 00       		.byte	0
 1623 063a B4       		.byte	-76
 1624 063b 00       		.byte	0
 1625 063c 00       		.byte	0
 1626 063d 00       		.byte	0
 1627 063e 00       		.byte	0
 1628 063f 00       		.byte	0
 1629 0640 00       		.byte	0
 1630 0641 0B       		.byte	11
 1631 0642 0B       		.byte	11
 1632 0643 00       		.byte	0
 1633 0644 00       		.byte	0
 1634 0645 00       		.byte	0
 1635 0646 00       		.byte	0
 1636 0647 00       		.byte	0
 1637 0648 00       		.byte	0
 1638 0649 18       		.byte	24
 1639 064a 18       		.byte	24
 1640 064b 00       		.byte	0
 1641 064c 08       		.byte	8
 1642 064d 00       		.byte	0
 1643 064e 00       		.byte	0
 1644 064f 00       		.byte	0
 1645              		.section	.cywolatch,"a",%progbits
 1646              		.align	2
 1647              		.type	cy_meta_wonvl, %object
 1648              		.size	cy_meta_wonvl, 4
 1649              	cy_meta_wonvl:
 1650 0000 BC       		.byte	-68
 1651 0001 90       		.byte	-112
 1652 0002 AC       		.byte	-84
 1653 0003 AF       		.byte	-81
ARM GAS  C:\Users\zakis\AppData\Local\Temp\ccjwJdh6.s 			page 30


 1654              		.section	.cycustnvl,"a",%progbits
 1655              		.align	2
 1656              		.type	cy_meta_custnvl, %object
 1657              		.size	cy_meta_custnvl, 4
 1658              	cy_meta_custnvl:
 1659 0000 00       		.byte	0
 1660 0001 00       		.byte	0
 1661 0002 40       		.byte	64
 1662 0003 05       		.byte	5
 1663              		.section	.cymeta,"a",%progbits
 1664              		.align	2
 1665              		.type	cy_metadata, %object
 1666              		.size	cy_metadata, 12
 1667              	cy_metadata:
 1668 0000 00       		.byte	0
 1669 0001 01       		.byte	1
 1670 0002 2E       		.byte	46
 1671 0003 16       		.byte	22
 1672 0004 10       		.byte	16
 1673 0005 69       		.byte	105
 1674 0006 00       		.byte	0
 1675 0007 01       		.byte	1
 1676 0008 00       		.byte	0
 1677 0009 00       		.byte	0
 1678 000a 00       		.byte	0
 1679 000b 00       		.byte	0
 1680              		.section	.cyflashprotect,"a",%progbits
 1681              		.align	2
 1682              		.type	cy_meta_flashprotect, %object
 1683              		.size	cy_meta_flashprotect, 256
 1684              	cy_meta_flashprotect:
 1685 0000 00000000 		.space	256
 1685      00000000 
 1685      00000000 
 1685      00000000 
 1685      00000000 
 1686              		.text
 1687              	.Letext0:
 1688              		.file 1 "c:\\program files (x86)\\cypress\\psoc creator\\4.4\\psoc creator\\import\\gnu\\arm\\5.4.
 1689              		.file 2 "c:\\program files (x86)\\cypress\\psoc creator\\4.4\\psoc creator\\import\\gnu\\arm\\5.4.
 1690              		.file 3 "Generated_Source\\PSoC5\\cymetadata.c"
 1691              		.section	.debug_info,"",%progbits
 1692              	.Ldebug_info0:
 1693 0000 34010000 		.4byte	0x134
 1694 0004 0400     		.2byte	0x4
 1695 0006 00000000 		.4byte	.Ldebug_abbrev0
 1696 000a 04       		.byte	0x4
 1697 000b 01       		.uleb128 0x1
 1698 000c 24000000 		.4byte	.LASF17
 1699 0010 0C       		.byte	0xc
 1700 0011 FF010000 		.4byte	.LASF18
 1701 0015 D7000000 		.4byte	.LASF19
 1702 0019 00000000 		.4byte	.Ldebug_line0
 1703 001d 02       		.uleb128 0x2
 1704 001e 01       		.byte	0x1
 1705 001f 06       		.byte	0x6
 1706 0020 F3010000 		.4byte	.LASF0
ARM GAS  C:\Users\zakis\AppData\Local\Temp\ccjwJdh6.s 			page 31


 1707 0024 03       		.uleb128 0x3
 1708 0025 00000000 		.4byte	.LASF9
 1709 0029 01       		.byte	0x1
 1710 002a 1D       		.byte	0x1d
 1711 002b 2F000000 		.4byte	0x2f
 1712 002f 02       		.uleb128 0x2
 1713 0030 01       		.byte	0x1
 1714 0031 08       		.byte	0x8
 1715 0032 16000000 		.4byte	.LASF1
 1716 0036 02       		.uleb128 0x2
 1717 0037 02       		.byte	0x2
 1718 0038 05       		.byte	0x5
 1719 0039 E0010000 		.4byte	.LASF2
 1720 003d 02       		.uleb128 0x2
 1721 003e 02       		.byte	0x2
 1722 003f 07       		.byte	0x7
 1723 0040 C4000000 		.4byte	.LASF3
 1724 0044 02       		.uleb128 0x2
 1725 0045 04       		.byte	0x4
 1726 0046 05       		.byte	0x5
 1727 0047 EA010000 		.4byte	.LASF4
 1728 004b 02       		.uleb128 0x2
 1729 004c 04       		.byte	0x4
 1730 004d 07       		.byte	0x7
 1731 004e B2000000 		.4byte	.LASF5
 1732 0052 02       		.uleb128 0x2
 1733 0053 08       		.byte	0x8
 1734 0054 05       		.byte	0x5
 1735 0055 D2010000 		.4byte	.LASF6
 1736 0059 02       		.uleb128 0x2
 1737 005a 08       		.byte	0x8
 1738 005b 07       		.byte	0x7
 1739 005c 87010000 		.4byte	.LASF7
 1740 0060 04       		.uleb128 0x4
 1741 0061 04       		.byte	0x4
 1742 0062 05       		.byte	0x5
 1743 0063 696E7400 		.ascii	"int\000"
 1744 0067 02       		.uleb128 0x2
 1745 0068 04       		.byte	0x4
 1746 0069 07       		.byte	0x7
 1747 006a 7A010000 		.4byte	.LASF8
 1748 006e 03       		.uleb128 0x3
 1749 006f 9E010000 		.4byte	.LASF10
 1750 0073 02       		.byte	0x2
 1751 0074 18       		.byte	0x18
 1752 0075 24000000 		.4byte	0x24
 1753 0079 05       		.uleb128 0x5
 1754 007a 91000000 		.4byte	0x91
 1755 007e 8A000000 		.4byte	0x8a
 1756 0082 06       		.uleb128 0x6
 1757 0083 8A000000 		.4byte	0x8a
 1758 0087 4F06     		.2byte	0x64f
 1759 0089 00       		.byte	0
 1760 008a 02       		.uleb128 0x2
 1761 008b 04       		.byte	0x4
 1762 008c 07       		.byte	0x7
 1763 008d C9010000 		.4byte	.LASF11
ARM GAS  C:\Users\zakis\AppData\Local\Temp\ccjwJdh6.s 			page 32


 1764 0091 07       		.uleb128 0x7
 1765 0092 6E000000 		.4byte	0x6e
 1766 0096 08       		.uleb128 0x8
 1767 0097 68010000 		.4byte	.LASF12
 1768 009b 03       		.byte	0x3
 1769 009c 1F       		.byte	0x1f
 1770 009d A7000000 		.4byte	0xa7
 1771 00a1 05       		.uleb128 0x5
 1772 00a2 03       		.byte	0x3
 1773 00a3 00000000 		.4byte	cy_meta_configecc
 1774 00a7 07       		.uleb128 0x7
 1775 00a8 79000000 		.4byte	0x79
 1776 00ac 05       		.uleb128 0x5
 1777 00ad 91000000 		.4byte	0x91
 1778 00b1 BC000000 		.4byte	0xbc
 1779 00b5 09       		.uleb128 0x9
 1780 00b6 8A000000 		.4byte	0x8a
 1781 00ba 03       		.byte	0x3
 1782 00bb 00       		.byte	0
 1783 00bc 08       		.uleb128 0x8
 1784 00bd 58010000 		.4byte	.LASF13
 1785 00c1 03       		.byte	0x3
 1786 00c2 F6       		.byte	0xf6
 1787 00c3 CD000000 		.4byte	0xcd
 1788 00c7 05       		.uleb128 0x5
 1789 00c8 03       		.byte	0x3
 1790 00c9 00000000 		.4byte	cy_meta_custnvl
 1791 00cd 07       		.uleb128 0x7
 1792 00ce AC000000 		.4byte	0xac
 1793 00d2 0A       		.uleb128 0xa
 1794 00d3 BB010000 		.4byte	.LASF14
 1795 00d7 03       		.byte	0x3
 1796 00d8 0401     		.2byte	0x104
 1797 00da E4000000 		.4byte	0xe4
 1798 00de 05       		.uleb128 0x5
 1799 00df 03       		.byte	0x3
 1800 00e0 00000000 		.4byte	cy_meta_wonvl
 1801 00e4 07       		.uleb128 0x7
 1802 00e5 AC000000 		.4byte	0xac
 1803 00e9 05       		.uleb128 0x5
 1804 00ea 91000000 		.4byte	0x91
 1805 00ee F9000000 		.4byte	0xf9
 1806 00f2 09       		.uleb128 0x9
 1807 00f3 8A000000 		.4byte	0x8a
 1808 00f7 FF       		.byte	0xff
 1809 00f8 00       		.byte	0
 1810 00f9 0A       		.uleb128 0xa
 1811 00fa A6010000 		.4byte	.LASF15
 1812 00fe 03       		.byte	0x3
 1813 00ff 1201     		.2byte	0x112
 1814 0101 0B010000 		.4byte	0x10b
 1815 0105 05       		.uleb128 0x5
 1816 0106 03       		.byte	0x3
 1817 0107 00000000 		.4byte	cy_meta_flashprotect
 1818 010b 07       		.uleb128 0x7
 1819 010c E9000000 		.4byte	0xe9
 1820 0110 05       		.uleb128 0x5
ARM GAS  C:\Users\zakis\AppData\Local\Temp\ccjwJdh6.s 			page 33


 1821 0111 91000000 		.4byte	0x91
 1822 0115 20010000 		.4byte	0x120
 1823 0119 09       		.uleb128 0x9
 1824 011a 8A000000 		.4byte	0x8a
 1825 011e 0B       		.byte	0xb
 1826 011f 00       		.byte	0
 1827 0120 0A       		.uleb128 0xa
 1828 0121 0A000000 		.4byte	.LASF16
 1829 0125 03       		.byte	0x3
 1830 0126 3F01     		.2byte	0x13f
 1831 0128 32010000 		.4byte	0x132
 1832 012c 05       		.uleb128 0x5
 1833 012d 03       		.byte	0x3
 1834 012e 00000000 		.4byte	cy_metadata
 1835 0132 07       		.uleb128 0x7
 1836 0133 10010000 		.4byte	0x110
 1837 0137 00       		.byte	0
 1838              		.section	.debug_abbrev,"",%progbits
 1839              	.Ldebug_abbrev0:
 1840 0000 01       		.uleb128 0x1
 1841 0001 11       		.uleb128 0x11
 1842 0002 01       		.byte	0x1
 1843 0003 25       		.uleb128 0x25
 1844 0004 0E       		.uleb128 0xe
 1845 0005 13       		.uleb128 0x13
 1846 0006 0B       		.uleb128 0xb
 1847 0007 03       		.uleb128 0x3
 1848 0008 0E       		.uleb128 0xe
 1849 0009 1B       		.uleb128 0x1b
 1850 000a 0E       		.uleb128 0xe
 1851 000b 10       		.uleb128 0x10
 1852 000c 17       		.uleb128 0x17
 1853 000d 00       		.byte	0
 1854 000e 00       		.byte	0
 1855 000f 02       		.uleb128 0x2
 1856 0010 24       		.uleb128 0x24
 1857 0011 00       		.byte	0
 1858 0012 0B       		.uleb128 0xb
 1859 0013 0B       		.uleb128 0xb
 1860 0014 3E       		.uleb128 0x3e
 1861 0015 0B       		.uleb128 0xb
 1862 0016 03       		.uleb128 0x3
 1863 0017 0E       		.uleb128 0xe
 1864 0018 00       		.byte	0
 1865 0019 00       		.byte	0
 1866 001a 03       		.uleb128 0x3
 1867 001b 16       		.uleb128 0x16
 1868 001c 00       		.byte	0
 1869 001d 03       		.uleb128 0x3
 1870 001e 0E       		.uleb128 0xe
 1871 001f 3A       		.uleb128 0x3a
 1872 0020 0B       		.uleb128 0xb
 1873 0021 3B       		.uleb128 0x3b
 1874 0022 0B       		.uleb128 0xb
 1875 0023 49       		.uleb128 0x49
 1876 0024 13       		.uleb128 0x13
 1877 0025 00       		.byte	0
ARM GAS  C:\Users\zakis\AppData\Local\Temp\ccjwJdh6.s 			page 34


 1878 0026 00       		.byte	0
 1879 0027 04       		.uleb128 0x4
 1880 0028 24       		.uleb128 0x24
 1881 0029 00       		.byte	0
 1882 002a 0B       		.uleb128 0xb
 1883 002b 0B       		.uleb128 0xb
 1884 002c 3E       		.uleb128 0x3e
 1885 002d 0B       		.uleb128 0xb
 1886 002e 03       		.uleb128 0x3
 1887 002f 08       		.uleb128 0x8
 1888 0030 00       		.byte	0
 1889 0031 00       		.byte	0
 1890 0032 05       		.uleb128 0x5
 1891 0033 01       		.uleb128 0x1
 1892 0034 01       		.byte	0x1
 1893 0035 49       		.uleb128 0x49
 1894 0036 13       		.uleb128 0x13
 1895 0037 01       		.uleb128 0x1
 1896 0038 13       		.uleb128 0x13
 1897 0039 00       		.byte	0
 1898 003a 00       		.byte	0
 1899 003b 06       		.uleb128 0x6
 1900 003c 21       		.uleb128 0x21
 1901 003d 00       		.byte	0
 1902 003e 49       		.uleb128 0x49
 1903 003f 13       		.uleb128 0x13
 1904 0040 2F       		.uleb128 0x2f
 1905 0041 05       		.uleb128 0x5
 1906 0042 00       		.byte	0
 1907 0043 00       		.byte	0
 1908 0044 07       		.uleb128 0x7
 1909 0045 26       		.uleb128 0x26
 1910 0046 00       		.byte	0
 1911 0047 49       		.uleb128 0x49
 1912 0048 13       		.uleb128 0x13
 1913 0049 00       		.byte	0
 1914 004a 00       		.byte	0
 1915 004b 08       		.uleb128 0x8
 1916 004c 34       		.uleb128 0x34
 1917 004d 00       		.byte	0
 1918 004e 03       		.uleb128 0x3
 1919 004f 0E       		.uleb128 0xe
 1920 0050 3A       		.uleb128 0x3a
 1921 0051 0B       		.uleb128 0xb
 1922 0052 3B       		.uleb128 0x3b
 1923 0053 0B       		.uleb128 0xb
 1924 0054 49       		.uleb128 0x49
 1925 0055 13       		.uleb128 0x13
 1926 0056 3F       		.uleb128 0x3f
 1927 0057 19       		.uleb128 0x19
 1928 0058 02       		.uleb128 0x2
 1929 0059 18       		.uleb128 0x18
 1930 005a 00       		.byte	0
 1931 005b 00       		.byte	0
 1932 005c 09       		.uleb128 0x9
 1933 005d 21       		.uleb128 0x21
 1934 005e 00       		.byte	0
ARM GAS  C:\Users\zakis\AppData\Local\Temp\ccjwJdh6.s 			page 35


 1935 005f 49       		.uleb128 0x49
 1936 0060 13       		.uleb128 0x13
 1937 0061 2F       		.uleb128 0x2f
 1938 0062 0B       		.uleb128 0xb
 1939 0063 00       		.byte	0
 1940 0064 00       		.byte	0
 1941 0065 0A       		.uleb128 0xa
 1942 0066 34       		.uleb128 0x34
 1943 0067 00       		.byte	0
 1944 0068 03       		.uleb128 0x3
 1945 0069 0E       		.uleb128 0xe
 1946 006a 3A       		.uleb128 0x3a
 1947 006b 0B       		.uleb128 0xb
 1948 006c 3B       		.uleb128 0x3b
 1949 006d 05       		.uleb128 0x5
 1950 006e 49       		.uleb128 0x49
 1951 006f 13       		.uleb128 0x13
 1952 0070 3F       		.uleb128 0x3f
 1953 0071 19       		.uleb128 0x19
 1954 0072 02       		.uleb128 0x2
 1955 0073 18       		.uleb128 0x18
 1956 0074 00       		.byte	0
 1957 0075 00       		.byte	0
 1958 0076 00       		.byte	0
 1959              		.section	.debug_aranges,"",%progbits
 1960 0000 14000000 		.4byte	0x14
 1961 0004 0200     		.2byte	0x2
 1962 0006 00000000 		.4byte	.Ldebug_info0
 1963 000a 04       		.byte	0x4
 1964 000b 00       		.byte	0
 1965 000c 0000     		.2byte	0
 1966 000e 0000     		.2byte	0
 1967 0010 00000000 		.4byte	0
 1968 0014 00000000 		.4byte	0
 1969              		.section	.debug_line,"",%progbits
 1970              	.Ldebug_line0:
 1971 0000 3D010000 		.section	.debug_str,"MS",%progbits,1
 1971      02003701 
 1971      00000201 
 1971      FB0E0D00 
 1971      01010101 
 1972              	.LASF9:
 1973 0000 5F5F7569 		.ascii	"__uint8_t\000"
 1973      6E74385F 
 1973      7400
 1974              	.LASF16:
 1975 000a 63795F6D 		.ascii	"cy_metadata\000"
 1975      65746164 
 1975      61746100 
 1976              	.LASF1:
 1977 0016 756E7369 		.ascii	"unsigned char\000"
 1977      676E6564 
 1977      20636861 
 1977      7200
 1978              	.LASF17:
 1979 0024 474E5520 		.ascii	"GNU C11 5.4.1 20160609 (release) [ARM/embedded-5-br"
 1979      43313120 
ARM GAS  C:\Users\zakis\AppData\Local\Temp\ccjwJdh6.s 			page 36


 1979      352E342E 
 1979      31203230 
 1979      31363036 
 1980 0057 616E6368 		.ascii	"anch revision 237715] -mcpu=cortex-m3 -mthumb -g -O"
 1980      20726576 
 1980      6973696F 
 1980      6E203233 
 1980      37373135 
 1981 008a 67202D66 		.ascii	"g -ffunction-sections -ffat-lto-objects\000"
 1981      66756E63 
 1981      74696F6E 
 1981      2D736563 
 1981      74696F6E 
 1982              	.LASF5:
 1983 00b2 6C6F6E67 		.ascii	"long unsigned int\000"
 1983      20756E73 
 1983      69676E65 
 1983      6420696E 
 1983      7400
 1984              	.LASF3:
 1985 00c4 73686F72 		.ascii	"short unsigned int\000"
 1985      7420756E 
 1985      7369676E 
 1985      65642069 
 1985      6E7400
 1986              	.LASF19:
 1987 00d7 433A5C55 		.ascii	"C:\\Users\\zakis\\Documents\\EOS_Assignment_Two\\JS"
 1987      73657273 
 1987      5C7A616B 
 1987      69735C44 
 1987      6F63756D 
 1988 0105 4F4E5F50 		.ascii	"ON_Parser\\EOS_Assignment_Two\\Archive\\JSON_Parser"
 1988      61727365 
 1988      725C454F 
 1988      535F4173 
 1988      7369676E 
 1989 0135 2E637970 		.ascii	".cyprj.Archive02\\JSON_Parser.cydsn\000"
 1989      726A2E41 
 1989      72636869 
 1989      76653032 
 1989      5C4A534F 
 1990              	.LASF13:
 1991 0158 63795F6D 		.ascii	"cy_meta_custnvl\000"
 1991      6574615F 
 1991      63757374 
 1991      6E766C00 
 1992              	.LASF12:
 1993 0168 63795F6D 		.ascii	"cy_meta_configecc\000"
 1993      6574615F 
 1993      636F6E66 
 1993      69676563 
 1993      6300
 1994              	.LASF8:
 1995 017a 756E7369 		.ascii	"unsigned int\000"
 1995      676E6564 
 1995      20696E74 
 1995      00
ARM GAS  C:\Users\zakis\AppData\Local\Temp\ccjwJdh6.s 			page 37


 1996              	.LASF7:
 1997 0187 6C6F6E67 		.ascii	"long long unsigned int\000"
 1997      206C6F6E 
 1997      6720756E 
 1997      7369676E 
 1997      65642069 
 1998              	.LASF10:
 1999 019e 75696E74 		.ascii	"uint8_t\000"
 1999      385F7400 
 2000              	.LASF15:
 2001 01a6 63795F6D 		.ascii	"cy_meta_flashprotect\000"
 2001      6574615F 
 2001      666C6173 
 2001      6870726F 
 2001      74656374 
 2002              	.LASF14:
 2003 01bb 63795F6D 		.ascii	"cy_meta_wonvl\000"
 2003      6574615F 
 2003      776F6E76 
 2003      6C00
 2004              	.LASF11:
 2005 01c9 73697A65 		.ascii	"sizetype\000"
 2005      74797065 
 2005      00
 2006              	.LASF6:
 2007 01d2 6C6F6E67 		.ascii	"long long int\000"
 2007      206C6F6E 
 2007      6720696E 
 2007      7400
 2008              	.LASF2:
 2009 01e0 73686F72 		.ascii	"short int\000"
 2009      7420696E 
 2009      7400
 2010              	.LASF4:
 2011 01ea 6C6F6E67 		.ascii	"long int\000"
 2011      20696E74 
 2011      00
 2012              	.LASF0:
 2013 01f3 7369676E 		.ascii	"signed char\000"
 2013      65642063 
 2013      68617200 
 2014              	.LASF18:
 2015 01ff 47656E65 		.ascii	"Generated_Source\\PSoC5\\cymetadata.c\000"
 2015      72617465 
 2015      645F536F 
 2015      75726365 
 2015      5C50536F 
 2016              		.ident	"GCC: (GNU Tools for ARM Embedded Processors) 5.4.1 20160609 (release) [ARM/embedded-5-bran
