ARM GAS  C:\Users\zakis\AppData\Local\Temp\ccWhX4eN.s 			page 1


   1              		.syntax unified
   2              		.cpu cortex-m3
   3              		.fpu softvfp
   4              		.eabi_attribute 20, 1
   5              		.eabi_attribute 21, 1
   6              		.eabi_attribute 23, 3
   7              		.eabi_attribute 24, 1
   8              		.eabi_attribute 25, 1
   9              		.eabi_attribute 26, 1
  10              		.eabi_attribute 30, 1
  11              		.eabi_attribute 34, 1
  12              		.eabi_attribute 18, 4
  13              		.thumb
  14              		.syntax unified
  15              		.file	"ErikaOS_1_common_ee_hal_structs.c"
  16              		.text
  17              	.Ltext0:
  18              		.cfi_sections	.debug_frame
  19              		.comm	EE_std_endcycle_next_tid,4,4
  20              		.comm	EE_IRQ_nesting_level,4,4
  21              	.Letext0:
  22              		.file 1 "Generated_Source\\PSoC5\\ErikaOS_1_common_ee_types.inc"
  23              		.file 2 "Generated_Source\\PSoC5\\ErikaOS_1_cortex_mx_ee_cpu.inc"
  24              		.file 3 "Generated_Source\\PSoC5\\ErikaOS_1_ee_oo_common.inc"
  25              		.file 4 "Generated_Source\\PSoC5\\ErikaOS_1_common_ee_hal_structs.c"
  26              		.file 5 "Generated_Source\\PSoC5\\ErikaOS_1_ee_oo_intfunc.inc"
  27              		.file 6 "Generated_Source\\PSoC5\\ErikaOS_1_ee_oo_internal.inc"
  28              		.section	.debug_info,"",%progbits
  29              	.Ldebug_info0:
  30 0000 FB010000 		.4byte	0x1fb
  31 0004 0400     		.2byte	0x4
  32 0006 00000000 		.4byte	.Ldebug_abbrev0
  33 000a 04       		.byte	0x4
  34 000b 01       		.uleb128 0x1
  35 000c 27020000 		.4byte	.LASF36
  36 0010 0C       		.byte	0xc
  37 0011 E3010000 		.4byte	.LASF37
  38 0015 CD020000 		.4byte	.LASF38
  39 0019 00000000 		.4byte	.Ldebug_line0
  40 001d 02       		.uleb128 0x2
  41 001e 01       		.byte	0x1
  42 001f 06       		.byte	0x6
  43 0020 FD000000 		.4byte	.LASF0
  44 0024 02       		.uleb128 0x2
  45 0025 01       		.byte	0x1
  46 0026 08       		.byte	0x8
  47 0027 EF000000 		.4byte	.LASF1
  48 002b 02       		.uleb128 0x2
  49 002c 02       		.byte	0x2
  50 002d 05       		.byte	0x5
  51 002e 3A000000 		.4byte	.LASF2
  52 0032 02       		.uleb128 0x2
  53 0033 02       		.byte	0x2
  54 0034 07       		.byte	0x7
  55 0035 5B010000 		.4byte	.LASF3
  56 0039 02       		.uleb128 0x2
  57 003a 04       		.byte	0x4
ARM GAS  C:\Users\zakis\AppData\Local\Temp\ccWhX4eN.s 			page 2


  58 003b 05       		.byte	0x5
  59 003c B2000000 		.4byte	.LASF4
  60 0040 02       		.uleb128 0x2
  61 0041 04       		.byte	0x4
  62 0042 07       		.byte	0x7
  63 0043 8B010000 		.4byte	.LASF5
  64 0047 02       		.uleb128 0x2
  65 0048 08       		.byte	0x8
  66 0049 05       		.byte	0x5
  67 004a 8C000000 		.4byte	.LASF6
  68 004e 02       		.uleb128 0x2
  69 004f 08       		.byte	0x8
  70 0050 07       		.byte	0x7
  71 0051 09010000 		.4byte	.LASF7
  72 0055 03       		.uleb128 0x3
  73 0056 04       		.byte	0x4
  74 0057 05       		.byte	0x5
  75 0058 696E7400 		.ascii	"int\000"
  76 005c 02       		.uleb128 0x2
  77 005d 04       		.byte	0x4
  78 005e 07       		.byte	0x7
  79 005f 20010000 		.4byte	.LASF8
  80 0063 02       		.uleb128 0x2
  81 0064 08       		.byte	0x8
  82 0065 04       		.byte	0x4
  83 0066 E3000000 		.4byte	.LASF9
  84 006a 04       		.uleb128 0x4
  85 006b 9A000000 		.4byte	.LASF10
  86 006f 01       		.byte	0x1
  87 0070 3F       		.byte	0x3f
  88 0071 1D000000 		.4byte	0x1d
  89 0075 04       		.uleb128 0x4
  90 0076 6E010000 		.4byte	.LASF11
  91 007a 01       		.byte	0x1
  92 007b 52       		.byte	0x52
  93 007c 32000000 		.4byte	0x32
  94 0080 04       		.uleb128 0x4
  95 0081 52010000 		.4byte	.LASF12
  96 0085 01       		.byte	0x1
  97 0086 53       		.byte	0x53
  98 0087 55000000 		.4byte	0x55
  99 008b 04       		.uleb128 0x4
 100 008c 55000000 		.4byte	.LASF13
 101 0090 01       		.byte	0x1
 102 0091 54       		.byte	0x54
 103 0092 5C000000 		.4byte	0x5c
 104 0096 04       		.uleb128 0x4
 105 0097 0E000000 		.4byte	.LASF14
 106 009b 02       		.byte	0x2
 107 009c 4D       		.byte	0x4d
 108 009d 8B000000 		.4byte	0x8b
 109 00a1 04       		.uleb128 0x4
 110 00a2 4D000000 		.4byte	.LASF15
 111 00a6 02       		.byte	0x2
 112 00a7 4F       		.byte	0x4f
 113 00a8 8B000000 		.4byte	0x8b
 114 00ac 04       		.uleb128 0x4
ARM GAS  C:\Users\zakis\AppData\Local\Temp\ccWhX4eN.s 			page 3


 115 00ad 9D010000 		.4byte	.LASF16
 116 00b1 02       		.byte	0x2
 117 00b2 54       		.byte	0x54
 118 00b3 96000000 		.4byte	0x96
 119 00b7 04       		.uleb128 0x4
 120 00b8 70000000 		.4byte	.LASF17
 121 00bc 02       		.byte	0x2
 122 00bd 78       		.byte	0x78
 123 00be 80000000 		.4byte	0x80
 124 00c2 05       		.uleb128 0x5
 125 00c3 A2000000 		.4byte	.LASF18
 126 00c7 03       		.byte	0x3
 127 00c8 1101     		.2byte	0x111
 128 00ca 75000000 		.4byte	0x75
 129 00ce 06       		.uleb128 0x6
 130 00cf 77000000 		.4byte	.LASF19
 131 00d3 04       		.byte	0x4
 132 00d4 3A       		.byte	0x3a
 133 00d5 96000000 		.4byte	0x96
 134 00d9 05       		.uleb128 0x5
 135 00da 03       		.byte	0x3
 136 00db 00000000 		.4byte	EE_IRQ_nesting_level
 137 00df 06       		.uleb128 0x6
 138 00e0 39010000 		.4byte	.LASF20
 139 00e4 04       		.byte	0x4
 140 00e5 3F       		.byte	0x3f
 141 00e6 B7000000 		.4byte	0xb7
 142 00ea 05       		.uleb128 0x5
 143 00eb 03       		.byte	0x3
 144 00ec 00000000 		.4byte	EE_std_endcycle_next_tid
 145 00f0 07       		.uleb128 0x7
 146 00f1 07010000 		.4byte	0x107
 147 00f5 00010000 		.4byte	0x100
 148 00f9 08       		.uleb128 0x8
 149 00fa 00010000 		.4byte	0x100
 150 00fe 02       		.byte	0x2
 151 00ff 00       		.byte	0
 152 0100 02       		.uleb128 0x2
 153 0101 04       		.byte	0x4
 154 0102 07       		.byte	0x7
 155 0103 44000000 		.4byte	.LASF21
 156 0107 09       		.uleb128 0x9
 157 0108 96000000 		.4byte	0x96
 158 010c 0A       		.uleb128 0xa
 159 010d 5F000000 		.4byte	.LASF22
 160 0111 03       		.byte	0x3
 161 0112 B2       		.byte	0xb2
 162 0113 17010000 		.4byte	0x117
 163 0117 09       		.uleb128 0x9
 164 0118 F0000000 		.4byte	0xf0
 165 011c 0A       		.uleb128 0xa
 166 011d CF010000 		.4byte	.LASF23
 167 0121 03       		.byte	0x3
 168 0122 B3       		.byte	0xb3
 169 0123 27010000 		.4byte	0x127
 170 0127 09       		.uleb128 0x9
 171 0128 F0000000 		.4byte	0xf0
ARM GAS  C:\Users\zakis\AppData\Local\Temp\ccWhX4eN.s 			page 4


 172 012c 07       		.uleb128 0x7
 173 012d 96000000 		.4byte	0x96
 174 0131 3C010000 		.4byte	0x13c
 175 0135 08       		.uleb128 0x8
 176 0136 00010000 		.4byte	0x100
 177 013a 02       		.byte	0x2
 178 013b 00       		.byte	0
 179 013c 0A       		.uleb128 0xa
 180 013d C2010000 		.4byte	.LASF24
 181 0141 03       		.byte	0x3
 182 0142 CA       		.byte	0xca
 183 0143 2C010000 		.4byte	0x12c
 184 0147 07       		.uleb128 0x7
 185 0148 B7000000 		.4byte	0xb7
 186 014c 57010000 		.4byte	0x157
 187 0150 08       		.uleb128 0x8
 188 0151 00010000 		.4byte	0x100
 189 0155 02       		.byte	0x2
 190 0156 00       		.byte	0
 191 0157 0A       		.uleb128 0xa
 192 0158 1C020000 		.4byte	.LASF25
 193 015c 03       		.byte	0x3
 194 015d D2       		.byte	0xd2
 195 015e 47010000 		.4byte	0x147
 196 0162 0A       		.uleb128 0xa
 197 0163 2D010000 		.4byte	.LASF26
 198 0167 03       		.byte	0x3
 199 0168 DA       		.byte	0xda
 200 0169 2C010000 		.4byte	0x12c
 201 016d 0A       		.uleb128 0xa
 202 016e A9010000 		.4byte	.LASF27
 203 0172 03       		.byte	0x3
 204 0173 E2       		.byte	0xe2
 205 0174 B7000000 		.4byte	0xb7
 206 0178 0A       		.uleb128 0xa
 207 0179 D4000000 		.4byte	.LASF28
 208 017d 03       		.byte	0x3
 209 017e F7       		.byte	0xf7
 210 017f 96000000 		.4byte	0x96
 211 0183 0B       		.uleb128 0xb
 212 0184 00000000 		.4byte	.LASF29
 213 0188 03       		.byte	0x3
 214 0189 3F01     		.2byte	0x13f
 215 018b C2000000 		.4byte	0xc2
 216 018f 0B       		.uleb128 0xb
 217 0190 16000000 		.4byte	.LASF30
 218 0194 03       		.byte	0x3
 219 0195 5C01     		.2byte	0x15c
 220 0197 2C010000 		.4byte	0x12c
 221 019b 07       		.uleb128 0x7
 222 019c AC000000 		.4byte	0xac
 223 01a0 AB010000 		.4byte	0x1ab
 224 01a4 08       		.uleb128 0x8
 225 01a5 00010000 		.4byte	0x100
 226 01a9 02       		.byte	0x2
 227 01aa 00       		.byte	0
 228 01ab 0B       		.uleb128 0xb
ARM GAS  C:\Users\zakis\AppData\Local\Temp\ccWhX4eN.s 			page 5


 229 01ac 29000000 		.4byte	.LASF31
 230 01b0 03       		.byte	0x3
 231 01b1 6701     		.2byte	0x167
 232 01b3 9B010000 		.4byte	0x19b
 233 01b7 0A       		.uleb128 0xa
 234 01b8 B5020000 		.4byte	.LASF32
 235 01bc 05       		.byte	0x5
 236 01bd 40       		.byte	0x40
 237 01be 96000000 		.4byte	0x96
 238 01c2 0A       		.uleb128 0xa
 239 01c3 BB000000 		.4byte	.LASF33
 240 01c7 05       		.byte	0x5
 241 01c8 47       		.byte	0x47
 242 01c9 A1000000 		.4byte	0xa1
 243 01cd 0A       		.uleb128 0xa
 244 01ce 78010000 		.4byte	.LASF34
 245 01d2 05       		.byte	0x5
 246 01d3 4A       		.byte	0x4a
 247 01d4 96000000 		.4byte	0x96
 248 01d8 07       		.uleb128 0x7
 249 01d9 E8010000 		.4byte	0x1e8
 250 01dd E8010000 		.4byte	0x1e8
 251 01e1 08       		.uleb128 0x8
 252 01e2 00010000 		.4byte	0x100
 253 01e6 FF       		.byte	0xff
 254 01e7 00       		.byte	0
 255 01e8 09       		.uleb128 0x9
 256 01e9 6A000000 		.4byte	0x6a
 257 01ed 0B       		.uleb128 0xb
 258 01ee B5010000 		.4byte	.LASF35
 259 01f2 06       		.byte	0x6
 260 01f3 AB01     		.2byte	0x1ab
 261 01f5 F9010000 		.4byte	0x1f9
 262 01f9 09       		.uleb128 0x9
 263 01fa D8010000 		.4byte	0x1d8
 264 01fe 00       		.byte	0
 265              		.section	.debug_abbrev,"",%progbits
 266              	.Ldebug_abbrev0:
 267 0000 01       		.uleb128 0x1
 268 0001 11       		.uleb128 0x11
 269 0002 01       		.byte	0x1
 270 0003 25       		.uleb128 0x25
 271 0004 0E       		.uleb128 0xe
 272 0005 13       		.uleb128 0x13
 273 0006 0B       		.uleb128 0xb
 274 0007 03       		.uleb128 0x3
 275 0008 0E       		.uleb128 0xe
 276 0009 1B       		.uleb128 0x1b
 277 000a 0E       		.uleb128 0xe
 278 000b 10       		.uleb128 0x10
 279 000c 17       		.uleb128 0x17
 280 000d 00       		.byte	0
 281 000e 00       		.byte	0
 282 000f 02       		.uleb128 0x2
 283 0010 24       		.uleb128 0x24
 284 0011 00       		.byte	0
 285 0012 0B       		.uleb128 0xb
ARM GAS  C:\Users\zakis\AppData\Local\Temp\ccWhX4eN.s 			page 6


 286 0013 0B       		.uleb128 0xb
 287 0014 3E       		.uleb128 0x3e
 288 0015 0B       		.uleb128 0xb
 289 0016 03       		.uleb128 0x3
 290 0017 0E       		.uleb128 0xe
 291 0018 00       		.byte	0
 292 0019 00       		.byte	0
 293 001a 03       		.uleb128 0x3
 294 001b 24       		.uleb128 0x24
 295 001c 00       		.byte	0
 296 001d 0B       		.uleb128 0xb
 297 001e 0B       		.uleb128 0xb
 298 001f 3E       		.uleb128 0x3e
 299 0020 0B       		.uleb128 0xb
 300 0021 03       		.uleb128 0x3
 301 0022 08       		.uleb128 0x8
 302 0023 00       		.byte	0
 303 0024 00       		.byte	0
 304 0025 04       		.uleb128 0x4
 305 0026 16       		.uleb128 0x16
 306 0027 00       		.byte	0
 307 0028 03       		.uleb128 0x3
 308 0029 0E       		.uleb128 0xe
 309 002a 3A       		.uleb128 0x3a
 310 002b 0B       		.uleb128 0xb
 311 002c 3B       		.uleb128 0x3b
 312 002d 0B       		.uleb128 0xb
 313 002e 49       		.uleb128 0x49
 314 002f 13       		.uleb128 0x13
 315 0030 00       		.byte	0
 316 0031 00       		.byte	0
 317 0032 05       		.uleb128 0x5
 318 0033 16       		.uleb128 0x16
 319 0034 00       		.byte	0
 320 0035 03       		.uleb128 0x3
 321 0036 0E       		.uleb128 0xe
 322 0037 3A       		.uleb128 0x3a
 323 0038 0B       		.uleb128 0xb
 324 0039 3B       		.uleb128 0x3b
 325 003a 05       		.uleb128 0x5
 326 003b 49       		.uleb128 0x49
 327 003c 13       		.uleb128 0x13
 328 003d 00       		.byte	0
 329 003e 00       		.byte	0
 330 003f 06       		.uleb128 0x6
 331 0040 34       		.uleb128 0x34
 332 0041 00       		.byte	0
 333 0042 03       		.uleb128 0x3
 334 0043 0E       		.uleb128 0xe
 335 0044 3A       		.uleb128 0x3a
 336 0045 0B       		.uleb128 0xb
 337 0046 3B       		.uleb128 0x3b
 338 0047 0B       		.uleb128 0xb
 339 0048 49       		.uleb128 0x49
 340 0049 13       		.uleb128 0x13
 341 004a 3F       		.uleb128 0x3f
 342 004b 19       		.uleb128 0x19
ARM GAS  C:\Users\zakis\AppData\Local\Temp\ccWhX4eN.s 			page 7


 343 004c 02       		.uleb128 0x2
 344 004d 18       		.uleb128 0x18
 345 004e 00       		.byte	0
 346 004f 00       		.byte	0
 347 0050 07       		.uleb128 0x7
 348 0051 01       		.uleb128 0x1
 349 0052 01       		.byte	0x1
 350 0053 49       		.uleb128 0x49
 351 0054 13       		.uleb128 0x13
 352 0055 01       		.uleb128 0x1
 353 0056 13       		.uleb128 0x13
 354 0057 00       		.byte	0
 355 0058 00       		.byte	0
 356 0059 08       		.uleb128 0x8
 357 005a 21       		.uleb128 0x21
 358 005b 00       		.byte	0
 359 005c 49       		.uleb128 0x49
 360 005d 13       		.uleb128 0x13
 361 005e 2F       		.uleb128 0x2f
 362 005f 0B       		.uleb128 0xb
 363 0060 00       		.byte	0
 364 0061 00       		.byte	0
 365 0062 09       		.uleb128 0x9
 366 0063 26       		.uleb128 0x26
 367 0064 00       		.byte	0
 368 0065 49       		.uleb128 0x49
 369 0066 13       		.uleb128 0x13
 370 0067 00       		.byte	0
 371 0068 00       		.byte	0
 372 0069 0A       		.uleb128 0xa
 373 006a 34       		.uleb128 0x34
 374 006b 00       		.byte	0
 375 006c 03       		.uleb128 0x3
 376 006d 0E       		.uleb128 0xe
 377 006e 3A       		.uleb128 0x3a
 378 006f 0B       		.uleb128 0xb
 379 0070 3B       		.uleb128 0x3b
 380 0071 0B       		.uleb128 0xb
 381 0072 49       		.uleb128 0x49
 382 0073 13       		.uleb128 0x13
 383 0074 3F       		.uleb128 0x3f
 384 0075 19       		.uleb128 0x19
 385 0076 3C       		.uleb128 0x3c
 386 0077 19       		.uleb128 0x19
 387 0078 00       		.byte	0
 388 0079 00       		.byte	0
 389 007a 0B       		.uleb128 0xb
 390 007b 34       		.uleb128 0x34
 391 007c 00       		.byte	0
 392 007d 03       		.uleb128 0x3
 393 007e 0E       		.uleb128 0xe
 394 007f 3A       		.uleb128 0x3a
 395 0080 0B       		.uleb128 0xb
 396 0081 3B       		.uleb128 0x3b
 397 0082 05       		.uleb128 0x5
 398 0083 49       		.uleb128 0x49
 399 0084 13       		.uleb128 0x13
ARM GAS  C:\Users\zakis\AppData\Local\Temp\ccWhX4eN.s 			page 8


 400 0085 3F       		.uleb128 0x3f
 401 0086 19       		.uleb128 0x19
 402 0087 3C       		.uleb128 0x3c
 403 0088 19       		.uleb128 0x19
 404 0089 00       		.byte	0
 405 008a 00       		.byte	0
 406 008b 00       		.byte	0
 407              		.section	.debug_aranges,"",%progbits
 408 0000 14000000 		.4byte	0x14
 409 0004 0200     		.2byte	0x2
 410 0006 00000000 		.4byte	.Ldebug_info0
 411 000a 04       		.byte	0x4
 412 000b 00       		.byte	0
 413 000c 0000     		.2byte	0
 414 000e 0000     		.2byte	0
 415 0010 00000000 		.4byte	0
 416 0014 00000000 		.4byte	0
 417              		.section	.debug_line,"",%progbits
 418              	.Ldebug_line0:
 419 0000 F5000000 		.section	.debug_str,"MS",%progbits,1
 419      0200EF00 
 419      00000201 
 419      FB0E0D00 
 419      01010101 
 420              	.LASF29:
 421 0000 45455F72 		.ascii	"EE_rq_bitmask\000"
 421      715F6269 
 421      746D6173 
 421      6B00
 422              	.LASF14:
 423 000e 45455F55 		.ascii	"EE_UREG\000"
 423      52454700 
 424              	.LASF30:
 425 0016 45455F74 		.ascii	"EE_th_event_active\000"
 425      685F6576 
 425      656E745F 
 425      61637469 
 425      766500
 426              	.LASF31:
 427 0029 45455F74 		.ascii	"EE_th_waswaiting\000"
 427      685F7761 
 427      73776169 
 427      74696E67 
 427      00
 428              	.LASF2:
 429 003a 73686F72 		.ascii	"short int\000"
 429      7420696E 
 429      7400
 430              	.LASF21:
 431 0044 73697A65 		.ascii	"sizetype\000"
 431      74797065 
 431      00
 432              	.LASF15:
 433 004d 45455F46 		.ascii	"EE_FREG\000"
 433      52454700 
 434              	.LASF13:
 435 0055 45455F55 		.ascii	"EE_UINT32\000"
ARM GAS  C:\Users\zakis\AppData\Local\Temp\ccWhX4eN.s 			page 9


 435      494E5433 
 435      3200
 436              	.LASF22:
 437 005f 45455F74 		.ascii	"EE_th_ready_prio\000"
 437      685F7265 
 437      6164795F 
 437      7072696F 
 437      00
 438              	.LASF17:
 439 0070 45455F54 		.ascii	"EE_TID\000"
 439      494400
 440              	.LASF19:
 441 0077 45455F49 		.ascii	"EE_IRQ_nesting_level\000"
 441      52515F6E 
 441      65737469 
 441      6E675F6C 
 441      6576656C 
 442              	.LASF6:
 443 008c 6C6F6E67 		.ascii	"long long int\000"
 443      206C6F6E 
 443      6720696E 
 443      7400
 444              	.LASF10:
 445 009a 45455F49 		.ascii	"EE_INT8\000"
 445      4E543800 
 446              	.LASF18:
 447 00a2 45455F54 		.ascii	"EE_TYPE_RQ_MASK\000"
 447      5950455F 
 447      52515F4D 
 447      41534B00 
 448              	.LASF4:
 449 00b2 6C6F6E67 		.ascii	"long int\000"
 449      20696E74 
 449      00
 450              	.LASF33:
 451 00bb 45455F6F 		.ascii	"EE_oo_IRQ_suspend_status\000"
 451      6F5F4952 
 451      515F7375 
 451      7370656E 
 451      645F7374 
 452              	.LASF28:
 453 00d4 45455F73 		.ascii	"EE_sys_ceiling\000"
 453      79735F63 
 453      65696C69 
 453      6E6700
 454              	.LASF9:
 455 00e3 6C6F6E67 		.ascii	"long double\000"
 455      20646F75 
 455      626C6500 
 456              	.LASF1:
 457 00ef 756E7369 		.ascii	"unsigned char\000"
 457      676E6564 
 457      20636861 
 457      7200
 458              	.LASF0:
 459 00fd 7369676E 		.ascii	"signed char\000"
 459      65642063 
ARM GAS  C:\Users\zakis\AppData\Local\Temp\ccWhX4eN.s 			page 10


 459      68617200 
 460              	.LASF7:
 461 0109 6C6F6E67 		.ascii	"long long unsigned int\000"
 461      206C6F6E 
 461      6720756E 
 461      7369676E 
 461      65642069 
 462              	.LASF8:
 463 0120 756E7369 		.ascii	"unsigned int\000"
 463      676E6564 
 463      20696E74 
 463      00
 464              	.LASF26:
 465 012d 45455F74 		.ascii	"EE_th_rnact\000"
 465      685F726E 
 465      61637400 
 466              	.LASF20:
 467 0139 45455F73 		.ascii	"EE_std_endcycle_next_tid\000"
 467      74645F65 
 467      6E646379 
 467      636C655F 
 467      6E657874 
 468              	.LASF12:
 469 0152 45455F49 		.ascii	"EE_INT32\000"
 469      4E543332 
 469      00
 470              	.LASF3:
 471 015b 73686F72 		.ascii	"short unsigned int\000"
 471      7420756E 
 471      7369676E 
 471      65642069 
 471      6E7400
 472              	.LASF11:
 473 016e 45455F55 		.ascii	"EE_UINT16\000"
 473      494E5431 
 473      3600
 474              	.LASF34:
 475 0178 45455F41 		.ascii	"EE_ApplicationMode\000"
 475      70706C69 
 475      63617469 
 475      6F6E4D6F 
 475      646500
 476              	.LASF5:
 477 018b 6C6F6E67 		.ascii	"long unsigned int\000"
 477      20756E73 
 477      69676E65 
 477      6420696E 
 477      7400
 478              	.LASF16:
 479 019d 45455F54 		.ascii	"EE_TYPEBOOL\000"
 479      59504542 
 479      4F4F4C00 
 480              	.LASF27:
 481 01a9 45455F73 		.ascii	"EE_stkfirst\000"
 481      746B6669 
 481      72737400 
 482              	.LASF35:
ARM GAS  C:\Users\zakis\AppData\Local\Temp\ccWhX4eN.s 			page 11


 483 01b5 45455F72 		.ascii	"EE_rq_lookup\000"
 483      715F6C6F 
 483      6F6B7570 
 483      00
 484              	.LASF24:
 485 01c2 45455F74 		.ascii	"EE_th_status\000"
 485      685F7374 
 485      61747573 
 485      00
 486              	.LASF23:
 487 01cf 45455F74 		.ascii	"EE_th_dispatch_prio\000"
 487      685F6469 
 487      73706174 
 487      63685F70 
 487      72696F00 
 488              	.LASF37:
 489 01e3 47656E65 		.ascii	"Generated_Source\\PSoC5\\ErikaOS_1_common_ee_hal_st"
 489      72617465 
 489      645F536F 
 489      75726365 
 489      5C50536F 
 490 0214 72756374 		.ascii	"ructs.c\000"
 490      732E6300 
 491              	.LASF25:
 492 021c 45455F74 		.ascii	"EE_th_next\000"
 492      685F6E65 
 492      787400
 493              	.LASF36:
 494 0227 474E5520 		.ascii	"GNU C11 5.4.1 20160609 (release) [ARM/embedded-5-br"
 494      43313120 
 494      352E342E 
 494      31203230 
 494      31363036 
 495 025a 616E6368 		.ascii	"anch revision 237715] -mcpu=cortex-m3 -mthumb -g -O"
 495      20726576 
 495      6973696F 
 495      6E203233 
 495      37373135 
 496 028d 67202D66 		.ascii	"g -ffunction-sections -ffat-lto-objects\000"
 496      66756E63 
 496      74696F6E 
 496      2D736563 
 496      74696F6E 
 497              	.LASF32:
 498 02b5 45455F6F 		.ascii	"EE_oo_IRQ_disable_count\000"
 498      6F5F4952 
 498      515F6469 
 498      7361626C 
 498      655F636F 
 499              	.LASF38:
 500 02cd 433A5C55 		.ascii	"C:\\Users\\zakis\\Documents\\EOS_Assignment_Two\\JS"
 500      73657273 
 500      5C7A616B 
 500      69735C44 
 500      6F63756D 
 501 02fb 4F4E5F50 		.ascii	"ON_Parser\\EOS_Assignment_Two\\JSON_Parser.cydsn\000"
 501      61727365 
ARM GAS  C:\Users\zakis\AppData\Local\Temp\ccWhX4eN.s 			page 12


 501      725C454F 
 501      535F4173 
 501      7369676E 
 502              		.ident	"GCC: (GNU Tools for ARM Embedded Processors) 5.4.1 20160609 (release) [ARM/embedded-5-bran
