ARM GAS  C:\Users\zakis\AppData\Local\Temp\ccm83Qm2.s 			page 1


   1              		.syntax unified
   2              		.cpu cortex-m3
   3              		.fpu softvfp
   4              		.eabi_attribute 20, 1
   5              		.eabi_attribute 21, 1
   6              		.eabi_attribute 23, 3
   7              		.eabi_attribute 24, 1
   8              		.eabi_attribute 25, 1
   9              		.eabi_attribute 26, 1
  10              		.eabi_attribute 30, 1
  11              		.eabi_attribute 34, 1
  12              		.eabi_attribute 18, 4
  13              		.thumb
  14              		.syntax unified
  15              		.file	"logging.c"
  16              		.text
  17              	.Ltext0:
  18              		.cfi_sections	.debug_frame
  19              		.section	.text.LOG_Init,"ax",%progbits
  20              		.align	2
  21              		.global	LOG_Init
  22              		.thumb
  23              		.thumb_func
  24              		.type	LOG_Init, %function
  25              	LOG_Init:
  26              	.LFB111:
  27              		.file 1 "source\\bsw\\cdd\\Services\\logging.c"
   1:source\bsw\cdd\Services/logging.c **** /**
   2:source\bsw\cdd\Services/logging.c ****  * \file 	logging.c
   3:source\bsw\cdd\Services/logging.c ****  * \author 	Thomas Barth	- Hochschule Darmstadt thomas.barth@h-da.de
   4:source\bsw\cdd\Services/logging.c ****  * \date 	26.11.2016
   5:source\bsw\cdd\Services/logging.c ****  * \version 0.1
   6:source\bsw\cdd\Services/logging.c ****  *
   7:source\bsw\cdd\Services/logging.c ****  * \brief  Logging mechanism
   8:source\bsw\cdd\Services/logging.c ****  *
   9:source\bsw\cdd\Services/logging.c ****  * \copyright Copyright ©2016
  10:source\bsw\cdd\Services/logging.c ****  * Department of electrical engineering and information technology, Hochschule Darmstadt - Universi
  11:source\bsw\cdd\Services/logging.c ****  * Permission to use, copy, modify, and distribute this software and its documentation for educatio
  12:source\bsw\cdd\Services/logging.c ****  * (unless permitted by h_da) and official h_da projects, is hereby granted for enrolled students o
  13:source\bsw\cdd\Services/logging.c ****  * this paragraph and the following paragraph appear in all copies, modifications, and distribution
  14:source\bsw\cdd\Services/logging.c ****  * Contact Prof.Dr.-Ing. Peter Fromm, peter.fromm@h-da.de, Birkenweg 8 64295 Darmstadt - GERMANY fo
  15:source\bsw\cdd\Services/logging.c ****  *
  16:source\bsw\cdd\Services/logging.c ****  * \warning This software is a PROTOTYPE version and is not designed or intended for use in product
  17:source\bsw\cdd\Services/logging.c ****  * The user represents and warrants that it will NOT use or redistribute the Software for such purp
  18:source\bsw\cdd\Services/logging.c ****  * This prototype is for research purposes only. This software is provided "AS IS," without a warra
  19:source\bsw\cdd\Services/logging.c ****  */
  20:source\bsw\cdd\Services/logging.c **** /*=======================[ Includes ]==============================================================
  21:source\bsw\cdd\Services/logging.c **** #include <project.h>
  22:source\bsw\cdd\Services/logging.c **** #include "logging.h"
  23:source\bsw\cdd\Services/logging.c **** 
  24:source\bsw\cdd\Services/logging.c **** 
  25:source\bsw\cdd\Services/logging.c **** /*=======================[ constant data ]=========================================================
  26:source\bsw\cdd\Services/logging.c **** 
  27:source\bsw\cdd\Services/logging.c **** const char logLevel2String[6][CFG_LOGGING_LEVEL_L+1]={
  28:source\bsw\cdd\Services/logging.c ****     "Verbose",
  29:source\bsw\cdd\Services/logging.c ****     "Info",
  30:source\bsw\cdd\Services/logging.c ****     "Warning",
ARM GAS  C:\Users\zakis\AppData\Local\Temp\ccm83Qm2.s 			page 2


  31:source\bsw\cdd\Services/logging.c ****     "Error",
  32:source\bsw\cdd\Services/logging.c ****     "Debug",
  33:source\bsw\cdd\Services/logging.c ****     "Off"
  34:source\bsw\cdd\Services/logging.c **** };
  35:source\bsw\cdd\Services/logging.c **** 
  36:source\bsw\cdd\Services/logging.c **** /*=======================[ variable data ]=========================================================
  37:source\bsw\cdd\Services/logging.c **** 
  38:source\bsw\cdd\Services/logging.c **** /*=======================[ Function implementation ]===============================================
  39:source\bsw\cdd\Services/logging.c **** 
  40:source\bsw\cdd\Services/logging.c **** RC_t LOG_Init(void){
  28              		.loc 1 40 0
  29              		.cfi_startproc
  30              		@ args = 0, pretend = 0, frame = 0
  31              		@ frame_needed = 0, uses_anonymous_args = 0
  32 0000 10B5     		push	{r4, lr}
  33              		.cfi_def_cfa_offset 8
  34              		.cfi_offset 4, -8
  35              		.cfi_offset 14, -4
  41:source\bsw\cdd\Services/logging.c **** #if (CFG_LOGGING_ENABLE==ON)   
  42:source\bsw\cdd\Services/logging.c ****     //Start logging service HW module
  43:source\bsw\cdd\Services/logging.c ****     MODULE_LOG(Start)();
  36              		.loc 1 43 0
  37 0002 FFF7FEFF 		bl	UART_LOG_Start
  38              	.LVL0:
  44:source\bsw\cdd\Services/logging.c ****     
  45:source\bsw\cdd\Services/logging.c ****     //indicate DEBUG Start
  46:source\bsw\cdd\Services/logging.c ****     MODULE_LOG(PutString)(CFG_LOGGING_NL_CHAR);
  39              		.loc 1 46 0
  40 0006 074C     		ldr	r4, .L3
  41 0008 2046     		mov	r0, r4
  42 000a FFF7FEFF 		bl	UART_LOG_PutString
  43              	.LVL1:
  47:source\bsw\cdd\Services/logging.c ****     MODULE_LOG(PutString)(CFG_LOGGING_NL_CHAR);
  44              		.loc 1 47 0
  45 000e 2046     		mov	r0, r4
  46 0010 FFF7FEFF 		bl	UART_LOG_PutString
  47              	.LVL2:
  48:source\bsw\cdd\Services/logging.c ****     MODULE_LOG(PutString)("UART started");
  48              		.loc 1 48 0
  49 0014 0448     		ldr	r0, .L3+4
  50 0016 FFF7FEFF 		bl	UART_LOG_PutString
  51              	.LVL3:
  49:source\bsw\cdd\Services/logging.c ****     MODULE_LOG(PutString)(CFG_LOGGING_NL_CHAR);
  52              		.loc 1 49 0
  53 001a 2046     		mov	r0, r4
  54 001c FFF7FEFF 		bl	UART_LOG_PutString
  55              	.LVL4:
  50:source\bsw\cdd\Services/logging.c **** 
  51:source\bsw\cdd\Services/logging.c **** #else
  52:source\bsw\cdd\Services/logging.c ****     return RC_ERROR_INVALID_STATE;
  53:source\bsw\cdd\Services/logging.c **** #endif
  54:source\bsw\cdd\Services/logging.c **** }
  56              		.loc 1 54 0
  57 0020 10BD     		pop	{r4, pc}
  58              	.L4:
  59 0022 00BF     		.align	2
  60              	.L3:
ARM GAS  C:\Users\zakis\AppData\Local\Temp\ccm83Qm2.s 			page 3


  61 0024 00000000 		.word	.LC0
  62 0028 04000000 		.word	.LC1
  63              		.cfi_endproc
  64              	.LFE111:
  65              		.size	LOG_Init, .-LOG_Init
  66              		.section	.text.LOG_send,"ax",%progbits
  67              		.align	2
  68              		.global	LOG_send
  69              		.thumb
  70              		.thumb_func
  71              		.type	LOG_send, %function
  72              	LOG_send:
  73              	.LFB112:
  55:source\bsw\cdd\Services/logging.c **** 
  56:source\bsw\cdd\Services/logging.c **** RC_t LOG_send(logging_t* entry){
  74              		.loc 1 56 0
  75              		.cfi_startproc
  76              		@ args = 0, pretend = 0, frame = 0
  77              		@ frame_needed = 0, uses_anonymous_args = 0
  78              	.LVL5:
  79 0000 10B5     		push	{r4, lr}
  80              		.cfi_def_cfa_offset 8
  81              		.cfi_offset 4, -8
  82              		.cfi_offset 14, -4
  83 0002 0446     		mov	r4, r0
  84              	.LVL6:
  57:source\bsw\cdd\Services/logging.c ****     
  58:source\bsw\cdd\Services/logging.c ****     //result buffer
  59:source\bsw\cdd\Services/logging.c ****     RC_t result=RC_ERROR_INVALID_STATE;
  60:source\bsw\cdd\Services/logging.c **** #if (CFG_LOGGING_ENABLE==ON)     
  61:source\bsw\cdd\Services/logging.c ****     MODULE_LOG(PutString)(entry->sender);
  85              		.loc 1 61 0
  86 0004 0130     		adds	r0, r0, #1
  87              	.LVL7:
  88 0006 FFF7FEFF 		bl	UART_LOG_PutString
  89              	.LVL8:
  62:source\bsw\cdd\Services/logging.c ****     MODULE_LOG(PutString)(" : ");
  90              		.loc 1 62 0
  91 000a 0648     		ldr	r0, .L7
  92 000c FFF7FEFF 		bl	UART_LOG_PutString
  93              	.LVL9:
  63:source\bsw\cdd\Services/logging.c ****     MODULE_LOG(PutString)(entry->message);
  94              		.loc 1 63 0
  95 0010 04F11100 		add	r0, r4, #17
  96 0014 FFF7FEFF 		bl	UART_LOG_PutString
  97              	.LVL10:
  64:source\bsw\cdd\Services/logging.c ****     MODULE_LOG(PutString)(CFG_LOGGING_NL_CHAR);
  98              		.loc 1 64 0
  99 0018 0348     		ldr	r0, .L7+4
 100 001a FFF7FEFF 		bl	UART_LOG_PutString
 101              	.LVL11:
  65:source\bsw\cdd\Services/logging.c ****     
  66:source\bsw\cdd\Services/logging.c ****     result = RC_SUCCESS;
  67:source\bsw\cdd\Services/logging.c ****     
  68:source\bsw\cdd\Services/logging.c **** #endif
  69:source\bsw\cdd\Services/logging.c **** 
  70:source\bsw\cdd\Services/logging.c ****     return result;
ARM GAS  C:\Users\zakis\AppData\Local\Temp\ccm83Qm2.s 			page 4


  71:source\bsw\cdd\Services/logging.c **** 
  72:source\bsw\cdd\Services/logging.c **** }
 102              		.loc 1 72 0
 103 001e 0020     		movs	r0, #0
 104 0020 10BD     		pop	{r4, pc}
 105              	.LVL12:
 106              	.L8:
 107 0022 00BF     		.align	2
 108              	.L7:
 109 0024 14000000 		.word	.LC2
 110 0028 00000000 		.word	.LC0
 111              		.cfi_endproc
 112              	.LFE112:
 113              		.size	LOG_send, .-LOG_send
 114              		.global	logLevel2String
 115              		.section	.rodata
 116              		.align	2
 117              		.type	logLevel2String, %object
 118              		.size	logLevel2String, 48
 119              	logLevel2String:
 120 0000 56657262 		.ascii	"Verbose\000"
 120      6F736500 
 121 0008 496E666F 		.ascii	"Info\000"
 121      00
 122 000d 000000   		.space	3
 123 0010 5761726E 		.ascii	"Warning\000"
 123      696E6700 
 124 0018 4572726F 		.ascii	"Error\000"
 124      7200
 125 001e 0000     		.space	2
 126 0020 44656275 		.ascii	"Debug\000"
 126      6700
 127 0026 0000     		.space	2
 128 0028 4F666600 		.ascii	"Off\000"
 129 002c 00000000 		.space	4
 130              		.section	.rodata.str1.4,"aMS",%progbits,1
 131              		.align	2
 132              	.LC0:
 133 0000 0A00     		.ascii	"\012\000"
 134 0002 0000     		.space	2
 135              	.LC1:
 136 0004 55415254 		.ascii	"UART started\000"
 136      20737461 
 136      72746564 
 136      00
 137 0011 000000   		.space	3
 138              	.LC2:
 139 0014 203A2000 		.ascii	" : \000"
 140              		.text
 141              	.Letext0:
 142              		.file 2 "c:\\program files (x86)\\cypress\\psoc creator\\4.4\\psoc creator\\import\\gnu\\arm\\5.4.
 143              		.file 3 "c:\\program files (x86)\\cypress\\psoc creator\\4.4\\psoc creator\\import\\gnu\\arm\\5.4.
 144              		.file 4 "Generated_Source\\PSoC5/ErikaOS_common_ee_types.inc"
 145              		.file 5 "Generated_Source\\PSoC5/ErikaOS_cortex_mx_ee_cpu.inc"
 146              		.file 6 ".\\source\\bsw/global.h"
 147              		.file 7 "source\\bsw\\cdd\\Services\\logging.h"
 148              		.file 8 "Generated_Source\\PSoC5/ErikaOS_ee_oo_intfunc.inc"
ARM GAS  C:\Users\zakis\AppData\Local\Temp\ccm83Qm2.s 			page 5


 149              		.file 9 "Generated_Source\\PSoC5/ErikaOS_cortex_mx_ee_context.inc"
 150              		.file 10 "Generated_Source\\PSoC5/ErikaOS_common_ee_primitives.inc"
 151              		.file 11 "Generated_Source\\PSoC5/core_cm3.h"
 152              		.file 12 "Generated_Source\\PSoC5/UART_LOG.h"
 153              		.section	.debug_info,"",%progbits
 154              	.Ldebug_info0:
 155 0000 B7030000 		.4byte	0x3b7
 156 0004 0400     		.2byte	0x4
 157 0006 00000000 		.4byte	.Ldebug_abbrev0
 158 000a 04       		.byte	0x4
 159 000b 01       		.uleb128 0x1
 160 000c 53030000 		.4byte	.LASF71
 161 0010 0C       		.byte	0xc
 162 0011 AA040000 		.4byte	.LASF72
 163 0015 BF020000 		.4byte	.LASF73
 164 0019 00000000 		.4byte	.Ldebug_ranges0+0
 165 001d 00000000 		.4byte	0
 166 0021 00000000 		.4byte	.Ldebug_line0
 167 0025 02       		.uleb128 0x2
 168 0026 01       		.byte	0x1
 169 0027 06       		.byte	0x6
 170 0028 32020000 		.4byte	.LASF0
 171 002c 02       		.uleb128 0x2
 172 002d 01       		.byte	0x1
 173 002e 08       		.byte	0x8
 174 002f 24020000 		.4byte	.LASF1
 175 0033 02       		.uleb128 0x2
 176 0034 02       		.byte	0x2
 177 0035 05       		.byte	0x5
 178 0036 66000000 		.4byte	.LASF2
 179 003a 02       		.uleb128 0x2
 180 003b 02       		.byte	0x2
 181 003c 07       		.byte	0x7
 182 003d 40030000 		.4byte	.LASF3
 183 0041 03       		.uleb128 0x3
 184 0042 76040000 		.4byte	.LASF9
 185 0046 02       		.byte	0x2
 186 0047 3F       		.byte	0x3f
 187 0048 4C000000 		.4byte	0x4c
 188 004c 02       		.uleb128 0x2
 189 004d 04       		.byte	0x4
 190 004e 05       		.byte	0x5
 191 004f A9010000 		.4byte	.LASF4
 192 0053 02       		.uleb128 0x2
 193 0054 04       		.byte	0x4
 194 0055 07       		.byte	0x7
 195 0056 80020000 		.4byte	.LASF5
 196 005a 02       		.uleb128 0x2
 197 005b 08       		.byte	0x8
 198 005c 05       		.byte	0x5
 199 005d 5E010000 		.4byte	.LASF6
 200 0061 02       		.uleb128 0x2
 201 0062 08       		.byte	0x8
 202 0063 07       		.byte	0x7
 203 0064 3E020000 		.4byte	.LASF7
 204 0068 04       		.uleb128 0x4
 205 0069 04       		.byte	0x4
ARM GAS  C:\Users\zakis\AppData\Local\Temp\ccm83Qm2.s 			page 6


 206 006a 05       		.byte	0x5
 207 006b 696E7400 		.ascii	"int\000"
 208 006f 02       		.uleb128 0x2
 209 0070 04       		.byte	0x4
 210 0071 07       		.byte	0x7
 211 0072 65020000 		.4byte	.LASF8
 212 0076 03       		.uleb128 0x3
 213 0077 FB030000 		.4byte	.LASF10
 214 007b 03       		.byte	0x3
 215 007c 2C       		.byte	0x2c
 216 007d 41000000 		.4byte	0x41
 217 0081 02       		.uleb128 0x2
 218 0082 04       		.byte	0x4
 219 0083 04       		.byte	0x4
 220 0084 3F010000 		.4byte	.LASF11
 221 0088 02       		.uleb128 0x2
 222 0089 08       		.byte	0x8
 223 008a 04       		.byte	0x4
 224 008b 4A040000 		.4byte	.LASF12
 225 008f 02       		.uleb128 0x2
 226 0090 01       		.byte	0x1
 227 0091 08       		.byte	0x8
 228 0092 E1030000 		.4byte	.LASF13
 229 0096 02       		.uleb128 0x2
 230 0097 08       		.byte	0x8
 231 0098 04       		.byte	0x4
 232 0099 18020000 		.4byte	.LASF14
 233 009d 03       		.uleb128 0x3
 234 009e B6020000 		.4byte	.LASF15
 235 00a2 04       		.byte	0x4
 236 00a3 53       		.byte	0x53
 237 00a4 68000000 		.4byte	0x68
 238 00a8 03       		.uleb128 0x3
 239 00a9 DE000000 		.4byte	.LASF16
 240 00ad 04       		.byte	0x4
 241 00ae 54       		.byte	0x54
 242 00af 6F000000 		.4byte	0x6f
 243 00b3 03       		.uleb128 0x3
 244 00b4 6E040000 		.4byte	.LASF17
 245 00b8 05       		.byte	0x5
 246 00b9 4D       		.byte	0x4d
 247 00ba A8000000 		.4byte	0xa8
 248 00be 03       		.uleb128 0x3
 249 00bf C2000000 		.4byte	.LASF18
 250 00c3 05       		.byte	0x5
 251 00c4 4F       		.byte	0x4f
 252 00c5 A8000000 		.4byte	0xa8
 253 00c9 03       		.uleb128 0x3
 254 00ca E8000000 		.4byte	.LASF19
 255 00ce 05       		.byte	0x5
 256 00cf 78       		.byte	0x78
 257 00d0 9D000000 		.4byte	0x9d
 258 00d4 02       		.uleb128 0x2
 259 00d5 04       		.byte	0x4
 260 00d6 07       		.byte	0x7
 261 00d7 96000000 		.4byte	.LASF20
 262 00db 05       		.uleb128 0x5
ARM GAS  C:\Users\zakis\AppData\Local\Temp\ccm83Qm2.s 			page 7


 263 00dc 8F000000 		.4byte	0x8f
 264 00e0 06       		.uleb128 0x6
 265 00e1 01       		.byte	0x1
 266 00e2 25000000 		.4byte	0x25
 267 00e6 06       		.byte	0x6
 268 00e7 CF       		.byte	0xcf
 269 00e8 8F010000 		.4byte	0x18f
 270 00ec 07       		.uleb128 0x7
 271 00ed 29000000 		.4byte	.LASF21
 272 00f1 00       		.byte	0
 273 00f2 08       		.uleb128 0x8
 274 00f3 E5040000 		.4byte	.LASF22
 275 00f7 7F       		.sleb128 -1
 276 00f8 08       		.uleb128 0x8
 277 00f9 92020000 		.4byte	.LASF23
 278 00fd 7E       		.sleb128 -2
 279 00fe 08       		.uleb128 0x8
 280 00ff B4000000 		.4byte	.LASF24
 281 0103 7D       		.sleb128 -3
 282 0104 08       		.uleb128 0x8
 283 0105 EE040000 		.4byte	.LASF25
 284 0109 7C       		.sleb128 -4
 285 010a 08       		.uleb128 0x8
 286 010b 29010000 		.4byte	.LASF26
 287 010f 7B       		.sleb128 -5
 288 0110 08       		.uleb128 0x8
 289 0111 70000000 		.4byte	.LASF27
 290 0115 7A       		.sleb128 -6
 291 0116 08       		.uleb128 0x8
 292 0117 B2010000 		.4byte	.LASF28
 293 011b 79       		.sleb128 -7
 294 011c 08       		.uleb128 0x8
 295 011d E6030000 		.4byte	.LASF29
 296 0121 78       		.sleb128 -8
 297 0122 08       		.uleb128 0x8
 298 0123 A0020000 		.4byte	.LASF30
 299 0127 77       		.sleb128 -9
 300 0128 08       		.uleb128 0x8
 301 0129 C4010000 		.4byte	.LASF31
 302 012d 76       		.sleb128 -10
 303 012e 08       		.uleb128 0x8
 304 012f 1B050000 		.4byte	.LASF32
 305 0133 75       		.sleb128 -11
 306 0134 08       		.uleb128 0x8
 307 0135 72020000 		.4byte	.LASF33
 308 0139 74       		.sleb128 -12
 309 013a 08       		.uleb128 0x8
 310 013b 5C040000 		.4byte	.LASF34
 311 013f 73       		.sleb128 -13
 312 0140 08       		.uleb128 0x8
 313 0141 16000000 		.4byte	.LASF35
 314 0145 72       		.sleb128 -14
 315 0146 08       		.uleb128 0x8
 316 0147 52000000 		.4byte	.LASF36
 317 014b 71       		.sleb128 -15
 318 014c 08       		.uleb128 0x8
 319 014d D2010000 		.4byte	.LASF37
ARM GAS  C:\Users\zakis\AppData\Local\Temp\ccm83Qm2.s 			page 8


 320 0151 70       		.sleb128 -16
 321 0152 08       		.uleb128 0x8
 322 0153 CA000000 		.4byte	.LASF38
 323 0157 6F       		.sleb128 -17
 324 0158 08       		.uleb128 0x8
 325 0159 81000000 		.4byte	.LASF39
 326 015d 6E       		.sleb128 -18
 327 015e 08       		.uleb128 0x8
 328 015f 85010000 		.4byte	.LASF40
 329 0163 6D       		.sleb128 -19
 330 0164 08       		.uleb128 0x8
 331 0165 1C040000 		.4byte	.LASF41
 332 0169 6C       		.sleb128 -20
 333 016a 08       		.uleb128 0x8
 334 016b E3010000 		.4byte	.LASF42
 335 016f 6B       		.sleb128 -21
 336 0170 08       		.uleb128 0x8
 337 0171 98040000 		.4byte	.LASF43
 338 0175 6A       		.sleb128 -22
 339 0176 08       		.uleb128 0x8
 340 0177 EF000000 		.4byte	.LASF44
 341 017b 69       		.sleb128 -23
 342 017c 08       		.uleb128 0x8
 343 017d 98010000 		.4byte	.LASF45
 344 0181 68       		.sleb128 -24
 345 0182 08       		.uleb128 0x8
 346 0183 45010000 		.4byte	.LASF46
 347 0187 67       		.sleb128 -25
 348 0188 07       		.uleb128 0x7
 349 0189 51040000 		.4byte	.LASF47
 350 018d 01       		.byte	0x1
 351 018e 00       		.byte	0
 352 018f 03       		.uleb128 0x3
 353 0190 16050000 		.4byte	.LASF48
 354 0194 06       		.byte	0x6
 355 0195 EB       		.byte	0xeb
 356 0196 E0000000 		.4byte	0xe0
 357 019a 06       		.uleb128 0x6
 358 019b 01       		.byte	0x1
 359 019c 2C000000 		.4byte	0x2c
 360 01a0 07       		.byte	0x7
 361 01a1 3D       		.byte	0x3d
 362 01a2 CB010000 		.4byte	0x1cb
 363 01a6 07       		.uleb128 0x7
 364 01a7 46000000 		.4byte	.LASF49
 365 01ab 00       		.byte	0
 366 01ac 07       		.uleb128 0x7
 367 01ad 8F040000 		.4byte	.LASF50
 368 01b1 01       		.byte	0x1
 369 01b2 07       		.uleb128 0x7
 370 01b3 CC040000 		.4byte	.LASF51
 371 01b7 02       		.byte	0x2
 372 01b8 07       		.uleb128 0x7
 373 01b9 06010000 		.4byte	.LASF52
 374 01bd 03       		.byte	0x3
 375 01be 07       		.uleb128 0x7
 376 01bf F5010000 		.4byte	.LASF53
ARM GAS  C:\Users\zakis\AppData\Local\Temp\ccm83Qm2.s 			page 9


 377 01c3 04       		.byte	0x4
 378 01c4 07       		.uleb128 0x7
 379 01c5 34000000 		.4byte	.LASF54
 380 01c9 05       		.byte	0x5
 381 01ca 00       		.byte	0
 382 01cb 03       		.uleb128 0x3
 383 01cc 0C040000 		.4byte	.LASF55
 384 01d0 07       		.byte	0x7
 385 01d1 44       		.byte	0x44
 386 01d2 9A010000 		.4byte	0x19a
 387 01d6 09       		.uleb128 0x9
 388 01d7 A8       		.byte	0xa8
 389 01d8 07       		.byte	0x7
 390 01d9 4B       		.byte	0x4b
 391 01da 03020000 		.4byte	0x203
 392 01de 0A       		.uleb128 0xa
 393 01df 80040000 		.4byte	.LASF56
 394 01e3 07       		.byte	0x7
 395 01e4 4C       		.byte	0x4c
 396 01e5 CB010000 		.4byte	0x1cb
 397 01e9 00       		.byte	0
 398 01ea 0A       		.uleb128 0xa
 399 01eb 38010000 		.4byte	.LASF57
 400 01ef 07       		.byte	0x7
 401 01f0 4D       		.byte	0x4d
 402 01f1 03020000 		.4byte	0x203
 403 01f5 01       		.byte	0x1
 404 01f6 0A       		.uleb128 0xa
 405 01f7 42040000 		.4byte	.LASF58
 406 01fb 07       		.byte	0x7
 407 01fc 4E       		.byte	0x4e
 408 01fd 13020000 		.4byte	0x213
 409 0201 11       		.byte	0x11
 410 0202 00       		.byte	0
 411 0203 0B       		.uleb128 0xb
 412 0204 8F000000 		.4byte	0x8f
 413 0208 13020000 		.4byte	0x213
 414 020c 0C       		.uleb128 0xc
 415 020d D4000000 		.4byte	0xd4
 416 0211 0F       		.byte	0xf
 417 0212 00       		.byte	0
 418 0213 0B       		.uleb128 0xb
 419 0214 8F000000 		.4byte	0x8f
 420 0218 23020000 		.4byte	0x223
 421 021c 0C       		.uleb128 0xc
 422 021d D4000000 		.4byte	0xd4
 423 0221 96       		.byte	0x96
 424 0222 00       		.byte	0
 425 0223 03       		.uleb128 0x3
 426 0224 3C000000 		.4byte	.LASF59
 427 0228 07       		.byte	0x7
 428 0229 4F       		.byte	0x4f
 429 022a D6010000 		.4byte	0x1d6
 430 022e 0D       		.uleb128 0xd
 431 022f 03040000 		.4byte	.LASF60
 432 0233 01       		.byte	0x1
 433 0234 28       		.byte	0x28
ARM GAS  C:\Users\zakis\AppData\Local\Temp\ccm83Qm2.s 			page 10


 434 0235 8F010000 		.4byte	0x18f
 435 0239 00000000 		.4byte	.LFB111
 436 023d 2C000000 		.4byte	.LFE111-.LFB111
 437 0241 01       		.uleb128 0x1
 438 0242 9C       		.byte	0x9c
 439 0243 A0020000 		.4byte	0x2a0
 440 0247 0E       		.uleb128 0xe
 441 0248 06000000 		.4byte	.LVL0
 442 024c A4030000 		.4byte	0x3a4
 443 0250 0F       		.uleb128 0xf
 444 0251 0E000000 		.4byte	.LVL1
 445 0255 AF030000 		.4byte	0x3af
 446 0259 64020000 		.4byte	0x264
 447 025d 10       		.uleb128 0x10
 448 025e 01       		.uleb128 0x1
 449 025f 50       		.byte	0x50
 450 0260 02       		.uleb128 0x2
 451 0261 74       		.byte	0x74
 452 0262 00       		.sleb128 0
 453 0263 00       		.byte	0
 454 0264 0F       		.uleb128 0xf
 455 0265 14000000 		.4byte	.LVL2
 456 0269 AF030000 		.4byte	0x3af
 457 026d 78020000 		.4byte	0x278
 458 0271 10       		.uleb128 0x10
 459 0272 01       		.uleb128 0x1
 460 0273 50       		.byte	0x50
 461 0274 02       		.uleb128 0x2
 462 0275 74       		.byte	0x74
 463 0276 00       		.sleb128 0
 464 0277 00       		.byte	0
 465 0278 0F       		.uleb128 0xf
 466 0279 1A000000 		.4byte	.LVL3
 467 027d AF030000 		.4byte	0x3af
 468 0281 8F020000 		.4byte	0x28f
 469 0285 10       		.uleb128 0x10
 470 0286 01       		.uleb128 0x1
 471 0287 50       		.byte	0x50
 472 0288 05       		.uleb128 0x5
 473 0289 03       		.byte	0x3
 474 028a 04000000 		.4byte	.LC1
 475 028e 00       		.byte	0
 476 028f 11       		.uleb128 0x11
 477 0290 20000000 		.4byte	.LVL4
 478 0294 AF030000 		.4byte	0x3af
 479 0298 10       		.uleb128 0x10
 480 0299 01       		.uleb128 0x1
 481 029a 50       		.byte	0x50
 482 029b 02       		.uleb128 0x2
 483 029c 74       		.byte	0x74
 484 029d 00       		.sleb128 0
 485 029e 00       		.byte	0
 486 029f 00       		.byte	0
 487 02a0 0D       		.uleb128 0xd
 488 02a1 86040000 		.4byte	.LASF61
 489 02a5 01       		.byte	0x1
 490 02a6 38       		.byte	0x38
ARM GAS  C:\Users\zakis\AppData\Local\Temp\ccm83Qm2.s 			page 11


 491 02a7 8F010000 		.4byte	0x18f
 492 02ab 00000000 		.4byte	.LFB112
 493 02af 2C000000 		.4byte	.LFE112-.LFB112
 494 02b3 01       		.uleb128 0x1
 495 02b4 9C       		.byte	0x9c
 496 02b5 2A030000 		.4byte	0x32a
 497 02b9 12       		.uleb128 0x12
 498 02ba 12020000 		.4byte	.LASF74
 499 02be 01       		.byte	0x1
 500 02bf 38       		.byte	0x38
 501 02c0 2A030000 		.4byte	0x32a
 502 02c4 00000000 		.4byte	.LLST0
 503 02c8 13       		.uleb128 0x13
 504 02c9 0F000000 		.4byte	.LASF75
 505 02cd 01       		.byte	0x1
 506 02ce 3B       		.byte	0x3b
 507 02cf 8F010000 		.4byte	0x18f
 508 02d3 2C000000 		.4byte	.LLST1
 509 02d7 0F       		.uleb128 0xf
 510 02d8 0A000000 		.4byte	.LVL8
 511 02dc AF030000 		.4byte	0x3af
 512 02e0 EB020000 		.4byte	0x2eb
 513 02e4 10       		.uleb128 0x10
 514 02e5 01       		.uleb128 0x1
 515 02e6 50       		.byte	0x50
 516 02e7 02       		.uleb128 0x2
 517 02e8 74       		.byte	0x74
 518 02e9 01       		.sleb128 1
 519 02ea 00       		.byte	0
 520 02eb 0F       		.uleb128 0xf
 521 02ec 10000000 		.4byte	.LVL9
 522 02f0 AF030000 		.4byte	0x3af
 523 02f4 02030000 		.4byte	0x302
 524 02f8 10       		.uleb128 0x10
 525 02f9 01       		.uleb128 0x1
 526 02fa 50       		.byte	0x50
 527 02fb 05       		.uleb128 0x5
 528 02fc 03       		.byte	0x3
 529 02fd 14000000 		.4byte	.LC2
 530 0301 00       		.byte	0
 531 0302 0F       		.uleb128 0xf
 532 0303 18000000 		.4byte	.LVL10
 533 0307 AF030000 		.4byte	0x3af
 534 030b 16030000 		.4byte	0x316
 535 030f 10       		.uleb128 0x10
 536 0310 01       		.uleb128 0x1
 537 0311 50       		.byte	0x50
 538 0312 02       		.uleb128 0x2
 539 0313 74       		.byte	0x74
 540 0314 11       		.sleb128 17
 541 0315 00       		.byte	0
 542 0316 11       		.uleb128 0x11
 543 0317 1E000000 		.4byte	.LVL11
 544 031b AF030000 		.4byte	0x3af
 545 031f 10       		.uleb128 0x10
 546 0320 01       		.uleb128 0x1
 547 0321 50       		.byte	0x50
ARM GAS  C:\Users\zakis\AppData\Local\Temp\ccm83Qm2.s 			page 12


 548 0322 05       		.uleb128 0x5
 549 0323 03       		.byte	0x3
 550 0324 00000000 		.4byte	.LC0
 551 0328 00       		.byte	0
 552 0329 00       		.byte	0
 553 032a 14       		.uleb128 0x14
 554 032b 04       		.byte	0x4
 555 032c 23020000 		.4byte	0x223
 556 0330 15       		.uleb128 0x15
 557 0331 FE040000 		.4byte	.LASF62
 558 0335 08       		.byte	0x8
 559 0336 40       		.byte	0x40
 560 0337 B3000000 		.4byte	0xb3
 561 033b 15       		.uleb128 0x15
 562 033c 6C010000 		.4byte	.LASF63
 563 0340 08       		.byte	0x8
 564 0341 47       		.byte	0x47
 565 0342 BE000000 		.4byte	0xbe
 566 0346 15       		.uleb128 0x15
 567 0347 2F040000 		.4byte	.LASF64
 568 034b 08       		.byte	0x8
 569 034c 4A       		.byte	0x4a
 570 034d B3000000 		.4byte	0xb3
 571 0351 15       		.uleb128 0x15
 572 0352 10010000 		.4byte	.LASF65
 573 0356 09       		.byte	0x9
 574 0357 48       		.byte	0x48
 575 0358 C9000000 		.4byte	0xc9
 576 035c 15       		.uleb128 0x15
 577 035d 9F000000 		.4byte	.LASF66
 578 0361 0A       		.byte	0xa
 579 0362 44       		.byte	0x44
 580 0363 B3000000 		.4byte	0xb3
 581 0367 16       		.uleb128 0x16
 582 0368 D8040000 		.4byte	.LASF67
 583 036c 0B       		.byte	0xb
 584 036d 1207     		.2byte	0x712
 585 036f 73030000 		.4byte	0x373
 586 0373 17       		.uleb128 0x17
 587 0374 76000000 		.4byte	0x76
 588 0378 0B       		.uleb128 0xb
 589 0379 DB000000 		.4byte	0xdb
 590 037d 8E030000 		.4byte	0x38e
 591 0381 0C       		.uleb128 0xc
 592 0382 D4000000 		.4byte	0xd4
 593 0386 05       		.byte	0x5
 594 0387 0C       		.uleb128 0xc
 595 0388 D4000000 		.4byte	0xd4
 596 038c 07       		.byte	0x7
 597 038d 00       		.byte	0
 598 038e 18       		.uleb128 0x18
 599 038f 55020000 		.4byte	.LASF68
 600 0393 01       		.byte	0x1
 601 0394 1B       		.byte	0x1b
 602 0395 9F030000 		.4byte	0x39f
 603 0399 05       		.uleb128 0x5
 604 039a 03       		.byte	0x3
ARM GAS  C:\Users\zakis\AppData\Local\Temp\ccm83Qm2.s 			page 13


 605 039b 00000000 		.4byte	logLevel2String
 606 039f 05       		.uleb128 0x5
 607 03a0 78030000 		.4byte	0x378
 608 03a4 19       		.uleb128 0x19
 609 03a5 00000000 		.4byte	.LASF69
 610 03a9 00000000 		.4byte	.LASF69
 611 03ad 0C       		.byte	0xc
 612 03ae 54       		.byte	0x54
 613 03af 19       		.uleb128 0x19
 614 03b0 FF010000 		.4byte	.LASF70
 615 03b4 FF010000 		.4byte	.LASF70
 616 03b8 0C       		.byte	0xc
 617 03b9 8B       		.byte	0x8b
 618 03ba 00       		.byte	0
 619              		.section	.debug_abbrev,"",%progbits
 620              	.Ldebug_abbrev0:
 621 0000 01       		.uleb128 0x1
 622 0001 11       		.uleb128 0x11
 623 0002 01       		.byte	0x1
 624 0003 25       		.uleb128 0x25
 625 0004 0E       		.uleb128 0xe
 626 0005 13       		.uleb128 0x13
 627 0006 0B       		.uleb128 0xb
 628 0007 03       		.uleb128 0x3
 629 0008 0E       		.uleb128 0xe
 630 0009 1B       		.uleb128 0x1b
 631 000a 0E       		.uleb128 0xe
 632 000b 55       		.uleb128 0x55
 633 000c 17       		.uleb128 0x17
 634 000d 11       		.uleb128 0x11
 635 000e 01       		.uleb128 0x1
 636 000f 10       		.uleb128 0x10
 637 0010 17       		.uleb128 0x17
 638 0011 00       		.byte	0
 639 0012 00       		.byte	0
 640 0013 02       		.uleb128 0x2
 641 0014 24       		.uleb128 0x24
 642 0015 00       		.byte	0
 643 0016 0B       		.uleb128 0xb
 644 0017 0B       		.uleb128 0xb
 645 0018 3E       		.uleb128 0x3e
 646 0019 0B       		.uleb128 0xb
 647 001a 03       		.uleb128 0x3
 648 001b 0E       		.uleb128 0xe
 649 001c 00       		.byte	0
 650 001d 00       		.byte	0
 651 001e 03       		.uleb128 0x3
 652 001f 16       		.uleb128 0x16
 653 0020 00       		.byte	0
 654 0021 03       		.uleb128 0x3
 655 0022 0E       		.uleb128 0xe
 656 0023 3A       		.uleb128 0x3a
 657 0024 0B       		.uleb128 0xb
 658 0025 3B       		.uleb128 0x3b
 659 0026 0B       		.uleb128 0xb
 660 0027 49       		.uleb128 0x49
 661 0028 13       		.uleb128 0x13
ARM GAS  C:\Users\zakis\AppData\Local\Temp\ccm83Qm2.s 			page 14


 662 0029 00       		.byte	0
 663 002a 00       		.byte	0
 664 002b 04       		.uleb128 0x4
 665 002c 24       		.uleb128 0x24
 666 002d 00       		.byte	0
 667 002e 0B       		.uleb128 0xb
 668 002f 0B       		.uleb128 0xb
 669 0030 3E       		.uleb128 0x3e
 670 0031 0B       		.uleb128 0xb
 671 0032 03       		.uleb128 0x3
 672 0033 08       		.uleb128 0x8
 673 0034 00       		.byte	0
 674 0035 00       		.byte	0
 675 0036 05       		.uleb128 0x5
 676 0037 26       		.uleb128 0x26
 677 0038 00       		.byte	0
 678 0039 49       		.uleb128 0x49
 679 003a 13       		.uleb128 0x13
 680 003b 00       		.byte	0
 681 003c 00       		.byte	0
 682 003d 06       		.uleb128 0x6
 683 003e 04       		.uleb128 0x4
 684 003f 01       		.byte	0x1
 685 0040 0B       		.uleb128 0xb
 686 0041 0B       		.uleb128 0xb
 687 0042 49       		.uleb128 0x49
 688 0043 13       		.uleb128 0x13
 689 0044 3A       		.uleb128 0x3a
 690 0045 0B       		.uleb128 0xb
 691 0046 3B       		.uleb128 0x3b
 692 0047 0B       		.uleb128 0xb
 693 0048 01       		.uleb128 0x1
 694 0049 13       		.uleb128 0x13
 695 004a 00       		.byte	0
 696 004b 00       		.byte	0
 697 004c 07       		.uleb128 0x7
 698 004d 28       		.uleb128 0x28
 699 004e 00       		.byte	0
 700 004f 03       		.uleb128 0x3
 701 0050 0E       		.uleb128 0xe
 702 0051 1C       		.uleb128 0x1c
 703 0052 0B       		.uleb128 0xb
 704 0053 00       		.byte	0
 705 0054 00       		.byte	0
 706 0055 08       		.uleb128 0x8
 707 0056 28       		.uleb128 0x28
 708 0057 00       		.byte	0
 709 0058 03       		.uleb128 0x3
 710 0059 0E       		.uleb128 0xe
 711 005a 1C       		.uleb128 0x1c
 712 005b 0D       		.uleb128 0xd
 713 005c 00       		.byte	0
 714 005d 00       		.byte	0
 715 005e 09       		.uleb128 0x9
 716 005f 13       		.uleb128 0x13
 717 0060 01       		.byte	0x1
 718 0061 0B       		.uleb128 0xb
ARM GAS  C:\Users\zakis\AppData\Local\Temp\ccm83Qm2.s 			page 15


 719 0062 0B       		.uleb128 0xb
 720 0063 3A       		.uleb128 0x3a
 721 0064 0B       		.uleb128 0xb
 722 0065 3B       		.uleb128 0x3b
 723 0066 0B       		.uleb128 0xb
 724 0067 01       		.uleb128 0x1
 725 0068 13       		.uleb128 0x13
 726 0069 00       		.byte	0
 727 006a 00       		.byte	0
 728 006b 0A       		.uleb128 0xa
 729 006c 0D       		.uleb128 0xd
 730 006d 00       		.byte	0
 731 006e 03       		.uleb128 0x3
 732 006f 0E       		.uleb128 0xe
 733 0070 3A       		.uleb128 0x3a
 734 0071 0B       		.uleb128 0xb
 735 0072 3B       		.uleb128 0x3b
 736 0073 0B       		.uleb128 0xb
 737 0074 49       		.uleb128 0x49
 738 0075 13       		.uleb128 0x13
 739 0076 38       		.uleb128 0x38
 740 0077 0B       		.uleb128 0xb
 741 0078 00       		.byte	0
 742 0079 00       		.byte	0
 743 007a 0B       		.uleb128 0xb
 744 007b 01       		.uleb128 0x1
 745 007c 01       		.byte	0x1
 746 007d 49       		.uleb128 0x49
 747 007e 13       		.uleb128 0x13
 748 007f 01       		.uleb128 0x1
 749 0080 13       		.uleb128 0x13
 750 0081 00       		.byte	0
 751 0082 00       		.byte	0
 752 0083 0C       		.uleb128 0xc
 753 0084 21       		.uleb128 0x21
 754 0085 00       		.byte	0
 755 0086 49       		.uleb128 0x49
 756 0087 13       		.uleb128 0x13
 757 0088 2F       		.uleb128 0x2f
 758 0089 0B       		.uleb128 0xb
 759 008a 00       		.byte	0
 760 008b 00       		.byte	0
 761 008c 0D       		.uleb128 0xd
 762 008d 2E       		.uleb128 0x2e
 763 008e 01       		.byte	0x1
 764 008f 3F       		.uleb128 0x3f
 765 0090 19       		.uleb128 0x19
 766 0091 03       		.uleb128 0x3
 767 0092 0E       		.uleb128 0xe
 768 0093 3A       		.uleb128 0x3a
 769 0094 0B       		.uleb128 0xb
 770 0095 3B       		.uleb128 0x3b
 771 0096 0B       		.uleb128 0xb
 772 0097 27       		.uleb128 0x27
 773 0098 19       		.uleb128 0x19
 774 0099 49       		.uleb128 0x49
 775 009a 13       		.uleb128 0x13
ARM GAS  C:\Users\zakis\AppData\Local\Temp\ccm83Qm2.s 			page 16


 776 009b 11       		.uleb128 0x11
 777 009c 01       		.uleb128 0x1
 778 009d 12       		.uleb128 0x12
 779 009e 06       		.uleb128 0x6
 780 009f 40       		.uleb128 0x40
 781 00a0 18       		.uleb128 0x18
 782 00a1 9742     		.uleb128 0x2117
 783 00a3 19       		.uleb128 0x19
 784 00a4 01       		.uleb128 0x1
 785 00a5 13       		.uleb128 0x13
 786 00a6 00       		.byte	0
 787 00a7 00       		.byte	0
 788 00a8 0E       		.uleb128 0xe
 789 00a9 898201   		.uleb128 0x4109
 790 00ac 00       		.byte	0
 791 00ad 11       		.uleb128 0x11
 792 00ae 01       		.uleb128 0x1
 793 00af 31       		.uleb128 0x31
 794 00b0 13       		.uleb128 0x13
 795 00b1 00       		.byte	0
 796 00b2 00       		.byte	0
 797 00b3 0F       		.uleb128 0xf
 798 00b4 898201   		.uleb128 0x4109
 799 00b7 01       		.byte	0x1
 800 00b8 11       		.uleb128 0x11
 801 00b9 01       		.uleb128 0x1
 802 00ba 31       		.uleb128 0x31
 803 00bb 13       		.uleb128 0x13
 804 00bc 01       		.uleb128 0x1
 805 00bd 13       		.uleb128 0x13
 806 00be 00       		.byte	0
 807 00bf 00       		.byte	0
 808 00c0 10       		.uleb128 0x10
 809 00c1 8A8201   		.uleb128 0x410a
 810 00c4 00       		.byte	0
 811 00c5 02       		.uleb128 0x2
 812 00c6 18       		.uleb128 0x18
 813 00c7 9142     		.uleb128 0x2111
 814 00c9 18       		.uleb128 0x18
 815 00ca 00       		.byte	0
 816 00cb 00       		.byte	0
 817 00cc 11       		.uleb128 0x11
 818 00cd 898201   		.uleb128 0x4109
 819 00d0 01       		.byte	0x1
 820 00d1 11       		.uleb128 0x11
 821 00d2 01       		.uleb128 0x1
 822 00d3 31       		.uleb128 0x31
 823 00d4 13       		.uleb128 0x13
 824 00d5 00       		.byte	0
 825 00d6 00       		.byte	0
 826 00d7 12       		.uleb128 0x12
 827 00d8 05       		.uleb128 0x5
 828 00d9 00       		.byte	0
 829 00da 03       		.uleb128 0x3
 830 00db 0E       		.uleb128 0xe
 831 00dc 3A       		.uleb128 0x3a
 832 00dd 0B       		.uleb128 0xb
ARM GAS  C:\Users\zakis\AppData\Local\Temp\ccm83Qm2.s 			page 17


 833 00de 3B       		.uleb128 0x3b
 834 00df 0B       		.uleb128 0xb
 835 00e0 49       		.uleb128 0x49
 836 00e1 13       		.uleb128 0x13
 837 00e2 02       		.uleb128 0x2
 838 00e3 17       		.uleb128 0x17
 839 00e4 00       		.byte	0
 840 00e5 00       		.byte	0
 841 00e6 13       		.uleb128 0x13
 842 00e7 34       		.uleb128 0x34
 843 00e8 00       		.byte	0
 844 00e9 03       		.uleb128 0x3
 845 00ea 0E       		.uleb128 0xe
 846 00eb 3A       		.uleb128 0x3a
 847 00ec 0B       		.uleb128 0xb
 848 00ed 3B       		.uleb128 0x3b
 849 00ee 0B       		.uleb128 0xb
 850 00ef 49       		.uleb128 0x49
 851 00f0 13       		.uleb128 0x13
 852 00f1 02       		.uleb128 0x2
 853 00f2 17       		.uleb128 0x17
 854 00f3 00       		.byte	0
 855 00f4 00       		.byte	0
 856 00f5 14       		.uleb128 0x14
 857 00f6 0F       		.uleb128 0xf
 858 00f7 00       		.byte	0
 859 00f8 0B       		.uleb128 0xb
 860 00f9 0B       		.uleb128 0xb
 861 00fa 49       		.uleb128 0x49
 862 00fb 13       		.uleb128 0x13
 863 00fc 00       		.byte	0
 864 00fd 00       		.byte	0
 865 00fe 15       		.uleb128 0x15
 866 00ff 34       		.uleb128 0x34
 867 0100 00       		.byte	0
 868 0101 03       		.uleb128 0x3
 869 0102 0E       		.uleb128 0xe
 870 0103 3A       		.uleb128 0x3a
 871 0104 0B       		.uleb128 0xb
 872 0105 3B       		.uleb128 0x3b
 873 0106 0B       		.uleb128 0xb
 874 0107 49       		.uleb128 0x49
 875 0108 13       		.uleb128 0x13
 876 0109 3F       		.uleb128 0x3f
 877 010a 19       		.uleb128 0x19
 878 010b 3C       		.uleb128 0x3c
 879 010c 19       		.uleb128 0x19
 880 010d 00       		.byte	0
 881 010e 00       		.byte	0
 882 010f 16       		.uleb128 0x16
 883 0110 34       		.uleb128 0x34
 884 0111 00       		.byte	0
 885 0112 03       		.uleb128 0x3
 886 0113 0E       		.uleb128 0xe
 887 0114 3A       		.uleb128 0x3a
 888 0115 0B       		.uleb128 0xb
 889 0116 3B       		.uleb128 0x3b
ARM GAS  C:\Users\zakis\AppData\Local\Temp\ccm83Qm2.s 			page 18


 890 0117 05       		.uleb128 0x5
 891 0118 49       		.uleb128 0x49
 892 0119 13       		.uleb128 0x13
 893 011a 3F       		.uleb128 0x3f
 894 011b 19       		.uleb128 0x19
 895 011c 3C       		.uleb128 0x3c
 896 011d 19       		.uleb128 0x19
 897 011e 00       		.byte	0
 898 011f 00       		.byte	0
 899 0120 17       		.uleb128 0x17
 900 0121 35       		.uleb128 0x35
 901 0122 00       		.byte	0
 902 0123 49       		.uleb128 0x49
 903 0124 13       		.uleb128 0x13
 904 0125 00       		.byte	0
 905 0126 00       		.byte	0
 906 0127 18       		.uleb128 0x18
 907 0128 34       		.uleb128 0x34
 908 0129 00       		.byte	0
 909 012a 03       		.uleb128 0x3
 910 012b 0E       		.uleb128 0xe
 911 012c 3A       		.uleb128 0x3a
 912 012d 0B       		.uleb128 0xb
 913 012e 3B       		.uleb128 0x3b
 914 012f 0B       		.uleb128 0xb
 915 0130 49       		.uleb128 0x49
 916 0131 13       		.uleb128 0x13
 917 0132 3F       		.uleb128 0x3f
 918 0133 19       		.uleb128 0x19
 919 0134 02       		.uleb128 0x2
 920 0135 18       		.uleb128 0x18
 921 0136 00       		.byte	0
 922 0137 00       		.byte	0
 923 0138 19       		.uleb128 0x19
 924 0139 2E       		.uleb128 0x2e
 925 013a 00       		.byte	0
 926 013b 3F       		.uleb128 0x3f
 927 013c 19       		.uleb128 0x19
 928 013d 3C       		.uleb128 0x3c
 929 013e 19       		.uleb128 0x19
 930 013f 6E       		.uleb128 0x6e
 931 0140 0E       		.uleb128 0xe
 932 0141 03       		.uleb128 0x3
 933 0142 0E       		.uleb128 0xe
 934 0143 3A       		.uleb128 0x3a
 935 0144 0B       		.uleb128 0xb
 936 0145 3B       		.uleb128 0x3b
 937 0146 0B       		.uleb128 0xb
 938 0147 00       		.byte	0
 939 0148 00       		.byte	0
 940 0149 00       		.byte	0
 941              		.section	.debug_loc,"",%progbits
 942              	.Ldebug_loc0:
 943              	.LLST0:
 944 0000 00000000 		.4byte	.LVL5
 945 0004 06000000 		.4byte	.LVL7
 946 0008 0100     		.2byte	0x1
ARM GAS  C:\Users\zakis\AppData\Local\Temp\ccm83Qm2.s 			page 19


 947 000a 50       		.byte	0x50
 948 000b 06000000 		.4byte	.LVL7
 949 000f 22000000 		.4byte	.LVL12
 950 0013 0100     		.2byte	0x1
 951 0015 54       		.byte	0x54
 952 0016 22000000 		.4byte	.LVL12
 953 001a 2C000000 		.4byte	.LFE112
 954 001e 0400     		.2byte	0x4
 955 0020 F3       		.byte	0xf3
 956 0021 01       		.uleb128 0x1
 957 0022 50       		.byte	0x50
 958 0023 9F       		.byte	0x9f
 959 0024 00000000 		.4byte	0
 960 0028 00000000 		.4byte	0
 961              	.LLST1:
 962 002c 04000000 		.4byte	.LVL6
 963 0030 1E000000 		.4byte	.LVL11
 964 0034 0300     		.2byte	0x3
 965 0036 09       		.byte	0x9
 966 0037 E9       		.byte	0xe9
 967 0038 9F       		.byte	0x9f
 968 0039 1E000000 		.4byte	.LVL11
 969 003d 2C000000 		.4byte	.LFE112
 970 0041 0200     		.2byte	0x2
 971 0043 30       		.byte	0x30
 972 0044 9F       		.byte	0x9f
 973 0045 00000000 		.4byte	0
 974 0049 00000000 		.4byte	0
 975              		.section	.debug_aranges,"",%progbits
 976 0000 24000000 		.4byte	0x24
 977 0004 0200     		.2byte	0x2
 978 0006 00000000 		.4byte	.Ldebug_info0
 979 000a 04       		.byte	0x4
 980 000b 00       		.byte	0
 981 000c 0000     		.2byte	0
 982 000e 0000     		.2byte	0
 983 0010 00000000 		.4byte	.LFB111
 984 0014 2C000000 		.4byte	.LFE111-.LFB111
 985 0018 00000000 		.4byte	.LFB112
 986 001c 2C000000 		.4byte	.LFE112-.LFB112
 987 0020 00000000 		.4byte	0
 988 0024 00000000 		.4byte	0
 989              		.section	.debug_ranges,"",%progbits
 990              	.Ldebug_ranges0:
 991 0000 00000000 		.4byte	.LFB111
 992 0004 2C000000 		.4byte	.LFE111
 993 0008 00000000 		.4byte	.LFB112
 994 000c 2C000000 		.4byte	.LFE112
 995 0010 00000000 		.4byte	0
 996 0014 00000000 		.4byte	0
 997              		.section	.debug_line,"",%progbits
 998              	.Ldebug_line0:
 999 0000 61020000 		.section	.debug_str,"MS",%progbits,1
 999      02003202 
 999      00000201 
 999      FB0E0D00 
 999      01010101 
ARM GAS  C:\Users\zakis\AppData\Local\Temp\ccm83Qm2.s 			page 20


 1000              	.LASF69:
 1001 0000 55415254 		.ascii	"UART_LOG_Start\000"
 1001      5F4C4F47 
 1001      5F537461 
 1001      727400
 1002              	.LASF75:
 1003 000f 72657375 		.ascii	"result\000"
 1003      6C7400
 1004              	.LASF35:
 1005 0016 52435F45 		.ascii	"RC_ERROR_READ_ONLY\000"
 1005      52524F52 
 1005      5F524541 
 1005      445F4F4E 
 1005      4C5900
 1006              	.LASF21:
 1007 0029 52435F53 		.ascii	"RC_SUCCESS\000"
 1007      55434345 
 1007      535300
 1008              	.LASF54:
 1009 0034 4C4F475F 		.ascii	"LOG_OFF\000"
 1009      4F464600 
 1010              	.LASF59:
 1011 003c 6C6F6767 		.ascii	"logging_t\000"
 1011      696E675F 
 1011      7400
 1012              	.LASF49:
 1013 0046 4C4F475F 		.ascii	"LOG_VERBOSE\000"
 1013      56455242 
 1013      4F534500 
 1014              	.LASF36:
 1015 0052 52435F45 		.ascii	"RC_ERROR_WRITE_ONLY\000"
 1015      52524F52 
 1015      5F575249 
 1015      54455F4F 
 1015      4E4C5900 
 1016              	.LASF2:
 1017 0066 73686F72 		.ascii	"short int\000"
 1017      7420696E 
 1017      7400
 1018              	.LASF27:
 1019 0070 52435F45 		.ascii	"RC_ERROR_OVERRUN\000"
 1019      52524F52 
 1019      5F4F5645 
 1019      5252554E 
 1019      00
 1020              	.LASF39:
 1021 0081 52435F45 		.ascii	"RC_ERROR_WRITE_FAILS\000"
 1021      52524F52 
 1021      5F575249 
 1021      54455F46 
 1021      41494C53 
 1022              	.LASF20:
 1023 0096 73697A65 		.ascii	"sizetype\000"
 1023      74797065 
 1023      00
 1024              	.LASF66:
 1025 009f 45455F49 		.ascii	"EE_IRQ_nesting_level\000"
ARM GAS  C:\Users\zakis\AppData\Local\Temp\ccm83Qm2.s 			page 21


 1025      52515F6E 
 1025      65737469 
 1025      6E675F6C 
 1025      6576656C 
 1026              	.LASF24:
 1027 00b4 52435F45 		.ascii	"RC_ERROR_ZERO\000"
 1027      52524F52 
 1027      5F5A4552 
 1027      4F00
 1028              	.LASF18:
 1029 00c2 45455F46 		.ascii	"EE_FREG\000"
 1029      52454700 
 1030              	.LASF38:
 1031 00ca 52435F45 		.ascii	"RC_ERROR_READ_FAILS\000"
 1031      52524F52 
 1031      5F524541 
 1031      445F4641 
 1031      494C5300 
 1032              	.LASF16:
 1033 00de 45455F55 		.ascii	"EE_UINT32\000"
 1033      494E5433 
 1033      3200
 1034              	.LASF19:
 1035 00e8 45455F54 		.ascii	"EE_TID\000"
 1035      494400
 1036              	.LASF44:
 1037 00ef 52435F45 		.ascii	"RC_ERROR_INVALID_STATE\000"
 1037      52524F52 
 1037      5F494E56 
 1037      414C4944 
 1037      5F535441 
 1038              	.LASF52:
 1039 0106 4C4F475F 		.ascii	"LOG_ERROR\000"
 1039      4552524F 
 1039      5200
 1040              	.LASF65:
 1041 0110 45455F73 		.ascii	"EE_std_endcycle_next_tid\000"
 1041      74645F65 
 1041      6E646379 
 1041      636C655F 
 1041      6E657874 
 1042              	.LASF26:
 1043 0129 52435F45 		.ascii	"RC_ERROR_RANGE\000"
 1043      52524F52 
 1043      5F52414E 
 1043      474500
 1044              	.LASF57:
 1045 0138 73656E64 		.ascii	"sender\000"
 1045      657200
 1046              	.LASF11:
 1047 013f 666C6F61 		.ascii	"float\000"
 1047      7400
 1048              	.LASF46:
 1049 0145 52435F45 		.ascii	"RC_ERROR_NOT_IMPLEMENTED\000"
 1049      52524F52 
 1049      5F4E4F54 
 1049      5F494D50 
ARM GAS  C:\Users\zakis\AppData\Local\Temp\ccm83Qm2.s 			page 22


 1049      4C454D45 
 1050              	.LASF6:
 1051 015e 6C6F6E67 		.ascii	"long long int\000"
 1051      206C6F6E 
 1051      6720696E 
 1051      7400
 1052              	.LASF63:
 1053 016c 45455F6F 		.ascii	"EE_oo_IRQ_suspend_status\000"
 1053      6F5F4952 
 1053      515F7375 
 1053      7370656E 
 1053      645F7374 
 1054              	.LASF40:
 1055 0185 52435F45 		.ascii	"RC_ERROR_NOT_MATCH\000"
 1055      52524F52 
 1055      5F4E4F54 
 1055      5F4D4154 
 1055      434800
 1056              	.LASF45:
 1057 0198 52435F45 		.ascii	"RC_ERROR_UNKNOWN\000"
 1057      52524F52 
 1057      5F554E4B 
 1057      4E4F574E 
 1057      00
 1058              	.LASF4:
 1059 01a9 6C6F6E67 		.ascii	"long int\000"
 1059      20696E74 
 1059      00
 1060              	.LASF28:
 1061 01b2 52435F45 		.ascii	"RC_ERROR_UNDERRUN\000"
 1061      52524F52 
 1061      5F554E44 
 1061      45525255 
 1061      4E00
 1062              	.LASF31:
 1063 01c4 52435F45 		.ascii	"RC_ERROR_BUSY\000"
 1063      52524F52 
 1063      5F425553 
 1063      5900
 1064              	.LASF37:
 1065 01d2 52435F45 		.ascii	"RC_ERROR_INVALID\000"
 1065      52524F52 
 1065      5F494E56 
 1065      414C4944 
 1065      00
 1066              	.LASF42:
 1067 01e3 52435F45 		.ascii	"RC_ERROR_BAD_DATA\000"
 1067      52524F52 
 1067      5F424144 
 1067      5F444154 
 1067      4100
 1068              	.LASF53:
 1069 01f5 4C4F475F 		.ascii	"LOG_DEBUG\000"
 1069      44454255 
 1069      4700
 1070              	.LASF70:
 1071 01ff 55415254 		.ascii	"UART_LOG_PutString\000"
ARM GAS  C:\Users\zakis\AppData\Local\Temp\ccm83Qm2.s 			page 23


 1071      5F4C4F47 
 1071      5F507574 
 1071      53747269 
 1071      6E6700
 1072              	.LASF74:
 1073 0212 656E7472 		.ascii	"entry\000"
 1073      7900
 1074              	.LASF14:
 1075 0218 6C6F6E67 		.ascii	"long double\000"
 1075      20646F75 
 1075      626C6500 
 1076              	.LASF1:
 1077 0224 756E7369 		.ascii	"unsigned char\000"
 1077      676E6564 
 1077      20636861 
 1077      7200
 1078              	.LASF0:
 1079 0232 7369676E 		.ascii	"signed char\000"
 1079      65642063 
 1079      68617200 
 1080              	.LASF7:
 1081 023e 6C6F6E67 		.ascii	"long long unsigned int\000"
 1081      206C6F6E 
 1081      6720756E 
 1081      7369676E 
 1081      65642069 
 1082              	.LASF68:
 1083 0255 6C6F674C 		.ascii	"logLevel2String\000"
 1083      6576656C 
 1083      32537472 
 1083      696E6700 
 1084              	.LASF8:
 1085 0265 756E7369 		.ascii	"unsigned int\000"
 1085      676E6564 
 1085      20696E74 
 1085      00
 1086              	.LASF33:
 1087 0272 52435F45 		.ascii	"RC_ERROR_OPEN\000"
 1087      52524F52 
 1087      5F4F5045 
 1087      4E00
 1088              	.LASF5:
 1089 0280 6C6F6E67 		.ascii	"long unsigned int\000"
 1089      20756E73 
 1089      69676E65 
 1089      6420696E 
 1089      7400
 1090              	.LASF23:
 1091 0292 52435F45 		.ascii	"RC_ERROR_NULL\000"
 1091      52524F52 
 1091      5F4E554C 
 1091      4C00
 1092              	.LASF30:
 1093 02a0 52435F45 		.ascii	"RC_ERROR_BUFFER_EMTPY\000"
 1093      52524F52 
 1093      5F425546 
 1093      4645525F 
ARM GAS  C:\Users\zakis\AppData\Local\Temp\ccm83Qm2.s 			page 24


 1093      454D5450 
 1094              	.LASF15:
 1095 02b6 45455F49 		.ascii	"EE_INT32\000"
 1095      4E543332 
 1095      00
 1096              	.LASF73:
 1097 02bf 433A5C55 		.ascii	"C:\\Users\\zakis\\Documents\\EOS_Assignment_Two\\JS"
 1097      73657273 
 1097      5C7A616B 
 1097      69735C44 
 1097      6F63756D 
 1098 02ed 4F4E5F50 		.ascii	"ON_Parser\\EOS_Assignment_Two\\Archive\\JSON_Parser"
 1098      61727365 
 1098      725C454F 
 1098      535F4173 
 1098      7369676E 
 1099 031d 2E637970 		.ascii	".cyprj.Archive02\\JSON_Parser.cydsn\000"
 1099      726A2E41 
 1099      72636869 
 1099      76653032 
 1099      5C4A534F 
 1100              	.LASF3:
 1101 0340 73686F72 		.ascii	"short unsigned int\000"
 1101      7420756E 
 1101      7369676E 
 1101      65642069 
 1101      6E7400
 1102              	.LASF71:
 1103 0353 474E5520 		.ascii	"GNU C11 5.4.1 20160609 (release) [ARM/embedded-5-br"
 1103      43313120 
 1103      352E342E 
 1103      31203230 
 1103      31363036 
 1104 0386 616E6368 		.ascii	"anch revision 237715] -mcpu=cortex-m3 -mthumb -g -O"
 1104      20726576 
 1104      6973696F 
 1104      6E203233 
 1104      37373135 
 1105 03b9 67202D66 		.ascii	"g -ffunction-sections -ffat-lto-objects\000"
 1105      66756E63 
 1105      74696F6E 
 1105      2D736563 
 1105      74696F6E 
 1106              	.LASF13:
 1107 03e1 63686172 		.ascii	"char\000"
 1107      00
 1108              	.LASF29:
 1109 03e6 52435F45 		.ascii	"RC_ERROR_BUFFER_FULL\000"
 1109      52524F52 
 1109      5F425546 
 1109      4645525F 
 1109      46554C4C 
 1110              	.LASF10:
 1111 03fb 696E7433 		.ascii	"int32_t\000"
 1111      325F7400 
 1112              	.LASF60:
 1113 0403 4C4F475F 		.ascii	"LOG_Init\000"
ARM GAS  C:\Users\zakis\AppData\Local\Temp\ccm83Qm2.s 			page 25


 1113      496E6974 
 1113      00
 1114              	.LASF55:
 1115 040c 6C6F6767 		.ascii	"logging_level_t\000"
 1115      696E675F 
 1115      6C657665 
 1115      6C5F7400 
 1116              	.LASF41:
 1117 041c 52435F45 		.ascii	"RC_ERROR_BAD_PARAM\000"
 1117      52524F52 
 1117      5F424144 
 1117      5F504152 
 1117      414D00
 1118              	.LASF64:
 1119 042f 45455F41 		.ascii	"EE_ApplicationMode\000"
 1119      70706C69 
 1119      63617469 
 1119      6F6E4D6F 
 1119      646500
 1120              	.LASF58:
 1121 0442 6D657373 		.ascii	"message\000"
 1121      61676500 
 1122              	.LASF12:
 1123 044a 646F7562 		.ascii	"double\000"
 1123      6C6500
 1124              	.LASF47:
 1125 0451 52435F54 		.ascii	"RC_TRIGGER\000"
 1125      52494747 
 1125      455200
 1126              	.LASF34:
 1127 045c 52435F45 		.ascii	"RC_ERROR_CHECKSUM\000"
 1127      52524F52 
 1127      5F434845 
 1127      434B5355 
 1127      4D00
 1128              	.LASF17:
 1129 046e 45455F55 		.ascii	"EE_UREG\000"
 1129      52454700 
 1130              	.LASF9:
 1131 0476 5F5F696E 		.ascii	"__int32_t\000"
 1131      7433325F 
 1131      7400
 1132              	.LASF56:
 1133 0480 6C657665 		.ascii	"level\000"
 1133      6C00
 1134              	.LASF61:
 1135 0486 4C4F475F 		.ascii	"LOG_send\000"
 1135      73656E64 
 1135      00
 1136              	.LASF50:
 1137 048f 4C4F475F 		.ascii	"LOG_INFO\000"
 1137      494E464F 
 1137      00
 1138              	.LASF43:
 1139 0498 52435F45 		.ascii	"RC_ERROR_CANCELED\000"
 1139      52524F52 
 1139      5F43414E 
ARM GAS  C:\Users\zakis\AppData\Local\Temp\ccm83Qm2.s 			page 26


 1139      43454C45 
 1139      4400
 1140              	.LASF72:
 1141 04aa 736F7572 		.ascii	"source\\bsw\\cdd\\Services\\logging.c\000"
 1141      63655C62 
 1141      73775C63 
 1141      64645C53 
 1141      65727669 
 1142              	.LASF51:
 1143 04cc 4C4F475F 		.ascii	"LOG_WARNING\000"
 1143      5741524E 
 1143      494E4700 
 1144              	.LASF67:
 1145 04d8 49544D5F 		.ascii	"ITM_RxBuffer\000"
 1145      52784275 
 1145      66666572 
 1145      00
 1146              	.LASF22:
 1147 04e5 52435F45 		.ascii	"RC_ERROR\000"
 1147      52524F52 
 1147      00
 1148              	.LASF25:
 1149 04ee 52435F45 		.ascii	"RC_ERROR_MEMORY\000"
 1149      52524F52 
 1149      5F4D454D 
 1149      4F525900 
 1150              	.LASF62:
 1151 04fe 45455F6F 		.ascii	"EE_oo_IRQ_disable_count\000"
 1151      6F5F4952 
 1151      515F6469 
 1151      7361626C 
 1151      655F636F 
 1152              	.LASF48:
 1153 0516 52435F74 		.ascii	"RC_t\000"
 1153      00
 1154              	.LASF32:
 1155 051b 52435F45 		.ascii	"RC_ERROR_TIME_OUT\000"
 1155      52524F52 
 1155      5F54494D 
 1155      455F4F55 
 1155      5400
 1156              		.ident	"GCC: (GNU Tools for ARM Embedded Processors) 5.4.1 20160609 (release) [ARM/embedded-5-bran
