ARM GAS  C:\Users\zakis\AppData\Local\Temp\ccQQyeub.s 			page 1


   1              		.syntax unified
   2              		.cpu cortex-m3
   3              		.fpu softvfp
   4              		.eabi_attribute 20, 1
   5              		.eabi_attribute 21, 1
   6              		.eabi_attribute 23, 3
   7              		.eabi_attribute 24, 1
   8              		.eabi_attribute 25, 1
   9              		.eabi_attribute 26, 1
  10              		.eabi_attribute 30, 1
  11              		.eabi_attribute 34, 1
  12              		.eabi_attribute 18, 4
  13              		.thumb
  14              		.syntax unified
  15              		.file	"ringBufferEV.c"
  16              		.text
  17              	.Ltext0:
  18              		.cfi_sections	.debug_frame
  19              		.section	.text.RB_EV_clear,"ax",%progbits
  20              		.align	2
  21              		.global	RB_EV_clear
  22              		.thumb
  23              		.thumb_func
  24              		.type	RB_EV_clear, %function
  25              	RB_EV_clear:
  26              	.LFB1:
  27              		.file 1 "source\\bsw\\cdd\\ringBufferEV.c"
   1:source\bsw\cdd/ringBufferEV.c **** /**
   2:source\bsw\cdd/ringBufferEV.c **** * \file <filename>
   3:source\bsw\cdd/ringBufferEV.c **** * \author <author-name>
   4:source\bsw\cdd/ringBufferEV.c **** * \date <date>
   5:source\bsw\cdd/ringBufferEV.c **** *
   6:source\bsw\cdd/ringBufferEV.c **** * \brief <Symbolic File name>
   7:source\bsw\cdd/ringBufferEV.c **** *
   8:source\bsw\cdd/ringBufferEV.c **** * \copyright Copyright ©2016
   9:source\bsw\cdd/ringBufferEV.c **** * Department of electrical engineering and information technology, Hochschule Darmstadt - Universit
  10:source\bsw\cdd/ringBufferEV.c **** * Permission to use, copy, modify, and distribute this software and its documentation for education
  11:source\bsw\cdd/ringBufferEV.c **** * (unless permitted by h_da) and official h_da projects, is hereby granted for enrolled students of
  12:source\bsw\cdd/ringBufferEV.c **** * this paragraph and the following paragraph appear in all copies, modifications, and distributions
  13:source\bsw\cdd/ringBufferEV.c **** * Contact Prof.Dr.-Ing. Peter Fromm, peter.fromm@h-da.de, Birkenweg 8 64295 Darmstadt - GERMANY for
  14:source\bsw\cdd/ringBufferEV.c **** *
  15:source\bsw\cdd/ringBufferEV.c **** * \warning This software is a PROTOTYPE version and is not designed or intended for use in producti
  16:source\bsw\cdd/ringBufferEV.c **** * The user represents and warrants that it will NOT use or redistribute the Software for such purpo
  17:source\bsw\cdd/ringBufferEV.c **** * This prototype is for research purposes only. This software is provided "AS IS," without a warran
  18:source\bsw\cdd/ringBufferEV.c **** */
  19:source\bsw\cdd/ringBufferEV.c **** 
  20:source\bsw\cdd/ringBufferEV.c **** /*****************************************************************************/
  21:source\bsw\cdd/ringBufferEV.c **** /* Include files                                                             */
  22:source\bsw\cdd/ringBufferEV.c **** /*****************************************************************************/
  23:source\bsw\cdd/ringBufferEV.c **** #include <stdlib.h>
  24:source\bsw\cdd/ringBufferEV.c **** #include "ringBufferEV.h"
  25:source\bsw\cdd/ringBufferEV.c **** 
  26:source\bsw\cdd/ringBufferEV.c **** /*****************************************************************************/
  27:source\bsw\cdd/ringBufferEV.c **** /* Local pre-processor symbols/macros ('#define')                            */
  28:source\bsw\cdd/ringBufferEV.c **** /*****************************************************************************/
  29:source\bsw\cdd/ringBufferEV.c **** 
  30:source\bsw\cdd/ringBufferEV.c **** /*****************************************************************************/
ARM GAS  C:\Users\zakis\AppData\Local\Temp\ccQQyeub.s 			page 2


  31:source\bsw\cdd/ringBufferEV.c **** /* Global variable definitions (declared in header file with 'extern')       */
  32:source\bsw\cdd/ringBufferEV.c **** /*****************************************************************************/
  33:source\bsw\cdd/ringBufferEV.c **** 
  34:source\bsw\cdd/ringBufferEV.c **** /*****************************************************************************/
  35:source\bsw\cdd/ringBufferEV.c **** /* Local type definitions ('typedef')                                        */
  36:source\bsw\cdd/ringBufferEV.c **** /*****************************************************************************/
  37:source\bsw\cdd/ringBufferEV.c **** 
  38:source\bsw\cdd/ringBufferEV.c **** /*****************************************************************************/
  39:source\bsw\cdd/ringBufferEV.c **** /* Local variable definitions ('static')                                     */
  40:source\bsw\cdd/ringBufferEV.c **** /*****************************************************************************/
  41:source\bsw\cdd/ringBufferEV.c **** 
  42:source\bsw\cdd/ringBufferEV.c **** 
  43:source\bsw\cdd/ringBufferEV.c **** 
  44:source\bsw\cdd/ringBufferEV.c **** /*****************************************************************************/
  45:source\bsw\cdd/ringBufferEV.c **** /* Local function prototypes ('static')                                      */
  46:source\bsw\cdd/ringBufferEV.c **** /*****************************************************************************/
  47:source\bsw\cdd/ringBufferEV.c **** 
  48:source\bsw\cdd/ringBufferEV.c **** 
  49:source\bsw\cdd/ringBufferEV.c **** /*****************************************************************************/
  50:source\bsw\cdd/ringBufferEV.c **** /* Function implementation - global ('extern') and local ('static')          */
  51:source\bsw\cdd/ringBufferEV.c **** /*****************************************************************************/
  52:source\bsw\cdd/ringBufferEV.c **** 
  53:source\bsw\cdd/ringBufferEV.c **** /**
  54:source\bsw\cdd/ringBufferEV.c ****  * Initialisation of a ringbuffer
  55:source\bsw\cdd/ringBufferEV.c ****  * @param RB_EV_t * const me : IN/OUT - pointer to ringbuffer object 
  56:source\bsw\cdd/ringBufferEV.c ****  * @return RC_SUCCESS or error code
  57:source\bsw\cdd/ringBufferEV.c ****  */
  58:source\bsw\cdd/ringBufferEV.c **** RC_t RB_EV_init(RB_EV_t * const me)
  59:source\bsw\cdd/ringBufferEV.c **** {
  60:source\bsw\cdd/ringBufferEV.c ****     return RB_EV_clear(me);
  61:source\bsw\cdd/ringBufferEV.c **** }
  62:source\bsw\cdd/ringBufferEV.c **** 
  63:source\bsw\cdd/ringBufferEV.c **** /**
  64:source\bsw\cdd/ringBufferEV.c ****  * Clearing of a ringbuffer
  65:source\bsw\cdd/ringBufferEV.c ****  * @param RB_EV_t * const me : IN/OUT - pointer to ringbuffer object 
  66:source\bsw\cdd/ringBufferEV.c ****  * @return RC_SUCCESS or error code
  67:source\bsw\cdd/ringBufferEV.c ****  */
  68:source\bsw\cdd/ringBufferEV.c **** RC_t RB_EV_clear(RB_EV_t * const me)
  69:source\bsw\cdd/ringBufferEV.c **** {
  28              		.loc 1 69 0
  29              		.cfi_startproc
  30              		@ args = 0, pretend = 0, frame = 0
  31              		@ frame_needed = 0, uses_anonymous_args = 0
  32              		@ link register save eliminated.
  33              	.LVL0:
  70:source\bsw\cdd/ringBufferEV.c ****     if (0 == me) return RC_ERROR_BAD_PARAM;
  34              		.loc 1 70 0
  35 0000 0146     		mov	r1, r0
  36 0002 78B1     		cbz	r0, .L5
  71:source\bsw\cdd/ringBufferEV.c ****     
  72:source\bsw\cdd/ringBufferEV.c ****     me->m_fillLevel = 0;
  37              		.loc 1 72 0
  38 0004 0023     		movs	r3, #0
  39 0006 A0F8CC30 		strh	r3, [r0, #204]	@ movhi
  73:source\bsw\cdd/ringBufferEV.c ****     me->m_readIndex = 0;
  40              		.loc 1 73 0
  41 000a A0F8C830 		strh	r3, [r0, #200]	@ movhi
ARM GAS  C:\Users\zakis\AppData\Local\Temp\ccQQyeub.s 			page 3


  74:source\bsw\cdd/ringBufferEV.c ****     me->m_writeIndex = 0;
  42              		.loc 1 74 0
  43 000e A0F8CA30 		strh	r3, [r0, #202]	@ movhi
  44              	.LVL1:
  45              	.LBB2:
  75:source\bsw\cdd/ringBufferEV.c ****     
  76:source\bsw\cdd/ringBufferEV.c ****     for (uint16_t i = 0; i < RB_EV_SIZE; i++)
  46              		.loc 1 76 0
  47 0012 03E0     		b	.L3
  48              	.LVL2:
  49              	.L4:
  77:source\bsw\cdd/ringBufferEV.c ****     {
  78:source\bsw\cdd/ringBufferEV.c ****         me->m_data[i] = -1;
  50              		.loc 1 78 0 discriminator 3
  51 0014 FF22     		movs	r2, #255
  52 0016 CA54     		strb	r2, [r1, r3]
  76:source\bsw\cdd/ringBufferEV.c ****     {
  53              		.loc 1 76 0 discriminator 3
  54 0018 0133     		adds	r3, r3, #1
  55              	.LVL3:
  56 001a 9BB2     		uxth	r3, r3
  57              	.LVL4:
  58              	.L3:
  76:source\bsw\cdd/ringBufferEV.c ****     {
  59              		.loc 1 76 0 is_stmt 0 discriminator 1
  60 001c C72B     		cmp	r3, #199
  61 001e F9D9     		bls	.L4
  62              	.LBE2:
  79:source\bsw\cdd/ringBufferEV.c ****     }
  80:source\bsw\cdd/ringBufferEV.c ****     
  81:source\bsw\cdd/ringBufferEV.c ****     return RC_SUCCESS;
  63              		.loc 1 81 0 is_stmt 1
  64 0020 0020     		movs	r0, #0
  65              	.LVL5:
  66              	.LBB3:
  67 0022 7047     		bx	lr
  68              	.LVL6:
  69              	.L5:
  70              	.LBE3:
  70:source\bsw\cdd/ringBufferEV.c ****     
  71              		.loc 1 70 0
  72 0024 6FF01300 		mvn	r0, #19
  73              	.LVL7:
  82:source\bsw\cdd/ringBufferEV.c **** }
  74              		.loc 1 82 0
  75 0028 7047     		bx	lr
  76              		.cfi_endproc
  77              	.LFE1:
  78              		.size	RB_EV_clear, .-RB_EV_clear
  79 002a 00BF     		.section	.text.RB_EV_init,"ax",%progbits
  80              		.align	2
  81              		.global	RB_EV_init
  82              		.thumb
  83              		.thumb_func
  84              		.type	RB_EV_init, %function
  85              	RB_EV_init:
  86              	.LFB0:
ARM GAS  C:\Users\zakis\AppData\Local\Temp\ccQQyeub.s 			page 4


  59:source\bsw\cdd/ringBufferEV.c ****     return RB_EV_clear(me);
  87              		.loc 1 59 0
  88              		.cfi_startproc
  89              		@ args = 0, pretend = 0, frame = 0
  90              		@ frame_needed = 0, uses_anonymous_args = 0
  91              	.LVL8:
  92 0000 08B5     		push	{r3, lr}
  93              		.cfi_def_cfa_offset 8
  94              		.cfi_offset 3, -8
  95              		.cfi_offset 14, -4
  60:source\bsw\cdd/ringBufferEV.c **** }
  96              		.loc 1 60 0
  97 0002 FFF7FEFF 		bl	RB_EV_clear
  98              	.LVL9:
  61:source\bsw\cdd/ringBufferEV.c **** 
  99              		.loc 1 61 0
 100 0006 08BD     		pop	{r3, pc}
 101              		.cfi_endproc
 102              	.LFE0:
 103              		.size	RB_EV_init, .-RB_EV_init
 104              		.section	.text.RB_EV_write,"ax",%progbits
 105              		.align	2
 106              		.global	RB_EV_write
 107              		.thumb
 108              		.thumb_func
 109              		.type	RB_EV_write, %function
 110              	RB_EV_write:
 111              	.LFB2:
  83:source\bsw\cdd/ringBufferEV.c ****     
  84:source\bsw\cdd/ringBufferEV.c **** 
  85:source\bsw\cdd/ringBufferEV.c **** /**
  86:source\bsw\cdd/ringBufferEV.c ****  * Write one element to the ringbuffer
  87:source\bsw\cdd/ringBufferEV.c ****  * @param RB_EV_t * const me : IN/OUT - pointer to ringbuffer object 
  88:source\bsw\cdd/ringBufferEV.c ****  * @param RB_data_t const * const data : IN - Data to be written
  89:source\bsw\cdd/ringBufferEV.c ****  * @return RC_SUCCESS or error code
  90:source\bsw\cdd/ringBufferEV.c ****  */
  91:source\bsw\cdd/ringBufferEV.c **** RC_t RB_EV_write(RB_EV_t * const me, RB_EV_data_t const * const data)
  92:source\bsw\cdd/ringBufferEV.c **** {
 112              		.loc 1 92 0
 113              		.cfi_startproc
 114              		@ args = 0, pretend = 0, frame = 0
 115              		@ frame_needed = 0, uses_anonymous_args = 0
 116              		@ link register save eliminated.
 117              	.LVL10:
 118 0000 10B4     		push	{r4}
 119              		.cfi_def_cfa_offset 4
 120              		.cfi_offset 4, -4
  93:source\bsw\cdd/ringBufferEV.c ****     if (me->m_fillLevel < RB_EV_SIZE)
 121              		.loc 1 93 0
 122 0002 B0F8CC40 		ldrh	r4, [r0, #204]
 123 0006 C72C     		cmp	r4, #199
 124 0008 16D8     		bhi	.L10
  94:source\bsw\cdd/ringBufferEV.c ****     {
  95:source\bsw\cdd/ringBufferEV.c ****         me->m_data[me->m_writeIndex++] = *data;
 125              		.loc 1 95 0
 126 000a B0F8CA20 		ldrh	r2, [r0, #202]
 127 000e 531C     		adds	r3, r2, #1
ARM GAS  C:\Users\zakis\AppData\Local\Temp\ccQQyeub.s 			page 5


 128 0010 9BB2     		uxth	r3, r3
 129 0012 A0F8CA30 		strh	r3, [r0, #202]	@ movhi
 130 0016 91F90010 		ldrsb	r1, [r1]
 131              	.LVL11:
 132 001a 8154     		strb	r1, [r0, r2]
  96:source\bsw\cdd/ringBufferEV.c ****         
  97:source\bsw\cdd/ringBufferEV.c ****         me->m_writeIndex %= RB_EV_SIZE;
 133              		.loc 1 97 0
 134 001c 084A     		ldr	r2, .L12
 135 001e A2FB0312 		umull	r1, r2, r2, r3
 136 0022 9209     		lsrs	r2, r2, #6
 137 0024 C821     		movs	r1, #200
 138 0026 01FB1233 		mls	r3, r1, r2, r3
 139 002a A0F8CA30 		strh	r3, [r0, #202]	@ movhi
  98:source\bsw\cdd/ringBufferEV.c ****         me->m_fillLevel++;
 140              		.loc 1 98 0
 141 002e 0134     		adds	r4, r4, #1
 142 0030 A0F8CC40 		strh	r4, [r0, #204]	@ movhi
  99:source\bsw\cdd/ringBufferEV.c ****         
 100:source\bsw\cdd/ringBufferEV.c ****         return RC_SUCCESS;
 143              		.loc 1 100 0
 144 0034 0020     		movs	r0, #0
 145              	.LVL12:
 146 0036 01E0     		b	.L9
 147              	.LVL13:
 148              	.L10:
 101:source\bsw\cdd/ringBufferEV.c ****     }
 102:source\bsw\cdd/ringBufferEV.c ****     else
 103:source\bsw\cdd/ringBufferEV.c ****     {
 104:source\bsw\cdd/ringBufferEV.c ****         return RC_ERROR_BUFFER_FULL;
 149              		.loc 1 104 0
 150 0038 6FF00700 		mvn	r0, #7
 151              	.LVL14:
 152              	.L9:
 105:source\bsw\cdd/ringBufferEV.c ****     }
 106:source\bsw\cdd/ringBufferEV.c **** }
 153              		.loc 1 106 0
 154 003c 10BC     		pop	{r4}
 155              		.cfi_restore 4
 156              		.cfi_def_cfa_offset 0
 157 003e 7047     		bx	lr
 158              	.L13:
 159              		.align	2
 160              	.L12:
 161 0040 1F85EB51 		.word	1374389535
 162              		.cfi_endproc
 163              	.LFE2:
 164              		.size	RB_EV_write, .-RB_EV_write
 165              		.section	.text.RB_EV_read,"ax",%progbits
 166              		.align	2
 167              		.global	RB_EV_read
 168              		.thumb
 169              		.thumb_func
 170              		.type	RB_EV_read, %function
 171              	RB_EV_read:
 172              	.LFB3:
 107:source\bsw\cdd/ringBufferEV.c **** 
ARM GAS  C:\Users\zakis\AppData\Local\Temp\ccQQyeub.s 			page 6


 108:source\bsw\cdd/ringBufferEV.c **** /**
 109:source\bsw\cdd/ringBufferEV.c ****  * Read one element from the ringbuffer
 110:source\bsw\cdd/ringBufferEV.c ****  * @param RB_EV_t * const me : IN/OUT - pointer to ringbuffer object 
 111:source\bsw\cdd/ringBufferEV.c ****  * @param RB_data_t * const data : OUT - Data read
 112:source\bsw\cdd/ringBufferEV.c ****  * @return RC_SUCCESS or error code
 113:source\bsw\cdd/ringBufferEV.c ****  */
 114:source\bsw\cdd/ringBufferEV.c **** RC_t RB_EV_read(RB_EV_t * const me, RB_EV_data_t * const data)
 115:source\bsw\cdd/ringBufferEV.c **** {
 173              		.loc 1 115 0
 174              		.cfi_startproc
 175              		@ args = 0, pretend = 0, frame = 0
 176              		@ frame_needed = 0, uses_anonymous_args = 0
 177              		@ link register save eliminated.
 178              	.LVL15:
 116:source\bsw\cdd/ringBufferEV.c ****     if (me->m_fillLevel > 0)
 179              		.loc 1 116 0
 180 0000 B0F8CC30 		ldrh	r3, [r0, #204]
 181 0004 C3B1     		cbz	r3, .L16
 117:source\bsw\cdd/ringBufferEV.c ****     {
 118:source\bsw\cdd/ringBufferEV.c ****         *data = me->m_data[me->m_readIndex++];
 182              		.loc 1 118 0
 183 0006 B0F8C830 		ldrh	r3, [r0, #200]
 184 000a 5A1C     		adds	r2, r3, #1
 185 000c A0F8C820 		strh	r2, [r0, #200]	@ movhi
 186 0010 C356     		ldrsb	r3, [r0, r3]
 187 0012 0B70     		strb	r3, [r1]
 119:source\bsw\cdd/ringBufferEV.c ****         
 120:source\bsw\cdd/ringBufferEV.c ****         me->m_readIndex %= RB_EV_SIZE;
 188              		.loc 1 120 0
 189 0014 B0F8C830 		ldrh	r3, [r0, #200]
 190 0018 094A     		ldr	r2, .L17
 191 001a A2FB0312 		umull	r1, r2, r2, r3
 192              	.LVL16:
 193 001e 9209     		lsrs	r2, r2, #6
 194 0020 C821     		movs	r1, #200
 195 0022 01FB1233 		mls	r3, r1, r2, r3
 196 0026 A0F8C830 		strh	r3, [r0, #200]	@ movhi
 121:source\bsw\cdd/ringBufferEV.c ****         me->m_fillLevel--;
 197              		.loc 1 121 0
 198 002a B0F8CC30 		ldrh	r3, [r0, #204]
 199 002e 013B     		subs	r3, r3, #1
 200 0030 A0F8CC30 		strh	r3, [r0, #204]	@ movhi
 122:source\bsw\cdd/ringBufferEV.c ****         
 123:source\bsw\cdd/ringBufferEV.c ****         return RC_SUCCESS;
 201              		.loc 1 123 0
 202 0034 0020     		movs	r0, #0
 203              	.LVL17:
 204 0036 7047     		bx	lr
 205              	.LVL18:
 206              	.L16:
 124:source\bsw\cdd/ringBufferEV.c ****     }
 125:source\bsw\cdd/ringBufferEV.c ****     else
 126:source\bsw\cdd/ringBufferEV.c ****     {
 127:source\bsw\cdd/ringBufferEV.c ****         return RC_ERROR_BUFFER_EMTPY;
 207              		.loc 1 127 0
 208 0038 6FF00800 		mvn	r0, #8
 209              	.LVL19:
ARM GAS  C:\Users\zakis\AppData\Local\Temp\ccQQyeub.s 			page 7


 128:source\bsw\cdd/ringBufferEV.c ****     }
 129:source\bsw\cdd/ringBufferEV.c **** }
 210              		.loc 1 129 0
 211 003c 7047     		bx	lr
 212              	.L18:
 213 003e 00BF     		.align	2
 214              	.L17:
 215 0040 1F85EB51 		.word	1374389535
 216              		.cfi_endproc
 217              	.LFE3:
 218              		.size	RB_EV_read, .-RB_EV_read
 219              		.section	.text.RB_EV_getCapacity,"ax",%progbits
 220              		.align	2
 221              		.global	RB_EV_getCapacity
 222              		.thumb
 223              		.thumb_func
 224              		.type	RB_EV_getCapacity, %function
 225              	RB_EV_getCapacity:
 226              	.LFB4:
 130:source\bsw\cdd/ringBufferEV.c **** 
 131:source\bsw\cdd/ringBufferEV.c **** /**
 132:source\bsw\cdd/ringBufferEV.c ****  * Provide available space in buffer
 133:source\bsw\cdd/ringBufferEV.c ****  * @param RB_EV_t * const me : IN/OUT - pointer to ringbuffer object 
 134:source\bsw\cdd/ringBufferEV.c ****  * @return Available number of elements to be stored
 135:source\bsw\cdd/ringBufferEV.c ****  */
 136:source\bsw\cdd/ringBufferEV.c **** uint16_t RB_EV_getCapacity(RB_EV_t * const me)
 137:source\bsw\cdd/ringBufferEV.c **** {
 227              		.loc 1 137 0
 228              		.cfi_startproc
 229              		@ args = 0, pretend = 0, frame = 0
 230              		@ frame_needed = 0, uses_anonymous_args = 0
 231              		@ link register save eliminated.
 232              	.LVL20:
 138:source\bsw\cdd/ringBufferEV.c ****     //Todo: No  error handling considered, assume all other functions work as intended
 139:source\bsw\cdd/ringBufferEV.c ****     return RB_EV_SIZE - me->m_fillLevel;
 233              		.loc 1 139 0
 234 0000 B0F8CC00 		ldrh	r0, [r0, #204]
 235              	.LVL21:
 236 0004 C0F1C800 		rsb	r0, r0, #200
 140:source\bsw\cdd/ringBufferEV.c **** }
 237              		.loc 1 140 0
 238 0008 80B2     		uxth	r0, r0
 239 000a 7047     		bx	lr
 240              		.cfi_endproc
 241              	.LFE4:
 242              		.size	RB_EV_getCapacity, .-RB_EV_getCapacity
 243              		.section	.text.RB_EV_getNumberOfStoredElements,"ax",%progbits
 244              		.align	2
 245              		.global	RB_EV_getNumberOfStoredElements
 246              		.thumb
 247              		.thumb_func
 248              		.type	RB_EV_getNumberOfStoredElements, %function
 249              	RB_EV_getNumberOfStoredElements:
 250              	.LFB5:
 141:source\bsw\cdd/ringBufferEV.c **** 
 142:source\bsw\cdd/ringBufferEV.c **** /**
 143:source\bsw\cdd/ringBufferEV.c ****  * Check how much data is stored
ARM GAS  C:\Users\zakis\AppData\Local\Temp\ccQQyeub.s 			page 8


 144:source\bsw\cdd/ringBufferEV.c ****  * @param RB_EV_t * const me : IN/OUT - pointer to ringbuffer object 
 145:source\bsw\cdd/ringBufferEV.c ****  * @return number of byte stored
 146:source\bsw\cdd/ringBufferEV.c ****  */
 147:source\bsw\cdd/ringBufferEV.c **** uint16_t RB_EV_getNumberOfStoredElements(RB_EV_t * const me)
 148:source\bsw\cdd/ringBufferEV.c **** {
 251              		.loc 1 148 0
 252              		.cfi_startproc
 253              		@ args = 0, pretend = 0, frame = 0
 254              		@ frame_needed = 0, uses_anonymous_args = 0
 255              		@ link register save eliminated.
 256              	.LVL22:
 149:source\bsw\cdd/ringBufferEV.c ****     return me->m_fillLevel;
 150:source\bsw\cdd/ringBufferEV.c **** }
 257              		.loc 1 150 0
 258 0000 B0F8CC00 		ldrh	r0, [r0, #204]
 259              	.LVL23:
 260 0004 7047     		bx	lr
 261              		.cfi_endproc
 262              	.LFE5:
 263              		.size	RB_EV_getNumberOfStoredElements, .-RB_EV_getNumberOfStoredElements
 264 0006 00BF     		.text
 265              	.Letext0:
 266              		.file 2 ".\\source\\bsw/global.h"
 267              		.file 3 "source\\bsw\\cdd\\ringBufferEV.h"
 268              		.section	.debug_info,"",%progbits
 269              	.Ldebug_info0:
 270 0000 33030000 		.4byte	0x333
 271 0004 0400     		.2byte	0x4
 272 0006 00000000 		.4byte	.Ldebug_abbrev0
 273 000a 04       		.byte	0x4
 274 000b 01       		.uleb128 0x1
 275 000c AF020000 		.4byte	.LASF60
 276 0010 0C       		.byte	0xc
 277 0011 C6000000 		.4byte	.LASF61
 278 0015 B9030000 		.4byte	.LASF62
 279 0019 18000000 		.4byte	.Ldebug_ranges0+0x18
 280 001d 00000000 		.4byte	0
 281 0021 00000000 		.4byte	.Ldebug_line0
 282 0025 02       		.uleb128 0x2
 283 0026 04       		.byte	0x4
 284 0027 07       		.byte	0x7
 285 0028 02010000 		.4byte	.LASF0
 286 002c 03       		.uleb128 0x3
 287 002d 04       		.byte	0x4
 288 002e 05       		.byte	0x5
 289 002f 696E7400 		.ascii	"int\000"
 290 0033 02       		.uleb128 0x2
 291 0034 08       		.byte	0x8
 292 0035 05       		.byte	0x5
 293 0036 65000000 		.4byte	.LASF1
 294 003a 02       		.uleb128 0x2
 295 003b 08       		.byte	0x8
 296 003c 04       		.byte	0x4
 297 003d F2010000 		.4byte	.LASF2
 298 0041 02       		.uleb128 0x2
 299 0042 01       		.byte	0x1
 300 0043 06       		.byte	0x6
ARM GAS  C:\Users\zakis\AppData\Local\Temp\ccQQyeub.s 			page 9


 301 0044 73000000 		.4byte	.LASF3
 302 0048 02       		.uleb128 0x2
 303 0049 01       		.byte	0x1
 304 004a 08       		.byte	0x8
 305 004b 8C020000 		.4byte	.LASF4
 306 004f 02       		.uleb128 0x2
 307 0050 02       		.byte	0x2
 308 0051 05       		.byte	0x5
 309 0052 A5020000 		.4byte	.LASF5
 310 0056 02       		.uleb128 0x2
 311 0057 02       		.byte	0x2
 312 0058 07       		.byte	0x7
 313 0059 7A010000 		.4byte	.LASF6
 314 005d 02       		.uleb128 0x2
 315 005e 04       		.byte	0x4
 316 005f 05       		.byte	0x5
 317 0060 A5000000 		.4byte	.LASF7
 318 0064 02       		.uleb128 0x2
 319 0065 04       		.byte	0x4
 320 0066 07       		.byte	0x7
 321 0067 4A010000 		.4byte	.LASF8
 322 006b 02       		.uleb128 0x2
 323 006c 08       		.byte	0x8
 324 006d 07       		.byte	0x7
 325 006e 24000000 		.4byte	.LASF9
 326 0072 02       		.uleb128 0x2
 327 0073 04       		.byte	0x4
 328 0074 07       		.byte	0x7
 329 0075 E9010000 		.4byte	.LASF10
 330 0079 02       		.uleb128 0x2
 331 007a 01       		.byte	0x1
 332 007b 08       		.byte	0x8
 333 007c 7D030000 		.4byte	.LASF11
 334 0080 04       		.uleb128 0x4
 335 0081 B6000000 		.4byte	.LASF41
 336 0085 02       		.byte	0x2
 337 0086 93       		.byte	0x93
 338 0087 56000000 		.4byte	0x56
 339 008b 02       		.uleb128 0x2
 340 008c 04       		.byte	0x4
 341 008d 04       		.byte	0x4
 342 008e 57020000 		.4byte	.LASF12
 343 0092 02       		.uleb128 0x2
 344 0093 08       		.byte	0x8
 345 0094 04       		.byte	0x4
 346 0095 BF000000 		.4byte	.LASF13
 347 0099 05       		.uleb128 0x5
 348 009a 01       		.byte	0x1
 349 009b 41000000 		.4byte	0x41
 350 009f 02       		.byte	0x2
 351 00a0 CF       		.byte	0xcf
 352 00a1 48010000 		.4byte	0x148
 353 00a5 06       		.uleb128 0x6
 354 00a6 6A010000 		.4byte	.LASF14
 355 00aa 00       		.byte	0
 356 00ab 07       		.uleb128 0x7
 357 00ac 8D010000 		.4byte	.LASF15
ARM GAS  C:\Users\zakis\AppData\Local\Temp\ccQQyeub.s 			page 10


 358 00b0 7F       		.sleb128 -1
 359 00b1 07       		.uleb128 0x7
 360 00b2 5C010000 		.4byte	.LASF16
 361 00b6 7E       		.sleb128 -2
 362 00b7 07       		.uleb128 0x7
 363 00b8 3D030000 		.4byte	.LASF17
 364 00bc 7D       		.sleb128 -3
 365 00bd 07       		.uleb128 0x7
 366 00be 7F000000 		.4byte	.LASF18
 367 00c2 7C       		.sleb128 -4
 368 00c3 07       		.uleb128 0x7
 369 00c4 5D040000 		.4byte	.LASF19
 370 00c8 7B       		.sleb128 -5
 371 00c9 07       		.uleb128 0x7
 372 00ca A8030000 		.4byte	.LASF20
 373 00ce 7A       		.sleb128 -6
 374 00cf 07       		.uleb128 0x7
 375 00d0 28020000 		.4byte	.LASF21
 376 00d4 79       		.sleb128 -7
 377 00d5 07       		.uleb128 0x7
 378 00d6 96010000 		.4byte	.LASF22
 379 00da 78       		.sleb128 -8
 380 00db 07       		.uleb128 0x7
 381 00dc 8F000000 		.4byte	.LASF23
 382 00e0 77       		.sleb128 -9
 383 00e1 07       		.uleb128 0x7
 384 00e2 6A020000 		.4byte	.LASF24
 385 00e6 76       		.sleb128 -10
 386 00e7 07       		.uleb128 0x7
 387 00e8 00000000 		.4byte	.LASF25
 388 00ec 75       		.sleb128 -11
 389 00ed 07       		.uleb128 0x7
 390 00ee DB010000 		.4byte	.LASF26
 391 00f2 74       		.sleb128 -12
 392 00f3 07       		.uleb128 0x7
 393 00f4 38010000 		.4byte	.LASF27
 394 00f8 73       		.sleb128 -13
 395 00f9 07       		.uleb128 0x7
 396 00fa 6A030000 		.4byte	.LASF28
 397 00fe 72       		.sleb128 -14
 398 00ff 07       		.uleb128 0x7
 399 0100 78020000 		.4byte	.LASF29
 400 0104 71       		.sleb128 -15
 401 0105 07       		.uleb128 0x7
 402 0106 4C040000 		.4byte	.LASF30
 403 010a 70       		.sleb128 -16
 404 010b 07       		.uleb128 0x7
 405 010c 3A020000 		.4byte	.LASF31
 406 0110 6F       		.sleb128 -17
 407 0111 07       		.uleb128 0x7
 408 0112 B3010000 		.4byte	.LASF32
 409 0116 6E       		.sleb128 -18
 410 0117 07       		.uleb128 0x7
 411 0118 C8010000 		.4byte	.LASF33
 412 011c 6D       		.sleb128 -19
 413 011d 07       		.uleb128 0x7
 414 011e 57030000 		.4byte	.LASF34
ARM GAS  C:\Users\zakis\AppData\Local\Temp\ccQQyeub.s 			page 11


 415 0122 6C       		.sleb128 -20
 416 0123 07       		.uleb128 0x7
 417 0124 3B000000 		.4byte	.LASF35
 418 0128 6B       		.sleb128 -21
 419 0129 07       		.uleb128 0x7
 420 012a 16020000 		.4byte	.LASF36
 421 012e 6A       		.sleb128 -22
 422 012f 07       		.uleb128 0x7
 423 0130 EB000000 		.4byte	.LASF37
 424 0134 69       		.sleb128 -23
 425 0135 07       		.uleb128 0x7
 426 0136 27010000 		.4byte	.LASF38
 427 013a 68       		.sleb128 -24
 428 013b 07       		.uleb128 0x7
 429 013c 8F030000 		.4byte	.LASF39
 430 0140 67       		.sleb128 -25
 431 0141 06       		.uleb128 0x6
 432 0142 1C010000 		.4byte	.LASF40
 433 0146 01       		.byte	0x1
 434 0147 00       		.byte	0
 435 0148 04       		.uleb128 0x4
 436 0149 12000000 		.4byte	.LASF42
 437 014d 02       		.byte	0x2
 438 014e EB       		.byte	0xeb
 439 014f 99000000 		.4byte	0x99
 440 0153 05       		.uleb128 0x5
 441 0154 01       		.byte	0x1
 442 0155 41000000 		.4byte	0x41
 443 0159 03       		.byte	0x3
 444 015a 5C       		.byte	0x5c
 445 015b 78010000 		.4byte	0x178
 446 015f 07       		.uleb128 0x7
 447 0160 AB010000 		.4byte	.LASF43
 448 0164 7F       		.sleb128 -1
 449 0165 06       		.uleb128 0x6
 450 0166 17000000 		.4byte	.LASF44
 451 016a 00       		.byte	0
 452 016b 06       		.uleb128 0x6
 453 016c 0F010000 		.4byte	.LASF45
 454 0170 01       		.byte	0x1
 455 0171 06       		.uleb128 0x6
 456 0172 4D000000 		.4byte	.LASF46
 457 0176 02       		.byte	0x2
 458 0177 00       		.byte	0
 459 0178 04       		.uleb128 0x4
 460 0179 4E020000 		.4byte	.LASF47
 461 017d 03       		.byte	0x3
 462 017e 61       		.byte	0x61
 463 017f 53010000 		.4byte	0x153
 464 0183 04       		.uleb128 0x4
 465 0184 5D020000 		.4byte	.LASF48
 466 0188 03       		.byte	0x3
 467 0189 6B       		.byte	0x6b
 468 018a 78010000 		.4byte	0x178
 469 018e 08       		.uleb128 0x8
 470 018f CE       		.byte	0xce
 471 0190 03       		.byte	0x3
ARM GAS  C:\Users\zakis\AppData\Local\Temp\ccQQyeub.s 			page 12


 472 0191 75       		.byte	0x75
 473 0192 C7010000 		.4byte	0x1c7
 474 0196 09       		.uleb128 0x9
 475 0197 E4000000 		.4byte	.LASF49
 476 019b 03       		.byte	0x3
 477 019c 76       		.byte	0x76
 478 019d C7010000 		.4byte	0x1c7
 479 01a1 00       		.byte	0
 480 01a2 09       		.uleb128 0x9
 481 01a3 6C040000 		.4byte	.LASF50
 482 01a7 03       		.byte	0x3
 483 01a8 77       		.byte	0x77
 484 01a9 80000000 		.4byte	0x80
 485 01ad C8       		.byte	0xc8
 486 01ae 09       		.uleb128 0x9
 487 01af 82030000 		.4byte	.LASF51
 488 01b3 03       		.byte	0x3
 489 01b4 78       		.byte	0x78
 490 01b5 80000000 		.4byte	0x80
 491 01b9 CA       		.byte	0xca
 492 01ba 09       		.uleb128 0x9
 493 01bb 4B030000 		.4byte	.LASF52
 494 01bf 03       		.byte	0x3
 495 01c0 79       		.byte	0x79
 496 01c1 80000000 		.4byte	0x80
 497 01c5 CC       		.byte	0xcc
 498 01c6 00       		.byte	0
 499 01c7 0A       		.uleb128 0xa
 500 01c8 83010000 		.4byte	0x183
 501 01cc D7010000 		.4byte	0x1d7
 502 01d0 0B       		.uleb128 0xb
 503 01d1 72000000 		.4byte	0x72
 504 01d5 C7       		.byte	0xc7
 505 01d6 00       		.byte	0
 506 01d7 04       		.uleb128 0x4
 507 01d8 AE000000 		.4byte	.LASF53
 508 01dc 03       		.byte	0x3
 509 01dd 7A       		.byte	0x7a
 510 01de 8E010000 		.4byte	0x18e
 511 01e2 0C       		.uleb128 0xc
 512 01e3 FE010000 		.4byte	.LASF54
 513 01e7 01       		.byte	0x1
 514 01e8 44       		.byte	0x44
 515 01e9 48010000 		.4byte	0x148
 516 01ed 00000000 		.4byte	.LFB1
 517 01f1 2A000000 		.4byte	.LFE1-.LFB1
 518 01f5 01       		.uleb128 0x1
 519 01f6 9C       		.byte	0x9c
 520 01f7 1D020000 		.4byte	0x21d
 521 01fb 0D       		.uleb128 0xd
 522 01fc 6D6500   		.ascii	"me\000"
 523 01ff 01       		.byte	0x1
 524 0200 44       		.byte	0x44
 525 0201 23020000 		.4byte	0x223
 526 0205 00000000 		.4byte	.LLST0
 527 0209 0E       		.uleb128 0xe
 528 020a 00000000 		.4byte	.Ldebug_ranges0+0
ARM GAS  C:\Users\zakis\AppData\Local\Temp\ccQQyeub.s 			page 13


 529 020e 0F       		.uleb128 0xf
 530 020f 6900     		.ascii	"i\000"
 531 0211 01       		.byte	0x1
 532 0212 4C       		.byte	0x4c
 533 0213 80000000 		.4byte	0x80
 534 0217 34000000 		.4byte	.LLST1
 535 021b 00       		.byte	0
 536 021c 00       		.byte	0
 537 021d 10       		.uleb128 0x10
 538 021e 04       		.byte	0x4
 539 021f D7010000 		.4byte	0x1d7
 540 0223 11       		.uleb128 0x11
 541 0224 1D020000 		.4byte	0x21d
 542 0228 0C       		.uleb128 0xc
 543 0229 5A000000 		.4byte	.LASF55
 544 022d 01       		.byte	0x1
 545 022e 3A       		.byte	0x3a
 546 022f 48010000 		.4byte	0x148
 547 0233 00000000 		.4byte	.LFB0
 548 0237 08000000 		.4byte	.LFE0-.LFB0
 549 023b 01       		.uleb128 0x1
 550 023c 9C       		.byte	0x9c
 551 023d 61020000 		.4byte	0x261
 552 0241 0D       		.uleb128 0xd
 553 0242 6D6500   		.ascii	"me\000"
 554 0245 01       		.byte	0x1
 555 0246 3A       		.byte	0x3a
 556 0247 23020000 		.4byte	0x223
 557 024b 5E000000 		.4byte	.LLST2
 558 024f 12       		.uleb128 0x12
 559 0250 06000000 		.4byte	.LVL9
 560 0254 E2010000 		.4byte	0x1e2
 561 0258 13       		.uleb128 0x13
 562 0259 01       		.uleb128 0x1
 563 025a 50       		.byte	0x50
 564 025b 03       		.uleb128 0x3
 565 025c F3       		.byte	0xf3
 566 025d 01       		.uleb128 0x1
 567 025e 50       		.byte	0x50
 568 025f 00       		.byte	0
 569 0260 00       		.byte	0
 570 0261 0C       		.uleb128 0xc
 571 0262 0A020000 		.4byte	.LASF56
 572 0266 01       		.byte	0x1
 573 0267 5B       		.byte	0x5b
 574 0268 48010000 		.4byte	0x148
 575 026c 00000000 		.4byte	.LFB2
 576 0270 44000000 		.4byte	.LFE2-.LFB2
 577 0274 01       		.uleb128 0x1
 578 0275 9C       		.byte	0x9c
 579 0276 98020000 		.4byte	0x298
 580 027a 0D       		.uleb128 0xd
 581 027b 6D6500   		.ascii	"me\000"
 582 027e 01       		.byte	0x1
 583 027f 5B       		.byte	0x5b
 584 0280 23020000 		.4byte	0x223
 585 0284 7F000000 		.4byte	.LLST3
ARM GAS  C:\Users\zakis\AppData\Local\Temp\ccQQyeub.s 			page 14


 586 0288 14       		.uleb128 0x14
 587 0289 75010000 		.4byte	.LASF57
 588 028d 01       		.byte	0x1
 589 028e 5B       		.byte	0x5b
 590 028f A3020000 		.4byte	0x2a3
 591 0293 B9000000 		.4byte	.LLST4
 592 0297 00       		.byte	0
 593 0298 10       		.uleb128 0x10
 594 0299 04       		.byte	0x4
 595 029a 9E020000 		.4byte	0x29e
 596 029e 11       		.uleb128 0x11
 597 029f 83010000 		.4byte	0x183
 598 02a3 11       		.uleb128 0x11
 599 02a4 98020000 		.4byte	0x298
 600 02a8 0C       		.uleb128 0xc
 601 02a9 9A020000 		.4byte	.LASF58
 602 02ad 01       		.byte	0x1
 603 02ae 72       		.byte	0x72
 604 02af 48010000 		.4byte	0x148
 605 02b3 00000000 		.4byte	.LFB3
 606 02b7 44000000 		.4byte	.LFE3-.LFB3
 607 02bb 01       		.uleb128 0x1
 608 02bc 9C       		.byte	0x9c
 609 02bd DF020000 		.4byte	0x2df
 610 02c1 0D       		.uleb128 0xd
 611 02c2 6D6500   		.ascii	"me\000"
 612 02c5 01       		.byte	0x1
 613 02c6 72       		.byte	0x72
 614 02c7 23020000 		.4byte	0x223
 615 02cb F3000000 		.4byte	.LLST5
 616 02cf 14       		.uleb128 0x14
 617 02d0 75010000 		.4byte	.LASF57
 618 02d4 01       		.byte	0x1
 619 02d5 72       		.byte	0x72
 620 02d6 E5020000 		.4byte	0x2e5
 621 02da 2D010000 		.4byte	.LLST6
 622 02de 00       		.byte	0
 623 02df 10       		.uleb128 0x10
 624 02e0 04       		.byte	0x4
 625 02e1 83010000 		.4byte	0x183
 626 02e5 11       		.uleb128 0x11
 627 02e6 DF020000 		.4byte	0x2df
 628 02ea 0C       		.uleb128 0xc
 629 02eb 3A040000 		.4byte	.LASF59
 630 02ef 01       		.byte	0x1
 631 02f0 88       		.byte	0x88
 632 02f1 80000000 		.4byte	0x80
 633 02f5 00000000 		.4byte	.LFB4
 634 02f9 0C000000 		.4byte	.LFE4-.LFB4
 635 02fd 01       		.uleb128 0x1
 636 02fe 9C       		.byte	0x9c
 637 02ff 12030000 		.4byte	0x312
 638 0303 0D       		.uleb128 0xd
 639 0304 6D6500   		.ascii	"me\000"
 640 0307 01       		.byte	0x1
 641 0308 88       		.byte	0x88
 642 0309 23020000 		.4byte	0x223
ARM GAS  C:\Users\zakis\AppData\Local\Temp\ccQQyeub.s 			page 15


 643 030d 59010000 		.4byte	.LLST7
 644 0311 00       		.byte	0
 645 0312 15       		.uleb128 0x15
 646 0313 78040000 		.4byte	.LASF63
 647 0317 01       		.byte	0x1
 648 0318 93       		.byte	0x93
 649 0319 80000000 		.4byte	0x80
 650 031d 00000000 		.4byte	.LFB5
 651 0321 06000000 		.4byte	.LFE5-.LFB5
 652 0325 01       		.uleb128 0x1
 653 0326 9C       		.byte	0x9c
 654 0327 0D       		.uleb128 0xd
 655 0328 6D6500   		.ascii	"me\000"
 656 032b 01       		.byte	0x1
 657 032c 93       		.byte	0x93
 658 032d 23020000 		.4byte	0x223
 659 0331 7A010000 		.4byte	.LLST8
 660 0335 00       		.byte	0
 661 0336 00       		.byte	0
 662              		.section	.debug_abbrev,"",%progbits
 663              	.Ldebug_abbrev0:
 664 0000 01       		.uleb128 0x1
 665 0001 11       		.uleb128 0x11
 666 0002 01       		.byte	0x1
 667 0003 25       		.uleb128 0x25
 668 0004 0E       		.uleb128 0xe
 669 0005 13       		.uleb128 0x13
 670 0006 0B       		.uleb128 0xb
 671 0007 03       		.uleb128 0x3
 672 0008 0E       		.uleb128 0xe
 673 0009 1B       		.uleb128 0x1b
 674 000a 0E       		.uleb128 0xe
 675 000b 55       		.uleb128 0x55
 676 000c 17       		.uleb128 0x17
 677 000d 11       		.uleb128 0x11
 678 000e 01       		.uleb128 0x1
 679 000f 10       		.uleb128 0x10
 680 0010 17       		.uleb128 0x17
 681 0011 00       		.byte	0
 682 0012 00       		.byte	0
 683 0013 02       		.uleb128 0x2
 684 0014 24       		.uleb128 0x24
 685 0015 00       		.byte	0
 686 0016 0B       		.uleb128 0xb
 687 0017 0B       		.uleb128 0xb
 688 0018 3E       		.uleb128 0x3e
 689 0019 0B       		.uleb128 0xb
 690 001a 03       		.uleb128 0x3
 691 001b 0E       		.uleb128 0xe
 692 001c 00       		.byte	0
 693 001d 00       		.byte	0
 694 001e 03       		.uleb128 0x3
 695 001f 24       		.uleb128 0x24
 696 0020 00       		.byte	0
 697 0021 0B       		.uleb128 0xb
 698 0022 0B       		.uleb128 0xb
 699 0023 3E       		.uleb128 0x3e
ARM GAS  C:\Users\zakis\AppData\Local\Temp\ccQQyeub.s 			page 16


 700 0024 0B       		.uleb128 0xb
 701 0025 03       		.uleb128 0x3
 702 0026 08       		.uleb128 0x8
 703 0027 00       		.byte	0
 704 0028 00       		.byte	0
 705 0029 04       		.uleb128 0x4
 706 002a 16       		.uleb128 0x16
 707 002b 00       		.byte	0
 708 002c 03       		.uleb128 0x3
 709 002d 0E       		.uleb128 0xe
 710 002e 3A       		.uleb128 0x3a
 711 002f 0B       		.uleb128 0xb
 712 0030 3B       		.uleb128 0x3b
 713 0031 0B       		.uleb128 0xb
 714 0032 49       		.uleb128 0x49
 715 0033 13       		.uleb128 0x13
 716 0034 00       		.byte	0
 717 0035 00       		.byte	0
 718 0036 05       		.uleb128 0x5
 719 0037 04       		.uleb128 0x4
 720 0038 01       		.byte	0x1
 721 0039 0B       		.uleb128 0xb
 722 003a 0B       		.uleb128 0xb
 723 003b 49       		.uleb128 0x49
 724 003c 13       		.uleb128 0x13
 725 003d 3A       		.uleb128 0x3a
 726 003e 0B       		.uleb128 0xb
 727 003f 3B       		.uleb128 0x3b
 728 0040 0B       		.uleb128 0xb
 729 0041 01       		.uleb128 0x1
 730 0042 13       		.uleb128 0x13
 731 0043 00       		.byte	0
 732 0044 00       		.byte	0
 733 0045 06       		.uleb128 0x6
 734 0046 28       		.uleb128 0x28
 735 0047 00       		.byte	0
 736 0048 03       		.uleb128 0x3
 737 0049 0E       		.uleb128 0xe
 738 004a 1C       		.uleb128 0x1c
 739 004b 0B       		.uleb128 0xb
 740 004c 00       		.byte	0
 741 004d 00       		.byte	0
 742 004e 07       		.uleb128 0x7
 743 004f 28       		.uleb128 0x28
 744 0050 00       		.byte	0
 745 0051 03       		.uleb128 0x3
 746 0052 0E       		.uleb128 0xe
 747 0053 1C       		.uleb128 0x1c
 748 0054 0D       		.uleb128 0xd
 749 0055 00       		.byte	0
 750 0056 00       		.byte	0
 751 0057 08       		.uleb128 0x8
 752 0058 13       		.uleb128 0x13
 753 0059 01       		.byte	0x1
 754 005a 0B       		.uleb128 0xb
 755 005b 0B       		.uleb128 0xb
 756 005c 3A       		.uleb128 0x3a
ARM GAS  C:\Users\zakis\AppData\Local\Temp\ccQQyeub.s 			page 17


 757 005d 0B       		.uleb128 0xb
 758 005e 3B       		.uleb128 0x3b
 759 005f 0B       		.uleb128 0xb
 760 0060 01       		.uleb128 0x1
 761 0061 13       		.uleb128 0x13
 762 0062 00       		.byte	0
 763 0063 00       		.byte	0
 764 0064 09       		.uleb128 0x9
 765 0065 0D       		.uleb128 0xd
 766 0066 00       		.byte	0
 767 0067 03       		.uleb128 0x3
 768 0068 0E       		.uleb128 0xe
 769 0069 3A       		.uleb128 0x3a
 770 006a 0B       		.uleb128 0xb
 771 006b 3B       		.uleb128 0x3b
 772 006c 0B       		.uleb128 0xb
 773 006d 49       		.uleb128 0x49
 774 006e 13       		.uleb128 0x13
 775 006f 38       		.uleb128 0x38
 776 0070 0B       		.uleb128 0xb
 777 0071 00       		.byte	0
 778 0072 00       		.byte	0
 779 0073 0A       		.uleb128 0xa
 780 0074 01       		.uleb128 0x1
 781 0075 01       		.byte	0x1
 782 0076 49       		.uleb128 0x49
 783 0077 13       		.uleb128 0x13
 784 0078 01       		.uleb128 0x1
 785 0079 13       		.uleb128 0x13
 786 007a 00       		.byte	0
 787 007b 00       		.byte	0
 788 007c 0B       		.uleb128 0xb
 789 007d 21       		.uleb128 0x21
 790 007e 00       		.byte	0
 791 007f 49       		.uleb128 0x49
 792 0080 13       		.uleb128 0x13
 793 0081 2F       		.uleb128 0x2f
 794 0082 0B       		.uleb128 0xb
 795 0083 00       		.byte	0
 796 0084 00       		.byte	0
 797 0085 0C       		.uleb128 0xc
 798 0086 2E       		.uleb128 0x2e
 799 0087 01       		.byte	0x1
 800 0088 3F       		.uleb128 0x3f
 801 0089 19       		.uleb128 0x19
 802 008a 03       		.uleb128 0x3
 803 008b 0E       		.uleb128 0xe
 804 008c 3A       		.uleb128 0x3a
 805 008d 0B       		.uleb128 0xb
 806 008e 3B       		.uleb128 0x3b
 807 008f 0B       		.uleb128 0xb
 808 0090 27       		.uleb128 0x27
 809 0091 19       		.uleb128 0x19
 810 0092 49       		.uleb128 0x49
 811 0093 13       		.uleb128 0x13
 812 0094 11       		.uleb128 0x11
 813 0095 01       		.uleb128 0x1
ARM GAS  C:\Users\zakis\AppData\Local\Temp\ccQQyeub.s 			page 18


 814 0096 12       		.uleb128 0x12
 815 0097 06       		.uleb128 0x6
 816 0098 40       		.uleb128 0x40
 817 0099 18       		.uleb128 0x18
 818 009a 9742     		.uleb128 0x2117
 819 009c 19       		.uleb128 0x19
 820 009d 01       		.uleb128 0x1
 821 009e 13       		.uleb128 0x13
 822 009f 00       		.byte	0
 823 00a0 00       		.byte	0
 824 00a1 0D       		.uleb128 0xd
 825 00a2 05       		.uleb128 0x5
 826 00a3 00       		.byte	0
 827 00a4 03       		.uleb128 0x3
 828 00a5 08       		.uleb128 0x8
 829 00a6 3A       		.uleb128 0x3a
 830 00a7 0B       		.uleb128 0xb
 831 00a8 3B       		.uleb128 0x3b
 832 00a9 0B       		.uleb128 0xb
 833 00aa 49       		.uleb128 0x49
 834 00ab 13       		.uleb128 0x13
 835 00ac 02       		.uleb128 0x2
 836 00ad 17       		.uleb128 0x17
 837 00ae 00       		.byte	0
 838 00af 00       		.byte	0
 839 00b0 0E       		.uleb128 0xe
 840 00b1 0B       		.uleb128 0xb
 841 00b2 01       		.byte	0x1
 842 00b3 55       		.uleb128 0x55
 843 00b4 17       		.uleb128 0x17
 844 00b5 00       		.byte	0
 845 00b6 00       		.byte	0
 846 00b7 0F       		.uleb128 0xf
 847 00b8 34       		.uleb128 0x34
 848 00b9 00       		.byte	0
 849 00ba 03       		.uleb128 0x3
 850 00bb 08       		.uleb128 0x8
 851 00bc 3A       		.uleb128 0x3a
 852 00bd 0B       		.uleb128 0xb
 853 00be 3B       		.uleb128 0x3b
 854 00bf 0B       		.uleb128 0xb
 855 00c0 49       		.uleb128 0x49
 856 00c1 13       		.uleb128 0x13
 857 00c2 02       		.uleb128 0x2
 858 00c3 17       		.uleb128 0x17
 859 00c4 00       		.byte	0
 860 00c5 00       		.byte	0
 861 00c6 10       		.uleb128 0x10
 862 00c7 0F       		.uleb128 0xf
 863 00c8 00       		.byte	0
 864 00c9 0B       		.uleb128 0xb
 865 00ca 0B       		.uleb128 0xb
 866 00cb 49       		.uleb128 0x49
 867 00cc 13       		.uleb128 0x13
 868 00cd 00       		.byte	0
 869 00ce 00       		.byte	0
 870 00cf 11       		.uleb128 0x11
ARM GAS  C:\Users\zakis\AppData\Local\Temp\ccQQyeub.s 			page 19


 871 00d0 26       		.uleb128 0x26
 872 00d1 00       		.byte	0
 873 00d2 49       		.uleb128 0x49
 874 00d3 13       		.uleb128 0x13
 875 00d4 00       		.byte	0
 876 00d5 00       		.byte	0
 877 00d6 12       		.uleb128 0x12
 878 00d7 898201   		.uleb128 0x4109
 879 00da 01       		.byte	0x1
 880 00db 11       		.uleb128 0x11
 881 00dc 01       		.uleb128 0x1
 882 00dd 31       		.uleb128 0x31
 883 00de 13       		.uleb128 0x13
 884 00df 00       		.byte	0
 885 00e0 00       		.byte	0
 886 00e1 13       		.uleb128 0x13
 887 00e2 8A8201   		.uleb128 0x410a
 888 00e5 00       		.byte	0
 889 00e6 02       		.uleb128 0x2
 890 00e7 18       		.uleb128 0x18
 891 00e8 9142     		.uleb128 0x2111
 892 00ea 18       		.uleb128 0x18
 893 00eb 00       		.byte	0
 894 00ec 00       		.byte	0
 895 00ed 14       		.uleb128 0x14
 896 00ee 05       		.uleb128 0x5
 897 00ef 00       		.byte	0
 898 00f0 03       		.uleb128 0x3
 899 00f1 0E       		.uleb128 0xe
 900 00f2 3A       		.uleb128 0x3a
 901 00f3 0B       		.uleb128 0xb
 902 00f4 3B       		.uleb128 0x3b
 903 00f5 0B       		.uleb128 0xb
 904 00f6 49       		.uleb128 0x49
 905 00f7 13       		.uleb128 0x13
 906 00f8 02       		.uleb128 0x2
 907 00f9 17       		.uleb128 0x17
 908 00fa 00       		.byte	0
 909 00fb 00       		.byte	0
 910 00fc 15       		.uleb128 0x15
 911 00fd 2E       		.uleb128 0x2e
 912 00fe 01       		.byte	0x1
 913 00ff 3F       		.uleb128 0x3f
 914 0100 19       		.uleb128 0x19
 915 0101 03       		.uleb128 0x3
 916 0102 0E       		.uleb128 0xe
 917 0103 3A       		.uleb128 0x3a
 918 0104 0B       		.uleb128 0xb
 919 0105 3B       		.uleb128 0x3b
 920 0106 0B       		.uleb128 0xb
 921 0107 27       		.uleb128 0x27
 922 0108 19       		.uleb128 0x19
 923 0109 49       		.uleb128 0x49
 924 010a 13       		.uleb128 0x13
 925 010b 11       		.uleb128 0x11
 926 010c 01       		.uleb128 0x1
 927 010d 12       		.uleb128 0x12
ARM GAS  C:\Users\zakis\AppData\Local\Temp\ccQQyeub.s 			page 20


 928 010e 06       		.uleb128 0x6
 929 010f 40       		.uleb128 0x40
 930 0110 18       		.uleb128 0x18
 931 0111 9742     		.uleb128 0x2117
 932 0113 19       		.uleb128 0x19
 933 0114 00       		.byte	0
 934 0115 00       		.byte	0
 935 0116 00       		.byte	0
 936              		.section	.debug_loc,"",%progbits
 937              	.Ldebug_loc0:
 938              	.LLST0:
 939 0000 00000000 		.4byte	.LVL0
 940 0004 22000000 		.4byte	.LVL5
 941 0008 0100     		.2byte	0x1
 942 000a 50       		.byte	0x50
 943 000b 22000000 		.4byte	.LVL5
 944 000f 24000000 		.4byte	.LVL6
 945 0013 0100     		.2byte	0x1
 946 0015 51       		.byte	0x51
 947 0016 24000000 		.4byte	.LVL6
 948 001a 28000000 		.4byte	.LVL7
 949 001e 0100     		.2byte	0x1
 950 0020 50       		.byte	0x50
 951 0021 28000000 		.4byte	.LVL7
 952 0025 2A000000 		.4byte	.LFE1
 953 0029 0100     		.2byte	0x1
 954 002b 51       		.byte	0x51
 955 002c 00000000 		.4byte	0
 956 0030 00000000 		.4byte	0
 957              	.LLST1:
 958 0034 12000000 		.4byte	.LVL1
 959 0038 14000000 		.4byte	.LVL2
 960 003c 0200     		.2byte	0x2
 961 003e 30       		.byte	0x30
 962 003f 9F       		.byte	0x9f
 963 0040 14000000 		.4byte	.LVL2
 964 0044 1A000000 		.4byte	.LVL3
 965 0048 0100     		.2byte	0x1
 966 004a 53       		.byte	0x53
 967 004b 1C000000 		.4byte	.LVL4
 968 004f 24000000 		.4byte	.LVL6
 969 0053 0100     		.2byte	0x1
 970 0055 53       		.byte	0x53
 971 0056 00000000 		.4byte	0
 972 005a 00000000 		.4byte	0
 973              	.LLST2:
 974 005e 00000000 		.4byte	.LVL8
 975 0062 05000000 		.4byte	.LVL9-1
 976 0066 0100     		.2byte	0x1
 977 0068 50       		.byte	0x50
 978 0069 05000000 		.4byte	.LVL9-1
 979 006d 08000000 		.4byte	.LFE0
 980 0071 0400     		.2byte	0x4
 981 0073 F3       		.byte	0xf3
 982 0074 01       		.uleb128 0x1
 983 0075 50       		.byte	0x50
 984 0076 9F       		.byte	0x9f
ARM GAS  C:\Users\zakis\AppData\Local\Temp\ccQQyeub.s 			page 21


 985 0077 00000000 		.4byte	0
 986 007b 00000000 		.4byte	0
 987              	.LLST3:
 988 007f 00000000 		.4byte	.LVL10
 989 0083 36000000 		.4byte	.LVL12
 990 0087 0100     		.2byte	0x1
 991 0089 50       		.byte	0x50
 992 008a 36000000 		.4byte	.LVL12
 993 008e 38000000 		.4byte	.LVL13
 994 0092 0400     		.2byte	0x4
 995 0094 F3       		.byte	0xf3
 996 0095 01       		.uleb128 0x1
 997 0096 50       		.byte	0x50
 998 0097 9F       		.byte	0x9f
 999 0098 38000000 		.4byte	.LVL13
 1000 009c 3C000000 		.4byte	.LVL14
 1001 00a0 0100     		.2byte	0x1
 1002 00a2 50       		.byte	0x50
 1003 00a3 3C000000 		.4byte	.LVL14
 1004 00a7 44000000 		.4byte	.LFE2
 1005 00ab 0400     		.2byte	0x4
 1006 00ad F3       		.byte	0xf3
 1007 00ae 01       		.uleb128 0x1
 1008 00af 50       		.byte	0x50
 1009 00b0 9F       		.byte	0x9f
 1010 00b1 00000000 		.4byte	0
 1011 00b5 00000000 		.4byte	0
 1012              	.LLST4:
 1013 00b9 00000000 		.4byte	.LVL10
 1014 00bd 1A000000 		.4byte	.LVL11
 1015 00c1 0100     		.2byte	0x1
 1016 00c3 51       		.byte	0x51
 1017 00c4 1A000000 		.4byte	.LVL11
 1018 00c8 38000000 		.4byte	.LVL13
 1019 00cc 0400     		.2byte	0x4
 1020 00ce F3       		.byte	0xf3
 1021 00cf 01       		.uleb128 0x1
 1022 00d0 51       		.byte	0x51
 1023 00d1 9F       		.byte	0x9f
 1024 00d2 38000000 		.4byte	.LVL13
 1025 00d6 3C000000 		.4byte	.LVL14
 1026 00da 0100     		.2byte	0x1
 1027 00dc 51       		.byte	0x51
 1028 00dd 3C000000 		.4byte	.LVL14
 1029 00e1 44000000 		.4byte	.LFE2
 1030 00e5 0400     		.2byte	0x4
 1031 00e7 F3       		.byte	0xf3
 1032 00e8 01       		.uleb128 0x1
 1033 00e9 51       		.byte	0x51
 1034 00ea 9F       		.byte	0x9f
 1035 00eb 00000000 		.4byte	0
 1036 00ef 00000000 		.4byte	0
 1037              	.LLST5:
 1038 00f3 00000000 		.4byte	.LVL15
 1039 00f7 36000000 		.4byte	.LVL17
 1040 00fb 0100     		.2byte	0x1
 1041 00fd 50       		.byte	0x50
ARM GAS  C:\Users\zakis\AppData\Local\Temp\ccQQyeub.s 			page 22


 1042 00fe 36000000 		.4byte	.LVL17
 1043 0102 38000000 		.4byte	.LVL18
 1044 0106 0400     		.2byte	0x4
 1045 0108 F3       		.byte	0xf3
 1046 0109 01       		.uleb128 0x1
 1047 010a 50       		.byte	0x50
 1048 010b 9F       		.byte	0x9f
 1049 010c 38000000 		.4byte	.LVL18
 1050 0110 3C000000 		.4byte	.LVL19
 1051 0114 0100     		.2byte	0x1
 1052 0116 50       		.byte	0x50
 1053 0117 3C000000 		.4byte	.LVL19
 1054 011b 44000000 		.4byte	.LFE3
 1055 011f 0400     		.2byte	0x4
 1056 0121 F3       		.byte	0xf3
 1057 0122 01       		.uleb128 0x1
 1058 0123 50       		.byte	0x50
 1059 0124 9F       		.byte	0x9f
 1060 0125 00000000 		.4byte	0
 1061 0129 00000000 		.4byte	0
 1062              	.LLST6:
 1063 012d 00000000 		.4byte	.LVL15
 1064 0131 1E000000 		.4byte	.LVL16
 1065 0135 0100     		.2byte	0x1
 1066 0137 51       		.byte	0x51
 1067 0138 1E000000 		.4byte	.LVL16
 1068 013c 38000000 		.4byte	.LVL18
 1069 0140 0400     		.2byte	0x4
 1070 0142 F3       		.byte	0xf3
 1071 0143 01       		.uleb128 0x1
 1072 0144 51       		.byte	0x51
 1073 0145 9F       		.byte	0x9f
 1074 0146 38000000 		.4byte	.LVL18
 1075 014a 44000000 		.4byte	.LFE3
 1076 014e 0100     		.2byte	0x1
 1077 0150 51       		.byte	0x51
 1078 0151 00000000 		.4byte	0
 1079 0155 00000000 		.4byte	0
 1080              	.LLST7:
 1081 0159 00000000 		.4byte	.LVL20
 1082 015d 04000000 		.4byte	.LVL21
 1083 0161 0100     		.2byte	0x1
 1084 0163 50       		.byte	0x50
 1085 0164 04000000 		.4byte	.LVL21
 1086 0168 0C000000 		.4byte	.LFE4
 1087 016c 0400     		.2byte	0x4
 1088 016e F3       		.byte	0xf3
 1089 016f 01       		.uleb128 0x1
 1090 0170 50       		.byte	0x50
 1091 0171 9F       		.byte	0x9f
 1092 0172 00000000 		.4byte	0
 1093 0176 00000000 		.4byte	0
 1094              	.LLST8:
 1095 017a 00000000 		.4byte	.LVL22
 1096 017e 04000000 		.4byte	.LVL23
 1097 0182 0100     		.2byte	0x1
 1098 0184 50       		.byte	0x50
ARM GAS  C:\Users\zakis\AppData\Local\Temp\ccQQyeub.s 			page 23


 1099 0185 04000000 		.4byte	.LVL23
 1100 0189 06000000 		.4byte	.LFE5
 1101 018d 0400     		.2byte	0x4
 1102 018f F3       		.byte	0xf3
 1103 0190 01       		.uleb128 0x1
 1104 0191 50       		.byte	0x50
 1105 0192 9F       		.byte	0x9f
 1106 0193 00000000 		.4byte	0
 1107 0197 00000000 		.4byte	0
 1108              		.section	.debug_aranges,"",%progbits
 1109 0000 44000000 		.4byte	0x44
 1110 0004 0200     		.2byte	0x2
 1111 0006 00000000 		.4byte	.Ldebug_info0
 1112 000a 04       		.byte	0x4
 1113 000b 00       		.byte	0
 1114 000c 0000     		.2byte	0
 1115 000e 0000     		.2byte	0
 1116 0010 00000000 		.4byte	.LFB1
 1117 0014 2A000000 		.4byte	.LFE1-.LFB1
 1118 0018 00000000 		.4byte	.LFB0
 1119 001c 08000000 		.4byte	.LFE0-.LFB0
 1120 0020 00000000 		.4byte	.LFB2
 1121 0024 44000000 		.4byte	.LFE2-.LFB2
 1122 0028 00000000 		.4byte	.LFB3
 1123 002c 44000000 		.4byte	.LFE3-.LFB3
 1124 0030 00000000 		.4byte	.LFB4
 1125 0034 0C000000 		.4byte	.LFE4-.LFB4
 1126 0038 00000000 		.4byte	.LFB5
 1127 003c 06000000 		.4byte	.LFE5-.LFB5
 1128 0040 00000000 		.4byte	0
 1129 0044 00000000 		.4byte	0
 1130              		.section	.debug_ranges,"",%progbits
 1131              	.Ldebug_ranges0:
 1132 0000 12000000 		.4byte	.LBB2
 1133 0004 20000000 		.4byte	.LBE2
 1134 0008 22000000 		.4byte	.LBB3
 1135 000c 24000000 		.4byte	.LBE3
 1136 0010 00000000 		.4byte	0
 1137 0014 00000000 		.4byte	0
 1138 0018 00000000 		.4byte	.LFB1
 1139 001c 2A000000 		.4byte	.LFE1
 1140 0020 00000000 		.4byte	.LFB0
 1141 0024 08000000 		.4byte	.LFE0
 1142 0028 00000000 		.4byte	.LFB2
 1143 002c 44000000 		.4byte	.LFE2
 1144 0030 00000000 		.4byte	.LFB3
 1145 0034 44000000 		.4byte	.LFE3
 1146 0038 00000000 		.4byte	.LFB4
 1147 003c 0C000000 		.4byte	.LFE4
 1148 0040 00000000 		.4byte	.LFB5
 1149 0044 06000000 		.4byte	.LFE5
 1150 0048 00000000 		.4byte	0
 1151 004c 00000000 		.4byte	0
 1152              		.section	.debug_line,"",%progbits
 1153              	.Ldebug_line0:
 1154 0000 F4000000 		.section	.debug_str,"MS",%progbits,1
 1154      02005F00 
ARM GAS  C:\Users\zakis\AppData\Local\Temp\ccQQyeub.s 			page 24


 1154      00000201 
 1154      FB0E0D00 
 1154      01010101 
 1155              	.LASF25:
 1156 0000 52435F45 		.ascii	"RC_ERROR_TIME_OUT\000"
 1156      52524F52 
 1156      5F54494D 
 1156      455F4F55 
 1156      5400
 1157              	.LASF42:
 1158 0012 52435F74 		.ascii	"RC_t\000"
 1158      00
 1159              	.LASF44:
 1160 0017 65765F70 		.ascii	"ev_parseJSON\000"
 1160      61727365 
 1160      4A534F4E 
 1160      00
 1161              	.LASF9:
 1162 0024 6C6F6E67 		.ascii	"long long unsigned int\000"
 1162      206C6F6E 
 1162      6720756E 
 1162      7369676E 
 1162      65642069 
 1163              	.LASF35:
 1164 003b 52435F45 		.ascii	"RC_ERROR_BAD_DATA\000"
 1164      52524F52 
 1164      5F424144 
 1164      5F444154 
 1164      4100
 1165              	.LASF46:
 1166 004d 65765F75 		.ascii	"ev_uartError\000"
 1166      61727445 
 1166      72726F72 
 1166      00
 1167              	.LASF55:
 1168 005a 52425F45 		.ascii	"RB_EV_init\000"
 1168      565F696E 
 1168      697400
 1169              	.LASF1:
 1170 0065 6C6F6E67 		.ascii	"long long int\000"
 1170      206C6F6E 
 1170      6720696E 
 1170      7400
 1171              	.LASF3:
 1172 0073 7369676E 		.ascii	"signed char\000"
 1172      65642063 
 1172      68617200 
 1173              	.LASF18:
 1174 007f 52435F45 		.ascii	"RC_ERROR_MEMORY\000"
 1174      52524F52 
 1174      5F4D454D 
 1174      4F525900 
 1175              	.LASF23:
 1176 008f 52435F45 		.ascii	"RC_ERROR_BUFFER_EMTPY\000"
 1176      52524F52 
 1176      5F425546 
 1176      4645525F 
ARM GAS  C:\Users\zakis\AppData\Local\Temp\ccQQyeub.s 			page 25


 1176      454D5450 
 1177              	.LASF7:
 1178 00a5 6C6F6E67 		.ascii	"long int\000"
 1178      20696E74 
 1178      00
 1179              	.LASF53:
 1180 00ae 52425F45 		.ascii	"RB_EV_t\000"
 1180      565F7400 
 1181              	.LASF41:
 1182 00b6 75696E74 		.ascii	"uint16_t\000"
 1182      31365F74 
 1182      00
 1183              	.LASF13:
 1184 00bf 646F7562 		.ascii	"double\000"
 1184      6C6500
 1185              	.LASF61:
 1186 00c6 736F7572 		.ascii	"source\\bsw\\cdd\\ringBufferEV.c\000"
 1186      63655C62 
 1186      73775C63 
 1186      64645C72 
 1186      696E6742 
 1187              	.LASF49:
 1188 00e4 6D5F6461 		.ascii	"m_data\000"
 1188      746100
 1189              	.LASF37:
 1190 00eb 52435F45 		.ascii	"RC_ERROR_INVALID_STATE\000"
 1190      52524F52 
 1190      5F494E56 
 1190      414C4944 
 1190      5F535441 
 1191              	.LASF0:
 1192 0102 756E7369 		.ascii	"unsigned int\000"
 1192      676E6564 
 1192      20696E74 
 1192      00
 1193              	.LASF45:
 1194 010f 65765F64 		.ascii	"ev_drawOnTFT\000"
 1194      7261774F 
 1194      6E544654 
 1194      00
 1195              	.LASF40:
 1196 011c 52435F54 		.ascii	"RC_TRIGGER\000"
 1196      52494747 
 1196      455200
 1197              	.LASF38:
 1198 0127 52435F45 		.ascii	"RC_ERROR_UNKNOWN\000"
 1198      52524F52 
 1198      5F554E4B 
 1198      4E4F574E 
 1198      00
 1199              	.LASF27:
 1200 0138 52435F45 		.ascii	"RC_ERROR_CHECKSUM\000"
 1200      52524F52 
 1200      5F434845 
 1200      434B5355 
 1200      4D00
 1201              	.LASF8:
ARM GAS  C:\Users\zakis\AppData\Local\Temp\ccQQyeub.s 			page 26


 1202 014a 6C6F6E67 		.ascii	"long unsigned int\000"
 1202      20756E73 
 1202      69676E65 
 1202      6420696E 
 1202      7400
 1203              	.LASF16:
 1204 015c 52435F45 		.ascii	"RC_ERROR_NULL\000"
 1204      52524F52 
 1204      5F4E554C 
 1204      4C00
 1205              	.LASF14:
 1206 016a 52435F53 		.ascii	"RC_SUCCESS\000"
 1206      55434345 
 1206      535300
 1207              	.LASF57:
 1208 0175 64617461 		.ascii	"data\000"
 1208      00
 1209              	.LASF6:
 1210 017a 73686F72 		.ascii	"short unsigned int\000"
 1210      7420756E 
 1210      7369676E 
 1210      65642069 
 1210      6E7400
 1211              	.LASF15:
 1212 018d 52435F45 		.ascii	"RC_ERROR\000"
 1212      52524F52 
 1212      00
 1213              	.LASF22:
 1214 0196 52435F45 		.ascii	"RC_ERROR_BUFFER_FULL\000"
 1214      52524F52 
 1214      5F425546 
 1214      4645525F 
 1214      46554C4C 
 1215              	.LASF43:
 1216 01ab 65765F4E 		.ascii	"ev_NONE\000"
 1216      4F4E4500 
 1217              	.LASF32:
 1218 01b3 52435F45 		.ascii	"RC_ERROR_WRITE_FAILS\000"
 1218      52524F52 
 1218      5F575249 
 1218      54455F46 
 1218      41494C53 
 1219              	.LASF33:
 1220 01c8 52435F45 		.ascii	"RC_ERROR_NOT_MATCH\000"
 1220      52524F52 
 1220      5F4E4F54 
 1220      5F4D4154 
 1220      434800
 1221              	.LASF26:
 1222 01db 52435F45 		.ascii	"RC_ERROR_OPEN\000"
 1222      52524F52 
 1222      5F4F5045 
 1222      4E00
 1223              	.LASF10:
 1224 01e9 73697A65 		.ascii	"sizetype\000"
 1224      74797065 
 1224      00
ARM GAS  C:\Users\zakis\AppData\Local\Temp\ccQQyeub.s 			page 27


 1225              	.LASF2:
 1226 01f2 6C6F6E67 		.ascii	"long double\000"
 1226      20646F75 
 1226      626C6500 
 1227              	.LASF54:
 1228 01fe 52425F45 		.ascii	"RB_EV_clear\000"
 1228      565F636C 
 1228      65617200 
 1229              	.LASF56:
 1230 020a 52425F45 		.ascii	"RB_EV_write\000"
 1230      565F7772 
 1230      69746500 
 1231              	.LASF36:
 1232 0216 52435F45 		.ascii	"RC_ERROR_CANCELED\000"
 1232      52524F52 
 1232      5F43414E 
 1232      43454C45 
 1232      4400
 1233              	.LASF21:
 1234 0228 52435F45 		.ascii	"RC_ERROR_UNDERRUN\000"
 1234      52524F52 
 1234      5F554E44 
 1234      45525255 
 1234      4E00
 1235              	.LASF31:
 1236 023a 52435F45 		.ascii	"RC_ERROR_READ_FAILS\000"
 1236      52524F52 
 1236      5F524541 
 1236      445F4641 
 1236      494C5300 
 1237              	.LASF47:
 1238 024e 65457665 		.ascii	"eEvent_t\000"
 1238      6E745F74 
 1238      00
 1239              	.LASF12:
 1240 0257 666C6F61 		.ascii	"float\000"
 1240      7400
 1241              	.LASF48:
 1242 025d 52425F45 		.ascii	"RB_EV_data_t\000"
 1242      565F6461 
 1242      74615F74 
 1242      00
 1243              	.LASF24:
 1244 026a 52435F45 		.ascii	"RC_ERROR_BUSY\000"
 1244      52524F52 
 1244      5F425553 
 1244      5900
 1245              	.LASF29:
 1246 0278 52435F45 		.ascii	"RC_ERROR_WRITE_ONLY\000"
 1246      52524F52 
 1246      5F575249 
 1246      54455F4F 
 1246      4E4C5900 
 1247              	.LASF4:
 1248 028c 756E7369 		.ascii	"unsigned char\000"
 1248      676E6564 
 1248      20636861 
ARM GAS  C:\Users\zakis\AppData\Local\Temp\ccQQyeub.s 			page 28


 1248      7200
 1249              	.LASF58:
 1250 029a 52425F45 		.ascii	"RB_EV_read\000"
 1250      565F7265 
 1250      616400
 1251              	.LASF5:
 1252 02a5 73686F72 		.ascii	"short int\000"
 1252      7420696E 
 1252      7400
 1253              	.LASF60:
 1254 02af 474E5520 		.ascii	"GNU C11 5.4.1 20160609 (release) [ARM/embedded-5-br"
 1254      43313120 
 1254      352E342E 
 1254      31203230 
 1254      31363036 
 1255 02e2 616E6368 		.ascii	"anch revision 237715] -mcpu=cortex-m3 -mthumb -g -O"
 1255      20726576 
 1255      6973696F 
 1255      6E203233 
 1255      37373135 
 1256 0315 67202D66 		.ascii	"g -ffunction-sections -ffat-lto-objects\000"
 1256      66756E63 
 1256      74696F6E 
 1256      2D736563 
 1256      74696F6E 
 1257              	.LASF17:
 1258 033d 52435F45 		.ascii	"RC_ERROR_ZERO\000"
 1258      52524F52 
 1258      5F5A4552 
 1258      4F00
 1259              	.LASF52:
 1260 034b 6D5F6669 		.ascii	"m_fillLevel\000"
 1260      6C6C4C65 
 1260      76656C00 
 1261              	.LASF34:
 1262 0357 52435F45 		.ascii	"RC_ERROR_BAD_PARAM\000"
 1262      52524F52 
 1262      5F424144 
 1262      5F504152 
 1262      414D00
 1263              	.LASF28:
 1264 036a 52435F45 		.ascii	"RC_ERROR_READ_ONLY\000"
 1264      52524F52 
 1264      5F524541 
 1264      445F4F4E 
 1264      4C5900
 1265              	.LASF11:
 1266 037d 63686172 		.ascii	"char\000"
 1266      00
 1267              	.LASF51:
 1268 0382 6D5F7772 		.ascii	"m_writeIndex\000"
 1268      69746549 
 1268      6E646578 
 1268      00
 1269              	.LASF39:
 1270 038f 52435F45 		.ascii	"RC_ERROR_NOT_IMPLEMENTED\000"
 1270      52524F52 
ARM GAS  C:\Users\zakis\AppData\Local\Temp\ccQQyeub.s 			page 29


 1270      5F4E4F54 
 1270      5F494D50 
 1270      4C454D45 
 1271              	.LASF20:
 1272 03a8 52435F45 		.ascii	"RC_ERROR_OVERRUN\000"
 1272      52524F52 
 1272      5F4F5645 
 1272      5252554E 
 1272      00
 1273              	.LASF62:
 1274 03b9 433A5C55 		.ascii	"C:\\Users\\zakis\\Documents\\EOS_Assignment_Two\\JS"
 1274      73657273 
 1274      5C7A616B 
 1274      69735C44 
 1274      6F63756D 
 1275 03e7 4F4E5F50 		.ascii	"ON_Parser\\EOS_Assignment_Two\\Archive\\JSON_Parser"
 1275      61727365 
 1275      725C454F 
 1275      535F4173 
 1275      7369676E 
 1276 0417 2E637970 		.ascii	".cyprj.Archive02\\JSON_Parser.cydsn\000"
 1276      726A2E41 
 1276      72636869 
 1276      76653032 
 1276      5C4A534F 
 1277              	.LASF59:
 1278 043a 52425F45 		.ascii	"RB_EV_getCapacity\000"
 1278      565F6765 
 1278      74436170 
 1278      61636974 
 1278      7900
 1279              	.LASF30:
 1280 044c 52435F45 		.ascii	"RC_ERROR_INVALID\000"
 1280      52524F52 
 1280      5F494E56 
 1280      414C4944 
 1280      00
 1281              	.LASF19:
 1282 045d 52435F45 		.ascii	"RC_ERROR_RANGE\000"
 1282      52524F52 
 1282      5F52414E 
 1282      474500
 1283              	.LASF50:
 1284 046c 6D5F7265 		.ascii	"m_readIndex\000"
 1284      6164496E 
 1284      64657800 
 1285              	.LASF63:
 1286 0478 52425F45 		.ascii	"RB_EV_getNumberOfStoredElements\000"
 1286      565F6765 
 1286      744E756D 
 1286      6265724F 
 1286      6653746F 
 1287              		.ident	"GCC: (GNU Tools for ARM Embedded Processors) 5.4.1 20160609 (release) [ARM/embedded-5-bran
