ARM GAS  C:\Users\zakis\AppData\Local\Temp\ccXc2Fp2.s 			page 1


   1              		.syntax unified
   2              		.cpu cortex-m3
   3              		.fpu softvfp
   4              		.eabi_attribute 20, 1
   5              		.eabi_attribute 21, 1
   6              		.eabi_attribute 23, 3
   7              		.eabi_attribute 24, 1
   8              		.eabi_attribute 25, 1
   9              		.eabi_attribute 26, 1
  10              		.eabi_attribute 30, 1
  11              		.eabi_attribute 34, 1
  12              		.eabi_attribute 18, 4
  13              		.thumb
  14              		.syntax unified
  15              		.file	"ErikaOS_1_ee_tstub.c"
  16              		.text
  17              	.Ltext0:
  18              		.cfi_sections	.debug_frame
  19              		.section	.text.EE_oo_thread_stub,"ax",%progbits
  20              		.align	2
  21              		.global	EE_oo_thread_stub
  22              		.thumb
  23              		.thumb_func
  24              		.type	EE_oo_thread_stub, %function
  25              	EE_oo_thread_stub:
  26              	.LFB59:
  27              		.file 1 "Generated_Source\\PSoC5\\ErikaOS_1_ee_tstub.c"
   1:Generated_Source\PSoC5/ErikaOS_1_ee_tstub.c **** /* ###*B*###
   2:Generated_Source\PSoC5/ErikaOS_1_ee_tstub.c ****  * ERIKA Enterprise - a tiny RTOS for small microcontrollers
   3:Generated_Source\PSoC5/ErikaOS_1_ee_tstub.c ****  *
   4:Generated_Source\PSoC5/ErikaOS_1_ee_tstub.c ****  * Copyright (C) 2002-2008  Evidence Srl
   5:Generated_Source\PSoC5/ErikaOS_1_ee_tstub.c ****  *
   6:Generated_Source\PSoC5/ErikaOS_1_ee_tstub.c ****  * This file is part of ERIKA Enterprise.
   7:Generated_Source\PSoC5/ErikaOS_1_ee_tstub.c ****  *
   8:Generated_Source\PSoC5/ErikaOS_1_ee_tstub.c ****  * ERIKA Enterprise is free software; you can redistribute it
   9:Generated_Source\PSoC5/ErikaOS_1_ee_tstub.c ****  * and/or modify it under the terms of the GNU General Public License
  10:Generated_Source\PSoC5/ErikaOS_1_ee_tstub.c ****  * version 2 as published by the Free Software Foundation, 
  11:Generated_Source\PSoC5/ErikaOS_1_ee_tstub.c ****  * (with a special exception described below).
  12:Generated_Source\PSoC5/ErikaOS_1_ee_tstub.c ****  *
  13:Generated_Source\PSoC5/ErikaOS_1_ee_tstub.c ****  * Linking this code statically or dynamically with other modules is
  14:Generated_Source\PSoC5/ErikaOS_1_ee_tstub.c ****  * making a combined work based on this code.  Thus, the terms and
  15:Generated_Source\PSoC5/ErikaOS_1_ee_tstub.c ****  * conditions of the GNU General Public License cover the whole
  16:Generated_Source\PSoC5/ErikaOS_1_ee_tstub.c ****  * combination.
  17:Generated_Source\PSoC5/ErikaOS_1_ee_tstub.c ****  *
  18:Generated_Source\PSoC5/ErikaOS_1_ee_tstub.c ****  * As a special exception, the copyright holders of this library give you
  19:Generated_Source\PSoC5/ErikaOS_1_ee_tstub.c ****  * permission to link this code with independent modules to produce an
  20:Generated_Source\PSoC5/ErikaOS_1_ee_tstub.c ****  * executable, regardless of the license terms of these independent
  21:Generated_Source\PSoC5/ErikaOS_1_ee_tstub.c ****  * modules, and to copy and distribute the resulting executable under
  22:Generated_Source\PSoC5/ErikaOS_1_ee_tstub.c ****  * terms of your choice, provided that you also meet, for each linked
  23:Generated_Source\PSoC5/ErikaOS_1_ee_tstub.c ****  * independent module, the terms and conditions of the license of that
  24:Generated_Source\PSoC5/ErikaOS_1_ee_tstub.c ****  * module.  An independent module is a module which is not derived from
  25:Generated_Source\PSoC5/ErikaOS_1_ee_tstub.c ****  * or based on this library.  If you modify this code, you may extend
  26:Generated_Source\PSoC5/ErikaOS_1_ee_tstub.c ****  * this exception to your version of the code, but you are not
  27:Generated_Source\PSoC5/ErikaOS_1_ee_tstub.c ****  * obligated to do so.  If you do not wish to do so, delete this
  28:Generated_Source\PSoC5/ErikaOS_1_ee_tstub.c ****  * exception statement from your version.
  29:Generated_Source\PSoC5/ErikaOS_1_ee_tstub.c ****  *
  30:Generated_Source\PSoC5/ErikaOS_1_ee_tstub.c ****  * ERIKA Enterprise is distributed in the hope that it will be
ARM GAS  C:\Users\zakis\AppData\Local\Temp\ccXc2Fp2.s 			page 2


  31:Generated_Source\PSoC5/ErikaOS_1_ee_tstub.c ****  * useful, but WITHOUT ANY WARRANTY; without even the implied warranty
  32:Generated_Source\PSoC5/ErikaOS_1_ee_tstub.c ****  * of MERCHANTABILITY or FITNESS FOR A PARTICULAR PURPOSE.  See the
  33:Generated_Source\PSoC5/ErikaOS_1_ee_tstub.c ****  * GNU General Public License version 2 for more details.
  34:Generated_Source\PSoC5/ErikaOS_1_ee_tstub.c ****  *
  35:Generated_Source\PSoC5/ErikaOS_1_ee_tstub.c ****  * You should have received a copy of the GNU General Public License
  36:Generated_Source\PSoC5/ErikaOS_1_ee_tstub.c ****  * version 2 along with ERIKA Enterprise; if not, write to the
  37:Generated_Source\PSoC5/ErikaOS_1_ee_tstub.c ****  * Free Software Foundation, Inc., 51 Franklin Street, Fifth Floor,
  38:Generated_Source\PSoC5/ErikaOS_1_ee_tstub.c ****  * Boston, MA 02110-1301 USA.
  39:Generated_Source\PSoC5/ErikaOS_1_ee_tstub.c ****  * ###*E*### */
  40:Generated_Source\PSoC5/ErikaOS_1_ee_tstub.c **** 
  41:Generated_Source\PSoC5/ErikaOS_1_ee_tstub.c **** /*
  42:Generated_Source\PSoC5/ErikaOS_1_ee_tstub.c ****  * Author: 2002-2004 Paolo Gai
  43:Generated_Source\PSoC5/ErikaOS_1_ee_tstub.c ****  * CVS: $Id: ee_tstub.c,v 1.1 2005/07/16 12:23:42 pj Exp $
  44:Generated_Source\PSoC5/ErikaOS_1_ee_tstub.c ****  */
  45:Generated_Source\PSoC5/ErikaOS_1_ee_tstub.c **** 
  46:Generated_Source\PSoC5/ErikaOS_1_ee_tstub.c **** /*
  47:Generated_Source\PSoC5/ErikaOS_1_ee_tstub.c ****  * PSoC Port and API Generation
  48:Generated_Source\PSoC5/ErikaOS_1_ee_tstub.c ****  * Carlos Fernando Meier Martinez
  49:Generated_Source\PSoC5/ErikaOS_1_ee_tstub.c ****  * Hochschule Darmstadt, Germany. 2017.
  50:Generated_Source\PSoC5/ErikaOS_1_ee_tstub.c ****  */
  51:Generated_Source\PSoC5/ErikaOS_1_ee_tstub.c **** #include "ErikaOS_1_ee_tracing.h"
  52:Generated_Source\PSoC5/ErikaOS_1_ee_tstub.c **** 
  53:Generated_Source\PSoC5/ErikaOS_1_ee_tstub.c **** #include "ErikaOS_1_ee_internal.inc"
  54:Generated_Source\PSoC5/ErikaOS_1_ee_tstub.c **** 
  55:Generated_Source\PSoC5/ErikaOS_1_ee_tstub.c **** /* TerminateStub:
  56:Generated_Source\PSoC5/ErikaOS_1_ee_tstub.c ****    - This is the function that is called as the "real thread body" of 
  57:Generated_Source\PSoC5/ErikaOS_1_ee_tstub.c ****      an OO task.
  58:Generated_Source\PSoC5/ErikaOS_1_ee_tstub.c ****    - This function is not called if a task use only a terminate_task at 
  59:Generated_Source\PSoC5/ErikaOS_1_ee_tstub.c ****      the end of the thread. In some architectures, this can lead 
  60:Generated_Source\PSoC5/ErikaOS_1_ee_tstub.c ****      to some stack savings...
  61:Generated_Source\PSoC5/ErikaOS_1_ee_tstub.c **** */
  62:Generated_Source\PSoC5/ErikaOS_1_ee_tstub.c **** 
  63:Generated_Source\PSoC5/ErikaOS_1_ee_tstub.c **** #if (__OO_configUSE_TRACE_FACILITY == 1)
  64:Generated_Source\PSoC5/ErikaOS_1_ee_tstub.c **** #include "trcKernelPort.h"
  65:Generated_Source\PSoC5/ErikaOS_1_ee_tstub.c **** #endif
  66:Generated_Source\PSoC5/ErikaOS_1_ee_tstub.c **** 
  67:Generated_Source\PSoC5/ErikaOS_1_ee_tstub.c **** #ifndef __PRIVATE_THREADSTUB__
  68:Generated_Source\PSoC5/ErikaOS_1_ee_tstub.c **** void EE_oo_thread_stub(void)
  69:Generated_Source\PSoC5/ErikaOS_1_ee_tstub.c **** {
  28              		.loc 1 69 0
  29              		.cfi_startproc
  30              		@ args = 0, pretend = 0, frame = 0
  31              		@ frame_needed = 0, uses_anonymous_args = 0
  32 0000 08B5     		push	{r3, lr}
  33              		.cfi_def_cfa_offset 8
  34              		.cfi_offset 3, -8
  35              		.cfi_offset 14, -4
  70:Generated_Source\PSoC5/ErikaOS_1_ee_tstub.c ****   register EE_TID temp;
  71:Generated_Source\PSoC5/ErikaOS_1_ee_tstub.c **** 
  72:Generated_Source\PSoC5/ErikaOS_1_ee_tstub.c **** #if (__OO_configUSE_TRACE_FACILITY == 1)
  73:Generated_Source\PSoC5/ErikaOS_1_ee_tstub.c ****   traceMOVED_TASK_TO_READY_STATE(EE_stk_queryfirst());
  74:Generated_Source\PSoC5/ErikaOS_1_ee_tstub.c ****   traceTASK_SWITCHED_IN(EE_stk_queryfirst(), EE_th_ready_prio[EE_stk_queryfirst()]);
  75:Generated_Source\PSoC5/ErikaOS_1_ee_tstub.c **** #endif
  76:Generated_Source\PSoC5/ErikaOS_1_ee_tstub.c **** 
  77:Generated_Source\PSoC5/ErikaOS_1_ee_tstub.c ****   EE_oo_call_PreTaskHook();
  78:Generated_Source\PSoC5/ErikaOS_1_ee_tstub.c **** 
  79:Generated_Source\PSoC5/ErikaOS_1_ee_tstub.c ****   temp = EE_stk_queryfirst();
ARM GAS  C:\Users\zakis\AppData\Local\Temp\ccXc2Fp2.s 			page 3


  80:Generated_Source\PSoC5/ErikaOS_1_ee_tstub.c **** 
  81:Generated_Source\PSoC5/ErikaOS_1_ee_tstub.c ****   EE_hal_terminate_savestk(temp);
  36              		.loc 1 81 0
  37 0002 024B     		ldr	r3, .L3
  38 0004 1868     		ldr	r0, [r3]
  39 0006 FFF7FEFF 		bl	EE_hal_terminate_savestk
  40              	.LVL0:
  41 000a 08BD     		pop	{r3, pc}
  42              	.L4:
  43              		.align	2
  44              	.L3:
  45 000c 00000000 		.word	EE_stkfirst
  46              		.cfi_endproc
  47              	.LFE59:
  48              		.size	EE_oo_thread_stub, .-EE_oo_thread_stub
  49              		.text
  50              	.Letext0:
  51              		.file 2 "Generated_Source\\PSoC5\\ErikaOS_1_common_ee_types.inc"
  52              		.file 3 "Generated_Source\\PSoC5\\ErikaOS_1_cortex_mx_ee_cpu.inc"
  53              		.file 4 "Generated_Source\\PSoC5\\ErikaOS_1_ee_oo_common.inc"
  54              		.file 5 "Generated_Source\\PSoC5\\ErikaOS_1_common_ee_primitives.inc"
  55              		.file 6 "Generated_Source\\PSoC5\\ErikaOS_1_cortex_mx_ee_context.inc"
  56              		.file 7 "Generated_Source\\PSoC5\\ErikaOS_1_ee_oo_intfunc.inc"
  57              		.file 8 "Generated_Source\\PSoC5\\ErikaOS_1_ee_oo_internal.inc"
  58              		.file 9 "Generated_Source\\PSoC5\\ErikaOS_1_cortex_mx_ee_internal.inc"
  59              		.section	.debug_info,"",%progbits
  60              	.Ldebug_info0:
  61 0000 B7020000 		.4byte	0x2b7
  62 0004 0400     		.2byte	0x4
  63 0006 00000000 		.4byte	.Ldebug_abbrev0
  64 000a 04       		.byte	0x4
  65 000b 01       		.uleb128 0x1
  66 000c 46030000 		.4byte	.LASF48
  67 0010 0C       		.byte	0xc
  68 0011 08030000 		.4byte	.LASF49
  69 0015 0B040000 		.4byte	.LASF50
  70 0019 00000000 		.4byte	.Ldebug_ranges0+0
  71 001d 00000000 		.4byte	0
  72 0021 00000000 		.4byte	.Ldebug_line0
  73 0025 02       		.uleb128 0x2
  74 0026 01       		.byte	0x1
  75 0027 06       		.byte	0x6
  76 0028 A4010000 		.4byte	.LASF0
  77 002c 02       		.uleb128 0x2
  78 002d 01       		.byte	0x1
  79 002e 08       		.byte	0x8
  80 002f 96010000 		.4byte	.LASF1
  81 0033 02       		.uleb128 0x2
  82 0034 02       		.byte	0x2
  83 0035 05       		.byte	0x5
  84 0036 54000000 		.4byte	.LASF2
  85 003a 02       		.uleb128 0x2
  86 003b 02       		.byte	0x2
  87 003c 07       		.byte	0x7
  88 003d 21020000 		.4byte	.LASF3
  89 0041 02       		.uleb128 0x2
  90 0042 04       		.byte	0x4
ARM GAS  C:\Users\zakis\AppData\Local\Temp\ccXc2Fp2.s 			page 4


  91 0043 05       		.byte	0x5
  92 0044 28010000 		.4byte	.LASF4
  93 0048 02       		.uleb128 0x2
  94 0049 04       		.byte	0x4
  95 004a 07       		.byte	0x7
  96 004b 67020000 		.4byte	.LASF5
  97 004f 02       		.uleb128 0x2
  98 0050 08       		.byte	0x8
  99 0051 05       		.byte	0x5
 100 0052 02010000 		.4byte	.LASF6
 101 0056 02       		.uleb128 0x2
 102 0057 08       		.byte	0x8
 103 0058 07       		.byte	0x7
 104 0059 B0010000 		.4byte	.LASF7
 105 005d 03       		.uleb128 0x3
 106 005e 04       		.byte	0x4
 107 005f 05       		.byte	0x5
 108 0060 696E7400 		.ascii	"int\000"
 109 0064 02       		.uleb128 0x2
 110 0065 04       		.byte	0x4
 111 0066 07       		.byte	0x7
 112 0067 D9010000 		.4byte	.LASF8
 113 006b 02       		.uleb128 0x2
 114 006c 08       		.byte	0x8
 115 006d 04       		.byte	0x4
 116 006e 75010000 		.4byte	.LASF9
 117 0072 04       		.uleb128 0x4
 118 0073 10010000 		.4byte	.LASF10
 119 0077 02       		.byte	0x2
 120 0078 3F       		.byte	0x3f
 121 0079 25000000 		.4byte	0x25
 122 007d 04       		.uleb128 0x4
 123 007e 34020000 		.4byte	.LASF11
 124 0082 02       		.byte	0x2
 125 0083 52       		.byte	0x52
 126 0084 3A000000 		.4byte	0x3a
 127 0088 04       		.uleb128 0x4
 128 0089 0B020000 		.4byte	.LASF12
 129 008d 02       		.byte	0x2
 130 008e 53       		.byte	0x53
 131 008f 5D000000 		.4byte	0x5d
 132 0093 04       		.uleb128 0x4
 133 0094 78000000 		.4byte	.LASF13
 134 0098 02       		.byte	0x2
 135 0099 54       		.byte	0x54
 136 009a 64000000 		.4byte	0x64
 137 009e 04       		.uleb128 0x4
 138 009f 1D000000 		.4byte	.LASF14
 139 00a3 03       		.byte	0x3
 140 00a4 4D       		.byte	0x4d
 141 00a5 93000000 		.4byte	0x93
 142 00a9 04       		.uleb128 0x4
 143 00aa 70000000 		.4byte	.LASF15
 144 00ae 03       		.byte	0x3
 145 00af 4F       		.byte	0x4f
 146 00b0 93000000 		.4byte	0x93
 147 00b4 04       		.uleb128 0x4
ARM GAS  C:\Users\zakis\AppData\Local\Temp\ccXc2Fp2.s 			page 5


 148 00b5 79020000 		.4byte	.LASF16
 149 00b9 03       		.byte	0x3
 150 00ba 54       		.byte	0x54
 151 00bb 9E000000 		.4byte	0x9e
 152 00bf 04       		.uleb128 0x4
 153 00c0 B9000000 		.4byte	.LASF17
 154 00c4 03       		.byte	0x3
 155 00c5 78       		.byte	0x78
 156 00c6 88000000 		.4byte	0x88
 157 00ca 05       		.uleb128 0x5
 158 00cb 18010000 		.4byte	.LASF18
 159 00cf 04       		.byte	0x4
 160 00d0 1101     		.2byte	0x111
 161 00d2 7D000000 		.4byte	0x7d
 162 00d6 06       		.uleb128 0x6
 163 00d7 01       		.byte	0x1
 164 00d8 2C000000 		.4byte	0x2c
 165 00dc 04       		.byte	0x4
 166 00dd 5904     		.2byte	0x459
 167 00df 26010000 		.4byte	0x126
 168 00e3 07       		.uleb128 0x7
 169 00e4 00000000 		.4byte	.LASF19
 170 00e8 00       		.byte	0
 171 00e9 07       		.uleb128 0x7
 172 00ea 14020000 		.4byte	.LASF20
 173 00ee 01       		.byte	0x1
 174 00ef 07       		.uleb128 0x7
 175 00f0 AC000000 		.4byte	.LASF21
 176 00f4 02       		.byte	0x2
 177 00f5 07       		.uleb128 0x7
 178 00f6 5E000000 		.4byte	.LASF22
 179 00fa 03       		.byte	0x3
 180 00fb 07       		.uleb128 0x7
 181 00fc 91020000 		.4byte	.LASF23
 182 0100 04       		.byte	0x4
 183 0101 07       		.uleb128 0x7
 184 0102 A8020000 		.4byte	.LASF24
 185 0106 05       		.byte	0x5
 186 0107 07       		.uleb128 0x7
 187 0108 BC020000 		.4byte	.LASF25
 188 010c 06       		.byte	0x6
 189 010d 07       		.uleb128 0x7
 190 010e DF030000 		.4byte	.LASF26
 191 0112 07       		.byte	0x7
 192 0113 07       		.uleb128 0x7
 193 0114 81010000 		.4byte	.LASF27
 194 0118 08       		.byte	0x8
 195 0119 07       		.uleb128 0x7
 196 011a 3E020000 		.4byte	.LASF28
 197 011e 09       		.byte	0x9
 198 011f 07       		.uleb128 0x7
 199 0120 F5000000 		.4byte	.LASF29
 200 0124 0A       		.byte	0xa
 201 0125 00       		.byte	0
 202 0126 05       		.uleb128 0x5
 203 0127 C0000000 		.4byte	.LASF30
 204 012b 04       		.byte	0x4
ARM GAS  C:\Users\zakis\AppData\Local\Temp\ccXc2Fp2.s 			page 6


 205 012c 6504     		.2byte	0x465
 206 012e D6000000 		.4byte	0xd6
 207 0132 08       		.uleb128 0x8
 208 0133 4A010000 		.4byte	.LASF51
 209 0137 04       		.byte	0x4
 210 0138 8404     		.2byte	0x484
 211 013a 03       		.byte	0x3
 212 013b 4C010000 		.4byte	0x14c
 213 013f 09       		.uleb128 0x9
 214 0140 63747800 		.ascii	"ctx\000"
 215 0144 04       		.byte	0x4
 216 0145 8504     		.2byte	0x485
 217 0147 26010000 		.4byte	0x126
 218 014b 00       		.byte	0
 219 014c 0A       		.uleb128 0xa
 220 014d C7010000 		.4byte	.LASF52
 221 0151 08       		.byte	0x8
 222 0152 EE       		.byte	0xee
 223 0153 BF000000 		.4byte	0xbf
 224 0157 03       		.byte	0x3
 225 0158 0B       		.uleb128 0xb
 226 0159 25000000 		.4byte	.LASF53
 227 015d 08       		.byte	0x8
 228 015e 8D01     		.2byte	0x18d
 229 0160 03       		.byte	0x3
 230 0161 0C       		.uleb128 0xc
 231 0162 34030000 		.4byte	.LASF54
 232 0166 01       		.byte	0x1
 233 0167 44       		.byte	0x44
 234 0168 00000000 		.4byte	.LFB59
 235 016c 10000000 		.4byte	.LFE59-.LFB59
 236 0170 01       		.uleb128 0x1
 237 0171 9C       		.byte	0x9c
 238 0172 8B010000 		.4byte	0x18b
 239 0176 0D       		.uleb128 0xd
 240 0177 4F000000 		.4byte	.LASF55
 241 017b 01       		.byte	0x1
 242 017c 46       		.byte	0x46
 243 017d BF000000 		.4byte	0xbf
 244 0181 0E       		.uleb128 0xe
 245 0182 0A000000 		.4byte	.LVL0
 246 0186 AF020000 		.4byte	0x2af
 247 018a 00       		.byte	0
 248 018b 0F       		.uleb128 0xf
 249 018c E0000000 		.4byte	.LASF31
 250 0190 05       		.byte	0x5
 251 0191 44       		.byte	0x44
 252 0192 9E000000 		.4byte	0x9e
 253 0196 0F       		.uleb128 0xf
 254 0197 F2010000 		.4byte	.LASF32
 255 019b 06       		.byte	0x6
 256 019c 48       		.byte	0x48
 257 019d BF000000 		.4byte	0xbf
 258 01a1 10       		.uleb128 0x10
 259 01a2 B8010000 		.4byte	0x1b8
 260 01a6 B1010000 		.4byte	0x1b1
 261 01aa 11       		.uleb128 0x11
ARM GAS  C:\Users\zakis\AppData\Local\Temp\ccXc2Fp2.s 			page 7


 262 01ab B1010000 		.4byte	0x1b1
 263 01af 02       		.byte	0x2
 264 01b0 00       		.byte	0
 265 01b1 02       		.uleb128 0x2
 266 01b2 04       		.byte	0x4
 267 01b3 07       		.byte	0x7
 268 01b4 D1020000 		.4byte	.LASF33
 269 01b8 12       		.uleb128 0x12
 270 01b9 9E000000 		.4byte	0x9e
 271 01bd 0F       		.uleb128 0xf
 272 01be 9B000000 		.4byte	.LASF34
 273 01c2 04       		.byte	0x4
 274 01c3 B2       		.byte	0xb2
 275 01c4 C8010000 		.4byte	0x1c8
 276 01c8 12       		.uleb128 0x12
 277 01c9 A1010000 		.4byte	0x1a1
 278 01cd 0F       		.uleb128 0xf
 279 01ce F4020000 		.4byte	.LASF35
 280 01d2 04       		.byte	0x4
 281 01d3 B3       		.byte	0xb3
 282 01d4 D8010000 		.4byte	0x1d8
 283 01d8 12       		.uleb128 0x12
 284 01d9 A1010000 		.4byte	0x1a1
 285 01dd 10       		.uleb128 0x10
 286 01de 9E000000 		.4byte	0x9e
 287 01e2 ED010000 		.4byte	0x1ed
 288 01e6 11       		.uleb128 0x11
 289 01e7 B1010000 		.4byte	0x1b1
 290 01eb 02       		.byte	0x2
 291 01ec 00       		.byte	0
 292 01ed 0F       		.uleb128 0xf
 293 01ee E7020000 		.4byte	.LASF36
 294 01f2 04       		.byte	0x4
 295 01f3 CA       		.byte	0xca
 296 01f4 DD010000 		.4byte	0x1dd
 297 01f8 10       		.uleb128 0x10
 298 01f9 BF000000 		.4byte	0xbf
 299 01fd 08020000 		.4byte	0x208
 300 0201 11       		.uleb128 0x11
 301 0202 B1010000 		.4byte	0x1b1
 302 0206 02       		.byte	0x2
 303 0207 00       		.byte	0
 304 0208 0F       		.uleb128 0xf
 305 0209 D4030000 		.4byte	.LASF37
 306 020d 04       		.byte	0x4
 307 020e D2       		.byte	0xd2
 308 020f F8010000 		.4byte	0x1f8
 309 0213 0F       		.uleb128 0xf
 310 0214 E6010000 		.4byte	.LASF38
 311 0218 04       		.byte	0x4
 312 0219 DA       		.byte	0xda
 313 021a DD010000 		.4byte	0x1dd
 314 021e 0F       		.uleb128 0xf
 315 021f 85020000 		.4byte	.LASF39
 316 0223 04       		.byte	0x4
 317 0224 E2       		.byte	0xe2
 318 0225 BF000000 		.4byte	0xbf
ARM GAS  C:\Users\zakis\AppData\Local\Temp\ccXc2Fp2.s 			page 8


 319 0229 0F       		.uleb128 0xf
 320 022a 66010000 		.4byte	.LASF40
 321 022e 04       		.byte	0x4
 322 022f F7       		.byte	0xf7
 323 0230 9E000000 		.4byte	0x9e
 324 0234 13       		.uleb128 0x13
 325 0235 0F000000 		.4byte	.LASF41
 326 0239 04       		.byte	0x4
 327 023a 3F01     		.2byte	0x13f
 328 023c CA000000 		.4byte	0xca
 329 0240 13       		.uleb128 0x13
 330 0241 3C000000 		.4byte	.LASF42
 331 0245 04       		.byte	0x4
 332 0246 5C01     		.2byte	0x15c
 333 0248 DD010000 		.4byte	0x1dd
 334 024c 10       		.uleb128 0x10
 335 024d B4000000 		.4byte	0xb4
 336 0251 5C020000 		.4byte	0x25c
 337 0255 11       		.uleb128 0x11
 338 0256 B1010000 		.4byte	0x1b1
 339 025a 02       		.byte	0x2
 340 025b 00       		.byte	0
 341 025c 13       		.uleb128 0x13
 342 025d CF000000 		.4byte	.LASF43
 343 0261 04       		.byte	0x4
 344 0262 6701     		.2byte	0x167
 345 0264 4C020000 		.4byte	0x24c
 346 0268 0F       		.uleb128 0xf
 347 0269 F3030000 		.4byte	.LASF44
 348 026d 07       		.byte	0x7
 349 026e 40       		.byte	0x40
 350 026f 9E000000 		.4byte	0x9e
 351 0273 0F       		.uleb128 0xf
 352 0274 31010000 		.4byte	.LASF45
 353 0278 07       		.byte	0x7
 354 0279 47       		.byte	0x47
 355 027a A9000000 		.4byte	0xa9
 356 027e 0F       		.uleb128 0xf
 357 027f 54020000 		.4byte	.LASF46
 358 0283 07       		.byte	0x7
 359 0284 4A       		.byte	0x4a
 360 0285 9E000000 		.4byte	0x9e
 361 0289 10       		.uleb128 0x10
 362 028a 99020000 		.4byte	0x299
 363 028e 99020000 		.4byte	0x299
 364 0292 11       		.uleb128 0x11
 365 0293 B1010000 		.4byte	0x1b1
 366 0297 FF       		.byte	0xff
 367 0298 00       		.byte	0
 368 0299 12       		.uleb128 0x12
 369 029a 72000000 		.4byte	0x72
 370 029e 13       		.uleb128 0x13
 371 029f DA020000 		.4byte	.LASF47
 372 02a3 08       		.byte	0x8
 373 02a4 AB01     		.2byte	0x1ab
 374 02a6 AA020000 		.4byte	0x2aa
 375 02aa 12       		.uleb128 0x12
ARM GAS  C:\Users\zakis\AppData\Local\Temp\ccXc2Fp2.s 			page 9


 376 02ab 89020000 		.4byte	0x289
 377 02af 14       		.uleb128 0x14
 378 02b0 82000000 		.4byte	.LASF56
 379 02b4 82000000 		.4byte	.LASF56
 380 02b8 09       		.byte	0x9
 381 02b9 BC       		.byte	0xbc
 382 02ba 00       		.byte	0
 383              		.section	.debug_abbrev,"",%progbits
 384              	.Ldebug_abbrev0:
 385 0000 01       		.uleb128 0x1
 386 0001 11       		.uleb128 0x11
 387 0002 01       		.byte	0x1
 388 0003 25       		.uleb128 0x25
 389 0004 0E       		.uleb128 0xe
 390 0005 13       		.uleb128 0x13
 391 0006 0B       		.uleb128 0xb
 392 0007 03       		.uleb128 0x3
 393 0008 0E       		.uleb128 0xe
 394 0009 1B       		.uleb128 0x1b
 395 000a 0E       		.uleb128 0xe
 396 000b 55       		.uleb128 0x55
 397 000c 17       		.uleb128 0x17
 398 000d 11       		.uleb128 0x11
 399 000e 01       		.uleb128 0x1
 400 000f 10       		.uleb128 0x10
 401 0010 17       		.uleb128 0x17
 402 0011 00       		.byte	0
 403 0012 00       		.byte	0
 404 0013 02       		.uleb128 0x2
 405 0014 24       		.uleb128 0x24
 406 0015 00       		.byte	0
 407 0016 0B       		.uleb128 0xb
 408 0017 0B       		.uleb128 0xb
 409 0018 3E       		.uleb128 0x3e
 410 0019 0B       		.uleb128 0xb
 411 001a 03       		.uleb128 0x3
 412 001b 0E       		.uleb128 0xe
 413 001c 00       		.byte	0
 414 001d 00       		.byte	0
 415 001e 03       		.uleb128 0x3
 416 001f 24       		.uleb128 0x24
 417 0020 00       		.byte	0
 418 0021 0B       		.uleb128 0xb
 419 0022 0B       		.uleb128 0xb
 420 0023 3E       		.uleb128 0x3e
 421 0024 0B       		.uleb128 0xb
 422 0025 03       		.uleb128 0x3
 423 0026 08       		.uleb128 0x8
 424 0027 00       		.byte	0
 425 0028 00       		.byte	0
 426 0029 04       		.uleb128 0x4
 427 002a 16       		.uleb128 0x16
 428 002b 00       		.byte	0
 429 002c 03       		.uleb128 0x3
 430 002d 0E       		.uleb128 0xe
 431 002e 3A       		.uleb128 0x3a
 432 002f 0B       		.uleb128 0xb
ARM GAS  C:\Users\zakis\AppData\Local\Temp\ccXc2Fp2.s 			page 10


 433 0030 3B       		.uleb128 0x3b
 434 0031 0B       		.uleb128 0xb
 435 0032 49       		.uleb128 0x49
 436 0033 13       		.uleb128 0x13
 437 0034 00       		.byte	0
 438 0035 00       		.byte	0
 439 0036 05       		.uleb128 0x5
 440 0037 16       		.uleb128 0x16
 441 0038 00       		.byte	0
 442 0039 03       		.uleb128 0x3
 443 003a 0E       		.uleb128 0xe
 444 003b 3A       		.uleb128 0x3a
 445 003c 0B       		.uleb128 0xb
 446 003d 3B       		.uleb128 0x3b
 447 003e 05       		.uleb128 0x5
 448 003f 49       		.uleb128 0x49
 449 0040 13       		.uleb128 0x13
 450 0041 00       		.byte	0
 451 0042 00       		.byte	0
 452 0043 06       		.uleb128 0x6
 453 0044 04       		.uleb128 0x4
 454 0045 01       		.byte	0x1
 455 0046 0B       		.uleb128 0xb
 456 0047 0B       		.uleb128 0xb
 457 0048 49       		.uleb128 0x49
 458 0049 13       		.uleb128 0x13
 459 004a 3A       		.uleb128 0x3a
 460 004b 0B       		.uleb128 0xb
 461 004c 3B       		.uleb128 0x3b
 462 004d 05       		.uleb128 0x5
 463 004e 01       		.uleb128 0x1
 464 004f 13       		.uleb128 0x13
 465 0050 00       		.byte	0
 466 0051 00       		.byte	0
 467 0052 07       		.uleb128 0x7
 468 0053 28       		.uleb128 0x28
 469 0054 00       		.byte	0
 470 0055 03       		.uleb128 0x3
 471 0056 0E       		.uleb128 0xe
 472 0057 1C       		.uleb128 0x1c
 473 0058 0B       		.uleb128 0xb
 474 0059 00       		.byte	0
 475 005a 00       		.byte	0
 476 005b 08       		.uleb128 0x8
 477 005c 2E       		.uleb128 0x2e
 478 005d 01       		.byte	0x1
 479 005e 03       		.uleb128 0x3
 480 005f 0E       		.uleb128 0xe
 481 0060 3A       		.uleb128 0x3a
 482 0061 0B       		.uleb128 0xb
 483 0062 3B       		.uleb128 0x3b
 484 0063 05       		.uleb128 0x5
 485 0064 27       		.uleb128 0x27
 486 0065 19       		.uleb128 0x19
 487 0066 20       		.uleb128 0x20
 488 0067 0B       		.uleb128 0xb
 489 0068 01       		.uleb128 0x1
ARM GAS  C:\Users\zakis\AppData\Local\Temp\ccXc2Fp2.s 			page 11


 490 0069 13       		.uleb128 0x13
 491 006a 00       		.byte	0
 492 006b 00       		.byte	0
 493 006c 09       		.uleb128 0x9
 494 006d 05       		.uleb128 0x5
 495 006e 00       		.byte	0
 496 006f 03       		.uleb128 0x3
 497 0070 08       		.uleb128 0x8
 498 0071 3A       		.uleb128 0x3a
 499 0072 0B       		.uleb128 0xb
 500 0073 3B       		.uleb128 0x3b
 501 0074 05       		.uleb128 0x5
 502 0075 49       		.uleb128 0x49
 503 0076 13       		.uleb128 0x13
 504 0077 00       		.byte	0
 505 0078 00       		.byte	0
 506 0079 0A       		.uleb128 0xa
 507 007a 2E       		.uleb128 0x2e
 508 007b 00       		.byte	0
 509 007c 03       		.uleb128 0x3
 510 007d 0E       		.uleb128 0xe
 511 007e 3A       		.uleb128 0x3a
 512 007f 0B       		.uleb128 0xb
 513 0080 3B       		.uleb128 0x3b
 514 0081 0B       		.uleb128 0xb
 515 0082 27       		.uleb128 0x27
 516 0083 19       		.uleb128 0x19
 517 0084 49       		.uleb128 0x49
 518 0085 13       		.uleb128 0x13
 519 0086 20       		.uleb128 0x20
 520 0087 0B       		.uleb128 0xb
 521 0088 00       		.byte	0
 522 0089 00       		.byte	0
 523 008a 0B       		.uleb128 0xb
 524 008b 2E       		.uleb128 0x2e
 525 008c 00       		.byte	0
 526 008d 03       		.uleb128 0x3
 527 008e 0E       		.uleb128 0xe
 528 008f 3A       		.uleb128 0x3a
 529 0090 0B       		.uleb128 0xb
 530 0091 3B       		.uleb128 0x3b
 531 0092 05       		.uleb128 0x5
 532 0093 27       		.uleb128 0x27
 533 0094 19       		.uleb128 0x19
 534 0095 20       		.uleb128 0x20
 535 0096 0B       		.uleb128 0xb
 536 0097 00       		.byte	0
 537 0098 00       		.byte	0
 538 0099 0C       		.uleb128 0xc
 539 009a 2E       		.uleb128 0x2e
 540 009b 01       		.byte	0x1
 541 009c 3F       		.uleb128 0x3f
 542 009d 19       		.uleb128 0x19
 543 009e 03       		.uleb128 0x3
 544 009f 0E       		.uleb128 0xe
 545 00a0 3A       		.uleb128 0x3a
 546 00a1 0B       		.uleb128 0xb
ARM GAS  C:\Users\zakis\AppData\Local\Temp\ccXc2Fp2.s 			page 12


 547 00a2 3B       		.uleb128 0x3b
 548 00a3 0B       		.uleb128 0xb
 549 00a4 27       		.uleb128 0x27
 550 00a5 19       		.uleb128 0x19
 551 00a6 11       		.uleb128 0x11
 552 00a7 01       		.uleb128 0x1
 553 00a8 12       		.uleb128 0x12
 554 00a9 06       		.uleb128 0x6
 555 00aa 40       		.uleb128 0x40
 556 00ab 18       		.uleb128 0x18
 557 00ac 9742     		.uleb128 0x2117
 558 00ae 19       		.uleb128 0x19
 559 00af 01       		.uleb128 0x1
 560 00b0 13       		.uleb128 0x13
 561 00b1 00       		.byte	0
 562 00b2 00       		.byte	0
 563 00b3 0D       		.uleb128 0xd
 564 00b4 34       		.uleb128 0x34
 565 00b5 00       		.byte	0
 566 00b6 03       		.uleb128 0x3
 567 00b7 0E       		.uleb128 0xe
 568 00b8 3A       		.uleb128 0x3a
 569 00b9 0B       		.uleb128 0xb
 570 00ba 3B       		.uleb128 0x3b
 571 00bb 0B       		.uleb128 0xb
 572 00bc 49       		.uleb128 0x49
 573 00bd 13       		.uleb128 0x13
 574 00be 00       		.byte	0
 575 00bf 00       		.byte	0
 576 00c0 0E       		.uleb128 0xe
 577 00c1 898201   		.uleb128 0x4109
 578 00c4 00       		.byte	0
 579 00c5 11       		.uleb128 0x11
 580 00c6 01       		.uleb128 0x1
 581 00c7 31       		.uleb128 0x31
 582 00c8 13       		.uleb128 0x13
 583 00c9 00       		.byte	0
 584 00ca 00       		.byte	0
 585 00cb 0F       		.uleb128 0xf
 586 00cc 34       		.uleb128 0x34
 587 00cd 00       		.byte	0
 588 00ce 03       		.uleb128 0x3
 589 00cf 0E       		.uleb128 0xe
 590 00d0 3A       		.uleb128 0x3a
 591 00d1 0B       		.uleb128 0xb
 592 00d2 3B       		.uleb128 0x3b
 593 00d3 0B       		.uleb128 0xb
 594 00d4 49       		.uleb128 0x49
 595 00d5 13       		.uleb128 0x13
 596 00d6 3F       		.uleb128 0x3f
 597 00d7 19       		.uleb128 0x19
 598 00d8 3C       		.uleb128 0x3c
 599 00d9 19       		.uleb128 0x19
 600 00da 00       		.byte	0
 601 00db 00       		.byte	0
 602 00dc 10       		.uleb128 0x10
 603 00dd 01       		.uleb128 0x1
ARM GAS  C:\Users\zakis\AppData\Local\Temp\ccXc2Fp2.s 			page 13


 604 00de 01       		.byte	0x1
 605 00df 49       		.uleb128 0x49
 606 00e0 13       		.uleb128 0x13
 607 00e1 01       		.uleb128 0x1
 608 00e2 13       		.uleb128 0x13
 609 00e3 00       		.byte	0
 610 00e4 00       		.byte	0
 611 00e5 11       		.uleb128 0x11
 612 00e6 21       		.uleb128 0x21
 613 00e7 00       		.byte	0
 614 00e8 49       		.uleb128 0x49
 615 00e9 13       		.uleb128 0x13
 616 00ea 2F       		.uleb128 0x2f
 617 00eb 0B       		.uleb128 0xb
 618 00ec 00       		.byte	0
 619 00ed 00       		.byte	0
 620 00ee 12       		.uleb128 0x12
 621 00ef 26       		.uleb128 0x26
 622 00f0 00       		.byte	0
 623 00f1 49       		.uleb128 0x49
 624 00f2 13       		.uleb128 0x13
 625 00f3 00       		.byte	0
 626 00f4 00       		.byte	0
 627 00f5 13       		.uleb128 0x13
 628 00f6 34       		.uleb128 0x34
 629 00f7 00       		.byte	0
 630 00f8 03       		.uleb128 0x3
 631 00f9 0E       		.uleb128 0xe
 632 00fa 3A       		.uleb128 0x3a
 633 00fb 0B       		.uleb128 0xb
 634 00fc 3B       		.uleb128 0x3b
 635 00fd 05       		.uleb128 0x5
 636 00fe 49       		.uleb128 0x49
 637 00ff 13       		.uleb128 0x13
 638 0100 3F       		.uleb128 0x3f
 639 0101 19       		.uleb128 0x19
 640 0102 3C       		.uleb128 0x3c
 641 0103 19       		.uleb128 0x19
 642 0104 00       		.byte	0
 643 0105 00       		.byte	0
 644 0106 14       		.uleb128 0x14
 645 0107 2E       		.uleb128 0x2e
 646 0108 00       		.byte	0
 647 0109 3F       		.uleb128 0x3f
 648 010a 19       		.uleb128 0x19
 649 010b 3C       		.uleb128 0x3c
 650 010c 19       		.uleb128 0x19
 651 010d 6E       		.uleb128 0x6e
 652 010e 0E       		.uleb128 0xe
 653 010f 03       		.uleb128 0x3
 654 0110 0E       		.uleb128 0xe
 655 0111 3A       		.uleb128 0x3a
 656 0112 0B       		.uleb128 0xb
 657 0113 3B       		.uleb128 0x3b
 658 0114 0B       		.uleb128 0xb
 659 0115 00       		.byte	0
 660 0116 00       		.byte	0
ARM GAS  C:\Users\zakis\AppData\Local\Temp\ccXc2Fp2.s 			page 14


 661 0117 00       		.byte	0
 662              		.section	.debug_aranges,"",%progbits
 663 0000 1C000000 		.4byte	0x1c
 664 0004 0200     		.2byte	0x2
 665 0006 00000000 		.4byte	.Ldebug_info0
 666 000a 04       		.byte	0x4
 667 000b 00       		.byte	0
 668 000c 0000     		.2byte	0
 669 000e 0000     		.2byte	0
 670 0010 00000000 		.4byte	.LFB59
 671 0014 10000000 		.4byte	.LFE59-.LFB59
 672 0018 00000000 		.4byte	0
 673 001c 00000000 		.4byte	0
 674              		.section	.debug_ranges,"",%progbits
 675              	.Ldebug_ranges0:
 676 0000 00000000 		.4byte	.LFB59
 677 0004 10000000 		.4byte	.LFE59
 678 0008 00000000 		.4byte	0
 679 000c 00000000 		.4byte	0
 680              		.section	.debug_line,"",%progbits
 681              	.Ldebug_line0:
 682 0000 6E010000 		.section	.debug_str,"MS",%progbits,1
 682      02005501 
 682      00000201 
 682      FB0E0D00 
 682      01010101 
 683              	.LASF19:
 684 0000 4B65726E 		.ascii	"Kernel_Context\000"
 684      656C5F43 
 684      6F6E7465 
 684      787400
 685              	.LASF41:
 686 000f 45455F72 		.ascii	"EE_rq_bitmask\000"
 686      715F6269 
 686      746D6173 
 686      6B00
 687              	.LASF14:
 688 001d 45455F55 		.ascii	"EE_UREG\000"
 688      52454700 
 689              	.LASF53:
 690 0025 45455F6F 		.ascii	"EE_oo_call_PreTaskHook\000"
 690      6F5F6361 
 690      6C6C5F50 
 690      72655461 
 690      736B486F 
 691              	.LASF42:
 692 003c 45455F74 		.ascii	"EE_th_event_active\000"
 692      685F6576 
 692      656E745F 
 692      61637469 
 692      766500
 693              	.LASF55:
 694 004f 74656D70 		.ascii	"temp\000"
 694      00
 695              	.LASF2:
 696 0054 73686F72 		.ascii	"short int\000"
 696      7420696E 
ARM GAS  C:\Users\zakis\AppData\Local\Temp\ccXc2Fp2.s 			page 15


 696      7400
 697              	.LASF22:
 698 005e 4572726F 		.ascii	"ErrorHook_Context\000"
 698      72486F6F 
 698      6B5F436F 
 698      6E746578 
 698      7400
 699              	.LASF15:
 700 0070 45455F46 		.ascii	"EE_FREG\000"
 700      52454700 
 701              	.LASF13:
 702 0078 45455F55 		.ascii	"EE_UINT32\000"
 702      494E5433 
 702      3200
 703              	.LASF56:
 704 0082 45455F68 		.ascii	"EE_hal_terminate_savestk\000"
 704      616C5F74 
 704      65726D69 
 704      6E617465 
 704      5F736176 
 705              	.LASF34:
 706 009b 45455F74 		.ascii	"EE_th_ready_prio\000"
 706      685F7265 
 706      6164795F 
 706      7072696F 
 706      00
 707              	.LASF21:
 708 00ac 49535232 		.ascii	"ISR2_Context\000"
 708      5F436F6E 
 708      74657874 
 708      00
 709              	.LASF17:
 710 00b9 45455F54 		.ascii	"EE_TID\000"
 710      494400
 711              	.LASF30:
 712 00c0 45455F54 		.ascii	"EE_TYPECONTEXT\000"
 712      59504543 
 712      4F4E5445 
 712      585400
 713              	.LASF43:
 714 00cf 45455F74 		.ascii	"EE_th_waswaiting\000"
 714      685F7761 
 714      73776169 
 714      74696E67 
 714      00
 715              	.LASF31:
 716 00e0 45455F49 		.ascii	"EE_IRQ_nesting_level\000"
 716      52515F6E 
 716      65737469 
 716      6E675F6C 
 716      6576656C 
 717              	.LASF29:
 718 00f5 49646C65 		.ascii	"Idle_Context\000"
 718      5F436F6E 
 718      74657874 
 718      00
 719              	.LASF6:
ARM GAS  C:\Users\zakis\AppData\Local\Temp\ccXc2Fp2.s 			page 16


 720 0102 6C6F6E67 		.ascii	"long long int\000"
 720      206C6F6E 
 720      6720696E 
 720      7400
 721              	.LASF10:
 722 0110 45455F49 		.ascii	"EE_INT8\000"
 722      4E543800 
 723              	.LASF18:
 724 0118 45455F54 		.ascii	"EE_TYPE_RQ_MASK\000"
 724      5950455F 
 724      52515F4D 
 724      41534B00 
 725              	.LASF4:
 726 0128 6C6F6E67 		.ascii	"long int\000"
 726      20696E74 
 726      00
 727              	.LASF45:
 728 0131 45455F6F 		.ascii	"EE_oo_IRQ_suspend_status\000"
 728      6F5F4952 
 728      515F7375 
 728      7370656E 
 728      645F7374 
 729              	.LASF51:
 730 014a 45455F61 		.ascii	"EE_as_set_execution_context\000"
 730      735F7365 
 730      745F6578 
 730      65637574 
 730      696F6E5F 
 731              	.LASF40:
 732 0166 45455F73 		.ascii	"EE_sys_ceiling\000"
 732      79735F63 
 732      65696C69 
 732      6E6700
 733              	.LASF9:
 734 0175 6C6F6E67 		.ascii	"long double\000"
 734      20646F75 
 734      626C6500 
 735              	.LASF27:
 736 0181 53687574 		.ascii	"ShutdownHook_Context\000"
 736      646F776E 
 736      486F6F6B 
 736      5F436F6E 
 736      74657874 
 737              	.LASF1:
 738 0196 756E7369 		.ascii	"unsigned char\000"
 738      676E6564 
 738      20636861 
 738      7200
 739              	.LASF0:
 740 01a4 7369676E 		.ascii	"signed char\000"
 740      65642063 
 740      68617200 
 741              	.LASF7:
 742 01b0 6C6F6E67 		.ascii	"long long unsigned int\000"
 742      206C6F6E 
 742      6720756E 
 742      7369676E 
ARM GAS  C:\Users\zakis\AppData\Local\Temp\ccXc2Fp2.s 			page 17


 742      65642069 
 743              	.LASF52:
 744 01c7 45455F73 		.ascii	"EE_stk_queryfirst\000"
 744      746B5F71 
 744      75657279 
 744      66697273 
 744      7400
 745              	.LASF8:
 746 01d9 756E7369 		.ascii	"unsigned int\000"
 746      676E6564 
 746      20696E74 
 746      00
 747              	.LASF38:
 748 01e6 45455F74 		.ascii	"EE_th_rnact\000"
 748      685F726E 
 748      61637400 
 749              	.LASF32:
 750 01f2 45455F73 		.ascii	"EE_std_endcycle_next_tid\000"
 750      74645F65 
 750      6E646379 
 750      636C655F 
 750      6E657874 
 751              	.LASF12:
 752 020b 45455F49 		.ascii	"EE_INT32\000"
 752      4E543332 
 752      00
 753              	.LASF20:
 754 0214 5441534B 		.ascii	"TASK_Context\000"
 754      5F436F6E 
 754      74657874 
 754      00
 755              	.LASF3:
 756 0221 73686F72 		.ascii	"short unsigned int\000"
 756      7420756E 
 756      7369676E 
 756      65642069 
 756      6E7400
 757              	.LASF11:
 758 0234 45455F55 		.ascii	"EE_UINT16\000"
 758      494E5431 
 758      3600
 759              	.LASF28:
 760 023e 416C6172 		.ascii	"AlarmCallback_Context\000"
 760      6D43616C 
 760      6C626163 
 760      6B5F436F 
 760      6E746578 
 761              	.LASF46:
 762 0254 45455F41 		.ascii	"EE_ApplicationMode\000"
 762      70706C69 
 762      63617469 
 762      6F6E4D6F 
 762      646500
 763              	.LASF5:
 764 0267 6C6F6E67 		.ascii	"long unsigned int\000"
 764      20756E73 
 764      69676E65 
ARM GAS  C:\Users\zakis\AppData\Local\Temp\ccXc2Fp2.s 			page 18


 764      6420696E 
 764      7400
 765              	.LASF16:
 766 0279 45455F54 		.ascii	"EE_TYPEBOOL\000"
 766      59504542 
 766      4F4F4C00 
 767              	.LASF39:
 768 0285 45455F73 		.ascii	"EE_stkfirst\000"
 768      746B6669 
 768      72737400 
 769              	.LASF23:
 770 0291 50726F74 		.ascii	"ProtectionHook_Context\000"
 770      65637469 
 770      6F6E486F 
 770      6F6B5F43 
 770      6F6E7465 
 771              	.LASF24:
 772 02a8 50726554 		.ascii	"PreTaskHook_Context\000"
 772      61736B48 
 772      6F6F6B5F 
 772      436F6E74 
 772      65787400 
 773              	.LASF25:
 774 02bc 506F7374 		.ascii	"PostTaskHook_Context\000"
 774      5461736B 
 774      486F6F6B 
 774      5F436F6E 
 774      74657874 
 775              	.LASF33:
 776 02d1 73697A65 		.ascii	"sizetype\000"
 776      74797065 
 776      00
 777              	.LASF47:
 778 02da 45455F72 		.ascii	"EE_rq_lookup\000"
 778      715F6C6F 
 778      6F6B7570 
 778      00
 779              	.LASF36:
 780 02e7 45455F74 		.ascii	"EE_th_status\000"
 780      685F7374 
 780      61747573 
 780      00
 781              	.LASF35:
 782 02f4 45455F74 		.ascii	"EE_th_dispatch_prio\000"
 782      685F6469 
 782      73706174 
 782      63685F70 
 782      72696F00 
 783              	.LASF49:
 784 0308 47656E65 		.ascii	"Generated_Source\\PSoC5\\ErikaOS_1_ee_tstub.c\000"
 784      72617465 
 784      645F536F 
 784      75726365 
 784      5C50536F 
 785              	.LASF54:
 786 0334 45455F6F 		.ascii	"EE_oo_thread_stub\000"
 786      6F5F7468 
ARM GAS  C:\Users\zakis\AppData\Local\Temp\ccXc2Fp2.s 			page 19


 786      72656164 
 786      5F737475 
 786      6200
 787              	.LASF48:
 788 0346 474E5520 		.ascii	"GNU C11 5.4.1 20160609 (release) [ARM/embedded-5-br"
 788      43313120 
 788      352E342E 
 788      31203230 
 788      31363036 
 789 0379 616E6368 		.ascii	"anch revision 237715] -mcpu=cortex-m3 -mthumb -g -O"
 789      20726576 
 789      6973696F 
 789      6E203233 
 789      37373135 
 790 03ac 67202D66 		.ascii	"g -ffunction-sections -ffat-lto-objects\000"
 790      66756E63 
 790      74696F6E 
 790      2D736563 
 790      74696F6E 
 791              	.LASF37:
 792 03d4 45455F74 		.ascii	"EE_th_next\000"
 792      685F6E65 
 792      787400
 793              	.LASF26:
 794 03df 53746172 		.ascii	"StartupHook_Context\000"
 794      74757048 
 794      6F6F6B5F 
 794      436F6E74 
 794      65787400 
 795              	.LASF44:
 796 03f3 45455F6F 		.ascii	"EE_oo_IRQ_disable_count\000"
 796      6F5F4952 
 796      515F6469 
 796      7361626C 
 796      655F636F 
 797              	.LASF50:
 798 040b 433A5C55 		.ascii	"C:\\Users\\zakis\\Documents\\EOS_Assignment_Two\\JS"
 798      73657273 
 798      5C7A616B 
 798      69735C44 
 798      6F63756D 
 799 0439 4F4E5F50 		.ascii	"ON_Parser\\EOS_Assignment_Two\\JSON_Parser.cydsn\000"
 799      61727365 
 799      725C454F 
 799      535F4173 
 799      7369676E 
 800              		.ident	"GCC: (GNU Tools for ARM Embedded Processors) 5.4.1 20160609 (release) [ARM/embedded-5-bran
