ARM GAS  C:\Users\zakis\AppData\Local\Temp\ccMkF09u.s 			page 1


   1              		.syntax unified
   2              		.cpu cortex-m3
   3              		.fpu softvfp
   4              		.eabi_attribute 20, 1
   5              		.eabi_attribute 21, 1
   6              		.eabi_attribute 23, 3
   7              		.eabi_attribute 24, 1
   8              		.eabi_attribute 25, 1
   9              		.eabi_attribute 26, 1
  10              		.eabi_attribute 30, 1
  11              		.eabi_attribute 34, 1
  12              		.eabi_attribute 18, 4
  13              		.thumb
  14              		.syntax unified
  15              		.file	"ErikaOS_1_cortex_mx_ee_system_timer.c"
  16              		.text
  17              	.Ltext0:
  18              		.cfi_sections	.debug_frame
  19              	.Letext0:
  20              		.file 1 "Generated_Source\\PSoC5/ErikaOS_1_common_ee_types.inc"
  21              		.file 2 "Generated_Source\\PSoC5/ErikaOS_1_cortex_mx_ee_cpu.inc"
  22              		.file 3 "Generated_Source\\PSoC5/ErikaOS_1_ee_oo_common.inc"
  23              		.file 4 "Generated_Source\\PSoC5/ErikaOS_1_ee_oo_intfunc.inc"
  24              		.file 5 "Generated_Source\\PSoC5/ErikaOS_1_cortex_mx_ee_context.inc"
  25              		.file 6 "Generated_Source\\PSoC5/ErikaOS_1_common_ee_primitives.inc"
  26              		.file 7 "Generated_Source\\PSoC5/ErikaOS_1_ee_oo_internal.inc"
  27              		.section	.debug_info,"",%progbits
  28              	.Ldebug_info0:
  29 0000 EF010000 		.4byte	0x1ef
  30 0004 0400     		.2byte	0x4
  31 0006 00000000 		.4byte	.Ldebug_abbrev0
  32 000a 04       		.byte	0x4
  33 000b 01       		.uleb128 0x1
  34 000c 2B020000 		.4byte	.LASF36
  35 0010 0C       		.byte	0xc
  36 0011 EF000000 		.4byte	.LASF37
  37 0015 D1020000 		.4byte	.LASF38
  38 0019 00000000 		.4byte	.Ldebug_line0
  39 001d 02       		.uleb128 0x2
  40 001e 01       		.byte	0x1
  41 001f 06       		.byte	0x6
  42 0020 3A010000 		.4byte	.LASF0
  43 0024 02       		.uleb128 0x2
  44 0025 01       		.byte	0x1
  45 0026 08       		.byte	0x8
  46 0027 2C010000 		.4byte	.LASF1
  47 002b 02       		.uleb128 0x2
  48 002c 02       		.byte	0x2
  49 002d 05       		.byte	0x5
  50 002e 3A000000 		.4byte	.LASF2
  51 0032 02       		.uleb128 0x2
  52 0033 02       		.byte	0x2
  53 0034 07       		.byte	0x7
  54 0035 98010000 		.4byte	.LASF3
  55 0039 02       		.uleb128 0x2
  56 003a 04       		.byte	0x4
  57 003b 05       		.byte	0x5
ARM GAS  C:\Users\zakis\AppData\Local\Temp\ccMkF09u.s 			page 2


  58 003c BE000000 		.4byte	.LASF4
  59 0040 02       		.uleb128 0x2
  60 0041 04       		.byte	0x4
  61 0042 07       		.byte	0x7
  62 0043 C8010000 		.4byte	.LASF5
  63 0047 02       		.uleb128 0x2
  64 0048 08       		.byte	0x8
  65 0049 05       		.byte	0x5
  66 004a 98000000 		.4byte	.LASF6
  67 004e 02       		.uleb128 0x2
  68 004f 08       		.byte	0x8
  69 0050 07       		.byte	0x7
  70 0051 46010000 		.4byte	.LASF7
  71 0055 03       		.uleb128 0x3
  72 0056 04       		.byte	0x4
  73 0057 05       		.byte	0x5
  74 0058 696E7400 		.ascii	"int\000"
  75 005c 02       		.uleb128 0x2
  76 005d 04       		.byte	0x4
  77 005e 07       		.byte	0x7
  78 005f 5D010000 		.4byte	.LASF8
  79 0063 02       		.uleb128 0x2
  80 0064 08       		.byte	0x8
  81 0065 04       		.byte	0x4
  82 0066 8C000000 		.4byte	.LASF9
  83 006a 04       		.uleb128 0x4
  84 006b A6000000 		.4byte	.LASF10
  85 006f 01       		.byte	0x1
  86 0070 3F       		.byte	0x3f
  87 0071 1D000000 		.4byte	0x1d
  88 0075 04       		.uleb128 0x4
  89 0076 AB010000 		.4byte	.LASF11
  90 007a 01       		.byte	0x1
  91 007b 52       		.byte	0x52
  92 007c 32000000 		.4byte	0x32
  93 0080 04       		.uleb128 0x4
  94 0081 8F010000 		.4byte	.LASF12
  95 0085 01       		.byte	0x1
  96 0086 53       		.byte	0x53
  97 0087 55000000 		.4byte	0x55
  98 008b 04       		.uleb128 0x4
  99 008c 55000000 		.4byte	.LASF13
 100 0090 01       		.byte	0x1
 101 0091 54       		.byte	0x54
 102 0092 5C000000 		.4byte	0x5c
 103 0096 04       		.uleb128 0x4
 104 0097 0E000000 		.4byte	.LASF14
 105 009b 02       		.byte	0x2
 106 009c 4D       		.byte	0x4d
 107 009d 8B000000 		.4byte	0x8b
 108 00a1 04       		.uleb128 0x4
 109 00a2 4D000000 		.4byte	.LASF15
 110 00a6 02       		.byte	0x2
 111 00a7 4F       		.byte	0x4f
 112 00a8 8B000000 		.4byte	0x8b
 113 00ac 04       		.uleb128 0x4
 114 00ad DA010000 		.4byte	.LASF16
ARM GAS  C:\Users\zakis\AppData\Local\Temp\ccMkF09u.s 			page 3


 115 00b1 02       		.byte	0x2
 116 00b2 54       		.byte	0x54
 117 00b3 96000000 		.4byte	0x96
 118 00b7 04       		.uleb128 0x4
 119 00b8 70000000 		.4byte	.LASF17
 120 00bc 02       		.byte	0x2
 121 00bd 78       		.byte	0x78
 122 00be 80000000 		.4byte	0x80
 123 00c2 05       		.uleb128 0x5
 124 00c3 AE000000 		.4byte	.LASF18
 125 00c7 03       		.byte	0x3
 126 00c8 1101     		.2byte	0x111
 127 00ca 75000000 		.4byte	0x75
 128 00ce 06       		.uleb128 0x6
 129 00cf E5000000 		.4byte	0xe5
 130 00d3 DE000000 		.4byte	0xde
 131 00d7 07       		.uleb128 0x7
 132 00d8 DE000000 		.4byte	0xde
 133 00dc 02       		.byte	0x2
 134 00dd 00       		.byte	0
 135 00de 02       		.uleb128 0x2
 136 00df 04       		.byte	0x4
 137 00e0 07       		.byte	0x7
 138 00e1 44000000 		.4byte	.LASF19
 139 00e5 08       		.uleb128 0x8
 140 00e6 96000000 		.4byte	0x96
 141 00ea 09       		.uleb128 0x9
 142 00eb 5F000000 		.4byte	.LASF20
 143 00ef 03       		.byte	0x3
 144 00f0 B2       		.byte	0xb2
 145 00f1 F5000000 		.4byte	0xf5
 146 00f5 08       		.uleb128 0x8
 147 00f6 CE000000 		.4byte	0xce
 148 00fa 09       		.uleb128 0x9
 149 00fb 0C020000 		.4byte	.LASF21
 150 00ff 03       		.byte	0x3
 151 0100 B3       		.byte	0xb3
 152 0101 05010000 		.4byte	0x105
 153 0105 08       		.uleb128 0x8
 154 0106 CE000000 		.4byte	0xce
 155 010a 06       		.uleb128 0x6
 156 010b 96000000 		.4byte	0x96
 157 010f 1A010000 		.4byte	0x11a
 158 0113 07       		.uleb128 0x7
 159 0114 DE000000 		.4byte	0xde
 160 0118 02       		.byte	0x2
 161 0119 00       		.byte	0
 162 011a 09       		.uleb128 0x9
 163 011b FF010000 		.4byte	.LASF22
 164 011f 03       		.byte	0x3
 165 0120 CA       		.byte	0xca
 166 0121 0A010000 		.4byte	0x10a
 167 0125 06       		.uleb128 0x6
 168 0126 B7000000 		.4byte	0xb7
 169 012a 35010000 		.4byte	0x135
 170 012e 07       		.uleb128 0x7
 171 012f DE000000 		.4byte	0xde
ARM GAS  C:\Users\zakis\AppData\Local\Temp\ccMkF09u.s 			page 4


 172 0133 02       		.byte	0x2
 173 0134 00       		.byte	0
 174 0135 09       		.uleb128 0x9
 175 0136 20020000 		.4byte	.LASF23
 176 013a 03       		.byte	0x3
 177 013b D2       		.byte	0xd2
 178 013c 25010000 		.4byte	0x125
 179 0140 09       		.uleb128 0x9
 180 0141 6A010000 		.4byte	.LASF24
 181 0145 03       		.byte	0x3
 182 0146 DA       		.byte	0xda
 183 0147 0A010000 		.4byte	0x10a
 184 014b 09       		.uleb128 0x9
 185 014c E6010000 		.4byte	.LASF25
 186 0150 03       		.byte	0x3
 187 0151 E2       		.byte	0xe2
 188 0152 B7000000 		.4byte	0xb7
 189 0156 09       		.uleb128 0x9
 190 0157 E0000000 		.4byte	.LASF26
 191 015b 03       		.byte	0x3
 192 015c F7       		.byte	0xf7
 193 015d 96000000 		.4byte	0x96
 194 0161 0A       		.uleb128 0xa
 195 0162 00000000 		.4byte	.LASF27
 196 0166 03       		.byte	0x3
 197 0167 3F01     		.2byte	0x13f
 198 0169 C2000000 		.4byte	0xc2
 199 016d 0A       		.uleb128 0xa
 200 016e 16000000 		.4byte	.LASF28
 201 0172 03       		.byte	0x3
 202 0173 5C01     		.2byte	0x15c
 203 0175 0A010000 		.4byte	0x10a
 204 0179 06       		.uleb128 0x6
 205 017a AC000000 		.4byte	0xac
 206 017e 89010000 		.4byte	0x189
 207 0182 07       		.uleb128 0x7
 208 0183 DE000000 		.4byte	0xde
 209 0187 02       		.byte	0x2
 210 0188 00       		.byte	0
 211 0189 0A       		.uleb128 0xa
 212 018a 29000000 		.4byte	.LASF29
 213 018e 03       		.byte	0x3
 214 018f 6701     		.2byte	0x167
 215 0191 79010000 		.4byte	0x179
 216 0195 09       		.uleb128 0x9
 217 0196 B9020000 		.4byte	.LASF30
 218 019a 04       		.byte	0x4
 219 019b 40       		.byte	0x40
 220 019c 96000000 		.4byte	0x96
 221 01a0 09       		.uleb128 0x9
 222 01a1 C7000000 		.4byte	.LASF31
 223 01a5 04       		.byte	0x4
 224 01a6 47       		.byte	0x47
 225 01a7 A1000000 		.4byte	0xa1
 226 01ab 09       		.uleb128 0x9
 227 01ac B5010000 		.4byte	.LASF32
 228 01b0 04       		.byte	0x4
ARM GAS  C:\Users\zakis\AppData\Local\Temp\ccMkF09u.s 			page 5


 229 01b1 4A       		.byte	0x4a
 230 01b2 96000000 		.4byte	0x96
 231 01b6 09       		.uleb128 0x9
 232 01b7 76010000 		.4byte	.LASF33
 233 01bb 05       		.byte	0x5
 234 01bc 48       		.byte	0x48
 235 01bd B7000000 		.4byte	0xb7
 236 01c1 09       		.uleb128 0x9
 237 01c2 77000000 		.4byte	.LASF34
 238 01c6 06       		.byte	0x6
 239 01c7 44       		.byte	0x44
 240 01c8 96000000 		.4byte	0x96
 241 01cc 06       		.uleb128 0x6
 242 01cd DC010000 		.4byte	0x1dc
 243 01d1 DC010000 		.4byte	0x1dc
 244 01d5 07       		.uleb128 0x7
 245 01d6 DE000000 		.4byte	0xde
 246 01da FF       		.byte	0xff
 247 01db 00       		.byte	0
 248 01dc 08       		.uleb128 0x8
 249 01dd 6A000000 		.4byte	0x6a
 250 01e1 0A       		.uleb128 0xa
 251 01e2 F2010000 		.4byte	.LASF35
 252 01e6 07       		.byte	0x7
 253 01e7 AB01     		.2byte	0x1ab
 254 01e9 ED010000 		.4byte	0x1ed
 255 01ed 08       		.uleb128 0x8
 256 01ee CC010000 		.4byte	0x1cc
 257 01f2 00       		.byte	0
 258              		.section	.debug_abbrev,"",%progbits
 259              	.Ldebug_abbrev0:
 260 0000 01       		.uleb128 0x1
 261 0001 11       		.uleb128 0x11
 262 0002 01       		.byte	0x1
 263 0003 25       		.uleb128 0x25
 264 0004 0E       		.uleb128 0xe
 265 0005 13       		.uleb128 0x13
 266 0006 0B       		.uleb128 0xb
 267 0007 03       		.uleb128 0x3
 268 0008 0E       		.uleb128 0xe
 269 0009 1B       		.uleb128 0x1b
 270 000a 0E       		.uleb128 0xe
 271 000b 10       		.uleb128 0x10
 272 000c 17       		.uleb128 0x17
 273 000d 00       		.byte	0
 274 000e 00       		.byte	0
 275 000f 02       		.uleb128 0x2
 276 0010 24       		.uleb128 0x24
 277 0011 00       		.byte	0
 278 0012 0B       		.uleb128 0xb
 279 0013 0B       		.uleb128 0xb
 280 0014 3E       		.uleb128 0x3e
 281 0015 0B       		.uleb128 0xb
 282 0016 03       		.uleb128 0x3
 283 0017 0E       		.uleb128 0xe
 284 0018 00       		.byte	0
 285 0019 00       		.byte	0
ARM GAS  C:\Users\zakis\AppData\Local\Temp\ccMkF09u.s 			page 6


 286 001a 03       		.uleb128 0x3
 287 001b 24       		.uleb128 0x24
 288 001c 00       		.byte	0
 289 001d 0B       		.uleb128 0xb
 290 001e 0B       		.uleb128 0xb
 291 001f 3E       		.uleb128 0x3e
 292 0020 0B       		.uleb128 0xb
 293 0021 03       		.uleb128 0x3
 294 0022 08       		.uleb128 0x8
 295 0023 00       		.byte	0
 296 0024 00       		.byte	0
 297 0025 04       		.uleb128 0x4
 298 0026 16       		.uleb128 0x16
 299 0027 00       		.byte	0
 300 0028 03       		.uleb128 0x3
 301 0029 0E       		.uleb128 0xe
 302 002a 3A       		.uleb128 0x3a
 303 002b 0B       		.uleb128 0xb
 304 002c 3B       		.uleb128 0x3b
 305 002d 0B       		.uleb128 0xb
 306 002e 49       		.uleb128 0x49
 307 002f 13       		.uleb128 0x13
 308 0030 00       		.byte	0
 309 0031 00       		.byte	0
 310 0032 05       		.uleb128 0x5
 311 0033 16       		.uleb128 0x16
 312 0034 00       		.byte	0
 313 0035 03       		.uleb128 0x3
 314 0036 0E       		.uleb128 0xe
 315 0037 3A       		.uleb128 0x3a
 316 0038 0B       		.uleb128 0xb
 317 0039 3B       		.uleb128 0x3b
 318 003a 05       		.uleb128 0x5
 319 003b 49       		.uleb128 0x49
 320 003c 13       		.uleb128 0x13
 321 003d 00       		.byte	0
 322 003e 00       		.byte	0
 323 003f 06       		.uleb128 0x6
 324 0040 01       		.uleb128 0x1
 325 0041 01       		.byte	0x1
 326 0042 49       		.uleb128 0x49
 327 0043 13       		.uleb128 0x13
 328 0044 01       		.uleb128 0x1
 329 0045 13       		.uleb128 0x13
 330 0046 00       		.byte	0
 331 0047 00       		.byte	0
 332 0048 07       		.uleb128 0x7
 333 0049 21       		.uleb128 0x21
 334 004a 00       		.byte	0
 335 004b 49       		.uleb128 0x49
 336 004c 13       		.uleb128 0x13
 337 004d 2F       		.uleb128 0x2f
 338 004e 0B       		.uleb128 0xb
 339 004f 00       		.byte	0
 340 0050 00       		.byte	0
 341 0051 08       		.uleb128 0x8
 342 0052 26       		.uleb128 0x26
ARM GAS  C:\Users\zakis\AppData\Local\Temp\ccMkF09u.s 			page 7


 343 0053 00       		.byte	0
 344 0054 49       		.uleb128 0x49
 345 0055 13       		.uleb128 0x13
 346 0056 00       		.byte	0
 347 0057 00       		.byte	0
 348 0058 09       		.uleb128 0x9
 349 0059 34       		.uleb128 0x34
 350 005a 00       		.byte	0
 351 005b 03       		.uleb128 0x3
 352 005c 0E       		.uleb128 0xe
 353 005d 3A       		.uleb128 0x3a
 354 005e 0B       		.uleb128 0xb
 355 005f 3B       		.uleb128 0x3b
 356 0060 0B       		.uleb128 0xb
 357 0061 49       		.uleb128 0x49
 358 0062 13       		.uleb128 0x13
 359 0063 3F       		.uleb128 0x3f
 360 0064 19       		.uleb128 0x19
 361 0065 3C       		.uleb128 0x3c
 362 0066 19       		.uleb128 0x19
 363 0067 00       		.byte	0
 364 0068 00       		.byte	0
 365 0069 0A       		.uleb128 0xa
 366 006a 34       		.uleb128 0x34
 367 006b 00       		.byte	0
 368 006c 03       		.uleb128 0x3
 369 006d 0E       		.uleb128 0xe
 370 006e 3A       		.uleb128 0x3a
 371 006f 0B       		.uleb128 0xb
 372 0070 3B       		.uleb128 0x3b
 373 0071 05       		.uleb128 0x5
 374 0072 49       		.uleb128 0x49
 375 0073 13       		.uleb128 0x13
 376 0074 3F       		.uleb128 0x3f
 377 0075 19       		.uleb128 0x19
 378 0076 3C       		.uleb128 0x3c
 379 0077 19       		.uleb128 0x19
 380 0078 00       		.byte	0
 381 0079 00       		.byte	0
 382 007a 00       		.byte	0
 383              		.section	.debug_aranges,"",%progbits
 384 0000 14000000 		.4byte	0x14
 385 0004 0200     		.2byte	0x2
 386 0006 00000000 		.4byte	.Ldebug_info0
 387 000a 04       		.byte	0x4
 388 000b 00       		.byte	0
 389 000c 0000     		.2byte	0
 390 000e 0000     		.2byte	0
 391 0010 00000000 		.4byte	0
 392 0014 00000000 		.4byte	0
 393              		.section	.debug_line,"",%progbits
 394              	.Ldebug_line0:
 395 0000 1C010000 		.section	.debug_str,"MS",%progbits,1
 395      02001601 
 395      00000201 
 395      FB0E0D00 
 395      01010101 
ARM GAS  C:\Users\zakis\AppData\Local\Temp\ccMkF09u.s 			page 8


 396              	.LASF27:
 397 0000 45455F72 		.ascii	"EE_rq_bitmask\000"
 397      715F6269 
 397      746D6173 
 397      6B00
 398              	.LASF14:
 399 000e 45455F55 		.ascii	"EE_UREG\000"
 399      52454700 
 400              	.LASF28:
 401 0016 45455F74 		.ascii	"EE_th_event_active\000"
 401      685F6576 
 401      656E745F 
 401      61637469 
 401      766500
 402              	.LASF29:
 403 0029 45455F74 		.ascii	"EE_th_waswaiting\000"
 403      685F7761 
 403      73776169 
 403      74696E67 
 403      00
 404              	.LASF2:
 405 003a 73686F72 		.ascii	"short int\000"
 405      7420696E 
 405      7400
 406              	.LASF19:
 407 0044 73697A65 		.ascii	"sizetype\000"
 407      74797065 
 407      00
 408              	.LASF15:
 409 004d 45455F46 		.ascii	"EE_FREG\000"
 409      52454700 
 410              	.LASF13:
 411 0055 45455F55 		.ascii	"EE_UINT32\000"
 411      494E5433 
 411      3200
 412              	.LASF20:
 413 005f 45455F74 		.ascii	"EE_th_ready_prio\000"
 413      685F7265 
 413      6164795F 
 413      7072696F 
 413      00
 414              	.LASF17:
 415 0070 45455F54 		.ascii	"EE_TID\000"
 415      494400
 416              	.LASF34:
 417 0077 45455F49 		.ascii	"EE_IRQ_nesting_level\000"
 417      52515F6E 
 417      65737469 
 417      6E675F6C 
 417      6576656C 
 418              	.LASF9:
 419 008c 6C6F6E67 		.ascii	"long double\000"
 419      20646F75 
 419      626C6500 
 420              	.LASF6:
 421 0098 6C6F6E67 		.ascii	"long long int\000"
 421      206C6F6E 
ARM GAS  C:\Users\zakis\AppData\Local\Temp\ccMkF09u.s 			page 9


 421      6720696E 
 421      7400
 422              	.LASF10:
 423 00a6 45455F49 		.ascii	"EE_INT8\000"
 423      4E543800 
 424              	.LASF18:
 425 00ae 45455F54 		.ascii	"EE_TYPE_RQ_MASK\000"
 425      5950455F 
 425      52515F4D 
 425      41534B00 
 426              	.LASF4:
 427 00be 6C6F6E67 		.ascii	"long int\000"
 427      20696E74 
 427      00
 428              	.LASF31:
 429 00c7 45455F6F 		.ascii	"EE_oo_IRQ_suspend_status\000"
 429      6F5F4952 
 429      515F7375 
 429      7370656E 
 429      645F7374 
 430              	.LASF26:
 431 00e0 45455F73 		.ascii	"EE_sys_ceiling\000"
 431      79735F63 
 431      65696C69 
 431      6E6700
 432              	.LASF37:
 433 00ef 47656E65 		.ascii	"Generated_Source\\PSoC5\\ErikaOS_1_cortex_mx_ee_sys"
 433      72617465 
 433      645F536F 
 433      75726365 
 433      5C50536F 
 434 0120 74656D5F 		.ascii	"tem_timer.c\000"
 434      74696D65 
 434      722E6300 
 435              	.LASF1:
 436 012c 756E7369 		.ascii	"unsigned char\000"
 436      676E6564 
 436      20636861 
 436      7200
 437              	.LASF0:
 438 013a 7369676E 		.ascii	"signed char\000"
 438      65642063 
 438      68617200 
 439              	.LASF7:
 440 0146 6C6F6E67 		.ascii	"long long unsigned int\000"
 440      206C6F6E 
 440      6720756E 
 440      7369676E 
 440      65642069 
 441              	.LASF8:
 442 015d 756E7369 		.ascii	"unsigned int\000"
 442      676E6564 
 442      20696E74 
 442      00
 443              	.LASF24:
 444 016a 45455F74 		.ascii	"EE_th_rnact\000"
 444      685F726E 
ARM GAS  C:\Users\zakis\AppData\Local\Temp\ccMkF09u.s 			page 10


 444      61637400 
 445              	.LASF33:
 446 0176 45455F73 		.ascii	"EE_std_endcycle_next_tid\000"
 446      74645F65 
 446      6E646379 
 446      636C655F 
 446      6E657874 
 447              	.LASF12:
 448 018f 45455F49 		.ascii	"EE_INT32\000"
 448      4E543332 
 448      00
 449              	.LASF3:
 450 0198 73686F72 		.ascii	"short unsigned int\000"
 450      7420756E 
 450      7369676E 
 450      65642069 
 450      6E7400
 451              	.LASF11:
 452 01ab 45455F55 		.ascii	"EE_UINT16\000"
 452      494E5431 
 452      3600
 453              	.LASF32:
 454 01b5 45455F41 		.ascii	"EE_ApplicationMode\000"
 454      70706C69 
 454      63617469 
 454      6F6E4D6F 
 454      646500
 455              	.LASF5:
 456 01c8 6C6F6E67 		.ascii	"long unsigned int\000"
 456      20756E73 
 456      69676E65 
 456      6420696E 
 456      7400
 457              	.LASF16:
 458 01da 45455F54 		.ascii	"EE_TYPEBOOL\000"
 458      59504542 
 458      4F4F4C00 
 459              	.LASF25:
 460 01e6 45455F73 		.ascii	"EE_stkfirst\000"
 460      746B6669 
 460      72737400 
 461              	.LASF35:
 462 01f2 45455F72 		.ascii	"EE_rq_lookup\000"
 462      715F6C6F 
 462      6F6B7570 
 462      00
 463              	.LASF22:
 464 01ff 45455F74 		.ascii	"EE_th_status\000"
 464      685F7374 
 464      61747573 
 464      00
 465              	.LASF21:
 466 020c 45455F74 		.ascii	"EE_th_dispatch_prio\000"
 466      685F6469 
 466      73706174 
 466      63685F70 
 466      72696F00 
ARM GAS  C:\Users\zakis\AppData\Local\Temp\ccMkF09u.s 			page 11


 467              	.LASF23:
 468 0220 45455F74 		.ascii	"EE_th_next\000"
 468      685F6E65 
 468      787400
 469              	.LASF36:
 470 022b 474E5520 		.ascii	"GNU C11 5.4.1 20160609 (release) [ARM/embedded-5-br"
 470      43313120 
 470      352E342E 
 470      31203230 
 470      31363036 
 471 025e 616E6368 		.ascii	"anch revision 237715] -mcpu=cortex-m3 -mthumb -g -O"
 471      20726576 
 471      6973696F 
 471      6E203233 
 471      37373135 
 472 0291 67202D66 		.ascii	"g -ffunction-sections -ffat-lto-objects\000"
 472      66756E63 
 472      74696F6E 
 472      2D736563 
 472      74696F6E 
 473              	.LASF30:
 474 02b9 45455F6F 		.ascii	"EE_oo_IRQ_disable_count\000"
 474      6F5F4952 
 474      515F6469 
 474      7361626C 
 474      655F636F 
 475              	.LASF38:
 476 02d1 433A5C55 		.ascii	"C:\\Users\\zakis\\Documents\\EOS_Assignment_Two\\JS"
 476      73657273 
 476      5C7A616B 
 476      69735C44 
 476      6F63756D 
 477 02ff 4F4E5F50 		.ascii	"ON_Parser\\EOS_Assignment_Two\\JSON_Parser.cydsn\000"
 477      61727365 
 477      725C454F 
 477      535F4173 
 477      7369676E 
 478              		.ident	"GCC: (GNU Tools for ARM Embedded Processors) 5.4.1 20160609 (release) [ARM/embedded-5-bran
