ARM GAS  C:\Users\zakis\AppData\Local\Temp\ccNw4RML.s 			page 1


   1              		.syntax unified
   2              		.cpu cortex-m3
   3              		.fpu softvfp
   4              		.eabi_attribute 20, 1
   5              		.eabi_attribute 21, 1
   6              		.eabi_attribute 23, 3
   7              		.eabi_attribute 24, 1
   8              		.eabi_attribute 25, 1
   9              		.eabi_attribute 26, 1
  10              		.eabi_attribute 30, 1
  11              		.eabi_attribute 34, 1
  12              		.eabi_attribute 18, 4
  13              		.thumb
  14              		.syntax unified
  15              		.file	"ErikaOS_1_ee_gettaskstate.c"
  16              		.text
  17              	.Ltext0:
  18              		.cfi_sections	.debug_frame
  19              		.section	.text.EE_oo_GetTaskState,"ax",%progbits
  20              		.align	2
  21              		.global	EE_oo_GetTaskState
  22              		.thumb
  23              		.thumb_func
  24              		.type	EE_oo_GetTaskState, %function
  25              	EE_oo_GetTaskState:
  26              	.LFB59:
  27              		.file 1 "Generated_Source\\PSoC5\\ErikaOS_1_ee_gettaskstate.c"
   1:Generated_Source\PSoC5/ErikaOS_1_ee_gettaskstate.c **** /* ###*B*###
   2:Generated_Source\PSoC5/ErikaOS_1_ee_gettaskstate.c ****  * ERIKA Enterprise - a tiny RTOS for small microcontrollers
   3:Generated_Source\PSoC5/ErikaOS_1_ee_gettaskstate.c ****  *
   4:Generated_Source\PSoC5/ErikaOS_1_ee_gettaskstate.c ****  * Copyright (C) 2002-2008  Evidence Srl
   5:Generated_Source\PSoC5/ErikaOS_1_ee_gettaskstate.c ****  *
   6:Generated_Source\PSoC5/ErikaOS_1_ee_gettaskstate.c ****  * This file is part of ERIKA Enterprise.
   7:Generated_Source\PSoC5/ErikaOS_1_ee_gettaskstate.c ****  *
   8:Generated_Source\PSoC5/ErikaOS_1_ee_gettaskstate.c ****  * ERIKA Enterprise is free software; you can redistribute it
   9:Generated_Source\PSoC5/ErikaOS_1_ee_gettaskstate.c ****  * and/or modify it under the terms of the GNU General Public License
  10:Generated_Source\PSoC5/ErikaOS_1_ee_gettaskstate.c ****  * version 2 as published by the Free Software Foundation, 
  11:Generated_Source\PSoC5/ErikaOS_1_ee_gettaskstate.c ****  * (with a special exception described below).
  12:Generated_Source\PSoC5/ErikaOS_1_ee_gettaskstate.c ****  *
  13:Generated_Source\PSoC5/ErikaOS_1_ee_gettaskstate.c ****  * Linking this code statically or dynamically with other modules is
  14:Generated_Source\PSoC5/ErikaOS_1_ee_gettaskstate.c ****  * making a combined work based on this code.  Thus, the terms and
  15:Generated_Source\PSoC5/ErikaOS_1_ee_gettaskstate.c ****  * conditions of the GNU General Public License cover the whole
  16:Generated_Source\PSoC5/ErikaOS_1_ee_gettaskstate.c ****  * combination.
  17:Generated_Source\PSoC5/ErikaOS_1_ee_gettaskstate.c ****  *
  18:Generated_Source\PSoC5/ErikaOS_1_ee_gettaskstate.c ****  * As a special exception, the copyright holders of this library give you
  19:Generated_Source\PSoC5/ErikaOS_1_ee_gettaskstate.c ****  * permission to link this code with independent modules to produce an
  20:Generated_Source\PSoC5/ErikaOS_1_ee_gettaskstate.c ****  * executable, regardless of the license terms of these independent
  21:Generated_Source\PSoC5/ErikaOS_1_ee_gettaskstate.c ****  * modules, and to copy and distribute the resulting executable under
  22:Generated_Source\PSoC5/ErikaOS_1_ee_gettaskstate.c ****  * terms of your choice, provided that you also meet, for each linked
  23:Generated_Source\PSoC5/ErikaOS_1_ee_gettaskstate.c ****  * independent module, the terms and conditions of the license of that
  24:Generated_Source\PSoC5/ErikaOS_1_ee_gettaskstate.c ****  * module.  An independent module is a module which is not derived from
  25:Generated_Source\PSoC5/ErikaOS_1_ee_gettaskstate.c ****  * or based on this library.  If you modify this code, you may extend
  26:Generated_Source\PSoC5/ErikaOS_1_ee_gettaskstate.c ****  * this exception to your version of the code, but you are not
  27:Generated_Source\PSoC5/ErikaOS_1_ee_gettaskstate.c ****  * obligated to do so.  If you do not wish to do so, delete this
  28:Generated_Source\PSoC5/ErikaOS_1_ee_gettaskstate.c ****  * exception statement from your version.
  29:Generated_Source\PSoC5/ErikaOS_1_ee_gettaskstate.c ****  *
  30:Generated_Source\PSoC5/ErikaOS_1_ee_gettaskstate.c ****  * ERIKA Enterprise is distributed in the hope that it will be
ARM GAS  C:\Users\zakis\AppData\Local\Temp\ccNw4RML.s 			page 2


  31:Generated_Source\PSoC5/ErikaOS_1_ee_gettaskstate.c ****  * useful, but WITHOUT ANY WARRANTY; without even the implied warranty
  32:Generated_Source\PSoC5/ErikaOS_1_ee_gettaskstate.c ****  * of MERCHANTABILITY or FITNESS FOR A PARTICULAR PURPOSE.  See the
  33:Generated_Source\PSoC5/ErikaOS_1_ee_gettaskstate.c ****  * GNU General Public License version 2 for more details.
  34:Generated_Source\PSoC5/ErikaOS_1_ee_gettaskstate.c ****  *
  35:Generated_Source\PSoC5/ErikaOS_1_ee_gettaskstate.c ****  * You should have received a copy of the GNU General Public License
  36:Generated_Source\PSoC5/ErikaOS_1_ee_gettaskstate.c ****  * version 2 along with ERIKA Enterprise; if not, write to the
  37:Generated_Source\PSoC5/ErikaOS_1_ee_gettaskstate.c ****  * Free Software Foundation, Inc., 51 Franklin Street, Fifth Floor,
  38:Generated_Source\PSoC5/ErikaOS_1_ee_gettaskstate.c ****  * Boston, MA 02110-1301 USA.
  39:Generated_Source\PSoC5/ErikaOS_1_ee_gettaskstate.c ****  * ###*E*### */
  40:Generated_Source\PSoC5/ErikaOS_1_ee_gettaskstate.c **** 
  41:Generated_Source\PSoC5/ErikaOS_1_ee_gettaskstate.c **** /*
  42:Generated_Source\PSoC5/ErikaOS_1_ee_gettaskstate.c ****  * Author: 2004 Paolo Gai
  43:Generated_Source\PSoC5/ErikaOS_1_ee_gettaskstate.c ****  * CVS: $Id: ee_gettaskstate.c,v 1.1 2005/07/16 12:23:42 pj Exp $
  44:Generated_Source\PSoC5/ErikaOS_1_ee_gettaskstate.c ****  */
  45:Generated_Source\PSoC5/ErikaOS_1_ee_gettaskstate.c **** 
  46:Generated_Source\PSoC5/ErikaOS_1_ee_gettaskstate.c **** /*
  47:Generated_Source\PSoC5/ErikaOS_1_ee_gettaskstate.c ****  * PSoC Port and API Generation
  48:Generated_Source\PSoC5/ErikaOS_1_ee_gettaskstate.c ****  * Carlos Fernando Meier Martinez
  49:Generated_Source\PSoC5/ErikaOS_1_ee_gettaskstate.c ****  * Hochschule Darmstadt, Germany. 2017.
  50:Generated_Source\PSoC5/ErikaOS_1_ee_gettaskstate.c ****  */
  51:Generated_Source\PSoC5/ErikaOS_1_ee_gettaskstate.c **** 
  52:Generated_Source\PSoC5/ErikaOS_1_ee_gettaskstate.c **** #include "ErikaOS_1_ee_internal.inc"
  53:Generated_Source\PSoC5/ErikaOS_1_ee_gettaskstate.c **** 
  54:Generated_Source\PSoC5/ErikaOS_1_ee_gettaskstate.c **** /***************************************************************************
  55:Generated_Source\PSoC5/ErikaOS_1_ee_gettaskstate.c ****  * 13.2 Task management 
  56:Generated_Source\PSoC5/ErikaOS_1_ee_gettaskstate.c ****  ***************************************************************************/
  57:Generated_Source\PSoC5/ErikaOS_1_ee_gettaskstate.c **** 
  58:Generated_Source\PSoC5/ErikaOS_1_ee_gettaskstate.c **** /* 13.2.3.6: BCC1, BCC2, ECC1, ECC2 */
  59:Generated_Source\PSoC5/ErikaOS_1_ee_gettaskstate.c **** #ifndef __PRIVATE_GETTASKSTATE__
  60:Generated_Source\PSoC5/ErikaOS_1_ee_gettaskstate.c **** 
  61:Generated_Source\PSoC5/ErikaOS_1_ee_gettaskstate.c **** StatusType EE_oo_GetTaskState(TaskType TaskID, TaskStateRefType State)
  62:Generated_Source\PSoC5/ErikaOS_1_ee_gettaskstate.c **** {
  28              		.loc 1 62 0
  29              		.cfi_startproc
  30              		@ args = 0, pretend = 0, frame = 0
  31              		@ frame_needed = 0, uses_anonymous_args = 0
  32              		@ link register save eliminated.
  33              	.LVL0:
  63:Generated_Source\PSoC5/ErikaOS_1_ee_gettaskstate.c ****   register StatusType ev;
  64:Generated_Source\PSoC5/ErikaOS_1_ee_gettaskstate.c **** 
  65:Generated_Source\PSoC5/ErikaOS_1_ee_gettaskstate.c ****   EE_ORTI_set_service_in(EE_SERVICETRACE_GETTASKSTATE);
  66:Generated_Source\PSoC5/ErikaOS_1_ee_gettaskstate.c **** 
  67:Generated_Source\PSoC5/ErikaOS_1_ee_gettaskstate.c **** #ifdef EE_SERVICE_PROTECTION__
  68:Generated_Source\PSoC5/ErikaOS_1_ee_gettaskstate.c ****   /* [OS093]: If interrupts are disabled/suspended by a Task/OsIsr and the
  69:Generated_Source\PSoC5/ErikaOS_1_ee_gettaskstate.c ****       Task/OsIsr calls any OS service (excluding the interrupt services)
  70:Generated_Source\PSoC5/ErikaOS_1_ee_gettaskstate.c ****       then the Operating System shall ignore the service AND shall return
  71:Generated_Source\PSoC5/ErikaOS_1_ee_gettaskstate.c ****       E_OS_DISABLEDINT if the service returns a StatusType value. */
  72:Generated_Source\PSoC5/ErikaOS_1_ee_gettaskstate.c ****   /* [OS088]: If an OS-Application makes a service call from the wrong context
  73:Generated_Source\PSoC5/ErikaOS_1_ee_gettaskstate.c ****       AND is currently not inside a Category 1 ISR the Operating System module
  74:Generated_Source\PSoC5/ErikaOS_1_ee_gettaskstate.c ****       shall not perform the requested action (the service call shall have no
  75:Generated_Source\PSoC5/ErikaOS_1_ee_gettaskstate.c ****       effect), and return E_OS_CALLEVEL (see [12], section 13.1) or the
  76:Generated_Source\PSoC5/ErikaOS_1_ee_gettaskstate.c ****       "invalid value" of  the service. (BSW11009, BSW11013) */
  77:Generated_Source\PSoC5/ErikaOS_1_ee_gettaskstate.c ****   /* GetTaskID is callable by Task, ISR2, ErrorHook, ProtectionHook, Pre and
  78:Generated_Source\PSoC5/ErikaOS_1_ee_gettaskstate.c ****      Post TaskHook */
  79:Generated_Source\PSoC5/ErikaOS_1_ee_gettaskstate.c ****   if ( (EE_as_execution_context > ErrorHook_Context) &&
  80:Generated_Source\PSoC5/ErikaOS_1_ee_gettaskstate.c ****        (EE_as_execution_context != PreTaskHook_Context) &&
  81:Generated_Source\PSoC5/ErikaOS_1_ee_gettaskstate.c ****        (EE_as_execution_context != PostTaskHook_Context) )
ARM GAS  C:\Users\zakis\AppData\Local\Temp\ccNw4RML.s 			page 3


  82:Generated_Source\PSoC5/ErikaOS_1_ee_gettaskstate.c ****   {
  83:Generated_Source\PSoC5/ErikaOS_1_ee_gettaskstate.c ****     ev = E_OS_CALLEVEL;
  84:Generated_Source\PSoC5/ErikaOS_1_ee_gettaskstate.c ****   } else if ( EE_oo_check_disableint_error() ) {
  85:Generated_Source\PSoC5/ErikaOS_1_ee_gettaskstate.c ****     ev = E_OS_DISABLEDINT;
  86:Generated_Source\PSoC5/ErikaOS_1_ee_gettaskstate.c ****   } else
  87:Generated_Source\PSoC5/ErikaOS_1_ee_gettaskstate.c **** #endif /* EE_SERVICE_PROTECTION__ */
  88:Generated_Source\PSoC5/ErikaOS_1_ee_gettaskstate.c **** 
  89:Generated_Source\PSoC5/ErikaOS_1_ee_gettaskstate.c ****   /* [OS566]: The Operating System API shall check in extended mode all pointer
  90:Generated_Source\PSoC5/ErikaOS_1_ee_gettaskstate.c ****      argument for NULL pointer and return OS_E_PARAMETER_POINTER
  91:Generated_Source\PSoC5/ErikaOS_1_ee_gettaskstate.c ****      if such argument is NULL. 
  92:Generated_Source\PSoC5/ErikaOS_1_ee_gettaskstate.c ****      + 
  93:Generated_Source\PSoC5/ErikaOS_1_ee_gettaskstate.c ****      MISRA dictate NULL check for pointers always. */
  94:Generated_Source\PSoC5/ErikaOS_1_ee_gettaskstate.c ****   if ( State == NULL ) {
  34              		.loc 1 94 0
  35 0000 39B1     		cbz	r1, .L3
  95:Generated_Source\PSoC5/ErikaOS_1_ee_gettaskstate.c ****     ev = E_OS_PARAM_POINTER;
  96:Generated_Source\PSoC5/ErikaOS_1_ee_gettaskstate.c ****   } else
  97:Generated_Source\PSoC5/ErikaOS_1_ee_gettaskstate.c **** #if (defined(EE_AS_OSAPPLICATIONS__)) && (defined(EE_SERVICE_PROTECTION__)) \
  98:Generated_Source\PSoC5/ErikaOS_1_ee_gettaskstate.c ****   && (defined(__EE_MEMORY_PROTECTION__))
  99:Generated_Source\PSoC5/ErikaOS_1_ee_gettaskstate.c ****   /* [SWS_Os_00051]: If an invalid address (address is not writable by this
 100:Generated_Source\PSoC5/ErikaOS_1_ee_gettaskstate.c ****       OS-Application) is passed as an out-parameter to an Operating System
 101:Generated_Source\PSoC5/ErikaOS_1_ee_gettaskstate.c ****       service, the Operating System module shall return the status code
 102:Generated_Source\PSoC5/ErikaOS_1_ee_gettaskstate.c ****       E_OS_ILLEGAL_ADDRESS. (SRS_Os_11009, SRS_Os_11013) */
 103:Generated_Source\PSoC5/ErikaOS_1_ee_gettaskstate.c ****   if ( !OSMEMORY_IS_WRITEABLE( EE_hal_get_app_mem_access(EE_as_active_app,
 104:Generated_Source\PSoC5/ErikaOS_1_ee_gettaskstate.c ****     State, sizeof(*State))) )
 105:Generated_Source\PSoC5/ErikaOS_1_ee_gettaskstate.c ****   {
 106:Generated_Source\PSoC5/ErikaOS_1_ee_gettaskstate.c ****     ev = E_OS_ILLEGAL_ADDRESS;
 107:Generated_Source\PSoC5/ErikaOS_1_ee_gettaskstate.c ****   } else
 108:Generated_Source\PSoC5/ErikaOS_1_ee_gettaskstate.c **** #endif /* EE_AS_OSAPPLICATIONS__ && EE_SERVICE_PROTECTION__ &&
 109:Generated_Source\PSoC5/ErikaOS_1_ee_gettaskstate.c ****   __EE_MEMORY_PROTECTION__ */
 110:Generated_Source\PSoC5/ErikaOS_1_ee_gettaskstate.c **** 
 111:Generated_Source\PSoC5/ErikaOS_1_ee_gettaskstate.c **** #ifdef EE_AS_RPC__
 112:Generated_Source\PSoC5/ErikaOS_1_ee_gettaskstate.c ****   if ( EE_IS_TID_REMOTE(TaskID) )
 113:Generated_Source\PSoC5/ErikaOS_1_ee_gettaskstate.c ****   {
 114:Generated_Source\PSoC5/ErikaOS_1_ee_gettaskstate.c ****     /* Tmp Tid (introduced to meet MISRA requirements) */
 115:Generated_Source\PSoC5/ErikaOS_1_ee_gettaskstate.c ****     EE_TID tmp_tid;
 116:Generated_Source\PSoC5/ErikaOS_1_ee_gettaskstate.c ****     EE_os_param as_state;
 117:Generated_Source\PSoC5/ErikaOS_1_ee_gettaskstate.c ****     EE_os_param unmarked_tid;
 118:Generated_Source\PSoC5/ErikaOS_1_ee_gettaskstate.c **** 	/* Two steps macro assignment to meet MISRA 10.3 required rule */
 119:Generated_Source\PSoC5/ErikaOS_1_ee_gettaskstate.c ****     tmp_tid = EE_UNMARK_REMOTE_TID(TaskID);
 120:Generated_Source\PSoC5/ErikaOS_1_ee_gettaskstate.c ****     unmarked_tid.value_param = (EE_UREG)tmp_tid;
 121:Generated_Source\PSoC5/ErikaOS_1_ee_gettaskstate.c ****     as_state.task_state_ref = State;
 122:Generated_Source\PSoC5/ErikaOS_1_ee_gettaskstate.c **** 
 123:Generated_Source\PSoC5/ErikaOS_1_ee_gettaskstate.c ****     /* forward the request to another CPU in synchronous way */
 124:Generated_Source\PSoC5/ErikaOS_1_ee_gettaskstate.c ****     ev = EE_as_rpc_from_us(OSServiceId_GetTaskState, unmarked_tid, as_state,
 125:Generated_Source\PSoC5/ErikaOS_1_ee_gettaskstate.c ****       EE_OS_INVALID_PARAM);
 126:Generated_Source\PSoC5/ErikaOS_1_ee_gettaskstate.c ****   } else {
 127:Generated_Source\PSoC5/ErikaOS_1_ee_gettaskstate.c **** #endif /* EE_AS_RPC__ */
 128:Generated_Source\PSoC5/ErikaOS_1_ee_gettaskstate.c **** 
 129:Generated_Source\PSoC5/ErikaOS_1_ee_gettaskstate.c **** #if (defined(EE_AS_OSAPPLICATIONS__)) && (defined(EE_SERVICE_PROTECTION__))
 130:Generated_Source\PSoC5/ErikaOS_1_ee_gettaskstate.c ****     /* check if the task Id is valid */
 131:Generated_Source\PSoC5/ErikaOS_1_ee_gettaskstate.c ****     if ( (TaskID < 0) || (TaskID >= EE_MAX_TASK) ) {
 132:Generated_Source\PSoC5/ErikaOS_1_ee_gettaskstate.c ****       ev = E_OS_ID;
 133:Generated_Source\PSoC5/ErikaOS_1_ee_gettaskstate.c ****     } else if ( EE_TASK_ACCESS_ERR(TaskID, EE_as_active_app) ) {
 134:Generated_Source\PSoC5/ErikaOS_1_ee_gettaskstate.c ****       ev = E_OS_ACCESS;
 135:Generated_Source\PSoC5/ErikaOS_1_ee_gettaskstate.c ****     } else
 136:Generated_Source\PSoC5/ErikaOS_1_ee_gettaskstate.c **** #elif defined(__OO_EXTENDED_STATUS__)
ARM GAS  C:\Users\zakis\AppData\Local\Temp\ccNw4RML.s 			page 4


 137:Generated_Source\PSoC5/ErikaOS_1_ee_gettaskstate.c ****     /* check if the task Id is valid */
 138:Generated_Source\PSoC5/ErikaOS_1_ee_gettaskstate.c ****     if ( (TaskID < 0) || (TaskID >= EE_MAX_TASK) ) {
  36              		.loc 1 138 0
  37 0002 0228     		cmp	r0, #2
  38 0004 07D8     		bhi	.L4
 139:Generated_Source\PSoC5/ErikaOS_1_ee_gettaskstate.c ****       ev = E_OS_ID;
 140:Generated_Source\PSoC5/ErikaOS_1_ee_gettaskstate.c ****     } else
 141:Generated_Source\PSoC5/ErikaOS_1_ee_gettaskstate.c **** #endif /* EE_AS_OSAPPLICATIONS__ || E_SERVICE_PROTECTION__ ||
 142:Generated_Source\PSoC5/ErikaOS_1_ee_gettaskstate.c **** __OO_EXTENDED_STATUS__ */
 143:Generated_Source\PSoC5/ErikaOS_1_ee_gettaskstate.c ****     {
 144:Generated_Source\PSoC5/ErikaOS_1_ee_gettaskstate.c ****     /* XXX: This SHALL be atomic. Check this architectures other than TriCore */
 145:Generated_Source\PSoC5/ErikaOS_1_ee_gettaskstate.c ****       *State = EE_th_status[TaskID];
  39              		.loc 1 145 0
  40 0006 054A     		ldr	r2, .L5
  41 0008 52F82020 		ldr	r2, [r2, r0, lsl #2]
  42 000c 0A60     		str	r2, [r1]
  43              	.LVL1:
 146:Generated_Source\PSoC5/ErikaOS_1_ee_gettaskstate.c ****       ev = E_OK;
  44              		.loc 1 146 0
  45 000e 0020     		movs	r0, #0
  46              	.LVL2:
  47 0010 7047     		bx	lr
  48              	.LVL3:
  49              	.L3:
  95:Generated_Source\PSoC5/ErikaOS_1_ee_gettaskstate.c ****     ev = E_OS_PARAM_POINTER;
  50              		.loc 1 95 0
  51 0012 0E20     		movs	r0, #14
  52              	.LVL4:
  53 0014 7047     		bx	lr
  54              	.LVL5:
  55              	.L4:
 139:Generated_Source\PSoC5/ErikaOS_1_ee_gettaskstate.c ****       ev = E_OS_ID;
  56              		.loc 1 139 0
  57 0016 0320     		movs	r0, #3
  58              	.LVL6:
 147:Generated_Source\PSoC5/ErikaOS_1_ee_gettaskstate.c ****     }
 148:Generated_Source\PSoC5/ErikaOS_1_ee_gettaskstate.c **** #ifdef EE_AS_RPC__
 149:Generated_Source\PSoC5/ErikaOS_1_ee_gettaskstate.c ****   }
 150:Generated_Source\PSoC5/ErikaOS_1_ee_gettaskstate.c **** #endif /*  EE_AS_RPC__ */
 151:Generated_Source\PSoC5/ErikaOS_1_ee_gettaskstate.c **** 
 152:Generated_Source\PSoC5/ErikaOS_1_ee_gettaskstate.c ****   if ( ev != E_OK ) {
 153:Generated_Source\PSoC5/ErikaOS_1_ee_gettaskstate.c ****     EE_OS_ERROR_PARAMETERS();
 154:Generated_Source\PSoC5/ErikaOS_1_ee_gettaskstate.c ****     EE_OS_ERROR_PARAMETERS_PARAM1_REF(task_state_ref,State);
 155:Generated_Source\PSoC5/ErikaOS_1_ee_gettaskstate.c **** 
 156:Generated_Source\PSoC5/ErikaOS_1_ee_gettaskstate.c ****     EE_os_notify_error_from_us(OSServiceId_GetTaskState, &error_parameters, ev);
 157:Generated_Source\PSoC5/ErikaOS_1_ee_gettaskstate.c ****     EE_ORTI_set_service_out(EE_SERVICETRACE_GETTASKSTATE);
 158:Generated_Source\PSoC5/ErikaOS_1_ee_gettaskstate.c ****   } else {
 159:Generated_Source\PSoC5/ErikaOS_1_ee_gettaskstate.c ****     EE_ORTI_set_service_out(EE_SERVICETRACE_GETTASKSTATE);
 160:Generated_Source\PSoC5/ErikaOS_1_ee_gettaskstate.c ****   }
 161:Generated_Source\PSoC5/ErikaOS_1_ee_gettaskstate.c **** 
 162:Generated_Source\PSoC5/ErikaOS_1_ee_gettaskstate.c ****   return ev;
 163:Generated_Source\PSoC5/ErikaOS_1_ee_gettaskstate.c **** }
  59              		.loc 1 163 0
  60 0018 7047     		bx	lr
  61              	.L6:
  62 001a 00BF     		.align	2
  63              	.L5:
ARM GAS  C:\Users\zakis\AppData\Local\Temp\ccNw4RML.s 			page 5


  64 001c 00000000 		.word	EE_th_status
  65              		.cfi_endproc
  66              	.LFE59:
  67              		.size	EE_oo_GetTaskState, .-EE_oo_GetTaskState
  68              		.text
  69              	.Letext0:
  70              		.file 2 "Generated_Source\\PSoC5\\ErikaOS_1_common_ee_types.inc"
  71              		.file 3 "Generated_Source\\PSoC5\\ErikaOS_1_cortex_mx_ee_cpu.inc"
  72              		.file 4 "Generated_Source\\PSoC5\\ErikaOS_1_ee_oo_common.inc"
  73              		.file 5 "Generated_Source\\PSoC5\\ErikaOS_1_ee_oo_internal.inc"
  74              		.file 6 "Generated_Source\\PSoC5\\ErikaOS_1_common_ee_primitives.inc"
  75              		.file 7 "Generated_Source\\PSoC5\\ErikaOS_1_cortex_mx_ee_context.inc"
  76              		.file 8 "Generated_Source\\PSoC5\\ErikaOS_1_ee_oo_intfunc.inc"
  77              		.section	.debug_info,"",%progbits
  78              	.Ldebug_info0:
  79 0000 D4020000 		.4byte	0x2d4
  80 0004 0400     		.2byte	0x4
  81 0006 00000000 		.4byte	.Ldebug_abbrev0
  82 000a 04       		.byte	0x4
  83 000b 01       		.uleb128 0x1
  84 000c C0020000 		.4byte	.LASF47
  85 0010 0C       		.byte	0xc
  86 0011 1A020000 		.4byte	.LASF48
  87 0015 7E030000 		.4byte	.LASF49
  88 0019 00000000 		.4byte	.Ldebug_ranges0+0
  89 001d 00000000 		.4byte	0
  90 0021 00000000 		.4byte	.Ldebug_line0
  91 0025 02       		.uleb128 0x2
  92 0026 01       		.byte	0x1
  93 0027 06       		.byte	0x6
  94 0028 74010000 		.4byte	.LASF0
  95 002c 02       		.uleb128 0x2
  96 002d 01       		.byte	0x1
  97 002e 08       		.byte	0x8
  98 002f 66010000 		.4byte	.LASF1
  99 0033 02       		.uleb128 0x2
 100 0034 02       		.byte	0x2
 101 0035 05       		.byte	0x5
 102 0036 3E000000 		.4byte	.LASF2
 103 003a 02       		.uleb128 0x2
 104 003b 02       		.byte	0x2
 105 003c 07       		.byte	0x7
 106 003d D2010000 		.4byte	.LASF3
 107 0041 02       		.uleb128 0x2
 108 0042 04       		.byte	0x4
 109 0043 05       		.byte	0x5
 110 0044 1E010000 		.4byte	.LASF4
 111 0048 02       		.uleb128 0x2
 112 0049 04       		.byte	0x4
 113 004a 07       		.byte	0x7
 114 004b 08020000 		.4byte	.LASF5
 115 004f 02       		.uleb128 0x2
 116 0050 08       		.byte	0x8
 117 0051 05       		.byte	0x5
 118 0052 D9000000 		.4byte	.LASF6
 119 0056 02       		.uleb128 0x2
 120 0057 08       		.byte	0x8
ARM GAS  C:\Users\zakis\AppData\Local\Temp\ccNw4RML.s 			page 6


 121 0058 07       		.byte	0x7
 122 0059 80010000 		.4byte	.LASF7
 123 005d 03       		.uleb128 0x3
 124 005e 04       		.byte	0x4
 125 005f 05       		.byte	0x5
 126 0060 696E7400 		.ascii	"int\000"
 127 0064 02       		.uleb128 0x2
 128 0065 04       		.byte	0x4
 129 0066 07       		.byte	0x7
 130 0067 97010000 		.4byte	.LASF8
 131 006b 02       		.uleb128 0x2
 132 006c 08       		.byte	0x8
 133 006d 04       		.byte	0x4
 134 006e 51010000 		.4byte	.LASF9
 135 0072 04       		.uleb128 0x4
 136 0073 00000000 		.4byte	.LASF10
 137 0077 02       		.byte	0x2
 138 0078 3E       		.byte	0x3e
 139 0079 2C000000 		.4byte	0x2c
 140 007d 04       		.uleb128 0x4
 141 007e E7000000 		.4byte	.LASF11
 142 0082 02       		.byte	0x2
 143 0083 3F       		.byte	0x3f
 144 0084 25000000 		.4byte	0x25
 145 0088 04       		.uleb128 0x4
 146 0089 E5010000 		.4byte	.LASF12
 147 008d 02       		.byte	0x2
 148 008e 52       		.byte	0x52
 149 008f 3A000000 		.4byte	0x3a
 150 0093 04       		.uleb128 0x4
 151 0094 C9010000 		.4byte	.LASF13
 152 0098 02       		.byte	0x2
 153 0099 53       		.byte	0x53
 154 009a 5D000000 		.4byte	0x5d
 155 009e 04       		.uleb128 0x4
 156 009f 6E000000 		.4byte	.LASF14
 157 00a3 02       		.byte	0x2
 158 00a4 54       		.byte	0x54
 159 00a5 64000000 		.4byte	0x64
 160 00a9 04       		.uleb128 0x4
 161 00aa 17000000 		.4byte	.LASF15
 162 00ae 03       		.byte	0x3
 163 00af 4D       		.byte	0x4d
 164 00b0 9E000000 		.4byte	0x9e
 165 00b4 04       		.uleb128 0x4
 166 00b5 66000000 		.4byte	.LASF16
 167 00b9 03       		.byte	0x3
 168 00ba 4F       		.byte	0x4f
 169 00bb 9E000000 		.4byte	0x9e
 170 00bf 04       		.uleb128 0x4
 171 00c0 B6000000 		.4byte	.LASF17
 172 00c4 03       		.byte	0x3
 173 00c5 54       		.byte	0x54
 174 00c6 A9000000 		.4byte	0xa9
 175 00ca 04       		.uleb128 0x4
 176 00cb 89000000 		.4byte	.LASF18
 177 00cf 03       		.byte	0x3
ARM GAS  C:\Users\zakis\AppData\Local\Temp\ccNw4RML.s 			page 7


 178 00d0 78       		.byte	0x78
 179 00d1 93000000 		.4byte	0x93
 180 00d5 05       		.uleb128 0x5
 181 00d6 08010000 		.4byte	.LASF19
 182 00da 04       		.byte	0x4
 183 00db 1101     		.2byte	0x111
 184 00dd 88000000 		.4byte	0x88
 185 00e1 05       		.uleb128 0x5
 186 00e2 5D010000 		.4byte	.LASF20
 187 00e6 04       		.byte	0x4
 188 00e7 F701     		.2byte	0x1f7
 189 00e9 CA000000 		.4byte	0xca
 190 00ed 05       		.uleb128 0x5
 191 00ee 6D020000 		.4byte	.LASF21
 192 00f2 04       		.byte	0x4
 193 00f3 0002     		.2byte	0x200
 194 00f5 F9000000 		.4byte	0xf9
 195 00f9 06       		.uleb128 0x6
 196 00fa 04       		.byte	0x4
 197 00fb A9000000 		.4byte	0xa9
 198 00ff 05       		.uleb128 0x5
 199 0100 48000000 		.4byte	.LASF22
 200 0104 04       		.byte	0x4
 201 0105 2103     		.2byte	0x321
 202 0107 2C000000 		.4byte	0x2c
 203 010b 07       		.uleb128 0x7
 204 010c 27010000 		.4byte	.LASF23
 205 0110 04       		.byte	0x4
 206 0111 9703     		.2byte	0x397
 207 0113 03       		.byte	0x3
 208 0114 25010000 		.4byte	0x125
 209 0118 08       		.uleb128 0x8
 210 0119 73727600 		.ascii	"srv\000"
 211 011d 04       		.byte	0x4
 212 011e 9703     		.2byte	0x397
 213 0120 72000000 		.4byte	0x72
 214 0124 00       		.byte	0
 215 0125 07       		.uleb128 0x7
 216 0126 C2000000 		.4byte	.LASF24
 217 012a 04       		.byte	0x4
 218 012b A303     		.2byte	0x3a3
 219 012d 03       		.byte	0x3
 220 012e 3E010000 		.4byte	0x13e
 221 0132 08       		.uleb128 0x8
 222 0133 696400   		.ascii	"id\000"
 223 0136 04       		.byte	0x4
 224 0137 A303     		.2byte	0x3a3
 225 0139 72000000 		.4byte	0x72
 226 013d 00       		.byte	0
 227 013e 07       		.uleb128 0x7
 228 013f 66030000 		.4byte	.LASF25
 229 0143 04       		.byte	0x4
 230 0144 A803     		.2byte	0x3a8
 231 0146 03       		.byte	0x3
 232 0147 57010000 		.4byte	0x157
 233 014b 08       		.uleb128 0x8
 234 014c 696400   		.ascii	"id\000"
ARM GAS  C:\Users\zakis\AppData\Local\Temp\ccNw4RML.s 			page 8


 235 014f 04       		.byte	0x4
 236 0150 A803     		.2byte	0x3a8
 237 0152 72000000 		.4byte	0x72
 238 0156 00       		.byte	0
 239 0157 09       		.uleb128 0x9
 240 0158 4D020000 		.4byte	.LASF26
 241 015c 05       		.byte	0x5
 242 015d B7       		.byte	0xb7
 243 015e 03       		.byte	0x3
 244 015f 6F010000 		.4byte	0x16f
 245 0163 0A       		.uleb128 0xa
 246 0164 EF010000 		.4byte	.LASF27
 247 0168 05       		.byte	0x5
 248 0169 B8       		.byte	0xb8
 249 016a FF000000 		.4byte	0xff
 250 016e 00       		.byte	0
 251 016f 0B       		.uleb128 0xb
 252 0170 53000000 		.4byte	.LASF50
 253 0174 01       		.byte	0x1
 254 0175 3D       		.byte	0x3d
 255 0176 FF000000 		.4byte	0xff
 256 017a 00000000 		.4byte	.LFB59
 257 017e 20000000 		.4byte	.LFE59-.LFB59
 258 0182 01       		.uleb128 0x1
 259 0183 9C       		.byte	0x9c
 260 0184 B3010000 		.4byte	0x1b3
 261 0188 0C       		.uleb128 0xc
 262 0189 3B010000 		.4byte	.LASF28
 263 018d 01       		.byte	0x1
 264 018e 3D       		.byte	0x3d
 265 018f E1000000 		.4byte	0xe1
 266 0193 00000000 		.4byte	.LLST0
 267 0197 0D       		.uleb128 0xd
 268 0198 18010000 		.4byte	.LASF29
 269 019c 01       		.byte	0x1
 270 019d 3D       		.byte	0x3d
 271 019e ED000000 		.4byte	0xed
 272 01a2 01       		.uleb128 0x1
 273 01a3 51       		.byte	0x51
 274 01a4 0E       		.uleb128 0xe
 275 01a5 657600   		.ascii	"ev\000"
 276 01a8 01       		.byte	0x1
 277 01a9 3F       		.byte	0x3f
 278 01aa FF000000 		.4byte	0xff
 279 01ae 53000000 		.4byte	.LLST1
 280 01b2 00       		.byte	0
 281 01b3 0F       		.uleb128 0xf
 282 01b4 A1000000 		.4byte	.LASF30
 283 01b8 06       		.byte	0x6
 284 01b9 44       		.byte	0x44
 285 01ba A9000000 		.4byte	0xa9
 286 01be 0F       		.uleb128 0xf
 287 01bf B0010000 		.4byte	.LASF31
 288 01c3 07       		.byte	0x7
 289 01c4 48       		.byte	0x48
 290 01c5 CA000000 		.4byte	0xca
 291 01c9 10       		.uleb128 0x10
ARM GAS  C:\Users\zakis\AppData\Local\Temp\ccNw4RML.s 			page 9


 292 01ca E0010000 		.4byte	0x1e0
 293 01ce D9010000 		.4byte	0x1d9
 294 01d2 11       		.uleb128 0x11
 295 01d3 D9010000 		.4byte	0x1d9
 296 01d7 02       		.byte	0x2
 297 01d8 00       		.byte	0
 298 01d9 02       		.uleb128 0x2
 299 01da 04       		.byte	0x4
 300 01db 07       		.byte	0x7
 301 01dc 7E020000 		.4byte	.LASF32
 302 01e0 12       		.uleb128 0x12
 303 01e1 A9000000 		.4byte	0xa9
 304 01e5 0F       		.uleb128 0xf
 305 01e6 78000000 		.4byte	.LASF33
 306 01ea 04       		.byte	0x4
 307 01eb B2       		.byte	0xb2
 308 01ec F0010000 		.4byte	0x1f0
 309 01f0 12       		.uleb128 0x12
 310 01f1 C9010000 		.4byte	0x1c9
 311 01f5 0F       		.uleb128 0xf
 312 01f6 A1020000 		.4byte	.LASF34
 313 01fa 04       		.byte	0x4
 314 01fb B3       		.byte	0xb3
 315 01fc 00020000 		.4byte	0x200
 316 0200 12       		.uleb128 0x12
 317 0201 C9010000 		.4byte	0x1c9
 318 0205 10       		.uleb128 0x10
 319 0206 A9000000 		.4byte	0xa9
 320 020a 15020000 		.4byte	0x215
 321 020e 11       		.uleb128 0x11
 322 020f D9010000 		.4byte	0x1d9
 323 0213 02       		.byte	0x2
 324 0214 00       		.byte	0
 325 0215 0F       		.uleb128 0xf
 326 0216 94020000 		.4byte	.LASF35
 327 021a 04       		.byte	0x4
 328 021b CA       		.byte	0xca
 329 021c 05020000 		.4byte	0x205
 330 0220 10       		.uleb128 0x10
 331 0221 CA000000 		.4byte	0xca
 332 0225 30020000 		.4byte	0x230
 333 0229 11       		.uleb128 0x11
 334 022a D9010000 		.4byte	0x1d9
 335 022e 02       		.byte	0x2
 336 022f 00       		.byte	0
 337 0230 0F       		.uleb128 0xf
 338 0231 B5020000 		.4byte	.LASF36
 339 0235 04       		.byte	0x4
 340 0236 D2       		.byte	0xd2
 341 0237 20020000 		.4byte	0x220
 342 023b 0F       		.uleb128 0xf
 343 023c A4010000 		.4byte	.LASF37
 344 0240 04       		.byte	0x4
 345 0241 DA       		.byte	0xda
 346 0242 05020000 		.4byte	0x205
 347 0246 0F       		.uleb128 0xf
 348 0247 32000000 		.4byte	.LASF38
ARM GAS  C:\Users\zakis\AppData\Local\Temp\ccNw4RML.s 			page 10


 349 024b 04       		.byte	0x4
 350 024c E2       		.byte	0xe2
 351 024d CA000000 		.4byte	0xca
 352 0251 0F       		.uleb128 0xf
 353 0252 42010000 		.4byte	.LASF39
 354 0256 04       		.byte	0x4
 355 0257 F7       		.byte	0xf7
 356 0258 A9000000 		.4byte	0xa9
 357 025c 13       		.uleb128 0x13
 358 025d 09000000 		.4byte	.LASF40
 359 0261 04       		.byte	0x4
 360 0262 3F01     		.2byte	0x13f
 361 0264 D5000000 		.4byte	0xd5
 362 0268 13       		.uleb128 0x13
 363 0269 1F000000 		.4byte	.LASF41
 364 026d 04       		.byte	0x4
 365 026e 5C01     		.2byte	0x15c
 366 0270 05020000 		.4byte	0x205
 367 0274 10       		.uleb128 0x10
 368 0275 BF000000 		.4byte	0xbf
 369 0279 84020000 		.4byte	0x284
 370 027d 11       		.uleb128 0x11
 371 027e D9010000 		.4byte	0x1d9
 372 0282 02       		.byte	0x2
 373 0283 00       		.byte	0
 374 0284 13       		.uleb128 0x13
 375 0285 90000000 		.4byte	.LASF42
 376 0289 04       		.byte	0x4
 377 028a 6701     		.2byte	0x167
 378 028c 74020000 		.4byte	0x274
 379 0290 0F       		.uleb128 0xf
 380 0291 4E030000 		.4byte	.LASF43
 381 0295 08       		.byte	0x8
 382 0296 40       		.byte	0x40
 383 0297 A9000000 		.4byte	0xa9
 384 029b 0F       		.uleb128 0xf
 385 029c EF000000 		.4byte	.LASF44
 386 02a0 08       		.byte	0x8
 387 02a1 47       		.byte	0x47
 388 02a2 B4000000 		.4byte	0xb4
 389 02a6 0F       		.uleb128 0xf
 390 02a7 F5010000 		.4byte	.LASF45
 391 02ab 08       		.byte	0x8
 392 02ac 4A       		.byte	0x4a
 393 02ad A9000000 		.4byte	0xa9
 394 02b1 10       		.uleb128 0x10
 395 02b2 C1020000 		.4byte	0x2c1
 396 02b6 C1020000 		.4byte	0x2c1
 397 02ba 11       		.uleb128 0x11
 398 02bb D9010000 		.4byte	0x1d9
 399 02bf FF       		.byte	0xff
 400 02c0 00       		.byte	0
 401 02c1 12       		.uleb128 0x12
 402 02c2 7D000000 		.4byte	0x7d
 403 02c6 13       		.uleb128 0x13
 404 02c7 87020000 		.4byte	.LASF46
 405 02cb 05       		.byte	0x5
ARM GAS  C:\Users\zakis\AppData\Local\Temp\ccNw4RML.s 			page 11


 406 02cc AB01     		.2byte	0x1ab
 407 02ce D2020000 		.4byte	0x2d2
 408 02d2 12       		.uleb128 0x12
 409 02d3 B1020000 		.4byte	0x2b1
 410 02d7 00       		.byte	0
 411              		.section	.debug_abbrev,"",%progbits
 412              	.Ldebug_abbrev0:
 413 0000 01       		.uleb128 0x1
 414 0001 11       		.uleb128 0x11
 415 0002 01       		.byte	0x1
 416 0003 25       		.uleb128 0x25
 417 0004 0E       		.uleb128 0xe
 418 0005 13       		.uleb128 0x13
 419 0006 0B       		.uleb128 0xb
 420 0007 03       		.uleb128 0x3
 421 0008 0E       		.uleb128 0xe
 422 0009 1B       		.uleb128 0x1b
 423 000a 0E       		.uleb128 0xe
 424 000b 55       		.uleb128 0x55
 425 000c 17       		.uleb128 0x17
 426 000d 11       		.uleb128 0x11
 427 000e 01       		.uleb128 0x1
 428 000f 10       		.uleb128 0x10
 429 0010 17       		.uleb128 0x17
 430 0011 00       		.byte	0
 431 0012 00       		.byte	0
 432 0013 02       		.uleb128 0x2
 433 0014 24       		.uleb128 0x24
 434 0015 00       		.byte	0
 435 0016 0B       		.uleb128 0xb
 436 0017 0B       		.uleb128 0xb
 437 0018 3E       		.uleb128 0x3e
 438 0019 0B       		.uleb128 0xb
 439 001a 03       		.uleb128 0x3
 440 001b 0E       		.uleb128 0xe
 441 001c 00       		.byte	0
 442 001d 00       		.byte	0
 443 001e 03       		.uleb128 0x3
 444 001f 24       		.uleb128 0x24
 445 0020 00       		.byte	0
 446 0021 0B       		.uleb128 0xb
 447 0022 0B       		.uleb128 0xb
 448 0023 3E       		.uleb128 0x3e
 449 0024 0B       		.uleb128 0xb
 450 0025 03       		.uleb128 0x3
 451 0026 08       		.uleb128 0x8
 452 0027 00       		.byte	0
 453 0028 00       		.byte	0
 454 0029 04       		.uleb128 0x4
 455 002a 16       		.uleb128 0x16
 456 002b 00       		.byte	0
 457 002c 03       		.uleb128 0x3
 458 002d 0E       		.uleb128 0xe
 459 002e 3A       		.uleb128 0x3a
 460 002f 0B       		.uleb128 0xb
 461 0030 3B       		.uleb128 0x3b
 462 0031 0B       		.uleb128 0xb
ARM GAS  C:\Users\zakis\AppData\Local\Temp\ccNw4RML.s 			page 12


 463 0032 49       		.uleb128 0x49
 464 0033 13       		.uleb128 0x13
 465 0034 00       		.byte	0
 466 0035 00       		.byte	0
 467 0036 05       		.uleb128 0x5
 468 0037 16       		.uleb128 0x16
 469 0038 00       		.byte	0
 470 0039 03       		.uleb128 0x3
 471 003a 0E       		.uleb128 0xe
 472 003b 3A       		.uleb128 0x3a
 473 003c 0B       		.uleb128 0xb
 474 003d 3B       		.uleb128 0x3b
 475 003e 05       		.uleb128 0x5
 476 003f 49       		.uleb128 0x49
 477 0040 13       		.uleb128 0x13
 478 0041 00       		.byte	0
 479 0042 00       		.byte	0
 480 0043 06       		.uleb128 0x6
 481 0044 0F       		.uleb128 0xf
 482 0045 00       		.byte	0
 483 0046 0B       		.uleb128 0xb
 484 0047 0B       		.uleb128 0xb
 485 0048 49       		.uleb128 0x49
 486 0049 13       		.uleb128 0x13
 487 004a 00       		.byte	0
 488 004b 00       		.byte	0
 489 004c 07       		.uleb128 0x7
 490 004d 2E       		.uleb128 0x2e
 491 004e 01       		.byte	0x1
 492 004f 03       		.uleb128 0x3
 493 0050 0E       		.uleb128 0xe
 494 0051 3A       		.uleb128 0x3a
 495 0052 0B       		.uleb128 0xb
 496 0053 3B       		.uleb128 0x3b
 497 0054 05       		.uleb128 0x5
 498 0055 27       		.uleb128 0x27
 499 0056 19       		.uleb128 0x19
 500 0057 20       		.uleb128 0x20
 501 0058 0B       		.uleb128 0xb
 502 0059 01       		.uleb128 0x1
 503 005a 13       		.uleb128 0x13
 504 005b 00       		.byte	0
 505 005c 00       		.byte	0
 506 005d 08       		.uleb128 0x8
 507 005e 05       		.uleb128 0x5
 508 005f 00       		.byte	0
 509 0060 03       		.uleb128 0x3
 510 0061 08       		.uleb128 0x8
 511 0062 3A       		.uleb128 0x3a
 512 0063 0B       		.uleb128 0xb
 513 0064 3B       		.uleb128 0x3b
 514 0065 05       		.uleb128 0x5
 515 0066 49       		.uleb128 0x49
 516 0067 13       		.uleb128 0x13
 517 0068 00       		.byte	0
 518 0069 00       		.byte	0
 519 006a 09       		.uleb128 0x9
ARM GAS  C:\Users\zakis\AppData\Local\Temp\ccNw4RML.s 			page 13


 520 006b 2E       		.uleb128 0x2e
 521 006c 01       		.byte	0x1
 522 006d 03       		.uleb128 0x3
 523 006e 0E       		.uleb128 0xe
 524 006f 3A       		.uleb128 0x3a
 525 0070 0B       		.uleb128 0xb
 526 0071 3B       		.uleb128 0x3b
 527 0072 0B       		.uleb128 0xb
 528 0073 27       		.uleb128 0x27
 529 0074 19       		.uleb128 0x19
 530 0075 20       		.uleb128 0x20
 531 0076 0B       		.uleb128 0xb
 532 0077 01       		.uleb128 0x1
 533 0078 13       		.uleb128 0x13
 534 0079 00       		.byte	0
 535 007a 00       		.byte	0
 536 007b 0A       		.uleb128 0xa
 537 007c 05       		.uleb128 0x5
 538 007d 00       		.byte	0
 539 007e 03       		.uleb128 0x3
 540 007f 0E       		.uleb128 0xe
 541 0080 3A       		.uleb128 0x3a
 542 0081 0B       		.uleb128 0xb
 543 0082 3B       		.uleb128 0x3b
 544 0083 0B       		.uleb128 0xb
 545 0084 49       		.uleb128 0x49
 546 0085 13       		.uleb128 0x13
 547 0086 00       		.byte	0
 548 0087 00       		.byte	0
 549 0088 0B       		.uleb128 0xb
 550 0089 2E       		.uleb128 0x2e
 551 008a 01       		.byte	0x1
 552 008b 3F       		.uleb128 0x3f
 553 008c 19       		.uleb128 0x19
 554 008d 03       		.uleb128 0x3
 555 008e 0E       		.uleb128 0xe
 556 008f 3A       		.uleb128 0x3a
 557 0090 0B       		.uleb128 0xb
 558 0091 3B       		.uleb128 0x3b
 559 0092 0B       		.uleb128 0xb
 560 0093 27       		.uleb128 0x27
 561 0094 19       		.uleb128 0x19
 562 0095 49       		.uleb128 0x49
 563 0096 13       		.uleb128 0x13
 564 0097 11       		.uleb128 0x11
 565 0098 01       		.uleb128 0x1
 566 0099 12       		.uleb128 0x12
 567 009a 06       		.uleb128 0x6
 568 009b 40       		.uleb128 0x40
 569 009c 18       		.uleb128 0x18
 570 009d 9742     		.uleb128 0x2117
 571 009f 19       		.uleb128 0x19
 572 00a0 01       		.uleb128 0x1
 573 00a1 13       		.uleb128 0x13
 574 00a2 00       		.byte	0
 575 00a3 00       		.byte	0
 576 00a4 0C       		.uleb128 0xc
ARM GAS  C:\Users\zakis\AppData\Local\Temp\ccNw4RML.s 			page 14


 577 00a5 05       		.uleb128 0x5
 578 00a6 00       		.byte	0
 579 00a7 03       		.uleb128 0x3
 580 00a8 0E       		.uleb128 0xe
 581 00a9 3A       		.uleb128 0x3a
 582 00aa 0B       		.uleb128 0xb
 583 00ab 3B       		.uleb128 0x3b
 584 00ac 0B       		.uleb128 0xb
 585 00ad 49       		.uleb128 0x49
 586 00ae 13       		.uleb128 0x13
 587 00af 02       		.uleb128 0x2
 588 00b0 17       		.uleb128 0x17
 589 00b1 00       		.byte	0
 590 00b2 00       		.byte	0
 591 00b3 0D       		.uleb128 0xd
 592 00b4 05       		.uleb128 0x5
 593 00b5 00       		.byte	0
 594 00b6 03       		.uleb128 0x3
 595 00b7 0E       		.uleb128 0xe
 596 00b8 3A       		.uleb128 0x3a
 597 00b9 0B       		.uleb128 0xb
 598 00ba 3B       		.uleb128 0x3b
 599 00bb 0B       		.uleb128 0xb
 600 00bc 49       		.uleb128 0x49
 601 00bd 13       		.uleb128 0x13
 602 00be 02       		.uleb128 0x2
 603 00bf 18       		.uleb128 0x18
 604 00c0 00       		.byte	0
 605 00c1 00       		.byte	0
 606 00c2 0E       		.uleb128 0xe
 607 00c3 34       		.uleb128 0x34
 608 00c4 00       		.byte	0
 609 00c5 03       		.uleb128 0x3
 610 00c6 08       		.uleb128 0x8
 611 00c7 3A       		.uleb128 0x3a
 612 00c8 0B       		.uleb128 0xb
 613 00c9 3B       		.uleb128 0x3b
 614 00ca 0B       		.uleb128 0xb
 615 00cb 49       		.uleb128 0x49
 616 00cc 13       		.uleb128 0x13
 617 00cd 02       		.uleb128 0x2
 618 00ce 17       		.uleb128 0x17
 619 00cf 00       		.byte	0
 620 00d0 00       		.byte	0
 621 00d1 0F       		.uleb128 0xf
 622 00d2 34       		.uleb128 0x34
 623 00d3 00       		.byte	0
 624 00d4 03       		.uleb128 0x3
 625 00d5 0E       		.uleb128 0xe
 626 00d6 3A       		.uleb128 0x3a
 627 00d7 0B       		.uleb128 0xb
 628 00d8 3B       		.uleb128 0x3b
 629 00d9 0B       		.uleb128 0xb
 630 00da 49       		.uleb128 0x49
 631 00db 13       		.uleb128 0x13
 632 00dc 3F       		.uleb128 0x3f
 633 00dd 19       		.uleb128 0x19
ARM GAS  C:\Users\zakis\AppData\Local\Temp\ccNw4RML.s 			page 15


 634 00de 3C       		.uleb128 0x3c
 635 00df 19       		.uleb128 0x19
 636 00e0 00       		.byte	0
 637 00e1 00       		.byte	0
 638 00e2 10       		.uleb128 0x10
 639 00e3 01       		.uleb128 0x1
 640 00e4 01       		.byte	0x1
 641 00e5 49       		.uleb128 0x49
 642 00e6 13       		.uleb128 0x13
 643 00e7 01       		.uleb128 0x1
 644 00e8 13       		.uleb128 0x13
 645 00e9 00       		.byte	0
 646 00ea 00       		.byte	0
 647 00eb 11       		.uleb128 0x11
 648 00ec 21       		.uleb128 0x21
 649 00ed 00       		.byte	0
 650 00ee 49       		.uleb128 0x49
 651 00ef 13       		.uleb128 0x13
 652 00f0 2F       		.uleb128 0x2f
 653 00f1 0B       		.uleb128 0xb
 654 00f2 00       		.byte	0
 655 00f3 00       		.byte	0
 656 00f4 12       		.uleb128 0x12
 657 00f5 26       		.uleb128 0x26
 658 00f6 00       		.byte	0
 659 00f7 49       		.uleb128 0x49
 660 00f8 13       		.uleb128 0x13
 661 00f9 00       		.byte	0
 662 00fa 00       		.byte	0
 663 00fb 13       		.uleb128 0x13
 664 00fc 34       		.uleb128 0x34
 665 00fd 00       		.byte	0
 666 00fe 03       		.uleb128 0x3
 667 00ff 0E       		.uleb128 0xe
 668 0100 3A       		.uleb128 0x3a
 669 0101 0B       		.uleb128 0xb
 670 0102 3B       		.uleb128 0x3b
 671 0103 05       		.uleb128 0x5
 672 0104 49       		.uleb128 0x49
 673 0105 13       		.uleb128 0x13
 674 0106 3F       		.uleb128 0x3f
 675 0107 19       		.uleb128 0x19
 676 0108 3C       		.uleb128 0x3c
 677 0109 19       		.uleb128 0x19
 678 010a 00       		.byte	0
 679 010b 00       		.byte	0
 680 010c 00       		.byte	0
 681              		.section	.debug_loc,"",%progbits
 682              	.Ldebug_loc0:
 683              	.LLST0:
 684 0000 00000000 		.4byte	.LVL0
 685 0004 10000000 		.4byte	.LVL2
 686 0008 0100     		.2byte	0x1
 687 000a 50       		.byte	0x50
 688 000b 10000000 		.4byte	.LVL2
 689 000f 12000000 		.4byte	.LVL3
 690 0013 0400     		.2byte	0x4
ARM GAS  C:\Users\zakis\AppData\Local\Temp\ccNw4RML.s 			page 16


 691 0015 F3       		.byte	0xf3
 692 0016 01       		.uleb128 0x1
 693 0017 50       		.byte	0x50
 694 0018 9F       		.byte	0x9f
 695 0019 12000000 		.4byte	.LVL3
 696 001d 14000000 		.4byte	.LVL4
 697 0021 0100     		.2byte	0x1
 698 0023 50       		.byte	0x50
 699 0024 14000000 		.4byte	.LVL4
 700 0028 16000000 		.4byte	.LVL5
 701 002c 0400     		.2byte	0x4
 702 002e F3       		.byte	0xf3
 703 002f 01       		.uleb128 0x1
 704 0030 50       		.byte	0x50
 705 0031 9F       		.byte	0x9f
 706 0032 16000000 		.4byte	.LVL5
 707 0036 18000000 		.4byte	.LVL6
 708 003a 0100     		.2byte	0x1
 709 003c 50       		.byte	0x50
 710 003d 18000000 		.4byte	.LVL6
 711 0041 20000000 		.4byte	.LFE59
 712 0045 0400     		.2byte	0x4
 713 0047 F3       		.byte	0xf3
 714 0048 01       		.uleb128 0x1
 715 0049 50       		.byte	0x50
 716 004a 9F       		.byte	0x9f
 717 004b 00000000 		.4byte	0
 718 004f 00000000 		.4byte	0
 719              	.LLST1:
 720 0053 0E000000 		.4byte	.LVL1
 721 0057 12000000 		.4byte	.LVL3
 722 005b 0200     		.2byte	0x2
 723 005d 30       		.byte	0x30
 724 005e 9F       		.byte	0x9f
 725 005f 18000000 		.4byte	.LVL6
 726 0063 20000000 		.4byte	.LFE59
 727 0067 0100     		.2byte	0x1
 728 0069 50       		.byte	0x50
 729 006a 00000000 		.4byte	0
 730 006e 00000000 		.4byte	0
 731              		.section	.debug_aranges,"",%progbits
 732 0000 1C000000 		.4byte	0x1c
 733 0004 0200     		.2byte	0x2
 734 0006 00000000 		.4byte	.Ldebug_info0
 735 000a 04       		.byte	0x4
 736 000b 00       		.byte	0
 737 000c 0000     		.2byte	0
 738 000e 0000     		.2byte	0
 739 0010 00000000 		.4byte	.LFB59
 740 0014 20000000 		.4byte	.LFE59-.LFB59
 741 0018 00000000 		.4byte	0
 742 001c 00000000 		.4byte	0
 743              		.section	.debug_ranges,"",%progbits
 744              	.Ldebug_ranges0:
 745 0000 00000000 		.4byte	.LFB59
 746 0004 20000000 		.4byte	.LFE59
 747 0008 00000000 		.4byte	0
ARM GAS  C:\Users\zakis\AppData\Local\Temp\ccNw4RML.s 			page 17


 748 000c 00000000 		.4byte	0
 749              		.section	.debug_line,"",%progbits
 750              	.Ldebug_line0:
 751 0000 5B010000 		.section	.debug_str,"MS",%progbits,1
 751      02003501 
 751      00000201 
 751      FB0E0D00 
 751      01010101 
 752              	.LASF10:
 753 0000 45455F55 		.ascii	"EE_UINT8\000"
 753      494E5438 
 753      00
 754              	.LASF40:
 755 0009 45455F72 		.ascii	"EE_rq_bitmask\000"
 755      715F6269 
 755      746D6173 
 755      6B00
 756              	.LASF15:
 757 0017 45455F55 		.ascii	"EE_UREG\000"
 757      52454700 
 758              	.LASF41:
 759 001f 45455F74 		.ascii	"EE_th_event_active\000"
 759      685F6576 
 759      656E745F 
 759      61637469 
 759      766500
 760              	.LASF38:
 761 0032 45455F73 		.ascii	"EE_stkfirst\000"
 761      746B6669 
 761      72737400 
 762              	.LASF2:
 763 003e 73686F72 		.ascii	"short int\000"
 763      7420696E 
 763      7400
 764              	.LASF22:
 765 0048 53746174 		.ascii	"StatusType\000"
 765      75735479 
 765      706500
 766              	.LASF50:
 767 0053 45455F6F 		.ascii	"EE_oo_GetTaskState\000"
 767      6F5F4765 
 767      74546173 
 767      6B537461 
 767      746500
 768              	.LASF16:
 769 0066 45455F46 		.ascii	"EE_FREG\000"
 769      52454700 
 770              	.LASF14:
 771 006e 45455F55 		.ascii	"EE_UINT32\000"
 771      494E5433 
 771      3200
 772              	.LASF33:
 773 0078 45455F74 		.ascii	"EE_th_ready_prio\000"
 773      685F7265 
 773      6164795F 
 773      7072696F 
 773      00
ARM GAS  C:\Users\zakis\AppData\Local\Temp\ccNw4RML.s 			page 18


 774              	.LASF18:
 775 0089 45455F54 		.ascii	"EE_TID\000"
 775      494400
 776              	.LASF42:
 777 0090 45455F74 		.ascii	"EE_th_waswaiting\000"
 777      685F7761 
 777      73776169 
 777      74696E67 
 777      00
 778              	.LASF30:
 779 00a1 45455F49 		.ascii	"EE_IRQ_nesting_level\000"
 779      52515F6E 
 779      65737469 
 779      6E675F6C 
 779      6576656C 
 780              	.LASF17:
 781 00b6 45455F54 		.ascii	"EE_TYPEBOOL\000"
 781      59504542 
 781      4F4F4C00 
 782              	.LASF24:
 783 00c2 45455F4F 		.ascii	"EE_ORTI_set_service_in\000"
 783      5254495F 
 783      7365745F 
 783      73657276 
 783      6963655F 
 784              	.LASF6:
 785 00d9 6C6F6E67 		.ascii	"long long int\000"
 785      206C6F6E 
 785      6720696E 
 785      7400
 786              	.LASF11:
 787 00e7 45455F49 		.ascii	"EE_INT8\000"
 787      4E543800 
 788              	.LASF44:
 789 00ef 45455F6F 		.ascii	"EE_oo_IRQ_suspend_status\000"
 789      6F5F4952 
 789      515F7375 
 789      7370656E 
 789      645F7374 
 790              	.LASF19:
 791 0108 45455F54 		.ascii	"EE_TYPE_RQ_MASK\000"
 791      5950455F 
 791      52515F4D 
 791      41534B00 
 792              	.LASF29:
 793 0118 53746174 		.ascii	"State\000"
 793      6500
 794              	.LASF4:
 795 011e 6C6F6E67 		.ascii	"long int\000"
 795      20696E74 
 795      00
 796              	.LASF23:
 797 0127 45455F4F 		.ascii	"EE_ORTI_set_service\000"
 797      5254495F 
 797      7365745F 
 797      73657276 
 797      69636500 
ARM GAS  C:\Users\zakis\AppData\Local\Temp\ccNw4RML.s 			page 19


 798              	.LASF28:
 799 013b 5461736B 		.ascii	"TaskID\000"
 799      494400
 800              	.LASF39:
 801 0142 45455F73 		.ascii	"EE_sys_ceiling\000"
 801      79735F63 
 801      65696C69 
 801      6E6700
 802              	.LASF9:
 803 0151 6C6F6E67 		.ascii	"long double\000"
 803      20646F75 
 803      626C6500 
 804              	.LASF20:
 805 015d 5461736B 		.ascii	"TaskType\000"
 805      54797065 
 805      00
 806              	.LASF1:
 807 0166 756E7369 		.ascii	"unsigned char\000"
 807      676E6564 
 807      20636861 
 807      7200
 808              	.LASF0:
 809 0174 7369676E 		.ascii	"signed char\000"
 809      65642063 
 809      68617200 
 810              	.LASF7:
 811 0180 6C6F6E67 		.ascii	"long long unsigned int\000"
 811      206C6F6E 
 811      6720756E 
 811      7369676E 
 811      65642069 
 812              	.LASF8:
 813 0197 756E7369 		.ascii	"unsigned int\000"
 813      676E6564 
 813      20696E74 
 813      00
 814              	.LASF37:
 815 01a4 45455F74 		.ascii	"EE_th_rnact\000"
 815      685F726E 
 815      61637400 
 816              	.LASF31:
 817 01b0 45455F73 		.ascii	"EE_std_endcycle_next_tid\000"
 817      74645F65 
 817      6E646379 
 817      636C655F 
 817      6E657874 
 818              	.LASF13:
 819 01c9 45455F49 		.ascii	"EE_INT32\000"
 819      4E543332 
 819      00
 820              	.LASF3:
 821 01d2 73686F72 		.ascii	"short unsigned int\000"
 821      7420756E 
 821      7369676E 
 821      65642069 
 821      6E7400
 822              	.LASF12:
ARM GAS  C:\Users\zakis\AppData\Local\Temp\ccNw4RML.s 			page 20


 823 01e5 45455F55 		.ascii	"EE_UINT16\000"
 823      494E5431 
 823      3600
 824              	.LASF27:
 825 01ef 4572726F 		.ascii	"Error\000"
 825      7200
 826              	.LASF45:
 827 01f5 45455F41 		.ascii	"EE_ApplicationMode\000"
 827      70706C69 
 827      63617469 
 827      6F6E4D6F 
 827      646500
 828              	.LASF5:
 829 0208 6C6F6E67 		.ascii	"long unsigned int\000"
 829      20756E73 
 829      69676E65 
 829      6420696E 
 829      7400
 830              	.LASF48:
 831 021a 47656E65 		.ascii	"Generated_Source\\PSoC5\\ErikaOS_1_ee_gettaskstate."
 831      72617465 
 831      645F536F 
 831      75726365 
 831      5C50536F 
 832 024b 6300     		.ascii	"c\000"
 833              	.LASF26:
 834 024d 45455F6F 		.ascii	"EE_os_notify_error_from_us_impl\000"
 834      735F6E6F 
 834      74696679 
 834      5F657272 
 834      6F725F66 
 835              	.LASF21:
 836 026d 5461736B 		.ascii	"TaskStateRefType\000"
 836      53746174 
 836      65526566 
 836      54797065 
 836      00
 837              	.LASF32:
 838 027e 73697A65 		.ascii	"sizetype\000"
 838      74797065 
 838      00
 839              	.LASF46:
 840 0287 45455F72 		.ascii	"EE_rq_lookup\000"
 840      715F6C6F 
 840      6F6B7570 
 840      00
 841              	.LASF35:
 842 0294 45455F74 		.ascii	"EE_th_status\000"
 842      685F7374 
 842      61747573 
 842      00
 843              	.LASF34:
 844 02a1 45455F74 		.ascii	"EE_th_dispatch_prio\000"
 844      685F6469 
 844      73706174 
 844      63685F70 
 844      72696F00 
ARM GAS  C:\Users\zakis\AppData\Local\Temp\ccNw4RML.s 			page 21


 845              	.LASF36:
 846 02b5 45455F74 		.ascii	"EE_th_next\000"
 846      685F6E65 
 846      787400
 847              	.LASF47:
 848 02c0 474E5520 		.ascii	"GNU C11 5.4.1 20160609 (release) [ARM/embedded-5-br"
 848      43313120 
 848      352E342E 
 848      31203230 
 848      31363036 
 849 02f3 616E6368 		.ascii	"anch revision 237715] -mcpu=cortex-m3 -mthumb -g -O"
 849      20726576 
 849      6973696F 
 849      6E203233 
 849      37373135 
 850 0326 67202D66 		.ascii	"g -ffunction-sections -ffat-lto-objects\000"
 850      66756E63 
 850      74696F6E 
 850      2D736563 
 850      74696F6E 
 851              	.LASF43:
 852 034e 45455F6F 		.ascii	"EE_oo_IRQ_disable_count\000"
 852      6F5F4952 
 852      515F6469 
 852      7361626C 
 852      655F636F 
 853              	.LASF25:
 854 0366 45455F4F 		.ascii	"EE_ORTI_set_service_out\000"
 854      5254495F 
 854      7365745F 
 854      73657276 
 854      6963655F 
 855              	.LASF49:
 856 037e 433A5C55 		.ascii	"C:\\Users\\zakis\\Documents\\EOS_Assignment_Two\\JS"
 856      73657273 
 856      5C7A616B 
 856      69735C44 
 856      6F63756D 
 857 03ac 4F4E5F50 		.ascii	"ON_Parser\\EOS_Assignment_Two\\JSON_Parser.cydsn\000"
 857      61727365 
 857      725C454F 
 857      535F4173 
 857      7369676E 
 858              		.ident	"GCC: (GNU Tools for ARM Embedded Processors) 5.4.1 20160609 (release) [ARM/embedded-5-bran
