ARM GAS  C:\Users\zakis\AppData\Local\Temp\ccCeq3lo.s 			page 1


   1              		.syntax unified
   2              		.cpu cortex-m3
   3              		.fpu softvfp
   4              		.eabi_attribute 20, 1
   5              		.eabi_attribute 21, 1
   6              		.eabi_attribute 23, 3
   7              		.eabi_attribute 24, 1
   8              		.eabi_attribute 25, 1
   9              		.eabi_attribute 26, 1
  10              		.eabi_attribute 30, 1
  11              		.eabi_attribute 34, 1
  12              		.eabi_attribute 18, 4
  13              		.thumb
  14              		.syntax unified
  15              		.file	"ErikaOS_1_ee_rq_first.c"
  16              		.text
  17              	.Ltext0:
  18              		.cfi_sections	.debug_frame
  19              		.section	.text.EE_rq_queryfirst,"ax",%progbits
  20              		.align	2
  21              		.global	EE_rq_queryfirst
  22              		.thumb
  23              		.thumb_func
  24              		.type	EE_rq_queryfirst, %function
  25              	EE_rq_queryfirst:
  26              	.LFB59:
  27              		.file 1 "Generated_Source\\PSoC5\\ErikaOS_1_ee_rq_first.c"
   1:Generated_Source\PSoC5/ErikaOS_1_ee_rq_first.c **** /* ###*B*###
   2:Generated_Source\PSoC5/ErikaOS_1_ee_rq_first.c ****  * ERIKA Enterprise - a tiny RTOS for small microcontrollers
   3:Generated_Source\PSoC5/ErikaOS_1_ee_rq_first.c ****  *
   4:Generated_Source\PSoC5/ErikaOS_1_ee_rq_first.c ****  * Copyright (C) 2002-2008  Evidence Srl
   5:Generated_Source\PSoC5/ErikaOS_1_ee_rq_first.c ****  *
   6:Generated_Source\PSoC5/ErikaOS_1_ee_rq_first.c ****  * This file is part of ERIKA Enterprise.
   7:Generated_Source\PSoC5/ErikaOS_1_ee_rq_first.c ****  *
   8:Generated_Source\PSoC5/ErikaOS_1_ee_rq_first.c ****  * ERIKA Enterprise is free software; you can redistribute it
   9:Generated_Source\PSoC5/ErikaOS_1_ee_rq_first.c ****  * and/or modify it under the terms of the GNU General Public License
  10:Generated_Source\PSoC5/ErikaOS_1_ee_rq_first.c ****  * version 2 as published by the Free Software Foundation, 
  11:Generated_Source\PSoC5/ErikaOS_1_ee_rq_first.c ****  * (with a special exception described below).
  12:Generated_Source\PSoC5/ErikaOS_1_ee_rq_first.c ****  *
  13:Generated_Source\PSoC5/ErikaOS_1_ee_rq_first.c ****  * Linking this code statically or dynamically with other modules is
  14:Generated_Source\PSoC5/ErikaOS_1_ee_rq_first.c ****  * making a combined work based on this code.  Thus, the terms and
  15:Generated_Source\PSoC5/ErikaOS_1_ee_rq_first.c ****  * conditions of the GNU General Public License cover the whole
  16:Generated_Source\PSoC5/ErikaOS_1_ee_rq_first.c ****  * combination.
  17:Generated_Source\PSoC5/ErikaOS_1_ee_rq_first.c ****  *
  18:Generated_Source\PSoC5/ErikaOS_1_ee_rq_first.c ****  * As a special exception, the copyright holders of this library give you
  19:Generated_Source\PSoC5/ErikaOS_1_ee_rq_first.c ****  * permission to link this code with independent modules to produce an
  20:Generated_Source\PSoC5/ErikaOS_1_ee_rq_first.c ****  * executable, regardless of the license terms of these independent
  21:Generated_Source\PSoC5/ErikaOS_1_ee_rq_first.c ****  * modules, and to copy and distribute the resulting executable under
  22:Generated_Source\PSoC5/ErikaOS_1_ee_rq_first.c ****  * terms of your choice, provided that you also meet, for each linked
  23:Generated_Source\PSoC5/ErikaOS_1_ee_rq_first.c ****  * independent module, the terms and conditions of the license of that
  24:Generated_Source\PSoC5/ErikaOS_1_ee_rq_first.c ****  * module.  An independent module is a module which is not derived from
  25:Generated_Source\PSoC5/ErikaOS_1_ee_rq_first.c ****  * or based on this library.  If you modify this code, you may extend
  26:Generated_Source\PSoC5/ErikaOS_1_ee_rq_first.c ****  * this exception to your version of the code, but you are not
  27:Generated_Source\PSoC5/ErikaOS_1_ee_rq_first.c ****  * obligated to do so.  If you do not wish to do so, delete this
  28:Generated_Source\PSoC5/ErikaOS_1_ee_rq_first.c ****  * exception statement from your version.
  29:Generated_Source\PSoC5/ErikaOS_1_ee_rq_first.c ****  *
  30:Generated_Source\PSoC5/ErikaOS_1_ee_rq_first.c ****  * ERIKA Enterprise is distributed in the hope that it will be
ARM GAS  C:\Users\zakis\AppData\Local\Temp\ccCeq3lo.s 			page 2


  31:Generated_Source\PSoC5/ErikaOS_1_ee_rq_first.c ****  * useful, but WITHOUT ANY WARRANTY; without even the implied warranty
  32:Generated_Source\PSoC5/ErikaOS_1_ee_rq_first.c ****  * of MERCHANTABILITY or FITNESS FOR A PARTICULAR PURPOSE.  See the
  33:Generated_Source\PSoC5/ErikaOS_1_ee_rq_first.c ****  * GNU General Public License version 2 for more details.
  34:Generated_Source\PSoC5/ErikaOS_1_ee_rq_first.c ****  *
  35:Generated_Source\PSoC5/ErikaOS_1_ee_rq_first.c ****  * You should have received a copy of the GNU General Public License
  36:Generated_Source\PSoC5/ErikaOS_1_ee_rq_first.c ****  * version 2 along with ERIKA Enterprise; if not, write to the
  37:Generated_Source\PSoC5/ErikaOS_1_ee_rq_first.c ****  * Free Software Foundation, Inc., 51 Franklin Street, Fifth Floor,
  38:Generated_Source\PSoC5/ErikaOS_1_ee_rq_first.c ****  * Boston, MA 02110-1301 USA.
  39:Generated_Source\PSoC5/ErikaOS_1_ee_rq_first.c ****  * ###*E*### */
  40:Generated_Source\PSoC5/ErikaOS_1_ee_rq_first.c **** 
  41:Generated_Source\PSoC5/ErikaOS_1_ee_rq_first.c **** /*
  42:Generated_Source\PSoC5/ErikaOS_1_ee_rq_first.c ****  * Author: 2002-2004 Paolo Gai
  43:Generated_Source\PSoC5/ErikaOS_1_ee_rq_first.c ****  * CVS: $Id: ee_rq_first.c,v 1.1 2005/07/16 12:23:42 pj Exp $
  44:Generated_Source\PSoC5/ErikaOS_1_ee_rq_first.c ****  */
  45:Generated_Source\PSoC5/ErikaOS_1_ee_rq_first.c **** 
  46:Generated_Source\PSoC5/ErikaOS_1_ee_rq_first.c **** /*
  47:Generated_Source\PSoC5/ErikaOS_1_ee_rq_first.c ****  * PSoC Port and API Generation
  48:Generated_Source\PSoC5/ErikaOS_1_ee_rq_first.c ****  * Carlos Fernando Meier Martinez
  49:Generated_Source\PSoC5/ErikaOS_1_ee_rq_first.c ****  * Hochschule Darmstadt, Germany. 2017.
  50:Generated_Source\PSoC5/ErikaOS_1_ee_rq_first.c ****  */
  51:Generated_Source\PSoC5/ErikaOS_1_ee_rq_first.c **** 
  52:Generated_Source\PSoC5/ErikaOS_1_ee_rq_first.c **** #include "ErikaOS_1_ee_internal.inc"
  53:Generated_Source\PSoC5/ErikaOS_1_ee_rq_first.c **** 
  54:Generated_Source\PSoC5/ErikaOS_1_ee_rq_first.c **** #ifndef __PRIVATE_RQ2STK_EXCHANGE__
  55:Generated_Source\PSoC5/ErikaOS_1_ee_rq_first.c **** 
  56:Generated_Source\PSoC5/ErikaOS_1_ee_rq_first.c **** #if defined(__OO_BCC2__) || defined(__OO_ECC2__)
  57:Generated_Source\PSoC5/ErikaOS_1_ee_rq_first.c **** EE_TID EE_rq_queryfirst(void)
  58:Generated_Source\PSoC5/ErikaOS_1_ee_rq_first.c **** {
  28              		.loc 1 58 0
  29              		.cfi_startproc
  30              		@ args = 0, pretend = 0, frame = 0
  31              		@ frame_needed = 0, uses_anonymous_args = 0
  32              		@ link register save eliminated.
  59:Generated_Source\PSoC5/ErikaOS_1_ee_rq_first.c ****   EE_INT8 x;
  60:Generated_Source\PSoC5/ErikaOS_1_ee_rq_first.c **** 
  61:Generated_Source\PSoC5/ErikaOS_1_ee_rq_first.c **** #if defined(__OO_ECC2__)
  62:Generated_Source\PSoC5/ErikaOS_1_ee_rq_first.c ****   /* lookup at bits 15-9 */
  63:Generated_Source\PSoC5/ErikaOS_1_ee_rq_first.c ****   x = EE_rq_lookup[(EE_rq_bitmask & 0xFF00U) >> 8];
  33              		.loc 1 63 0
  34 0000 0C4B     		ldr	r3, .L6
  35 0002 1A88     		ldrh	r2, [r3]
  36 0004 130A     		lsrs	r3, r2, #8
  37 0006 0C49     		ldr	r1, .L6+4
  38 0008 CB56     		ldrsb	r3, [r1, r3]
  39              	.LVL0:
  64:Generated_Source\PSoC5/ErikaOS_1_ee_rq_first.c ****   if (x == (EE_INT8)-1) {
  40              		.loc 1 64 0
  41 000a B3F1FF3F 		cmp	r3, #-1
  42 000e 01D1     		bne	.L2
  65:Generated_Source\PSoC5/ErikaOS_1_ee_rq_first.c ****     x = EE_rq_lookup[EE_rq_bitmask];
  43              		.loc 1 65 0
  44 0010 8B56     		ldrsb	r3, [r1, r2]
  45              	.LVL1:
  46 0012 01E0     		b	.L3
  47              	.L2:
  66:Generated_Source\PSoC5/ErikaOS_1_ee_rq_first.c ****   } else {
  67:Generated_Source\PSoC5/ErikaOS_1_ee_rq_first.c ****     x += (EE_INT8)8;
ARM GAS  C:\Users\zakis\AppData\Local\Temp\ccCeq3lo.s 			page 3


  48              		.loc 1 67 0
  49 0014 0833     		adds	r3, r3, #8
  50              	.LVL2:
  51 0016 5BB2     		sxtb	r3, r3
  52              	.LVL3:
  53              	.L3:
  68:Generated_Source\PSoC5/ErikaOS_1_ee_rq_first.c ****   }
  69:Generated_Source\PSoC5/ErikaOS_1_ee_rq_first.c **** #else
  70:Generated_Source\PSoC5/ErikaOS_1_ee_rq_first.c ****   x = EE_rq_lookup[EE_rq_bitmask];
  71:Generated_Source\PSoC5/ErikaOS_1_ee_rq_first.c **** #endif
  72:Generated_Source\PSoC5/ErikaOS_1_ee_rq_first.c **** 
  73:Generated_Source\PSoC5/ErikaOS_1_ee_rq_first.c ****   /* now x contains the highest priority non-empty queue number */
  74:Generated_Source\PSoC5/ErikaOS_1_ee_rq_first.c ****   if (x == (EE_INT8)-1) {
  54              		.loc 1 74 0
  55 0018 B3F1FF3F 		cmp	r3, #-1
  56 001c 06D0     		beq	.L5
  75:Generated_Source\PSoC5/ErikaOS_1_ee_rq_first.c ****     return EE_NIL;
  76:Generated_Source\PSoC5/ErikaOS_1_ee_rq_first.c ****   } else {
  77:Generated_Source\PSoC5/ErikaOS_1_ee_rq_first.c ****     return EE_rq_pairs_tid[EE_rq_queues_head[x]];
  57              		.loc 1 77 0
  58 001e 074A     		ldr	r2, .L6+8
  59 0020 52F82320 		ldr	r2, [r2, r3, lsl #2]
  60 0024 064B     		ldr	r3, .L6+12
  61              	.LVL4:
  62 0026 53F82200 		ldr	r0, [r3, r2, lsl #2]
  63 002a 7047     		bx	lr
  64              	.LVL5:
  65              	.L5:
  75:Generated_Source\PSoC5/ErikaOS_1_ee_rq_first.c ****     return EE_NIL;
  66              		.loc 1 75 0
  67 002c 4FF0FF30 		mov	r0, #-1
  78:Generated_Source\PSoC5/ErikaOS_1_ee_rq_first.c ****   }
  79:Generated_Source\PSoC5/ErikaOS_1_ee_rq_first.c **** }
  68              		.loc 1 79 0
  69 0030 7047     		bx	lr
  70              	.L7:
  71 0032 00BF     		.align	2
  72              	.L6:
  73 0034 00000000 		.word	EE_rq_bitmask
  74 0038 00000000 		.word	EE_rq_lookup
  75 003c 00000000 		.word	EE_rq_queues_head
  76 0040 00000000 		.word	EE_rq_pairs_tid
  77              		.cfi_endproc
  78              	.LFE59:
  79              		.size	EE_rq_queryfirst, .-EE_rq_queryfirst
  80              		.text
  81              	.Letext0:
  82              		.file 2 "Generated_Source\\PSoC5\\ErikaOS_1_common_ee_types.inc"
  83              		.file 3 "Generated_Source\\PSoC5\\ErikaOS_1_cortex_mx_ee_cpu.inc"
  84              		.file 4 "Generated_Source\\PSoC5\\ErikaOS_1_ee_oo_common.inc"
  85              		.file 5 "Generated_Source\\PSoC5\\ErikaOS_1_common_ee_primitives.inc"
  86              		.file 6 "Generated_Source\\PSoC5\\ErikaOS_1_cortex_mx_ee_context.inc"
  87              		.file 7 "Generated_Source\\PSoC5\\ErikaOS_1_ee_oo_intfunc.inc"
  88              		.file 8 "Generated_Source\\PSoC5\\ErikaOS_1_ee_oo_internal.inc"
  89              		.section	.debug_info,"",%progbits
  90              	.Ldebug_info0:
  91 0000 51020000 		.4byte	0x251
ARM GAS  C:\Users\zakis\AppData\Local\Temp\ccCeq3lo.s 			page 4


  92 0004 0400     		.2byte	0x4
  93 0006 00000000 		.4byte	.Ldebug_abbrev0
  94 000a 04       		.byte	0x4
  95 000b 01       		.uleb128 0x1
  96 000c 58020000 		.4byte	.LASF39
  97 0010 0C       		.byte	0xc
  98 0011 BA010000 		.4byte	.LASF40
  99 0015 FE020000 		.4byte	.LASF41
 100 0019 00000000 		.4byte	.Ldebug_ranges0+0
 101 001d 00000000 		.4byte	0
 102 0021 00000000 		.4byte	.Ldebug_line0
 103 0025 02       		.uleb128 0x2
 104 0026 01       		.byte	0x1
 105 0027 06       		.byte	0x6
 106 0028 09010000 		.4byte	.LASF0
 107 002c 02       		.uleb128 0x2
 108 002d 01       		.byte	0x1
 109 002e 08       		.byte	0x8
 110 002f F3000000 		.4byte	.LASF1
 111 0033 02       		.uleb128 0x2
 112 0034 02       		.byte	0x2
 113 0035 05       		.byte	0x5
 114 0036 2C000000 		.4byte	.LASF2
 115 003a 02       		.uleb128 0x2
 116 003b 02       		.byte	0x2
 117 003c 07       		.byte	0x7
 118 003d 67010000 		.4byte	.LASF3
 119 0041 02       		.uleb128 0x2
 120 0042 04       		.byte	0x4
 121 0043 05       		.byte	0x5
 122 0044 B6000000 		.4byte	.LASF4
 123 0048 02       		.uleb128 0x2
 124 0049 04       		.byte	0x4
 125 004a 07       		.byte	0x7
 126 004b A8010000 		.4byte	.LASF5
 127 004f 02       		.uleb128 0x2
 128 0050 08       		.byte	0x8
 129 0051 05       		.byte	0x5
 130 0052 90000000 		.4byte	.LASF6
 131 0056 02       		.uleb128 0x2
 132 0057 08       		.byte	0x8
 133 0058 07       		.byte	0x7
 134 0059 15010000 		.4byte	.LASF7
 135 005d 03       		.uleb128 0x3
 136 005e 04       		.byte	0x4
 137 005f 05       		.byte	0x5
 138 0060 696E7400 		.ascii	"int\000"
 139 0064 02       		.uleb128 0x2
 140 0065 04       		.byte	0x4
 141 0066 07       		.byte	0x7
 142 0067 2C010000 		.4byte	.LASF8
 143 006b 02       		.uleb128 0x2
 144 006c 08       		.byte	0x8
 145 006d 04       		.byte	0x4
 146 006e E7000000 		.4byte	.LASF9
 147 0072 04       		.uleb128 0x4
 148 0073 9E000000 		.4byte	.LASF10
ARM GAS  C:\Users\zakis\AppData\Local\Temp\ccCeq3lo.s 			page 5


 149 0077 02       		.byte	0x2
 150 0078 3F       		.byte	0x3f
 151 0079 25000000 		.4byte	0x25
 152 007d 04       		.uleb128 0x4
 153 007e 7A010000 		.4byte	.LASF11
 154 0082 02       		.byte	0x2
 155 0083 52       		.byte	0x52
 156 0084 3A000000 		.4byte	0x3a
 157 0088 04       		.uleb128 0x4
 158 0089 5E010000 		.4byte	.LASF12
 159 008d 02       		.byte	0x2
 160 008e 53       		.byte	0x53
 161 008f 5D000000 		.4byte	0x5d
 162 0093 04       		.uleb128 0x4
 163 0094 47000000 		.4byte	.LASF13
 164 0098 02       		.byte	0x2
 165 0099 54       		.byte	0x54
 166 009a 64000000 		.4byte	0x64
 167 009e 04       		.uleb128 0x4
 168 009f 00000000 		.4byte	.LASF14
 169 00a3 03       		.byte	0x3
 170 00a4 4D       		.byte	0x4d
 171 00a5 93000000 		.4byte	0x93
 172 00a9 04       		.uleb128 0x4
 173 00aa 01010000 		.4byte	.LASF15
 174 00ae 03       		.byte	0x3
 175 00af 4E       		.byte	0x4e
 176 00b0 88000000 		.4byte	0x88
 177 00b4 04       		.uleb128 0x4
 178 00b5 3F000000 		.4byte	.LASF16
 179 00b9 03       		.byte	0x3
 180 00ba 4F       		.byte	0x4f
 181 00bb 93000000 		.4byte	0x93
 182 00bf 04       		.uleb128 0x4
 183 00c0 E9010000 		.4byte	.LASF17
 184 00c4 03       		.byte	0x3
 185 00c5 54       		.byte	0x54
 186 00c6 9E000000 		.4byte	0x9e
 187 00ca 04       		.uleb128 0x4
 188 00cb 74000000 		.4byte	.LASF18
 189 00cf 03       		.byte	0x3
 190 00d0 78       		.byte	0x78
 191 00d1 88000000 		.4byte	0x88
 192 00d5 05       		.uleb128 0x5
 193 00d6 A6000000 		.4byte	.LASF19
 194 00da 04       		.byte	0x4
 195 00db 1101     		.2byte	0x111
 196 00dd 7D000000 		.4byte	0x7d
 197 00e1 06       		.uleb128 0x6
 198 00e2 84010000 		.4byte	.LASF42
 199 00e6 01       		.byte	0x1
 200 00e7 39       		.byte	0x39
 201 00e8 CA000000 		.4byte	0xca
 202 00ec 00000000 		.4byte	.LFB59
 203 00f0 44000000 		.4byte	.LFE59-.LFB59
 204 00f4 01       		.uleb128 0x1
 205 00f5 9C       		.byte	0x9c
ARM GAS  C:\Users\zakis\AppData\Local\Temp\ccCeq3lo.s 			page 6


 206 00f6 08010000 		.4byte	0x108
 207 00fa 07       		.uleb128 0x7
 208 00fb 7800     		.ascii	"x\000"
 209 00fd 01       		.byte	0x1
 210 00fe 3B       		.byte	0x3b
 211 00ff 72000000 		.4byte	0x72
 212 0103 00000000 		.4byte	.LLST0
 213 0107 00       		.byte	0
 214 0108 08       		.uleb128 0x8
 215 0109 7B000000 		.4byte	.LASF20
 216 010d 05       		.byte	0x5
 217 010e 44       		.byte	0x44
 218 010f 9E000000 		.4byte	0x9e
 219 0113 08       		.uleb128 0x8
 220 0114 45010000 		.4byte	.LASF21
 221 0118 06       		.byte	0x6
 222 0119 48       		.byte	0x48
 223 011a CA000000 		.4byte	0xca
 224 011e 09       		.uleb128 0x9
 225 011f 35010000 		.4byte	0x135
 226 0123 2E010000 		.4byte	0x12e
 227 0127 0A       		.uleb128 0xa
 228 0128 2E010000 		.4byte	0x12e
 229 012c 02       		.byte	0x2
 230 012d 00       		.byte	0
 231 012e 02       		.uleb128 0x2
 232 012f 04       		.byte	0x4
 233 0130 07       		.byte	0x7
 234 0131 36000000 		.4byte	.LASF22
 235 0135 0B       		.uleb128 0xb
 236 0136 9E000000 		.4byte	0x9e
 237 013a 08       		.uleb128 0x8
 238 013b 51000000 		.4byte	.LASF23
 239 013f 04       		.byte	0x4
 240 0140 B2       		.byte	0xb2
 241 0141 45010000 		.4byte	0x145
 242 0145 0B       		.uleb128 0xb
 243 0146 1E010000 		.4byte	0x11e
 244 014a 08       		.uleb128 0x8
 245 014b 39020000 		.4byte	.LASF24
 246 014f 04       		.byte	0x4
 247 0150 B3       		.byte	0xb3
 248 0151 55010000 		.4byte	0x155
 249 0155 0B       		.uleb128 0xb
 250 0156 1E010000 		.4byte	0x11e
 251 015a 09       		.uleb128 0x9
 252 015b 9E000000 		.4byte	0x9e
 253 015f 6A010000 		.4byte	0x16a
 254 0163 0A       		.uleb128 0xa
 255 0164 2E010000 		.4byte	0x12e
 256 0168 02       		.byte	0x2
 257 0169 00       		.byte	0
 258 016a 08       		.uleb128 0x8
 259 016b 2C020000 		.4byte	.LASF25
 260 016f 04       		.byte	0x4
 261 0170 CA       		.byte	0xca
 262 0171 5A010000 		.4byte	0x15a
ARM GAS  C:\Users\zakis\AppData\Local\Temp\ccCeq3lo.s 			page 7


 263 0175 09       		.uleb128 0x9
 264 0176 CA000000 		.4byte	0xca
 265 017a 85010000 		.4byte	0x185
 266 017e 0A       		.uleb128 0xa
 267 017f 2E010000 		.4byte	0x12e
 268 0183 02       		.byte	0x2
 269 0184 00       		.byte	0
 270 0185 08       		.uleb128 0x8
 271 0186 4D020000 		.4byte	.LASF26
 272 018a 04       		.byte	0x4
 273 018b D2       		.byte	0xd2
 274 018c 75010000 		.4byte	0x175
 275 0190 08       		.uleb128 0x8
 276 0191 39010000 		.4byte	.LASF27
 277 0195 04       		.byte	0x4
 278 0196 DA       		.byte	0xda
 279 0197 5A010000 		.4byte	0x15a
 280 019b 08       		.uleb128 0x8
 281 019c F5010000 		.4byte	.LASF28
 282 01a0 04       		.byte	0x4
 283 01a1 E2       		.byte	0xe2
 284 01a2 CA000000 		.4byte	0xca
 285 01a6 08       		.uleb128 0x8
 286 01a7 D8000000 		.4byte	.LASF29
 287 01ab 04       		.byte	0x4
 288 01ac F7       		.byte	0xf7
 289 01ad 9E000000 		.4byte	0x9e
 290 01b1 09       		.uleb128 0x9
 291 01b2 A9000000 		.4byte	0xa9
 292 01b6 C1010000 		.4byte	0x1c1
 293 01ba 0A       		.uleb128 0xa
 294 01bb 2E010000 		.4byte	0x12e
 295 01bf 0F       		.byte	0xf
 296 01c0 00       		.byte	0
 297 01c1 0C       		.uleb128 0xc
 298 01c2 62000000 		.4byte	.LASF30
 299 01c6 04       		.byte	0x4
 300 01c7 2501     		.2byte	0x125
 301 01c9 B1010000 		.4byte	0x1b1
 302 01cd 0C       		.uleb128 0xc
 303 01ce 01020000 		.4byte	.LASF31
 304 01d2 04       		.byte	0x4
 305 01d3 3C01     		.2byte	0x13c
 306 01d5 75010000 		.4byte	0x175
 307 01d9 0C       		.uleb128 0xc
 308 01da 11020000 		.4byte	.LASF32
 309 01de 04       		.byte	0x4
 310 01df 3F01     		.2byte	0x13f
 311 01e1 D5000000 		.4byte	0xd5
 312 01e5 0C       		.uleb128 0xc
 313 01e6 08000000 		.4byte	.LASF33
 314 01ea 04       		.byte	0x4
 315 01eb 5C01     		.2byte	0x15c
 316 01ed 5A010000 		.4byte	0x15a
 317 01f1 09       		.uleb128 0x9
 318 01f2 BF000000 		.4byte	0xbf
 319 01f6 01020000 		.4byte	0x201
ARM GAS  C:\Users\zakis\AppData\Local\Temp\ccCeq3lo.s 			page 8


 320 01fa 0A       		.uleb128 0xa
 321 01fb 2E010000 		.4byte	0x12e
 322 01ff 02       		.byte	0x2
 323 0200 00       		.byte	0
 324 0201 0C       		.uleb128 0xc
 325 0202 1B000000 		.4byte	.LASF34
 326 0206 04       		.byte	0x4
 327 0207 6701     		.2byte	0x167
 328 0209 F1010000 		.4byte	0x1f1
 329 020d 08       		.uleb128 0x8
 330 020e E6020000 		.4byte	.LASF35
 331 0212 07       		.byte	0x7
 332 0213 40       		.byte	0x40
 333 0214 9E000000 		.4byte	0x9e
 334 0218 08       		.uleb128 0x8
 335 0219 BF000000 		.4byte	.LASF36
 336 021d 07       		.byte	0x7
 337 021e 47       		.byte	0x47
 338 021f B4000000 		.4byte	0xb4
 339 0223 08       		.uleb128 0x8
 340 0224 95010000 		.4byte	.LASF37
 341 0228 07       		.byte	0x7
 342 0229 4A       		.byte	0x4a
 343 022a 9E000000 		.4byte	0x9e
 344 022e 09       		.uleb128 0x9
 345 022f 3E020000 		.4byte	0x23e
 346 0233 3E020000 		.4byte	0x23e
 347 0237 0A       		.uleb128 0xa
 348 0238 2E010000 		.4byte	0x12e
 349 023c FF       		.byte	0xff
 350 023d 00       		.byte	0
 351 023e 0B       		.uleb128 0xb
 352 023f 72000000 		.4byte	0x72
 353 0243 0C       		.uleb128 0xc
 354 0244 1F020000 		.4byte	.LASF38
 355 0248 08       		.byte	0x8
 356 0249 AB01     		.2byte	0x1ab
 357 024b 4F020000 		.4byte	0x24f
 358 024f 0B       		.uleb128 0xb
 359 0250 2E020000 		.4byte	0x22e
 360 0254 00       		.byte	0
 361              		.section	.debug_abbrev,"",%progbits
 362              	.Ldebug_abbrev0:
 363 0000 01       		.uleb128 0x1
 364 0001 11       		.uleb128 0x11
 365 0002 01       		.byte	0x1
 366 0003 25       		.uleb128 0x25
 367 0004 0E       		.uleb128 0xe
 368 0005 13       		.uleb128 0x13
 369 0006 0B       		.uleb128 0xb
 370 0007 03       		.uleb128 0x3
 371 0008 0E       		.uleb128 0xe
 372 0009 1B       		.uleb128 0x1b
 373 000a 0E       		.uleb128 0xe
 374 000b 55       		.uleb128 0x55
 375 000c 17       		.uleb128 0x17
 376 000d 11       		.uleb128 0x11
ARM GAS  C:\Users\zakis\AppData\Local\Temp\ccCeq3lo.s 			page 9


 377 000e 01       		.uleb128 0x1
 378 000f 10       		.uleb128 0x10
 379 0010 17       		.uleb128 0x17
 380 0011 00       		.byte	0
 381 0012 00       		.byte	0
 382 0013 02       		.uleb128 0x2
 383 0014 24       		.uleb128 0x24
 384 0015 00       		.byte	0
 385 0016 0B       		.uleb128 0xb
 386 0017 0B       		.uleb128 0xb
 387 0018 3E       		.uleb128 0x3e
 388 0019 0B       		.uleb128 0xb
 389 001a 03       		.uleb128 0x3
 390 001b 0E       		.uleb128 0xe
 391 001c 00       		.byte	0
 392 001d 00       		.byte	0
 393 001e 03       		.uleb128 0x3
 394 001f 24       		.uleb128 0x24
 395 0020 00       		.byte	0
 396 0021 0B       		.uleb128 0xb
 397 0022 0B       		.uleb128 0xb
 398 0023 3E       		.uleb128 0x3e
 399 0024 0B       		.uleb128 0xb
 400 0025 03       		.uleb128 0x3
 401 0026 08       		.uleb128 0x8
 402 0027 00       		.byte	0
 403 0028 00       		.byte	0
 404 0029 04       		.uleb128 0x4
 405 002a 16       		.uleb128 0x16
 406 002b 00       		.byte	0
 407 002c 03       		.uleb128 0x3
 408 002d 0E       		.uleb128 0xe
 409 002e 3A       		.uleb128 0x3a
 410 002f 0B       		.uleb128 0xb
 411 0030 3B       		.uleb128 0x3b
 412 0031 0B       		.uleb128 0xb
 413 0032 49       		.uleb128 0x49
 414 0033 13       		.uleb128 0x13
 415 0034 00       		.byte	0
 416 0035 00       		.byte	0
 417 0036 05       		.uleb128 0x5
 418 0037 16       		.uleb128 0x16
 419 0038 00       		.byte	0
 420 0039 03       		.uleb128 0x3
 421 003a 0E       		.uleb128 0xe
 422 003b 3A       		.uleb128 0x3a
 423 003c 0B       		.uleb128 0xb
 424 003d 3B       		.uleb128 0x3b
 425 003e 05       		.uleb128 0x5
 426 003f 49       		.uleb128 0x49
 427 0040 13       		.uleb128 0x13
 428 0041 00       		.byte	0
 429 0042 00       		.byte	0
 430 0043 06       		.uleb128 0x6
 431 0044 2E       		.uleb128 0x2e
 432 0045 01       		.byte	0x1
 433 0046 3F       		.uleb128 0x3f
ARM GAS  C:\Users\zakis\AppData\Local\Temp\ccCeq3lo.s 			page 10


 434 0047 19       		.uleb128 0x19
 435 0048 03       		.uleb128 0x3
 436 0049 0E       		.uleb128 0xe
 437 004a 3A       		.uleb128 0x3a
 438 004b 0B       		.uleb128 0xb
 439 004c 3B       		.uleb128 0x3b
 440 004d 0B       		.uleb128 0xb
 441 004e 27       		.uleb128 0x27
 442 004f 19       		.uleb128 0x19
 443 0050 49       		.uleb128 0x49
 444 0051 13       		.uleb128 0x13
 445 0052 11       		.uleb128 0x11
 446 0053 01       		.uleb128 0x1
 447 0054 12       		.uleb128 0x12
 448 0055 06       		.uleb128 0x6
 449 0056 40       		.uleb128 0x40
 450 0057 18       		.uleb128 0x18
 451 0058 9742     		.uleb128 0x2117
 452 005a 19       		.uleb128 0x19
 453 005b 01       		.uleb128 0x1
 454 005c 13       		.uleb128 0x13
 455 005d 00       		.byte	0
 456 005e 00       		.byte	0
 457 005f 07       		.uleb128 0x7
 458 0060 34       		.uleb128 0x34
 459 0061 00       		.byte	0
 460 0062 03       		.uleb128 0x3
 461 0063 08       		.uleb128 0x8
 462 0064 3A       		.uleb128 0x3a
 463 0065 0B       		.uleb128 0xb
 464 0066 3B       		.uleb128 0x3b
 465 0067 0B       		.uleb128 0xb
 466 0068 49       		.uleb128 0x49
 467 0069 13       		.uleb128 0x13
 468 006a 02       		.uleb128 0x2
 469 006b 17       		.uleb128 0x17
 470 006c 00       		.byte	0
 471 006d 00       		.byte	0
 472 006e 08       		.uleb128 0x8
 473 006f 34       		.uleb128 0x34
 474 0070 00       		.byte	0
 475 0071 03       		.uleb128 0x3
 476 0072 0E       		.uleb128 0xe
 477 0073 3A       		.uleb128 0x3a
 478 0074 0B       		.uleb128 0xb
 479 0075 3B       		.uleb128 0x3b
 480 0076 0B       		.uleb128 0xb
 481 0077 49       		.uleb128 0x49
 482 0078 13       		.uleb128 0x13
 483 0079 3F       		.uleb128 0x3f
 484 007a 19       		.uleb128 0x19
 485 007b 3C       		.uleb128 0x3c
 486 007c 19       		.uleb128 0x19
 487 007d 00       		.byte	0
 488 007e 00       		.byte	0
 489 007f 09       		.uleb128 0x9
 490 0080 01       		.uleb128 0x1
ARM GAS  C:\Users\zakis\AppData\Local\Temp\ccCeq3lo.s 			page 11


 491 0081 01       		.byte	0x1
 492 0082 49       		.uleb128 0x49
 493 0083 13       		.uleb128 0x13
 494 0084 01       		.uleb128 0x1
 495 0085 13       		.uleb128 0x13
 496 0086 00       		.byte	0
 497 0087 00       		.byte	0
 498 0088 0A       		.uleb128 0xa
 499 0089 21       		.uleb128 0x21
 500 008a 00       		.byte	0
 501 008b 49       		.uleb128 0x49
 502 008c 13       		.uleb128 0x13
 503 008d 2F       		.uleb128 0x2f
 504 008e 0B       		.uleb128 0xb
 505 008f 00       		.byte	0
 506 0090 00       		.byte	0
 507 0091 0B       		.uleb128 0xb
 508 0092 26       		.uleb128 0x26
 509 0093 00       		.byte	0
 510 0094 49       		.uleb128 0x49
 511 0095 13       		.uleb128 0x13
 512 0096 00       		.byte	0
 513 0097 00       		.byte	0
 514 0098 0C       		.uleb128 0xc
 515 0099 34       		.uleb128 0x34
 516 009a 00       		.byte	0
 517 009b 03       		.uleb128 0x3
 518 009c 0E       		.uleb128 0xe
 519 009d 3A       		.uleb128 0x3a
 520 009e 0B       		.uleb128 0xb
 521 009f 3B       		.uleb128 0x3b
 522 00a0 05       		.uleb128 0x5
 523 00a1 49       		.uleb128 0x49
 524 00a2 13       		.uleb128 0x13
 525 00a3 3F       		.uleb128 0x3f
 526 00a4 19       		.uleb128 0x19
 527 00a5 3C       		.uleb128 0x3c
 528 00a6 19       		.uleb128 0x19
 529 00a7 00       		.byte	0
 530 00a8 00       		.byte	0
 531 00a9 00       		.byte	0
 532              		.section	.debug_loc,"",%progbits
 533              	.Ldebug_loc0:
 534              	.LLST0:
 535 0000 0A000000 		.4byte	.LVL0
 536 0004 16000000 		.4byte	.LVL2
 537 0008 0100     		.2byte	0x1
 538 000a 53       		.byte	0x53
 539 000b 16000000 		.4byte	.LVL2
 540 000f 18000000 		.4byte	.LVL3
 541 0013 0300     		.2byte	0x3
 542 0015 73       		.byte	0x73
 543 0016 78       		.sleb128 -8
 544 0017 9F       		.byte	0x9f
 545 0018 18000000 		.4byte	.LVL3
 546 001c 26000000 		.4byte	.LVL4
 547 0020 0100     		.2byte	0x1
ARM GAS  C:\Users\zakis\AppData\Local\Temp\ccCeq3lo.s 			page 12


 548 0022 53       		.byte	0x53
 549 0023 2C000000 		.4byte	.LVL5
 550 0027 44000000 		.4byte	.LFE59
 551 002b 0100     		.2byte	0x1
 552 002d 53       		.byte	0x53
 553 002e 00000000 		.4byte	0
 554 0032 00000000 		.4byte	0
 555              		.section	.debug_aranges,"",%progbits
 556 0000 1C000000 		.4byte	0x1c
 557 0004 0200     		.2byte	0x2
 558 0006 00000000 		.4byte	.Ldebug_info0
 559 000a 04       		.byte	0x4
 560 000b 00       		.byte	0
 561 000c 0000     		.2byte	0
 562 000e 0000     		.2byte	0
 563 0010 00000000 		.4byte	.LFB59
 564 0014 44000000 		.4byte	.LFE59-.LFB59
 565 0018 00000000 		.4byte	0
 566 001c 00000000 		.4byte	0
 567              		.section	.debug_ranges,"",%progbits
 568              	.Ldebug_ranges0:
 569 0000 00000000 		.4byte	.LFB59
 570 0004 44000000 		.4byte	.LFE59
 571 0008 00000000 		.4byte	0
 572 000c 00000000 		.4byte	0
 573              		.section	.debug_line,"",%progbits
 574              	.Ldebug_line0:
 575 0000 4E010000 		.section	.debug_str,"MS",%progbits,1
 575      02003101 
 575      00000201 
 575      FB0E0D00 
 575      01010101 
 576              	.LASF14:
 577 0000 45455F55 		.ascii	"EE_UREG\000"
 577      52454700 
 578              	.LASF33:
 579 0008 45455F74 		.ascii	"EE_th_event_active\000"
 579      685F6576 
 579      656E745F 
 579      61637469 
 579      766500
 580              	.LASF34:
 581 001b 45455F74 		.ascii	"EE_th_waswaiting\000"
 581      685F7761 
 581      73776169 
 581      74696E67 
 581      00
 582              	.LASF2:
 583 002c 73686F72 		.ascii	"short int\000"
 583      7420696E 
 583      7400
 584              	.LASF22:
 585 0036 73697A65 		.ascii	"sizetype\000"
 585      74797065 
 585      00
 586              	.LASF16:
 587 003f 45455F46 		.ascii	"EE_FREG\000"
ARM GAS  C:\Users\zakis\AppData\Local\Temp\ccCeq3lo.s 			page 13


 587      52454700 
 588              	.LASF13:
 589 0047 45455F55 		.ascii	"EE_UINT32\000"
 589      494E5433 
 589      3200
 590              	.LASF23:
 591 0051 45455F74 		.ascii	"EE_th_ready_prio\000"
 591      685F7265 
 591      6164795F 
 591      7072696F 
 591      00
 592              	.LASF30:
 593 0062 45455F72 		.ascii	"EE_rq_queues_head\000"
 593      715F7175 
 593      65756573 
 593      5F686561 
 593      6400
 594              	.LASF18:
 595 0074 45455F54 		.ascii	"EE_TID\000"
 595      494400
 596              	.LASF20:
 597 007b 45455F49 		.ascii	"EE_IRQ_nesting_level\000"
 597      52515F6E 
 597      65737469 
 597      6E675F6C 
 597      6576656C 
 598              	.LASF6:
 599 0090 6C6F6E67 		.ascii	"long long int\000"
 599      206C6F6E 
 599      6720696E 
 599      7400
 600              	.LASF10:
 601 009e 45455F49 		.ascii	"EE_INT8\000"
 601      4E543800 
 602              	.LASF19:
 603 00a6 45455F54 		.ascii	"EE_TYPE_RQ_MASK\000"
 603      5950455F 
 603      52515F4D 
 603      41534B00 
 604              	.LASF4:
 605 00b6 6C6F6E67 		.ascii	"long int\000"
 605      20696E74 
 605      00
 606              	.LASF36:
 607 00bf 45455F6F 		.ascii	"EE_oo_IRQ_suspend_status\000"
 607      6F5F4952 
 607      515F7375 
 607      7370656E 
 607      645F7374 
 608              	.LASF29:
 609 00d8 45455F73 		.ascii	"EE_sys_ceiling\000"
 609      79735F63 
 609      65696C69 
 609      6E6700
 610              	.LASF9:
 611 00e7 6C6F6E67 		.ascii	"long double\000"
 611      20646F75 
ARM GAS  C:\Users\zakis\AppData\Local\Temp\ccCeq3lo.s 			page 14


 611      626C6500 
 612              	.LASF1:
 613 00f3 756E7369 		.ascii	"unsigned char\000"
 613      676E6564 
 613      20636861 
 613      7200
 614              	.LASF15:
 615 0101 45455F53 		.ascii	"EE_SREG\000"
 615      52454700 
 616              	.LASF0:
 617 0109 7369676E 		.ascii	"signed char\000"
 617      65642063 
 617      68617200 
 618              	.LASF7:
 619 0115 6C6F6E67 		.ascii	"long long unsigned int\000"
 619      206C6F6E 
 619      6720756E 
 619      7369676E 
 619      65642069 
 620              	.LASF8:
 621 012c 756E7369 		.ascii	"unsigned int\000"
 621      676E6564 
 621      20696E74 
 621      00
 622              	.LASF27:
 623 0139 45455F74 		.ascii	"EE_th_rnact\000"
 623      685F726E 
 623      61637400 
 624              	.LASF21:
 625 0145 45455F73 		.ascii	"EE_std_endcycle_next_tid\000"
 625      74645F65 
 625      6E646379 
 625      636C655F 
 625      6E657874 
 626              	.LASF12:
 627 015e 45455F49 		.ascii	"EE_INT32\000"
 627      4E543332 
 627      00
 628              	.LASF3:
 629 0167 73686F72 		.ascii	"short unsigned int\000"
 629      7420756E 
 629      7369676E 
 629      65642069 
 629      6E7400
 630              	.LASF11:
 631 017a 45455F55 		.ascii	"EE_UINT16\000"
 631      494E5431 
 631      3600
 632              	.LASF42:
 633 0184 45455F72 		.ascii	"EE_rq_queryfirst\000"
 633      715F7175 
 633      65727966 
 633      69727374 
 633      00
 634              	.LASF37:
 635 0195 45455F41 		.ascii	"EE_ApplicationMode\000"
 635      70706C69 
ARM GAS  C:\Users\zakis\AppData\Local\Temp\ccCeq3lo.s 			page 15


 635      63617469 
 635      6F6E4D6F 
 635      646500
 636              	.LASF5:
 637 01a8 6C6F6E67 		.ascii	"long unsigned int\000"
 637      20756E73 
 637      69676E65 
 637      6420696E 
 637      7400
 638              	.LASF40:
 639 01ba 47656E65 		.ascii	"Generated_Source\\PSoC5\\ErikaOS_1_ee_rq_first.c\000"
 639      72617465 
 639      645F536F 
 639      75726365 
 639      5C50536F 
 640              	.LASF17:
 641 01e9 45455F54 		.ascii	"EE_TYPEBOOL\000"
 641      59504542 
 641      4F4F4C00 
 642              	.LASF28:
 643 01f5 45455F73 		.ascii	"EE_stkfirst\000"
 643      746B6669 
 643      72737400 
 644              	.LASF31:
 645 0201 45455F72 		.ascii	"EE_rq_pairs_tid\000"
 645      715F7061 
 645      6972735F 
 645      74696400 
 646              	.LASF32:
 647 0211 45455F72 		.ascii	"EE_rq_bitmask\000"
 647      715F6269 
 647      746D6173 
 647      6B00
 648              	.LASF38:
 649 021f 45455F72 		.ascii	"EE_rq_lookup\000"
 649      715F6C6F 
 649      6F6B7570 
 649      00
 650              	.LASF25:
 651 022c 45455F74 		.ascii	"EE_th_status\000"
 651      685F7374 
 651      61747573 
 651      00
 652              	.LASF24:
 653 0239 45455F74 		.ascii	"EE_th_dispatch_prio\000"
 653      685F6469 
 653      73706174 
 653      63685F70 
 653      72696F00 
 654              	.LASF26:
 655 024d 45455F74 		.ascii	"EE_th_next\000"
 655      685F6E65 
 655      787400
 656              	.LASF39:
 657 0258 474E5520 		.ascii	"GNU C11 5.4.1 20160609 (release) [ARM/embedded-5-br"
 657      43313120 
 657      352E342E 
ARM GAS  C:\Users\zakis\AppData\Local\Temp\ccCeq3lo.s 			page 16


 657      31203230 
 657      31363036 
 658 028b 616E6368 		.ascii	"anch revision 237715] -mcpu=cortex-m3 -mthumb -g -O"
 658      20726576 
 658      6973696F 
 658      6E203233 
 658      37373135 
 659 02be 67202D66 		.ascii	"g -ffunction-sections -ffat-lto-objects\000"
 659      66756E63 
 659      74696F6E 
 659      2D736563 
 659      74696F6E 
 660              	.LASF35:
 661 02e6 45455F6F 		.ascii	"EE_oo_IRQ_disable_count\000"
 661      6F5F4952 
 661      515F6469 
 661      7361626C 
 661      655F636F 
 662              	.LASF41:
 663 02fe 433A5C55 		.ascii	"C:\\Users\\zakis\\Documents\\EOS_Assignment_Two\\JS"
 663      73657273 
 663      5C7A616B 
 663      69735C44 
 663      6F63756D 
 664 032c 4F4E5F50 		.ascii	"ON_Parser\\EOS_Assignment_Two\\JSON_Parser.cydsn\000"
 664      61727365 
 664      725C454F 
 664      535F4173 
 664      7369676E 
 665              		.ident	"GCC: (GNU Tools for ARM Embedded Processors) 5.4.1 20160609 (release) [ARM/embedded-5-bran
