ARM GAS  C:\Users\zakis\AppData\Local\Temp\cckdbzJP.s 			page 1


   1              		.syntax unified
   2              		.cpu cortex-m3
   3              		.fpu softvfp
   4              		.eabi_attribute 20, 1
   5              		.eabi_attribute 21, 1
   6              		.eabi_attribute 23, 3
   7              		.eabi_attribute 24, 1
   8              		.eabi_attribute 25, 1
   9              		.eabi_attribute 26, 1
  10              		.eabi_attribute 30, 1
  11              		.eabi_attribute 34, 1
  12              		.eabi_attribute 18, 4
  13              		.thumb
  14              		.syntax unified
  15              		.file	"events.c"
  16              		.text
  17              	.Ltext0:
  18              		.cfi_sections	.debug_frame
  19              		.section	.text.EVENT_init,"ax",%progbits
  20              		.align	2
  21              		.global	EVENT_init
  22              		.thumb
  23              		.thumb_func
  24              		.type	EVENT_init, %function
  25              	EVENT_init:
  26              	.LFB0:
  27              		.file 1 "source\\bsw\\cdd\\events.c"
   1:source\bsw\cdd/events.c **** /**
   2:source\bsw\cdd/events.c **** * \file <filename>
   3:source\bsw\cdd/events.c **** * \author <author-name>
   4:source\bsw\cdd/events.c **** * \date <date>
   5:source\bsw\cdd/events.c **** *
   6:source\bsw\cdd/events.c **** * \brief <Symbolic File name>
   7:source\bsw\cdd/events.c **** *
   8:source\bsw\cdd/events.c **** * \copyright Copyright ©2016
   9:source\bsw\cdd/events.c **** * Department of electrical engineering and information technology, Hochschule Darmstadt - Universit
  10:source\bsw\cdd/events.c **** * Permission to use, copy, modify, and distribute this software and its documentation for education
  11:source\bsw\cdd/events.c **** * (unless permitted by h_da) and official h_da projects, is hereby granted for enrolled students of
  12:source\bsw\cdd/events.c **** * this paragraph and the following paragraph appear in all copies, modifications, and distributions
  13:source\bsw\cdd/events.c **** * Contact Prof.Dr.-Ing. Peter Fromm, peter.fromm@h-da.de, Birkenweg 8 64295 Darmstadt - GERMANY for
  14:source\bsw\cdd/events.c **** *
  15:source\bsw\cdd/events.c **** * \warning This software is a PROTOTYPE version and is not designed or intended for use in producti
  16:source\bsw\cdd/events.c **** * The user represents and warrants that it will NOT use or redistribute the Software for such purpo
  17:source\bsw\cdd/events.c **** * This prototype is for research purposes only. This software is provided "AS IS," without a warran
  18:source\bsw\cdd/events.c **** */
  19:source\bsw\cdd/events.c **** 
  20:source\bsw\cdd/events.c **** /*****************************************************************************/
  21:source\bsw\cdd/events.c **** /* Include files                                                             */
  22:source\bsw\cdd/events.c **** /*****************************************************************************/
  23:source\bsw\cdd/events.c **** #include <stdlib.h>
  24:source\bsw\cdd/events.c **** #include "events.h"
  25:source\bsw\cdd/events.c **** 
  26:source\bsw\cdd/events.c **** /*****************************************************************************/
  27:source\bsw\cdd/events.c **** /* Local pre-processor symbols/macros ('#define')                            */
  28:source\bsw\cdd/events.c **** /*****************************************************************************/
  29:source\bsw\cdd/events.c **** 
  30:source\bsw\cdd/events.c **** /*****************************************************************************/
ARM GAS  C:\Users\zakis\AppData\Local\Temp\cckdbzJP.s 			page 2


  31:source\bsw\cdd/events.c **** /* Global variable definitions (declared in header file with 'extern')       */
  32:source\bsw\cdd/events.c **** /*****************************************************************************/
  33:source\bsw\cdd/events.c **** 
  34:source\bsw\cdd/events.c **** /*****************************************************************************/
  35:source\bsw\cdd/events.c **** /* Local type definitions ('typedef')                                        */
  36:source\bsw\cdd/events.c **** /*****************************************************************************/
  37:source\bsw\cdd/events.c **** 
  38:source\bsw\cdd/events.c **** /*****************************************************************************/
  39:source\bsw\cdd/events.c **** /* Local variable definitions ('static')                                     */
  40:source\bsw\cdd/events.c **** /*****************************************************************************/
  41:source\bsw\cdd/events.c **** 
  42:source\bsw\cdd/events.c **** 
  43:source\bsw\cdd/events.c **** 
  44:source\bsw\cdd/events.c **** /*****************************************************************************/
  45:source\bsw\cdd/events.c **** /* Local function prototypes ('static')                                      */
  46:source\bsw\cdd/events.c **** /*****************************************************************************/
  47:source\bsw\cdd/events.c **** 
  48:source\bsw\cdd/events.c **** 
  49:source\bsw\cdd/events.c **** /*****************************************************************************/
  50:source\bsw\cdd/events.c **** /* Function implementation - global ('extern') and local ('static')          */
  51:source\bsw\cdd/events.c **** /*****************************************************************************/
  52:source\bsw\cdd/events.c **** 
  53:source\bsw\cdd/events.c **** RC_t EVENT_init(EVENT_t *const me){
  28              		.loc 1 53 0
  29              		.cfi_startproc
  30              		@ args = 0, pretend = 0, frame = 0
  31              		@ frame_needed = 0, uses_anonymous_args = 0
  32              	.LVL0:
  33 0000 08B5     		push	{r3, lr}
  34              		.cfi_def_cfa_offset 8
  35              		.cfi_offset 3, -8
  36              		.cfi_offset 14, -4
  54:source\bsw\cdd/events.c ****     RB_EV_init(&me -> m_evBuffer);
  37              		.loc 1 54 0
  38 0002 FFF7FEFF 		bl	RB_EV_init
  39              	.LVL1:
  55:source\bsw\cdd/events.c ****     return RC_SUCCESS;
  56:source\bsw\cdd/events.c **** }
  40              		.loc 1 56 0
  41 0006 0020     		movs	r0, #0
  42 0008 08BD     		pop	{r3, pc}
  43              		.cfi_endproc
  44              	.LFE0:
  45              		.size	EVENT_init, .-EVENT_init
  46 000a 00BF     		.section	.text.EVENT_add,"ax",%progbits
  47              		.align	2
  48              		.global	EVENT_add
  49              		.thumb
  50              		.thumb_func
  51              		.type	EVENT_add, %function
  52              	EVENT_add:
  53              	.LFB1:
  57:source\bsw\cdd/events.c **** 
  58:source\bsw\cdd/events.c **** RC_t EVENT_add(EVENT_t *const me, const eEvent_t event){
  54              		.loc 1 58 0
  55              		.cfi_startproc
  56              		@ args = 0, pretend = 0, frame = 8
ARM GAS  C:\Users\zakis\AppData\Local\Temp\cckdbzJP.s 			page 3


  57              		@ frame_needed = 0, uses_anonymous_args = 0
  58              	.LVL2:
  59 0000 00B5     		push	{lr}
  60              		.cfi_def_cfa_offset 4
  61              		.cfi_offset 14, -4
  62 0002 83B0     		sub	sp, sp, #12
  63              		.cfi_def_cfa_offset 16
  64 0004 02AB     		add	r3, sp, #8
  65 0006 03F8011D 		strb	r1, [r3, #-1]!
  59:source\bsw\cdd/events.c ****     if (RB_EV_write (&me -> m_evBuffer, &event) == RC_SUCCESS){
  66              		.loc 1 59 0
  67 000a 1946     		mov	r1, r3
  68              	.LVL3:
  69 000c FFF7FEFF 		bl	RB_EV_write
  70              	.LVL4:
  71 0010 0346     		mov	r3, r0
  72 0012 08B1     		cbz	r0, .L4
  60:source\bsw\cdd/events.c ****         return RC_SUCCESS;
  61:source\bsw\cdd/events.c ****     } else {
  62:source\bsw\cdd/events.c ****         return RC_ERROR;
  73              		.loc 1 62 0
  74 0014 4FF0FF33 		mov	r3, #-1
  75              	.L4:
  63:source\bsw\cdd/events.c ****     }
  64:source\bsw\cdd/events.c **** }
  76              		.loc 1 64 0
  77 0018 1846     		mov	r0, r3
  78 001a 03B0     		add	sp, sp, #12
  79              		.cfi_def_cfa_offset 4
  80              		@ sp needed
  81 001c 5DF804FB 		ldr	pc, [sp], #4
  82              		.cfi_endproc
  83              	.LFE1:
  84              		.size	EVENT_add, .-EVENT_add
  85              		.section	.text.EVENT_read,"ax",%progbits
  86              		.align	2
  87              		.global	EVENT_read
  88              		.thumb
  89              		.thumb_func
  90              		.type	EVENT_read, %function
  91              	EVENT_read:
  92              	.LFB2:
  65:source\bsw\cdd/events.c **** 
  66:source\bsw\cdd/events.c **** RC_t EVENT_read(EVENT_t *const me, eEvent_t* const event){
  93              		.loc 1 66 0
  94              		.cfi_startproc
  95              		@ args = 0, pretend = 0, frame = 0
  96              		@ frame_needed = 0, uses_anonymous_args = 0
  97              	.LVL5:
  98 0000 08B5     		push	{r3, lr}
  99              		.cfi_def_cfa_offset 8
 100              		.cfi_offset 3, -8
 101              		.cfi_offset 14, -4
  67:source\bsw\cdd/events.c **** if (RB_EV_read (&me -> m_evBuffer, event) == RC_SUCCESS){
 102              		.loc 1 67 0
 103 0002 FFF7FEFF 		bl	RB_EV_read
 104              	.LVL6:
ARM GAS  C:\Users\zakis\AppData\Local\Temp\cckdbzJP.s 			page 4


 105 0006 0346     		mov	r3, r0
 106 0008 08B1     		cbz	r0, .L8
  68:source\bsw\cdd/events.c ****         return RC_SUCCESS;
  69:source\bsw\cdd/events.c ****     } else {
  70:source\bsw\cdd/events.c ****         return RC_ERROR;
 107              		.loc 1 70 0
 108 000a 4FF0FF33 		mov	r3, #-1
 109              	.L8:
  71:source\bsw\cdd/events.c ****     }
  72:source\bsw\cdd/events.c **** 
  73:source\bsw\cdd/events.c **** }...
 110              		.loc 1 73 0
 111 000e 1846     		mov	r0, r3
 112 0010 08BD     		pop	{r3, pc}
 113              		.cfi_endproc
 114              	.LFE2:
 115              		.size	EVENT_read, .-EVENT_read
 116 0012 00BF     		.text
 117              	.Letext0:
 118              		.file 2 ".\\source\\bsw/global.h"
 119              		.file 3 "source\\bsw\\cdd\\ringBufferEV.h"
 120              		.file 4 "source\\bsw\\cdd\\events.h"
 121              		.section	.debug_info,"",%progbits
 122              	.Ldebug_info0:
 123 0000 15030000 		.4byte	0x315
 124 0004 0400     		.2byte	0x4
 125 0006 00000000 		.4byte	.Ldebug_abbrev0
 126 000a 04       		.byte	0x4
 127 000b 01       		.uleb128 0x1
 128 000c C0020000 		.4byte	.LASF63
 129 0010 0C       		.byte	0xc
 130 0011 16040000 		.4byte	.LASF64
 131 0015 5C030000 		.4byte	.LASF65
 132 0019 00000000 		.4byte	.Ldebug_ranges0+0
 133 001d 00000000 		.4byte	0
 134 0021 00000000 		.4byte	.Ldebug_line0
 135 0025 02       		.uleb128 0x2
 136 0026 04       		.byte	0x4
 137 0027 07       		.byte	0x7
 138 0028 04010000 		.4byte	.LASF0
 139 002c 03       		.uleb128 0x3
 140 002d 04       		.byte	0x4
 141 002e 05       		.byte	0x5
 142 002f 696E7400 		.ascii	"int\000"
 143 0033 02       		.uleb128 0x2
 144 0034 08       		.byte	0x8
 145 0035 05       		.byte	0x5
 146 0036 70000000 		.4byte	.LASF1
 147 003a 02       		.uleb128 0x2
 148 003b 08       		.byte	0x8
 149 003c 04       		.byte	0x4
 150 003d 04020000 		.4byte	.LASF2
 151 0041 02       		.uleb128 0x2
 152 0042 01       		.byte	0x1
 153 0043 06       		.byte	0x6
 154 0044 7E000000 		.4byte	.LASF3
 155 0048 02       		.uleb128 0x2
ARM GAS  C:\Users\zakis\AppData\Local\Temp\cckdbzJP.s 			page 5


 156 0049 01       		.byte	0x1
 157 004a 08       		.byte	0x8
 158 004b 92020000 		.4byte	.LASF4
 159 004f 02       		.uleb128 0x2
 160 0050 02       		.byte	0x2
 161 0051 05       		.byte	0x5
 162 0052 AB020000 		.4byte	.LASF5
 163 0056 02       		.uleb128 0x2
 164 0057 02       		.byte	0x2
 165 0058 07       		.byte	0x7
 166 0059 84010000 		.4byte	.LASF6
 167 005d 02       		.uleb128 0x2
 168 005e 04       		.byte	0x4
 169 005f 05       		.byte	0x5
 170 0060 B0000000 		.4byte	.LASF7
 171 0064 02       		.uleb128 0x2
 172 0065 04       		.byte	0x4
 173 0066 07       		.byte	0x7
 174 0067 53010000 		.4byte	.LASF8
 175 006b 02       		.uleb128 0x2
 176 006c 08       		.byte	0x8
 177 006d 07       		.byte	0x7
 178 006e 2F000000 		.4byte	.LASF9
 179 0072 02       		.uleb128 0x2
 180 0073 04       		.byte	0x4
 181 0074 07       		.byte	0x7
 182 0075 FB010000 		.4byte	.LASF10
 183 0079 02       		.uleb128 0x2
 184 007a 01       		.byte	0x1
 185 007b 08       		.byte	0x8
 186 007c EB030000 		.4byte	.LASF11
 187 0080 04       		.uleb128 0x4
 188 0081 CB000000 		.4byte	.LASF41
 189 0085 02       		.byte	0x2
 190 0086 93       		.byte	0x93
 191 0087 56000000 		.4byte	0x56
 192 008b 02       		.uleb128 0x2
 193 008c 04       		.byte	0x4
 194 008d 04       		.byte	0x4
 195 008e 5D020000 		.4byte	.LASF12
 196 0092 02       		.uleb128 0x2
 197 0093 08       		.byte	0x8
 198 0094 04       		.byte	0x4
 199 0095 D4000000 		.4byte	.LASF13
 200 0099 05       		.uleb128 0x5
 201 009a 01       		.byte	0x1
 202 009b 41000000 		.4byte	0x41
 203 009f 02       		.byte	0x2
 204 00a0 CF       		.byte	0xcf
 205 00a1 48010000 		.4byte	0x148
 206 00a5 06       		.uleb128 0x6
 207 00a6 73010000 		.4byte	.LASF14
 208 00aa 00       		.byte	0
 209 00ab 07       		.uleb128 0x7
 210 00ac 97010000 		.4byte	.LASF15
 211 00b0 7F       		.sleb128 -1
 212 00b1 07       		.uleb128 0x7
ARM GAS  C:\Users\zakis\AppData\Local\Temp\cckdbzJP.s 			page 6


 213 00b2 65010000 		.4byte	.LASF16
 214 00b6 7E       		.sleb128 -2
 215 00b7 07       		.uleb128 0x7
 216 00b8 4E030000 		.4byte	.LASF17
 217 00bc 7D       		.sleb128 -3
 218 00bd 07       		.uleb128 0x7
 219 00be 8A000000 		.4byte	.LASF18
 220 00c2 7C       		.sleb128 -4
 221 00c3 07       		.uleb128 0x7
 222 00c4 50040000 		.4byte	.LASF19
 223 00c8 7B       		.sleb128 -5
 224 00c9 07       		.uleb128 0x7
 225 00ca 2E040000 		.4byte	.LASF20
 226 00ce 7A       		.sleb128 -6
 227 00cf 07       		.uleb128 0x7
 228 00d0 2E020000 		.4byte	.LASF21
 229 00d4 79       		.sleb128 -7
 230 00d5 07       		.uleb128 0x7
 231 00d6 A0010000 		.4byte	.LASF22
 232 00da 78       		.sleb128 -8
 233 00db 07       		.uleb128 0x7
 234 00dc 9A000000 		.4byte	.LASF23
 235 00e0 77       		.sleb128 -9
 236 00e1 07       		.uleb128 0x7
 237 00e2 70020000 		.4byte	.LASF24
 238 00e6 76       		.sleb128 -10
 239 00e7 07       		.uleb128 0x7
 240 00e8 00000000 		.4byte	.LASF25
 241 00ec 75       		.sleb128 -11
 242 00ed 07       		.uleb128 0x7
 243 00ee E5010000 		.4byte	.LASF26
 244 00f2 74       		.sleb128 -12
 245 00f3 07       		.uleb128 0x7
 246 00f4 41010000 		.4byte	.LASF27
 247 00f8 73       		.sleb128 -13
 248 00f9 07       		.uleb128 0x7
 249 00fa D8030000 		.4byte	.LASF28
 250 00fe 72       		.sleb128 -14
 251 00ff 07       		.uleb128 0x7
 252 0100 7E020000 		.4byte	.LASF29
 253 0104 71       		.sleb128 -15
 254 0105 07       		.uleb128 0x7
 255 0106 3F040000 		.4byte	.LASF30
 256 010a 70       		.sleb128 -16
 257 010b 07       		.uleb128 0x7
 258 010c 40020000 		.4byte	.LASF31
 259 0110 6F       		.sleb128 -17
 260 0111 07       		.uleb128 0x7
 261 0112 BD010000 		.4byte	.LASF32
 262 0116 6E       		.sleb128 -18
 263 0117 07       		.uleb128 0x7
 264 0118 D2010000 		.4byte	.LASF33
 265 011c 6D       		.sleb128 -19
 266 011d 07       		.uleb128 0x7
 267 011e C5030000 		.4byte	.LASF34
 268 0122 6C       		.sleb128 -20
 269 0123 07       		.uleb128 0x7
ARM GAS  C:\Users\zakis\AppData\Local\Temp\cckdbzJP.s 			page 7


 270 0124 46000000 		.4byte	.LASF35
 271 0128 6B       		.sleb128 -21
 272 0129 07       		.uleb128 0x7
 273 012a 1C020000 		.4byte	.LASF36
 274 012e 6A       		.sleb128 -22
 275 012f 07       		.uleb128 0x7
 276 0130 ED000000 		.4byte	.LASF37
 277 0134 69       		.sleb128 -23
 278 0135 07       		.uleb128 0x7
 279 0136 29010000 		.4byte	.LASF38
 280 013a 68       		.sleb128 -24
 281 013b 07       		.uleb128 0x7
 282 013c FD030000 		.4byte	.LASF39
 283 0140 67       		.sleb128 -25
 284 0141 06       		.uleb128 0x6
 285 0142 1E010000 		.4byte	.LASF40
 286 0146 01       		.byte	0x1
 287 0147 00       		.byte	0
 288 0148 04       		.uleb128 0x4
 289 0149 12000000 		.4byte	.LASF42
 290 014d 02       		.byte	0x2
 291 014e EB       		.byte	0xeb
 292 014f 99000000 		.4byte	0x99
 293 0153 05       		.uleb128 0x5
 294 0154 01       		.byte	0x1
 295 0155 41000000 		.4byte	0x41
 296 0159 03       		.byte	0x3
 297 015a 59       		.byte	0x59
 298 015b 78010000 		.4byte	0x178
 299 015f 07       		.uleb128 0x7
 300 0160 B5010000 		.4byte	.LASF43
 301 0164 7F       		.sleb128 -1
 302 0165 06       		.uleb128 0x6
 303 0166 17000000 		.4byte	.LASF44
 304 016a 00       		.byte	0
 305 016b 06       		.uleb128 0x6
 306 016c 11010000 		.4byte	.LASF45
 307 0170 01       		.byte	0x1
 308 0171 06       		.uleb128 0x6
 309 0172 58000000 		.4byte	.LASF46
 310 0176 02       		.byte	0x2
 311 0177 00       		.byte	0
 312 0178 04       		.uleb128 0x4
 313 0179 54020000 		.4byte	.LASF47
 314 017d 03       		.byte	0x3
 315 017e 5E       		.byte	0x5e
 316 017f 53010000 		.4byte	0x153
 317 0183 04       		.uleb128 0x4
 318 0184 63020000 		.4byte	.LASF48
 319 0188 03       		.byte	0x3
 320 0189 67       		.byte	0x67
 321 018a 78010000 		.4byte	0x178
 322 018e 08       		.uleb128 0x8
 323 018f CE       		.byte	0xce
 324 0190 03       		.byte	0x3
 325 0191 70       		.byte	0x70
 326 0192 C7010000 		.4byte	0x1c7
ARM GAS  C:\Users\zakis\AppData\Local\Temp\cckdbzJP.s 			page 8


 327 0196 09       		.uleb128 0x9
 328 0197 E6000000 		.4byte	.LASF49
 329 019b 03       		.byte	0x3
 330 019c 71       		.byte	0x71
 331 019d C7010000 		.4byte	0x1c7
 332 01a1 00       		.byte	0
 333 01a2 09       		.uleb128 0x9
 334 01a3 5F040000 		.4byte	.LASF50
 335 01a7 03       		.byte	0x3
 336 01a8 72       		.byte	0x72
 337 01a9 80000000 		.4byte	0x80
 338 01ad C8       		.byte	0xc8
 339 01ae 09       		.uleb128 0x9
 340 01af F0030000 		.4byte	.LASF51
 341 01b3 03       		.byte	0x3
 342 01b4 73       		.byte	0x73
 343 01b5 80000000 		.4byte	0x80
 344 01b9 CA       		.byte	0xca
 345 01ba 09       		.uleb128 0x9
 346 01bb B9030000 		.4byte	.LASF52
 347 01bf 03       		.byte	0x3
 348 01c0 74       		.byte	0x74
 349 01c1 80000000 		.4byte	0x80
 350 01c5 CC       		.byte	0xcc
 351 01c6 00       		.byte	0
 352 01c7 0A       		.uleb128 0xa
 353 01c8 83010000 		.4byte	0x183
 354 01cc D7010000 		.4byte	0x1d7
 355 01d0 0B       		.uleb128 0xb
 356 01d1 72000000 		.4byte	0x72
 357 01d5 C7       		.byte	0xc7
 358 01d6 00       		.byte	0
 359 01d7 04       		.uleb128 0x4
 360 01d8 C3000000 		.4byte	.LASF53
 361 01dc 03       		.byte	0x3
 362 01dd 75       		.byte	0x75
 363 01de 8E010000 		.4byte	0x18e
 364 01e2 0C       		.uleb128 0xc
 365 01e3 3A010000 		.4byte	.LASF66
 366 01e7 CE       		.byte	0xce
 367 01e8 04       		.byte	0x4
 368 01e9 67       		.byte	0x67
 369 01ea FB010000 		.4byte	0x1fb
 370 01ee 09       		.uleb128 0x9
 371 01ef 24000000 		.4byte	.LASF54
 372 01f3 04       		.byte	0x4
 373 01f4 68       		.byte	0x68
 374 01f5 D7010000 		.4byte	0x1d7
 375 01f9 00       		.byte	0
 376 01fa 00       		.byte	0
 377 01fb 04       		.uleb128 0x4
 378 01fc F3010000 		.4byte	.LASF55
 379 0200 04       		.byte	0x4
 380 0201 6A       		.byte	0x6a
 381 0202 E2010000 		.4byte	0x1e2
 382 0206 0D       		.uleb128 0xd
 383 0207 B5020000 		.4byte	.LASF56
ARM GAS  C:\Users\zakis\AppData\Local\Temp\cckdbzJP.s 			page 9


 384 020b 01       		.byte	0x1
 385 020c 35       		.byte	0x35
 386 020d 48010000 		.4byte	0x148
 387 0211 00000000 		.4byte	.LFB0
 388 0215 0A000000 		.4byte	.LFE0-.LFB0
 389 0219 01       		.uleb128 0x1
 390 021a 9C       		.byte	0x9c
 391 021b 3F020000 		.4byte	0x23f
 392 021f 0E       		.uleb128 0xe
 393 0220 6D6500   		.ascii	"me\000"
 394 0223 01       		.byte	0x1
 395 0224 35       		.byte	0x35
 396 0225 45020000 		.4byte	0x245
 397 0229 00000000 		.4byte	.LLST0
 398 022d 0F       		.uleb128 0xf
 399 022e 06000000 		.4byte	.LVL1
 400 0232 F7020000 		.4byte	0x2f7
 401 0236 10       		.uleb128 0x10
 402 0237 01       		.uleb128 0x1
 403 0238 50       		.byte	0x50
 404 0239 03       		.uleb128 0x3
 405 023a F3       		.byte	0xf3
 406 023b 01       		.uleb128 0x1
 407 023c 50       		.byte	0x50
 408 023d 00       		.byte	0
 409 023e 00       		.byte	0
 410 023f 11       		.uleb128 0x11
 411 0240 04       		.byte	0x4
 412 0241 FB010000 		.4byte	0x1fb
 413 0245 12       		.uleb128 0x12
 414 0246 3F020000 		.4byte	0x23f
 415 024a 0D       		.uleb128 0xd
 416 024b B9000000 		.4byte	.LASF57
 417 024f 01       		.byte	0x1
 418 0250 3A       		.byte	0x3a
 419 0251 48010000 		.4byte	0x148
 420 0255 00000000 		.4byte	.LFB1
 421 0259 20000000 		.4byte	.LFE1-.LFB1
 422 025d 01       		.uleb128 0x1
 423 025e 9C       		.byte	0x9c
 424 025f 98020000 		.4byte	0x298
 425 0263 0E       		.uleb128 0xe
 426 0264 6D6500   		.ascii	"me\000"
 427 0267 01       		.byte	0x1
 428 0268 3A       		.byte	0x3a
 429 0269 45020000 		.4byte	0x245
 430 026d 21000000 		.4byte	.LLST1
 431 0271 13       		.uleb128 0x13
 432 0272 7E010000 		.4byte	.LASF58
 433 0276 01       		.byte	0x1
 434 0277 3A       		.byte	0x3a
 435 0278 98020000 		.4byte	0x298
 436 027c 42000000 		.4byte	.LLST2
 437 0280 0F       		.uleb128 0xf
 438 0281 10000000 		.4byte	.LVL4
 439 0285 02030000 		.4byte	0x302
 440 0289 10       		.uleb128 0x10
ARM GAS  C:\Users\zakis\AppData\Local\Temp\cckdbzJP.s 			page 10


 441 028a 01       		.uleb128 0x1
 442 028b 50       		.byte	0x50
 443 028c 03       		.uleb128 0x3
 444 028d F3       		.byte	0xf3
 445 028e 01       		.uleb128 0x1
 446 028f 50       		.byte	0x50
 447 0290 10       		.uleb128 0x10
 448 0291 01       		.uleb128 0x1
 449 0292 51       		.byte	0x51
 450 0293 02       		.uleb128 0x2
 451 0294 91       		.byte	0x91
 452 0295 77       		.sleb128 -9
 453 0296 00       		.byte	0
 454 0297 00       		.byte	0
 455 0298 12       		.uleb128 0x12
 456 0299 78010000 		.4byte	0x178
 457 029d 0D       		.uleb128 0xd
 458 029e DB000000 		.4byte	.LASF59
 459 02a2 01       		.byte	0x1
 460 02a3 42       		.byte	0x42
 461 02a4 48010000 		.4byte	0x148
 462 02a8 00000000 		.4byte	.LFB2
 463 02ac 12000000 		.4byte	.LFE2-.LFB2
 464 02b0 01       		.uleb128 0x1
 465 02b1 9C       		.byte	0x9c
 466 02b2 EC020000 		.4byte	0x2ec
 467 02b6 0E       		.uleb128 0xe
 468 02b7 6D6500   		.ascii	"me\000"
 469 02ba 01       		.byte	0x1
 470 02bb 42       		.byte	0x42
 471 02bc 45020000 		.4byte	0x245
 472 02c0 6D000000 		.4byte	.LLST3
 473 02c4 13       		.uleb128 0x13
 474 02c5 7E010000 		.4byte	.LASF58
 475 02c9 01       		.byte	0x1
 476 02ca 42       		.byte	0x42
 477 02cb F2020000 		.4byte	0x2f2
 478 02cf 8E000000 		.4byte	.LLST4
 479 02d3 0F       		.uleb128 0xf
 480 02d4 06000000 		.4byte	.LVL6
 481 02d8 0D030000 		.4byte	0x30d
 482 02dc 10       		.uleb128 0x10
 483 02dd 01       		.uleb128 0x1
 484 02de 50       		.byte	0x50
 485 02df 03       		.uleb128 0x3
 486 02e0 F3       		.byte	0xf3
 487 02e1 01       		.uleb128 0x1
 488 02e2 50       		.byte	0x50
 489 02e3 10       		.uleb128 0x10
 490 02e4 01       		.uleb128 0x1
 491 02e5 51       		.byte	0x51
 492 02e6 03       		.uleb128 0x3
 493 02e7 F3       		.byte	0xf3
 494 02e8 01       		.uleb128 0x1
 495 02e9 51       		.byte	0x51
 496 02ea 00       		.byte	0
 497 02eb 00       		.byte	0
ARM GAS  C:\Users\zakis\AppData\Local\Temp\cckdbzJP.s 			page 11


 498 02ec 11       		.uleb128 0x11
 499 02ed 04       		.byte	0x4
 500 02ee 78010000 		.4byte	0x178
 501 02f2 12       		.uleb128 0x12
 502 02f3 EC020000 		.4byte	0x2ec
 503 02f7 14       		.uleb128 0x14
 504 02f8 65000000 		.4byte	.LASF60
 505 02fc 65000000 		.4byte	.LASF60
 506 0300 03       		.byte	0x3
 507 0301 94       		.byte	0x94
 508 0302 14       		.uleb128 0x14
 509 0303 10020000 		.4byte	.LASF61
 510 0307 10020000 		.4byte	.LASF61
 511 030b 03       		.byte	0x3
 512 030c A3       		.byte	0xa3
 513 030d 14       		.uleb128 0x14
 514 030e A0020000 		.4byte	.LASF62
 515 0312 A0020000 		.4byte	.LASF62
 516 0316 03       		.byte	0x3
 517 0317 AB       		.byte	0xab
 518 0318 00       		.byte	0
 519              		.section	.debug_abbrev,"",%progbits
 520              	.Ldebug_abbrev0:
 521 0000 01       		.uleb128 0x1
 522 0001 11       		.uleb128 0x11
 523 0002 01       		.byte	0x1
 524 0003 25       		.uleb128 0x25
 525 0004 0E       		.uleb128 0xe
 526 0005 13       		.uleb128 0x13
 527 0006 0B       		.uleb128 0xb
 528 0007 03       		.uleb128 0x3
 529 0008 0E       		.uleb128 0xe
 530 0009 1B       		.uleb128 0x1b
 531 000a 0E       		.uleb128 0xe
 532 000b 55       		.uleb128 0x55
 533 000c 17       		.uleb128 0x17
 534 000d 11       		.uleb128 0x11
 535 000e 01       		.uleb128 0x1
 536 000f 10       		.uleb128 0x10
 537 0010 17       		.uleb128 0x17
 538 0011 00       		.byte	0
 539 0012 00       		.byte	0
 540 0013 02       		.uleb128 0x2
 541 0014 24       		.uleb128 0x24
 542 0015 00       		.byte	0
 543 0016 0B       		.uleb128 0xb
 544 0017 0B       		.uleb128 0xb
 545 0018 3E       		.uleb128 0x3e
 546 0019 0B       		.uleb128 0xb
 547 001a 03       		.uleb128 0x3
 548 001b 0E       		.uleb128 0xe
 549 001c 00       		.byte	0
 550 001d 00       		.byte	0
 551 001e 03       		.uleb128 0x3
 552 001f 24       		.uleb128 0x24
 553 0020 00       		.byte	0
 554 0021 0B       		.uleb128 0xb
ARM GAS  C:\Users\zakis\AppData\Local\Temp\cckdbzJP.s 			page 12


 555 0022 0B       		.uleb128 0xb
 556 0023 3E       		.uleb128 0x3e
 557 0024 0B       		.uleb128 0xb
 558 0025 03       		.uleb128 0x3
 559 0026 08       		.uleb128 0x8
 560 0027 00       		.byte	0
 561 0028 00       		.byte	0
 562 0029 04       		.uleb128 0x4
 563 002a 16       		.uleb128 0x16
 564 002b 00       		.byte	0
 565 002c 03       		.uleb128 0x3
 566 002d 0E       		.uleb128 0xe
 567 002e 3A       		.uleb128 0x3a
 568 002f 0B       		.uleb128 0xb
 569 0030 3B       		.uleb128 0x3b
 570 0031 0B       		.uleb128 0xb
 571 0032 49       		.uleb128 0x49
 572 0033 13       		.uleb128 0x13
 573 0034 00       		.byte	0
 574 0035 00       		.byte	0
 575 0036 05       		.uleb128 0x5
 576 0037 04       		.uleb128 0x4
 577 0038 01       		.byte	0x1
 578 0039 0B       		.uleb128 0xb
 579 003a 0B       		.uleb128 0xb
 580 003b 49       		.uleb128 0x49
 581 003c 13       		.uleb128 0x13
 582 003d 3A       		.uleb128 0x3a
 583 003e 0B       		.uleb128 0xb
 584 003f 3B       		.uleb128 0x3b
 585 0040 0B       		.uleb128 0xb
 586 0041 01       		.uleb128 0x1
 587 0042 13       		.uleb128 0x13
 588 0043 00       		.byte	0
 589 0044 00       		.byte	0
 590 0045 06       		.uleb128 0x6
 591 0046 28       		.uleb128 0x28
 592 0047 00       		.byte	0
 593 0048 03       		.uleb128 0x3
 594 0049 0E       		.uleb128 0xe
 595 004a 1C       		.uleb128 0x1c
 596 004b 0B       		.uleb128 0xb
 597 004c 00       		.byte	0
 598 004d 00       		.byte	0
 599 004e 07       		.uleb128 0x7
 600 004f 28       		.uleb128 0x28
 601 0050 00       		.byte	0
 602 0051 03       		.uleb128 0x3
 603 0052 0E       		.uleb128 0xe
 604 0053 1C       		.uleb128 0x1c
 605 0054 0D       		.uleb128 0xd
 606 0055 00       		.byte	0
 607 0056 00       		.byte	0
 608 0057 08       		.uleb128 0x8
 609 0058 13       		.uleb128 0x13
 610 0059 01       		.byte	0x1
 611 005a 0B       		.uleb128 0xb
ARM GAS  C:\Users\zakis\AppData\Local\Temp\cckdbzJP.s 			page 13


 612 005b 0B       		.uleb128 0xb
 613 005c 3A       		.uleb128 0x3a
 614 005d 0B       		.uleb128 0xb
 615 005e 3B       		.uleb128 0x3b
 616 005f 0B       		.uleb128 0xb
 617 0060 01       		.uleb128 0x1
 618 0061 13       		.uleb128 0x13
 619 0062 00       		.byte	0
 620 0063 00       		.byte	0
 621 0064 09       		.uleb128 0x9
 622 0065 0D       		.uleb128 0xd
 623 0066 00       		.byte	0
 624 0067 03       		.uleb128 0x3
 625 0068 0E       		.uleb128 0xe
 626 0069 3A       		.uleb128 0x3a
 627 006a 0B       		.uleb128 0xb
 628 006b 3B       		.uleb128 0x3b
 629 006c 0B       		.uleb128 0xb
 630 006d 49       		.uleb128 0x49
 631 006e 13       		.uleb128 0x13
 632 006f 38       		.uleb128 0x38
 633 0070 0B       		.uleb128 0xb
 634 0071 00       		.byte	0
 635 0072 00       		.byte	0
 636 0073 0A       		.uleb128 0xa
 637 0074 01       		.uleb128 0x1
 638 0075 01       		.byte	0x1
 639 0076 49       		.uleb128 0x49
 640 0077 13       		.uleb128 0x13
 641 0078 01       		.uleb128 0x1
 642 0079 13       		.uleb128 0x13
 643 007a 00       		.byte	0
 644 007b 00       		.byte	0
 645 007c 0B       		.uleb128 0xb
 646 007d 21       		.uleb128 0x21
 647 007e 00       		.byte	0
 648 007f 49       		.uleb128 0x49
 649 0080 13       		.uleb128 0x13
 650 0081 2F       		.uleb128 0x2f
 651 0082 0B       		.uleb128 0xb
 652 0083 00       		.byte	0
 653 0084 00       		.byte	0
 654 0085 0C       		.uleb128 0xc
 655 0086 13       		.uleb128 0x13
 656 0087 01       		.byte	0x1
 657 0088 03       		.uleb128 0x3
 658 0089 0E       		.uleb128 0xe
 659 008a 0B       		.uleb128 0xb
 660 008b 0B       		.uleb128 0xb
 661 008c 3A       		.uleb128 0x3a
 662 008d 0B       		.uleb128 0xb
 663 008e 3B       		.uleb128 0x3b
 664 008f 0B       		.uleb128 0xb
 665 0090 01       		.uleb128 0x1
 666 0091 13       		.uleb128 0x13
 667 0092 00       		.byte	0
 668 0093 00       		.byte	0
ARM GAS  C:\Users\zakis\AppData\Local\Temp\cckdbzJP.s 			page 14


 669 0094 0D       		.uleb128 0xd
 670 0095 2E       		.uleb128 0x2e
 671 0096 01       		.byte	0x1
 672 0097 3F       		.uleb128 0x3f
 673 0098 19       		.uleb128 0x19
 674 0099 03       		.uleb128 0x3
 675 009a 0E       		.uleb128 0xe
 676 009b 3A       		.uleb128 0x3a
 677 009c 0B       		.uleb128 0xb
 678 009d 3B       		.uleb128 0x3b
 679 009e 0B       		.uleb128 0xb
 680 009f 27       		.uleb128 0x27
 681 00a0 19       		.uleb128 0x19
 682 00a1 49       		.uleb128 0x49
 683 00a2 13       		.uleb128 0x13
 684 00a3 11       		.uleb128 0x11
 685 00a4 01       		.uleb128 0x1
 686 00a5 12       		.uleb128 0x12
 687 00a6 06       		.uleb128 0x6
 688 00a7 40       		.uleb128 0x40
 689 00a8 18       		.uleb128 0x18
 690 00a9 9742     		.uleb128 0x2117
 691 00ab 19       		.uleb128 0x19
 692 00ac 01       		.uleb128 0x1
 693 00ad 13       		.uleb128 0x13
 694 00ae 00       		.byte	0
 695 00af 00       		.byte	0
 696 00b0 0E       		.uleb128 0xe
 697 00b1 05       		.uleb128 0x5
 698 00b2 00       		.byte	0
 699 00b3 03       		.uleb128 0x3
 700 00b4 08       		.uleb128 0x8
 701 00b5 3A       		.uleb128 0x3a
 702 00b6 0B       		.uleb128 0xb
 703 00b7 3B       		.uleb128 0x3b
 704 00b8 0B       		.uleb128 0xb
 705 00b9 49       		.uleb128 0x49
 706 00ba 13       		.uleb128 0x13
 707 00bb 02       		.uleb128 0x2
 708 00bc 17       		.uleb128 0x17
 709 00bd 00       		.byte	0
 710 00be 00       		.byte	0
 711 00bf 0F       		.uleb128 0xf
 712 00c0 898201   		.uleb128 0x4109
 713 00c3 01       		.byte	0x1
 714 00c4 11       		.uleb128 0x11
 715 00c5 01       		.uleb128 0x1
 716 00c6 31       		.uleb128 0x31
 717 00c7 13       		.uleb128 0x13
 718 00c8 00       		.byte	0
 719 00c9 00       		.byte	0
 720 00ca 10       		.uleb128 0x10
 721 00cb 8A8201   		.uleb128 0x410a
 722 00ce 00       		.byte	0
 723 00cf 02       		.uleb128 0x2
 724 00d0 18       		.uleb128 0x18
 725 00d1 9142     		.uleb128 0x2111
ARM GAS  C:\Users\zakis\AppData\Local\Temp\cckdbzJP.s 			page 15


 726 00d3 18       		.uleb128 0x18
 727 00d4 00       		.byte	0
 728 00d5 00       		.byte	0
 729 00d6 11       		.uleb128 0x11
 730 00d7 0F       		.uleb128 0xf
 731 00d8 00       		.byte	0
 732 00d9 0B       		.uleb128 0xb
 733 00da 0B       		.uleb128 0xb
 734 00db 49       		.uleb128 0x49
 735 00dc 13       		.uleb128 0x13
 736 00dd 00       		.byte	0
 737 00de 00       		.byte	0
 738 00df 12       		.uleb128 0x12
 739 00e0 26       		.uleb128 0x26
 740 00e1 00       		.byte	0
 741 00e2 49       		.uleb128 0x49
 742 00e3 13       		.uleb128 0x13
 743 00e4 00       		.byte	0
 744 00e5 00       		.byte	0
 745 00e6 13       		.uleb128 0x13
 746 00e7 05       		.uleb128 0x5
 747 00e8 00       		.byte	0
 748 00e9 03       		.uleb128 0x3
 749 00ea 0E       		.uleb128 0xe
 750 00eb 3A       		.uleb128 0x3a
 751 00ec 0B       		.uleb128 0xb
 752 00ed 3B       		.uleb128 0x3b
 753 00ee 0B       		.uleb128 0xb
 754 00ef 49       		.uleb128 0x49
 755 00f0 13       		.uleb128 0x13
 756 00f1 02       		.uleb128 0x2
 757 00f2 17       		.uleb128 0x17
 758 00f3 00       		.byte	0
 759 00f4 00       		.byte	0
 760 00f5 14       		.uleb128 0x14
 761 00f6 2E       		.uleb128 0x2e
 762 00f7 00       		.byte	0
 763 00f8 3F       		.uleb128 0x3f
 764 00f9 19       		.uleb128 0x19
 765 00fa 3C       		.uleb128 0x3c
 766 00fb 19       		.uleb128 0x19
 767 00fc 6E       		.uleb128 0x6e
 768 00fd 0E       		.uleb128 0xe
 769 00fe 03       		.uleb128 0x3
 770 00ff 0E       		.uleb128 0xe
 771 0100 3A       		.uleb128 0x3a
 772 0101 0B       		.uleb128 0xb
 773 0102 3B       		.uleb128 0x3b
 774 0103 0B       		.uleb128 0xb
 775 0104 00       		.byte	0
 776 0105 00       		.byte	0
 777 0106 00       		.byte	0
 778              		.section	.debug_loc,"",%progbits
 779              	.Ldebug_loc0:
 780              	.LLST0:
 781 0000 00000000 		.4byte	.LVL0
 782 0004 05000000 		.4byte	.LVL1-1
ARM GAS  C:\Users\zakis\AppData\Local\Temp\cckdbzJP.s 			page 16


 783 0008 0100     		.2byte	0x1
 784 000a 50       		.byte	0x50
 785 000b 05000000 		.4byte	.LVL1-1
 786 000f 0A000000 		.4byte	.LFE0
 787 0013 0400     		.2byte	0x4
 788 0015 F3       		.byte	0xf3
 789 0016 01       		.uleb128 0x1
 790 0017 50       		.byte	0x50
 791 0018 9F       		.byte	0x9f
 792 0019 00000000 		.4byte	0
 793 001d 00000000 		.4byte	0
 794              	.LLST1:
 795 0021 00000000 		.4byte	.LVL2
 796 0025 0F000000 		.4byte	.LVL4-1
 797 0029 0100     		.2byte	0x1
 798 002b 50       		.byte	0x50
 799 002c 0F000000 		.4byte	.LVL4-1
 800 0030 20000000 		.4byte	.LFE1
 801 0034 0400     		.2byte	0x4
 802 0036 F3       		.byte	0xf3
 803 0037 01       		.uleb128 0x1
 804 0038 50       		.byte	0x50
 805 0039 9F       		.byte	0x9f
 806 003a 00000000 		.4byte	0
 807 003e 00000000 		.4byte	0
 808              	.LLST2:
 809 0042 00000000 		.4byte	.LVL2
 810 0046 0C000000 		.4byte	.LVL3
 811 004a 0100     		.2byte	0x1
 812 004c 51       		.byte	0x51
 813 004d 0C000000 		.4byte	.LVL3
 814 0051 0F000000 		.4byte	.LVL4-1
 815 0055 0200     		.2byte	0x2
 816 0057 71       		.byte	0x71
 817 0058 00       		.sleb128 0
 818 0059 0F000000 		.4byte	.LVL4-1
 819 005d 20000000 		.4byte	.LFE1
 820 0061 0200     		.2byte	0x2
 821 0063 91       		.byte	0x91
 822 0064 77       		.sleb128 -9
 823 0065 00000000 		.4byte	0
 824 0069 00000000 		.4byte	0
 825              	.LLST3:
 826 006d 00000000 		.4byte	.LVL5
 827 0071 05000000 		.4byte	.LVL6-1
 828 0075 0100     		.2byte	0x1
 829 0077 50       		.byte	0x50
 830 0078 05000000 		.4byte	.LVL6-1
 831 007c 12000000 		.4byte	.LFE2
 832 0080 0400     		.2byte	0x4
 833 0082 F3       		.byte	0xf3
 834 0083 01       		.uleb128 0x1
 835 0084 50       		.byte	0x50
 836 0085 9F       		.byte	0x9f
 837 0086 00000000 		.4byte	0
 838 008a 00000000 		.4byte	0
 839              	.LLST4:
ARM GAS  C:\Users\zakis\AppData\Local\Temp\cckdbzJP.s 			page 17


 840 008e 00000000 		.4byte	.LVL5
 841 0092 05000000 		.4byte	.LVL6-1
 842 0096 0100     		.2byte	0x1
 843 0098 51       		.byte	0x51
 844 0099 05000000 		.4byte	.LVL6-1
 845 009d 12000000 		.4byte	.LFE2
 846 00a1 0400     		.2byte	0x4
 847 00a3 F3       		.byte	0xf3
 848 00a4 01       		.uleb128 0x1
 849 00a5 51       		.byte	0x51
 850 00a6 9F       		.byte	0x9f
 851 00a7 00000000 		.4byte	0
 852 00ab 00000000 		.4byte	0
 853              		.section	.debug_aranges,"",%progbits
 854 0000 2C000000 		.4byte	0x2c
 855 0004 0200     		.2byte	0x2
 856 0006 00000000 		.4byte	.Ldebug_info0
 857 000a 04       		.byte	0x4
 858 000b 00       		.byte	0
 859 000c 0000     		.2byte	0
 860 000e 0000     		.2byte	0
 861 0010 00000000 		.4byte	.LFB0
 862 0014 0A000000 		.4byte	.LFE0-.LFB0
 863 0018 00000000 		.4byte	.LFB1
 864 001c 20000000 		.4byte	.LFE1-.LFB1
 865 0020 00000000 		.4byte	.LFB2
 866 0024 12000000 		.4byte	.LFE2-.LFB2
 867 0028 00000000 		.4byte	0
 868 002c 00000000 		.4byte	0
 869              		.section	.debug_ranges,"",%progbits
 870              	.Ldebug_ranges0:
 871 0000 00000000 		.4byte	.LFB0
 872 0004 0A000000 		.4byte	.LFE0
 873 0008 00000000 		.4byte	.LFB1
 874 000c 20000000 		.4byte	.LFE1
 875 0010 00000000 		.4byte	.LFB2
 876 0014 12000000 		.4byte	.LFE2
 877 0018 00000000 		.4byte	0
 878 001c 00000000 		.4byte	0
 879              		.section	.debug_line,"",%progbits
 880              	.Ldebug_line0:
 881 0000 A1000000 		.section	.debug_str,"MS",%progbits,1
 881      02006500 
 881      00000201 
 881      FB0E0D00 
 881      01010101 
 882              	.LASF25:
 883 0000 52435F45 		.ascii	"RC_ERROR_TIME_OUT\000"
 883      52524F52 
 883      5F54494D 
 883      455F4F55 
 883      5400
 884              	.LASF42:
 885 0012 52435F74 		.ascii	"RC_t\000"
 885      00
 886              	.LASF44:
 887 0017 65765F70 		.ascii	"ev_parseJSON\000"
ARM GAS  C:\Users\zakis\AppData\Local\Temp\cckdbzJP.s 			page 18


 887      61727365 
 887      4A534F4E 
 887      00
 888              	.LASF54:
 889 0024 6D5F6576 		.ascii	"m_evBuffer\000"
 889      42756666 
 889      657200
 890              	.LASF9:
 891 002f 6C6F6E67 		.ascii	"long long unsigned int\000"
 891      206C6F6E 
 891      6720756E 
 891      7369676E 
 891      65642069 
 892              	.LASF35:
 893 0046 52435F45 		.ascii	"RC_ERROR_BAD_DATA\000"
 893      52524F52 
 893      5F424144 
 893      5F444154 
 893      4100
 894              	.LASF46:
 895 0058 65765F75 		.ascii	"ev_uartError\000"
 895      61727445 
 895      72726F72 
 895      00
 896              	.LASF60:
 897 0065 52425F45 		.ascii	"RB_EV_init\000"
 897      565F696E 
 897      697400
 898              	.LASF1:
 899 0070 6C6F6E67 		.ascii	"long long int\000"
 899      206C6F6E 
 899      6720696E 
 899      7400
 900              	.LASF3:
 901 007e 7369676E 		.ascii	"signed char\000"
 901      65642063 
 901      68617200 
 902              	.LASF18:
 903 008a 52435F45 		.ascii	"RC_ERROR_MEMORY\000"
 903      52524F52 
 903      5F4D454D 
 903      4F525900 
 904              	.LASF23:
 905 009a 52435F45 		.ascii	"RC_ERROR_BUFFER_EMTPY\000"
 905      52524F52 
 905      5F425546 
 905      4645525F 
 905      454D5450 
 906              	.LASF7:
 907 00b0 6C6F6E67 		.ascii	"long int\000"
 907      20696E74 
 907      00
 908              	.LASF57:
 909 00b9 4556454E 		.ascii	"EVENT_add\000"
 909      545F6164 
 909      6400
 910              	.LASF53:
ARM GAS  C:\Users\zakis\AppData\Local\Temp\cckdbzJP.s 			page 19


 911 00c3 52425F45 		.ascii	"RB_EV_t\000"
 911      565F7400 
 912              	.LASF41:
 913 00cb 75696E74 		.ascii	"uint16_t\000"
 913      31365F74 
 913      00
 914              	.LASF13:
 915 00d4 646F7562 		.ascii	"double\000"
 915      6C6500
 916              	.LASF59:
 917 00db 4556454E 		.ascii	"EVENT_read\000"
 917      545F7265 
 917      616400
 918              	.LASF49:
 919 00e6 6D5F6461 		.ascii	"m_data\000"
 919      746100
 920              	.LASF37:
 921 00ed 52435F45 		.ascii	"RC_ERROR_INVALID_STATE\000"
 921      52524F52 
 921      5F494E56 
 921      414C4944 
 921      5F535441 
 922              	.LASF0:
 923 0104 756E7369 		.ascii	"unsigned int\000"
 923      676E6564 
 923      20696E74 
 923      00
 924              	.LASF45:
 925 0111 65765F64 		.ascii	"ev_drawOnTFT\000"
 925      7261774F 
 925      6E544654 
 925      00
 926              	.LASF40:
 927 011e 52435F54 		.ascii	"RC_TRIGGER\000"
 927      52494747 
 927      455200
 928              	.LASF38:
 929 0129 52435F45 		.ascii	"RC_ERROR_UNKNOWN\000"
 929      52524F52 
 929      5F554E4B 
 929      4E4F574E 
 929      00
 930              	.LASF66:
 931 013a 73457665 		.ascii	"sEvent\000"
 931      6E7400
 932              	.LASF27:
 933 0141 52435F45 		.ascii	"RC_ERROR_CHECKSUM\000"
 933      52524F52 
 933      5F434845 
 933      434B5355 
 933      4D00
 934              	.LASF8:
 935 0153 6C6F6E67 		.ascii	"long unsigned int\000"
 935      20756E73 
 935      69676E65 
 935      6420696E 
 935      7400
ARM GAS  C:\Users\zakis\AppData\Local\Temp\cckdbzJP.s 			page 20


 936              	.LASF16:
 937 0165 52435F45 		.ascii	"RC_ERROR_NULL\000"
 937      52524F52 
 937      5F4E554C 
 937      4C00
 938              	.LASF14:
 939 0173 52435F53 		.ascii	"RC_SUCCESS\000"
 939      55434345 
 939      535300
 940              	.LASF58:
 941 017e 6576656E 		.ascii	"event\000"
 941      7400
 942              	.LASF6:
 943 0184 73686F72 		.ascii	"short unsigned int\000"
 943      7420756E 
 943      7369676E 
 943      65642069 
 943      6E7400
 944              	.LASF15:
 945 0197 52435F45 		.ascii	"RC_ERROR\000"
 945      52524F52 
 945      00
 946              	.LASF22:
 947 01a0 52435F45 		.ascii	"RC_ERROR_BUFFER_FULL\000"
 947      52524F52 
 947      5F425546 
 947      4645525F 
 947      46554C4C 
 948              	.LASF43:
 949 01b5 65765F4E 		.ascii	"ev_NONE\000"
 949      4F4E4500 
 950              	.LASF32:
 951 01bd 52435F45 		.ascii	"RC_ERROR_WRITE_FAILS\000"
 951      52524F52 
 951      5F575249 
 951      54455F46 
 951      41494C53 
 952              	.LASF33:
 953 01d2 52435F45 		.ascii	"RC_ERROR_NOT_MATCH\000"
 953      52524F52 
 953      5F4E4F54 
 953      5F4D4154 
 953      434800
 954              	.LASF26:
 955 01e5 52435F45 		.ascii	"RC_ERROR_OPEN\000"
 955      52524F52 
 955      5F4F5045 
 955      4E00
 956              	.LASF55:
 957 01f3 4556454E 		.ascii	"EVENT_t\000"
 957      545F7400 
 958              	.LASF10:
 959 01fb 73697A65 		.ascii	"sizetype\000"
 959      74797065 
 959      00
 960              	.LASF2:
 961 0204 6C6F6E67 		.ascii	"long double\000"
ARM GAS  C:\Users\zakis\AppData\Local\Temp\cckdbzJP.s 			page 21


 961      20646F75 
 961      626C6500 
 962              	.LASF61:
 963 0210 52425F45 		.ascii	"RB_EV_write\000"
 963      565F7772 
 963      69746500 
 964              	.LASF36:
 965 021c 52435F45 		.ascii	"RC_ERROR_CANCELED\000"
 965      52524F52 
 965      5F43414E 
 965      43454C45 
 965      4400
 966              	.LASF21:
 967 022e 52435F45 		.ascii	"RC_ERROR_UNDERRUN\000"
 967      52524F52 
 967      5F554E44 
 967      45525255 
 967      4E00
 968              	.LASF31:
 969 0240 52435F45 		.ascii	"RC_ERROR_READ_FAILS\000"
 969      52524F52 
 969      5F524541 
 969      445F4641 
 969      494C5300 
 970              	.LASF47:
 971 0254 65457665 		.ascii	"eEvent_t\000"
 971      6E745F74 
 971      00
 972              	.LASF12:
 973 025d 666C6F61 		.ascii	"float\000"
 973      7400
 974              	.LASF48:
 975 0263 52425F45 		.ascii	"RB_EV_data_t\000"
 975      565F6461 
 975      74615F74 
 975      00
 976              	.LASF24:
 977 0270 52435F45 		.ascii	"RC_ERROR_BUSY\000"
 977      52524F52 
 977      5F425553 
 977      5900
 978              	.LASF29:
 979 027e 52435F45 		.ascii	"RC_ERROR_WRITE_ONLY\000"
 979      52524F52 
 979      5F575249 
 979      54455F4F 
 979      4E4C5900 
 980              	.LASF4:
 981 0292 756E7369 		.ascii	"unsigned char\000"
 981      676E6564 
 981      20636861 
 981      7200
 982              	.LASF62:
 983 02a0 52425F45 		.ascii	"RB_EV_read\000"
 983      565F7265 
 983      616400
 984              	.LASF5:
ARM GAS  C:\Users\zakis\AppData\Local\Temp\cckdbzJP.s 			page 22


 985 02ab 73686F72 		.ascii	"short int\000"
 985      7420696E 
 985      7400
 986              	.LASF56:
 987 02b5 4556454E 		.ascii	"EVENT_init\000"
 987      545F696E 
 987      697400
 988              	.LASF63:
 989 02c0 474E5520 		.ascii	"GNU C11 5.4.1 20160609 (release) [ARM/embedded-5-br"
 989      43313120 
 989      352E342E 
 989      31203230 
 989      31363036 
 990 02f3 616E6368 		.ascii	"anch revision 237715] -mcpu=cortex-m3 -mthumb -g -O"
 990      20726576 
 990      6973696F 
 990      6E203233 
 990      37373135 
 991 0326 67202D66 		.ascii	"g -ffunction-sections -ffat-lto-objects\000"
 991      66756E63 
 991      74696F6E 
 991      2D736563 
 991      74696F6E 
 992              	.LASF17:
 993 034e 52435F45 		.ascii	"RC_ERROR_ZERO\000"
 993      52524F52 
 993      5F5A4552 
 993      4F00
 994              	.LASF65:
 995 035c 433A5C55 		.ascii	"C:\\Users\\zakis\\Documents\\EOS_Assignment_Two\\JS"
 995      73657273 
 995      5C7A616B 
 995      69735C44 
 995      6F63756D 
 996 038a 4F4E5F50 		.ascii	"ON_Parser\\EOS_Assignment_Two\\JSON_Parser.cydsn\000"
 996      61727365 
 996      725C454F 
 996      535F4173 
 996      7369676E 
 997              	.LASF52:
 998 03b9 6D5F6669 		.ascii	"m_fillLevel\000"
 998      6C6C4C65 
 998      76656C00 
 999              	.LASF34:
 1000 03c5 52435F45 		.ascii	"RC_ERROR_BAD_PARAM\000"
 1000      52524F52 
 1000      5F424144 
 1000      5F504152 
 1000      414D00
 1001              	.LASF28:
 1002 03d8 52435F45 		.ascii	"RC_ERROR_READ_ONLY\000"
 1002      52524F52 
 1002      5F524541 
 1002      445F4F4E 
 1002      4C5900
 1003              	.LASF11:
 1004 03eb 63686172 		.ascii	"char\000"
ARM GAS  C:\Users\zakis\AppData\Local\Temp\cckdbzJP.s 			page 23


 1004      00
 1005              	.LASF51:
 1006 03f0 6D5F7772 		.ascii	"m_writeIndex\000"
 1006      69746549 
 1006      6E646578 
 1006      00
 1007              	.LASF39:
 1008 03fd 52435F45 		.ascii	"RC_ERROR_NOT_IMPLEMENTED\000"
 1008      52524F52 
 1008      5F4E4F54 
 1008      5F494D50 
 1008      4C454D45 
 1009              	.LASF64:
 1010 0416 736F7572 		.ascii	"source\\bsw\\cdd\\events.c\000"
 1010      63655C62 
 1010      73775C63 
 1010      64645C65 
 1010      76656E74 
 1011              	.LASF20:
 1012 042e 52435F45 		.ascii	"RC_ERROR_OVERRUN\000"
 1012      52524F52 
 1012      5F4F5645 
 1012      5252554E 
 1012      00
 1013              	.LASF30:
 1014 043f 52435F45 		.ascii	"RC_ERROR_INVALID\000"
 1014      52524F52 
 1014      5F494E56 
 1014      414C4944 
 1014      00
 1015              	.LASF19:
 1016 0450 52435F45 		.ascii	"RC_ERROR_RANGE\000"
 1016      52524F52 
 1016      5F52414E 
 1016      474500
 1017              	.LASF50:
 1018 045f 6D5F7265 		.ascii	"m_readIndex\000"
 1018      6164496E 
 1018      64657800 
 1019              		.ident	"GCC: (GNU Tools for ARM Embedded Processors) 5.4.1 20160609 (release) [ARM/embedded-5-bran
