ARM GAS  C:\Users\zakis\AppData\Local\Temp\ccmZeLVV.s 			page 1


   1              		.syntax unified
   2              		.cpu cortex-m3
   3              		.fpu softvfp
   4              		.eabi_attribute 20, 1
   5              		.eabi_attribute 21, 1
   6              		.eabi_attribute 23, 3
   7              		.eabi_attribute 24, 1
   8              		.eabi_attribute 25, 1
   9              		.eabi_attribute 26, 1
  10              		.eabi_attribute 30, 1
  11              		.eabi_attribute 34, 1
  12              		.eabi_attribute 18, 4
  13              		.thumb
  14              		.syntax unified
  15              		.file	"ringBuffer.c"
  16              		.text
  17              	.Ltext0:
  18              		.cfi_sections	.debug_frame
  19              		.section	.text.RB_clear,"ax",%progbits
  20              		.align	2
  21              		.global	RB_clear
  22              		.thumb
  23              		.thumb_func
  24              		.type	RB_clear, %function
  25              	RB_clear:
  26              	.LFB1:
  27              		.file 1 "source\\bsw\\cdd\\ringBuffer.c"
   1:source\bsw\cdd/ringBuffer.c **** /**
   2:source\bsw\cdd/ringBuffer.c **** * \file <filename>
   3:source\bsw\cdd/ringBuffer.c **** * \author <author-name>
   4:source\bsw\cdd/ringBuffer.c **** * \date <date>
   5:source\bsw\cdd/ringBuffer.c **** *
   6:source\bsw\cdd/ringBuffer.c **** * \brief <Symbolic File name>
   7:source\bsw\cdd/ringBuffer.c **** *
   8:source\bsw\cdd/ringBuffer.c **** * \copyright Copyright ©2016
   9:source\bsw\cdd/ringBuffer.c **** * Department of electrical engineering and information technology, Hochschule Darmstadt - Universit
  10:source\bsw\cdd/ringBuffer.c **** * Permission to use, copy, modify, and distribute this software and its documentation for education
  11:source\bsw\cdd/ringBuffer.c **** * (unless permitted by h_da) and official h_da projects, is hereby granted for enrolled students of
  12:source\bsw\cdd/ringBuffer.c **** * this paragraph and the following paragraph appear in all copies, modifications, and distributions
  13:source\bsw\cdd/ringBuffer.c **** * Contact Prof.Dr.-Ing. Peter Fromm, peter.fromm@h-da.de, Birkenweg 8 64295 Darmstadt - GERMANY for
  14:source\bsw\cdd/ringBuffer.c **** *
  15:source\bsw\cdd/ringBuffer.c **** * \warning This software is a PROTOTYPE version and is not designed or intended for use in producti
  16:source\bsw\cdd/ringBuffer.c **** * The user represents and warrants that it will NOT use or redistribute the Software for such purpo
  17:source\bsw\cdd/ringBuffer.c **** * This prototype is for research purposes only. This software is provided "AS IS," without a warran
  18:source\bsw\cdd/ringBuffer.c **** */
  19:source\bsw\cdd/ringBuffer.c **** 
  20:source\bsw\cdd/ringBuffer.c **** /*****************************************************************************/
  21:source\bsw\cdd/ringBuffer.c **** /* Include files                                                             */
  22:source\bsw\cdd/ringBuffer.c **** /*****************************************************************************/
  23:source\bsw\cdd/ringBuffer.c **** #include <stdlib.h>
  24:source\bsw\cdd/ringBuffer.c **** #include "ringBuffer.h"
  25:source\bsw\cdd/ringBuffer.c **** 
  26:source\bsw\cdd/ringBuffer.c **** /*****************************************************************************/
  27:source\bsw\cdd/ringBuffer.c **** /* Local pre-processor symbols/macros ('#define')                            */
  28:source\bsw\cdd/ringBuffer.c **** /*****************************************************************************/
  29:source\bsw\cdd/ringBuffer.c **** 
  30:source\bsw\cdd/ringBuffer.c **** /*****************************************************************************/
ARM GAS  C:\Users\zakis\AppData\Local\Temp\ccmZeLVV.s 			page 2


  31:source\bsw\cdd/ringBuffer.c **** /* Global variable definitions (declared in header file with 'extern')       */
  32:source\bsw\cdd/ringBuffer.c **** /*****************************************************************************/
  33:source\bsw\cdd/ringBuffer.c **** 
  34:source\bsw\cdd/ringBuffer.c **** /*****************************************************************************/
  35:source\bsw\cdd/ringBuffer.c **** /* Local type definitions ('typedef')                                        */
  36:source\bsw\cdd/ringBuffer.c **** /*****************************************************************************/
  37:source\bsw\cdd/ringBuffer.c **** 
  38:source\bsw\cdd/ringBuffer.c **** /*****************************************************************************/
  39:source\bsw\cdd/ringBuffer.c **** /* Local variable definitions ('static')                                     */
  40:source\bsw\cdd/ringBuffer.c **** /*****************************************************************************/
  41:source\bsw\cdd/ringBuffer.c **** 
  42:source\bsw\cdd/ringBuffer.c **** 
  43:source\bsw\cdd/ringBuffer.c **** 
  44:source\bsw\cdd/ringBuffer.c **** /*****************************************************************************/
  45:source\bsw\cdd/ringBuffer.c **** /* Local function prototypes ('static')                                      */
  46:source\bsw\cdd/ringBuffer.c **** /*****************************************************************************/
  47:source\bsw\cdd/ringBuffer.c **** 
  48:source\bsw\cdd/ringBuffer.c **** 
  49:source\bsw\cdd/ringBuffer.c **** /*****************************************************************************/
  50:source\bsw\cdd/ringBuffer.c **** /* Function implementation - global ('extern') and local ('static')          */
  51:source\bsw\cdd/ringBuffer.c **** /*****************************************************************************/
  52:source\bsw\cdd/ringBuffer.c **** 
  53:source\bsw\cdd/ringBuffer.c **** /**
  54:source\bsw\cdd/ringBuffer.c ****  * Initialisation of a ringbuffer
  55:source\bsw\cdd/ringBuffer.c ****  * @param RB_t * const me : IN/OUT - pointer to ringbuffer object 
  56:source\bsw\cdd/ringBuffer.c ****  * @return RC_SUCCESS or error code
  57:source\bsw\cdd/ringBuffer.c ****  */
  58:source\bsw\cdd/ringBuffer.c **** RC_t RB_init(RB_t * const me)
  59:source\bsw\cdd/ringBuffer.c **** {
  60:source\bsw\cdd/ringBuffer.c ****     return RB_clear(me);
  61:source\bsw\cdd/ringBuffer.c **** }
  62:source\bsw\cdd/ringBuffer.c **** 
  63:source\bsw\cdd/ringBuffer.c **** /**
  64:source\bsw\cdd/ringBuffer.c ****  * Clearing of a ringbuffer
  65:source\bsw\cdd/ringBuffer.c ****  * @param RB_t * const me : IN/OUT - pointer to ringbuffer object 
  66:source\bsw\cdd/ringBuffer.c ****  * @return RC_SUCCESS or error code
  67:source\bsw\cdd/ringBuffer.c ****  */
  68:source\bsw\cdd/ringBuffer.c **** RC_t RB_clear(RB_t * const me)
  69:source\bsw\cdd/ringBuffer.c **** {
  28              		.loc 1 69 0
  29              		.cfi_startproc
  30              		@ args = 0, pretend = 0, frame = 0
  31              		@ frame_needed = 0, uses_anonymous_args = 0
  32              		@ link register save eliminated.
  33              	.LVL0:
  70:source\bsw\cdd/ringBuffer.c ****     if (0 == me) return RC_ERROR_BAD_PARAM;
  34              		.loc 1 70 0
  35 0000 0146     		mov	r1, r0
  36 0002 78B1     		cbz	r0, .L5
  71:source\bsw\cdd/ringBuffer.c ****     
  72:source\bsw\cdd/ringBuffer.c ****     me->m_fillLevel = 0;
  37              		.loc 1 72 0
  38 0004 0023     		movs	r3, #0
  39 0006 A0F8CC30 		strh	r3, [r0, #204]	@ movhi
  73:source\bsw\cdd/ringBuffer.c ****     me->m_readIndex = 0;
  40              		.loc 1 73 0
  41 000a A0F8C830 		strh	r3, [r0, #200]	@ movhi
ARM GAS  C:\Users\zakis\AppData\Local\Temp\ccmZeLVV.s 			page 3


  74:source\bsw\cdd/ringBuffer.c ****     me->m_writeIndex = 0;
  42              		.loc 1 74 0
  43 000e A0F8CA30 		strh	r3, [r0, #202]	@ movhi
  44              	.LVL1:
  45              	.LBB2:
  75:source\bsw\cdd/ringBuffer.c ****     
  76:source\bsw\cdd/ringBuffer.c ****     for (uint16_t i = 0; i < RB_SIZE; i++)
  46              		.loc 1 76 0
  47 0012 03E0     		b	.L3
  48              	.LVL2:
  49              	.L4:
  77:source\bsw\cdd/ringBuffer.c ****     {
  78:source\bsw\cdd/ringBuffer.c ****         me->m_data[i] = 0;
  50              		.loc 1 78 0 discriminator 3
  51 0014 0022     		movs	r2, #0
  52 0016 CA54     		strb	r2, [r1, r3]
  76:source\bsw\cdd/ringBuffer.c ****     {
  53              		.loc 1 76 0 discriminator 3
  54 0018 0133     		adds	r3, r3, #1
  55              	.LVL3:
  56 001a 9BB2     		uxth	r3, r3
  57              	.LVL4:
  58              	.L3:
  76:source\bsw\cdd/ringBuffer.c ****     {
  59              		.loc 1 76 0 is_stmt 0 discriminator 1
  60 001c C72B     		cmp	r3, #199
  61 001e F9D9     		bls	.L4
  62              	.LBE2:
  79:source\bsw\cdd/ringBuffer.c ****     }
  80:source\bsw\cdd/ringBuffer.c ****     
  81:source\bsw\cdd/ringBuffer.c ****     return RC_SUCCESS;
  63              		.loc 1 81 0 is_stmt 1
  64 0020 0020     		movs	r0, #0
  65              	.LVL5:
  66              	.LBB3:
  67 0022 7047     		bx	lr
  68              	.LVL6:
  69              	.L5:
  70              	.LBE3:
  70:source\bsw\cdd/ringBuffer.c ****     
  71              		.loc 1 70 0
  72 0024 6FF01300 		mvn	r0, #19
  73              	.LVL7:
  82:source\bsw\cdd/ringBuffer.c **** }
  74              		.loc 1 82 0
  75 0028 7047     		bx	lr
  76              		.cfi_endproc
  77              	.LFE1:
  78              		.size	RB_clear, .-RB_clear
  79 002a 00BF     		.section	.text.RB_init,"ax",%progbits
  80              		.align	2
  81              		.global	RB_init
  82              		.thumb
  83              		.thumb_func
  84              		.type	RB_init, %function
  85              	RB_init:
  86              	.LFB0:
ARM GAS  C:\Users\zakis\AppData\Local\Temp\ccmZeLVV.s 			page 4


  59:source\bsw\cdd/ringBuffer.c ****     return RB_clear(me);
  87              		.loc 1 59 0
  88              		.cfi_startproc
  89              		@ args = 0, pretend = 0, frame = 0
  90              		@ frame_needed = 0, uses_anonymous_args = 0
  91              	.LVL8:
  92 0000 08B5     		push	{r3, lr}
  93              		.cfi_def_cfa_offset 8
  94              		.cfi_offset 3, -8
  95              		.cfi_offset 14, -4
  60:source\bsw\cdd/ringBuffer.c **** }
  96              		.loc 1 60 0
  97 0002 FFF7FEFF 		bl	RB_clear
  98              	.LVL9:
  61:source\bsw\cdd/ringBuffer.c **** 
  99              		.loc 1 61 0
 100 0006 08BD     		pop	{r3, pc}
 101              		.cfi_endproc
 102              	.LFE0:
 103              		.size	RB_init, .-RB_init
 104              		.section	.text.RB_write,"ax",%progbits
 105              		.align	2
 106              		.global	RB_write
 107              		.thumb
 108              		.thumb_func
 109              		.type	RB_write, %function
 110              	RB_write:
 111              	.LFB2:
  83:source\bsw\cdd/ringBuffer.c ****     
  84:source\bsw\cdd/ringBuffer.c **** 
  85:source\bsw\cdd/ringBuffer.c **** /**
  86:source\bsw\cdd/ringBuffer.c ****  * Write one element to the ringbuffer
  87:source\bsw\cdd/ringBuffer.c ****  * @param RB_t * const me : IN/OUT - pointer to ringbuffer object 
  88:source\bsw\cdd/ringBuffer.c ****  * @param RB_data_t const * const data : IN - Data to be written
  89:source\bsw\cdd/ringBuffer.c ****  * @return RC_SUCCESS or error code
  90:source\bsw\cdd/ringBuffer.c ****  */
  91:source\bsw\cdd/ringBuffer.c **** RC_t RB_write(RB_t * const me, RB_data_t const * const data)
  92:source\bsw\cdd/ringBuffer.c **** {
 112              		.loc 1 92 0
 113              		.cfi_startproc
 114              		@ args = 0, pretend = 0, frame = 0
 115              		@ frame_needed = 0, uses_anonymous_args = 0
 116              		@ link register save eliminated.
 117              	.LVL10:
 118 0000 10B4     		push	{r4}
 119              		.cfi_def_cfa_offset 4
 120              		.cfi_offset 4, -4
  93:source\bsw\cdd/ringBuffer.c ****     if (me->m_fillLevel < RB_SIZE)
 121              		.loc 1 93 0
 122 0002 B0F8CC40 		ldrh	r4, [r0, #204]
 123 0006 C72C     		cmp	r4, #199
 124 0008 15D8     		bhi	.L10
  94:source\bsw\cdd/ringBuffer.c ****     {
  95:source\bsw\cdd/ringBuffer.c ****         me->m_data[me->m_writeIndex++] = *data;
 125              		.loc 1 95 0
 126 000a B0F8CA20 		ldrh	r2, [r0, #202]
 127 000e 531C     		adds	r3, r2, #1
ARM GAS  C:\Users\zakis\AppData\Local\Temp\ccmZeLVV.s 			page 5


 128 0010 9BB2     		uxth	r3, r3
 129 0012 A0F8CA30 		strh	r3, [r0, #202]	@ movhi
 130 0016 0978     		ldrb	r1, [r1]	@ zero_extendqisi2
 131              	.LVL11:
 132 0018 8154     		strb	r1, [r0, r2]
  96:source\bsw\cdd/ringBuffer.c ****         
  97:source\bsw\cdd/ringBuffer.c ****         me->m_writeIndex %= RB_SIZE;
 133              		.loc 1 97 0
 134 001a 094A     		ldr	r2, .L12
 135 001c A2FB0312 		umull	r1, r2, r2, r3
 136 0020 9209     		lsrs	r2, r2, #6
 137 0022 C821     		movs	r1, #200
 138 0024 01FB1233 		mls	r3, r1, r2, r3
 139 0028 A0F8CA30 		strh	r3, [r0, #202]	@ movhi
  98:source\bsw\cdd/ringBuffer.c ****         me->m_fillLevel++;
 140              		.loc 1 98 0
 141 002c 0134     		adds	r4, r4, #1
 142 002e A0F8CC40 		strh	r4, [r0, #204]	@ movhi
  99:source\bsw\cdd/ringBuffer.c ****         
 100:source\bsw\cdd/ringBuffer.c ****         return RC_SUCCESS;
 143              		.loc 1 100 0
 144 0032 0020     		movs	r0, #0
 145              	.LVL12:
 146 0034 01E0     		b	.L9
 147              	.LVL13:
 148              	.L10:
 101:source\bsw\cdd/ringBuffer.c ****     }
 102:source\bsw\cdd/ringBuffer.c ****     else
 103:source\bsw\cdd/ringBuffer.c ****     {
 104:source\bsw\cdd/ringBuffer.c ****         return RC_ERROR_BUFFER_FULL;
 149              		.loc 1 104 0
 150 0036 6FF00700 		mvn	r0, #7
 151              	.LVL14:
 152              	.L9:
 105:source\bsw\cdd/ringBuffer.c ****     }
 106:source\bsw\cdd/ringBuffer.c **** }
 153              		.loc 1 106 0
 154 003a 10BC     		pop	{r4}
 155              		.cfi_restore 4
 156              		.cfi_def_cfa_offset 0
 157 003c 7047     		bx	lr
 158              	.L13:
 159 003e 00BF     		.align	2
 160              	.L12:
 161 0040 1F85EB51 		.word	1374389535
 162              		.cfi_endproc
 163              	.LFE2:
 164              		.size	RB_write, .-RB_write
 165              		.section	.text.RB_read,"ax",%progbits
 166              		.align	2
 167              		.global	RB_read
 168              		.thumb
 169              		.thumb_func
 170              		.type	RB_read, %function
 171              	RB_read:
 172              	.LFB3:
 107:source\bsw\cdd/ringBuffer.c **** 
ARM GAS  C:\Users\zakis\AppData\Local\Temp\ccmZeLVV.s 			page 6


 108:source\bsw\cdd/ringBuffer.c **** /**
 109:source\bsw\cdd/ringBuffer.c ****  * Read one element from the ringbuffer
 110:source\bsw\cdd/ringBuffer.c ****  * @param RB_t * const me : IN/OUT - pointer to ringbuffer object 
 111:source\bsw\cdd/ringBuffer.c ****  * @param RB_data_t * const data : OUT - Data read
 112:source\bsw\cdd/ringBuffer.c ****  * @return RC_SUCCESS or error code
 113:source\bsw\cdd/ringBuffer.c ****  */
 114:source\bsw\cdd/ringBuffer.c **** RC_t RB_read(RB_t * const me, RB_data_t * const data)
 115:source\bsw\cdd/ringBuffer.c **** {
 173              		.loc 1 115 0
 174              		.cfi_startproc
 175              		@ args = 0, pretend = 0, frame = 0
 176              		@ frame_needed = 0, uses_anonymous_args = 0
 177              		@ link register save eliminated.
 178              	.LVL15:
 116:source\bsw\cdd/ringBuffer.c ****     if (me->m_fillLevel > 0)
 179              		.loc 1 116 0
 180 0000 B0F8CC30 		ldrh	r3, [r0, #204]
 181 0004 C3B1     		cbz	r3, .L16
 117:source\bsw\cdd/ringBuffer.c ****     {
 118:source\bsw\cdd/ringBuffer.c ****         *data = me->m_data[me->m_readIndex++];
 182              		.loc 1 118 0
 183 0006 B0F8C830 		ldrh	r3, [r0, #200]
 184 000a 5A1C     		adds	r2, r3, #1
 185 000c A0F8C820 		strh	r2, [r0, #200]	@ movhi
 186 0010 C35C     		ldrb	r3, [r0, r3]	@ zero_extendqisi2
 187 0012 0B70     		strb	r3, [r1]
 119:source\bsw\cdd/ringBuffer.c ****         
 120:source\bsw\cdd/ringBuffer.c ****         me->m_readIndex %= RB_SIZE;
 188              		.loc 1 120 0
 189 0014 B0F8C830 		ldrh	r3, [r0, #200]
 190 0018 094A     		ldr	r2, .L17
 191 001a A2FB0312 		umull	r1, r2, r2, r3
 192              	.LVL16:
 193 001e 9209     		lsrs	r2, r2, #6
 194 0020 C821     		movs	r1, #200
 195 0022 01FB1233 		mls	r3, r1, r2, r3
 196 0026 A0F8C830 		strh	r3, [r0, #200]	@ movhi
 121:source\bsw\cdd/ringBuffer.c ****         me->m_fillLevel--;
 197              		.loc 1 121 0
 198 002a B0F8CC30 		ldrh	r3, [r0, #204]
 199 002e 013B     		subs	r3, r3, #1
 200 0030 A0F8CC30 		strh	r3, [r0, #204]	@ movhi
 122:source\bsw\cdd/ringBuffer.c ****         
 123:source\bsw\cdd/ringBuffer.c ****         return RC_SUCCESS;
 201              		.loc 1 123 0
 202 0034 0020     		movs	r0, #0
 203              	.LVL17:
 204 0036 7047     		bx	lr
 205              	.LVL18:
 206              	.L16:
 124:source\bsw\cdd/ringBuffer.c ****     }
 125:source\bsw\cdd/ringBuffer.c ****     else
 126:source\bsw\cdd/ringBuffer.c ****     {
 127:source\bsw\cdd/ringBuffer.c ****         return RC_ERROR_BUFFER_EMTPY;
 207              		.loc 1 127 0
 208 0038 6FF00800 		mvn	r0, #8
 209              	.LVL19:
ARM GAS  C:\Users\zakis\AppData\Local\Temp\ccmZeLVV.s 			page 7


 128:source\bsw\cdd/ringBuffer.c ****     }
 129:source\bsw\cdd/ringBuffer.c **** }
 210              		.loc 1 129 0
 211 003c 7047     		bx	lr
 212              	.L18:
 213 003e 00BF     		.align	2
 214              	.L17:
 215 0040 1F85EB51 		.word	1374389535
 216              		.cfi_endproc
 217              	.LFE3:
 218              		.size	RB_read, .-RB_read
 219              		.section	.text.RB_getCapacity,"ax",%progbits
 220              		.align	2
 221              		.global	RB_getCapacity
 222              		.thumb
 223              		.thumb_func
 224              		.type	RB_getCapacity, %function
 225              	RB_getCapacity:
 226              	.LFB4:
 130:source\bsw\cdd/ringBuffer.c **** 
 131:source\bsw\cdd/ringBuffer.c **** /**
 132:source\bsw\cdd/ringBuffer.c ****  * Provide available space in buffer
 133:source\bsw\cdd/ringBuffer.c ****  * @param RB_t * const me : IN/OUT - pointer to ringbuffer object 
 134:source\bsw\cdd/ringBuffer.c ****  * @return Available number of elements to be stored
 135:source\bsw\cdd/ringBuffer.c ****  */
 136:source\bsw\cdd/ringBuffer.c **** uint16_t RB_getCapacity(RB_t * const me)
 137:source\bsw\cdd/ringBuffer.c **** {
 227              		.loc 1 137 0
 228              		.cfi_startproc
 229              		@ args = 0, pretend = 0, frame = 0
 230              		@ frame_needed = 0, uses_anonymous_args = 0
 231              		@ link register save eliminated.
 232              	.LVL20:
 138:source\bsw\cdd/ringBuffer.c ****     //Todo: No  error handling considered, assume all other functions work as intended
 139:source\bsw\cdd/ringBuffer.c ****     return RB_SIZE - me->m_fillLevel;
 233              		.loc 1 139 0
 234 0000 B0F8CC00 		ldrh	r0, [r0, #204]
 235              	.LVL21:
 236 0004 C0F1C800 		rsb	r0, r0, #200
 140:source\bsw\cdd/ringBuffer.c **** }
 237              		.loc 1 140 0
 238 0008 80B2     		uxth	r0, r0
 239 000a 7047     		bx	lr
 240              		.cfi_endproc
 241              	.LFE4:
 242              		.size	RB_getCapacity, .-RB_getCapacity
 243              		.section	.text.RB_getNumberOfStoredElements,"ax",%progbits
 244              		.align	2
 245              		.global	RB_getNumberOfStoredElements
 246              		.thumb
 247              		.thumb_func
 248              		.type	RB_getNumberOfStoredElements, %function
 249              	RB_getNumberOfStoredElements:
 250              	.LFB5:
 141:source\bsw\cdd/ringBuffer.c **** 
 142:source\bsw\cdd/ringBuffer.c **** /**
 143:source\bsw\cdd/ringBuffer.c ****  * Check how much data is stored
ARM GAS  C:\Users\zakis\AppData\Local\Temp\ccmZeLVV.s 			page 8


 144:source\bsw\cdd/ringBuffer.c ****  * @param RB_t * const me : IN/OUT - pointer to ringbuffer object 
 145:source\bsw\cdd/ringBuffer.c ****  * @return number of byte stored
 146:source\bsw\cdd/ringBuffer.c ****  */
 147:source\bsw\cdd/ringBuffer.c **** uint16_t RB_getNumberOfStoredElements(RB_t * const me)
 148:source\bsw\cdd/ringBuffer.c **** {
 251              		.loc 1 148 0
 252              		.cfi_startproc
 253              		@ args = 0, pretend = 0, frame = 0
 254              		@ frame_needed = 0, uses_anonymous_args = 0
 255              		@ link register save eliminated.
 256              	.LVL22:
 149:source\bsw\cdd/ringBuffer.c ****     return me->m_fillLevel;
 150:source\bsw\cdd/ringBuffer.c **** }
 257              		.loc 1 150 0
 258 0000 B0F8CC00 		ldrh	r0, [r0, #204]
 259              	.LVL23:
 260 0004 7047     		bx	lr
 261              		.cfi_endproc
 262              	.LFE5:
 263              		.size	RB_getNumberOfStoredElements, .-RB_getNumberOfStoredElements
 264 0006 00BF     		.text
 265              	.Letext0:
 266              		.file 2 ".\\source\\bsw/global.h"
 267              		.file 3 "source\\bsw\\cdd\\ringBuffer.h"
 268              		.section	.debug_info,"",%progbits
 269              	.Ldebug_info0:
 270 0000 0E030000 		.4byte	0x30e
 271 0004 0400     		.2byte	0x4
 272 0006 00000000 		.4byte	.Ldebug_abbrev0
 273 000a 04       		.byte	0x4
 274 000b 01       		.uleb128 0x1
 275 000c 33000000 		.4byte	.LASF56
 276 0010 0C       		.byte	0xc
 277 0011 03010000 		.4byte	.LASF57
 278 0015 B4030000 		.4byte	.LASF58
 279 0019 18000000 		.4byte	.Ldebug_ranges0+0x18
 280 001d 00000000 		.4byte	0
 281 0021 00000000 		.4byte	.Ldebug_line0
 282 0025 02       		.uleb128 0x2
 283 0026 04       		.byte	0x4
 284 0027 07       		.byte	0x7
 285 0028 8A020000 		.4byte	.LASF0
 286 002c 03       		.uleb128 0x3
 287 002d 04       		.byte	0x4
 288 002e 05       		.byte	0x5
 289 002f 696E7400 		.ascii	"int\000"
 290 0033 02       		.uleb128 0x2
 291 0034 08       		.byte	0x8
 292 0035 05       		.byte	0x5
 293 0036 1B030000 		.4byte	.LASF1
 294 003a 02       		.uleb128 0x2
 295 003b 08       		.byte	0x8
 296 003c 04       		.byte	0x4
 297 003d 7B030000 		.4byte	.LASF2
 298 0041 02       		.uleb128 0x2
 299 0042 01       		.byte	0x1
 300 0043 06       		.byte	0x6
ARM GAS  C:\Users\zakis\AppData\Local\Temp\ccmZeLVV.s 			page 9


 301 0044 9A030000 		.4byte	.LASF3
 302 0048 02       		.uleb128 0x2
 303 0049 01       		.byte	0x1
 304 004a 08       		.byte	0x8
 305 004b 72010000 		.4byte	.LASF4
 306 004f 02       		.uleb128 0x2
 307 0050 02       		.byte	0x2
 308 0051 05       		.byte	0x5
 309 0052 3F030000 		.4byte	.LASF5
 310 0056 02       		.uleb128 0x2
 311 0057 02       		.byte	0x2
 312 0058 07       		.byte	0x7
 313 0059 CC010000 		.4byte	.LASF6
 314 005d 02       		.uleb128 0x2
 315 005e 04       		.byte	0x4
 316 005f 05       		.byte	0x5
 317 0060 72030000 		.4byte	.LASF7
 318 0064 02       		.uleb128 0x2
 319 0065 04       		.byte	0x4
 320 0066 07       		.byte	0x7
 321 0067 BA010000 		.4byte	.LASF8
 322 006b 02       		.uleb128 0x2
 323 006c 08       		.byte	0x8
 324 006d 07       		.byte	0x7
 325 006e B5020000 		.4byte	.LASF9
 326 0072 02       		.uleb128 0x2
 327 0073 04       		.byte	0x4
 328 0074 07       		.byte	0x7
 329 0075 12030000 		.4byte	.LASF10
 330 0079 02       		.uleb128 0x2
 331 007a 01       		.byte	0x1
 332 007b 08       		.byte	0x8
 333 007c 29030000 		.4byte	.LASF11
 334 0080 04       		.uleb128 0x4
 335 0081 CC020000 		.4byte	.LASF12
 336 0085 02       		.byte	0x2
 337 0086 91       		.byte	0x91
 338 0087 48000000 		.4byte	0x48
 339 008b 04       		.uleb128 0x4
 340 008c 69030000 		.4byte	.LASF13
 341 0090 02       		.byte	0x2
 342 0091 93       		.byte	0x93
 343 0092 56000000 		.4byte	0x56
 344 0096 02       		.uleb128 0x2
 345 0097 04       		.byte	0x4
 346 0098 04       		.byte	0x4
 347 0099 67010000 		.4byte	.LASF14
 348 009d 02       		.uleb128 0x2
 349 009e 08       		.byte	0x8
 350 009f 04       		.byte	0x4
 351 00a0 33020000 		.4byte	.LASF15
 352 00a4 05       		.uleb128 0x5
 353 00a5 01       		.byte	0x1
 354 00a6 41000000 		.4byte	0x41
 355 00aa 02       		.byte	0x2
 356 00ab CF       		.byte	0xcf
 357 00ac 53010000 		.4byte	0x153
ARM GAS  C:\Users\zakis\AppData\Local\Temp\ccmZeLVV.s 			page 10


 358 00b0 06       		.uleb128 0x6
 359 00b1 8F010000 		.4byte	.LASF16
 360 00b5 00       		.byte	0
 361 00b6 07       		.uleb128 0x7
 362 00b7 2A000000 		.4byte	.LASF17
 363 00bb 7F       		.sleb128 -1
 364 00bc 07       		.uleb128 0x7
 365 00bd F5000000 		.4byte	.LASF18
 366 00c1 7E       		.sleb128 -2
 367 00c2 07       		.uleb128 0x7
 368 00c3 9A010000 		.4byte	.LASF19
 369 00c7 7D       		.sleb128 -3
 370 00c8 07       		.uleb128 0x7
 371 00c9 4B020000 		.4byte	.LASF20
 372 00cd 7C       		.sleb128 -4
 373 00ce 07       		.uleb128 0x7
 374 00cf 1B040000 		.4byte	.LASF21
 375 00d3 7B       		.sleb128 -5
 376 00d4 07       		.uleb128 0x7
 377 00d5 3A020000 		.4byte	.LASF22
 378 00d9 7A       		.sleb128 -6
 379 00da 07       		.uleb128 0x7
 380 00db A8010000 		.4byte	.LASF23
 381 00df 79       		.sleb128 -7
 382 00e0 07       		.uleb128 0x7
 383 00e1 FD020000 		.4byte	.LASF24
 384 00e5 78       		.sleb128 -8
 385 00e6 07       		.uleb128 0x7
 386 00e7 00000000 		.4byte	.LASF25
 387 00eb 77       		.sleb128 -9
 388 00ec 07       		.uleb128 0x7
 389 00ed 97020000 		.4byte	.LASF26
 390 00f1 76       		.sleb128 -10
 391 00f2 07       		.uleb128 0x7
 392 00f3 DF010000 		.4byte	.LASF27
 393 00f7 75       		.sleb128 -11
 394 00f8 07       		.uleb128 0x7
 395 00f9 A6030000 		.4byte	.LASF28
 396 00fd 74       		.sleb128 -12
 397 00fe 07       		.uleb128 0x7
 398 00ff D4020000 		.4byte	.LASF29
 399 0103 73       		.sleb128 -13
 400 0104 07       		.uleb128 0x7
 401 0105 87030000 		.4byte	.LASF30
 402 0109 72       		.sleb128 -14
 403 010a 07       		.uleb128 0x7
 404 010b 55030000 		.4byte	.LASF31
 405 010f 71       		.sleb128 -15
 406 0110 07       		.uleb128 0x7
 407 0111 1F010000 		.4byte	.LASF32
 408 0115 70       		.sleb128 -16
 409 0116 07       		.uleb128 0x7
 410 0117 16000000 		.4byte	.LASF33
 411 011b 6F       		.sleb128 -17
 412 011c 07       		.uleb128 0x7
 413 011d 03020000 		.4byte	.LASF34
 414 0121 6E       		.sleb128 -18
ARM GAS  C:\Users\zakis\AppData\Local\Temp\ccmZeLVV.s 			page 11


 415 0122 07       		.uleb128 0x7
 416 0123 20020000 		.4byte	.LASF35
 417 0127 6D       		.sleb128 -19
 418 0128 07       		.uleb128 0x7
 419 0129 DD000000 		.4byte	.LASF36
 420 012d 6C       		.sleb128 -20
 421 012e 07       		.uleb128 0x7
 422 012f F1010000 		.4byte	.LASF37
 423 0133 6B       		.sleb128 -21
 424 0134 07       		.uleb128 0x7
 425 0135 5B020000 		.4byte	.LASF38
 426 0139 6A       		.sleb128 -22
 427 013a 07       		.uleb128 0x7
 428 013b E6020000 		.4byte	.LASF39
 429 013f 69       		.sleb128 -23
 430 0140 07       		.uleb128 0x7
 431 0141 CC000000 		.4byte	.LASF40
 432 0145 68       		.sleb128 -24
 433 0146 07       		.uleb128 0x7
 434 0147 39010000 		.4byte	.LASF41
 435 014b 67       		.sleb128 -25
 436 014c 06       		.uleb128 0x6
 437 014d C1000000 		.4byte	.LASF42
 438 0151 01       		.byte	0x1
 439 0152 00       		.byte	0
 440 0153 04       		.uleb128 0x4
 441 0154 F0000000 		.4byte	.LASF43
 442 0158 02       		.byte	0x2
 443 0159 EB       		.byte	0xeb
 444 015a A4000000 		.4byte	0xa4
 445 015e 04       		.uleb128 0x4
 446 015f 11040000 		.4byte	.LASF44
 447 0163 03       		.byte	0x3
 448 0164 5A       		.byte	0x5a
 449 0165 80000000 		.4byte	0x80
 450 0169 08       		.uleb128 0x8
 451 016a CE       		.byte	0xce
 452 016b 03       		.byte	0x3
 453 016c 68       		.byte	0x68
 454 016d A2010000 		.4byte	0x1a2
 455 0171 09       		.uleb128 0x9
 456 0172 AE020000 		.4byte	.LASF45
 457 0176 03       		.byte	0x3
 458 0177 69       		.byte	0x69
 459 0178 A2010000 		.4byte	0x1a2
 460 017c 00       		.byte	0
 461 017d 09       		.uleb128 0x9
 462 017e 49030000 		.4byte	.LASF46
 463 0182 03       		.byte	0x3
 464 0183 6A       		.byte	0x6a
 465 0184 8B000000 		.4byte	0x8b
 466 0188 C8       		.byte	0xc8
 467 0189 09       		.uleb128 0x9
 468 018a 5A010000 		.4byte	.LASF47
 469 018e 03       		.byte	0x3
 470 018f 6B       		.byte	0x6b
 471 0190 8B000000 		.4byte	0x8b
ARM GAS  C:\Users\zakis\AppData\Local\Temp\ccmZeLVV.s 			page 12


 472 0194 CA       		.byte	0xca
 473 0195 09       		.uleb128 0x9
 474 0196 2E030000 		.4byte	.LASF48
 475 019a 03       		.byte	0x3
 476 019b 6C       		.byte	0x6c
 477 019c 8B000000 		.4byte	0x8b
 478 01a0 CC       		.byte	0xcc
 479 01a1 00       		.byte	0
 480 01a2 0A       		.uleb128 0xa
 481 01a3 5E010000 		.4byte	0x15e
 482 01a7 B2010000 		.4byte	0x1b2
 483 01ab 0B       		.uleb128 0xb
 484 01ac 72000000 		.4byte	0x72
 485 01b0 C7       		.byte	0xc7
 486 01b1 00       		.byte	0
 487 01b2 04       		.uleb128 0x4
 488 01b3 3A030000 		.4byte	.LASF49
 489 01b7 03       		.byte	0x3
 490 01b8 6D       		.byte	0x6d
 491 01b9 69010000 		.4byte	0x169
 492 01bd 0C       		.uleb128 0xc
 493 01be 30010000 		.4byte	.LASF50
 494 01c2 01       		.byte	0x1
 495 01c3 44       		.byte	0x44
 496 01c4 53010000 		.4byte	0x153
 497 01c8 00000000 		.4byte	.LFB1
 498 01cc 2A000000 		.4byte	.LFE1-.LFB1
 499 01d0 01       		.uleb128 0x1
 500 01d1 9C       		.byte	0x9c
 501 01d2 F8010000 		.4byte	0x1f8
 502 01d6 0D       		.uleb128 0xd
 503 01d7 6D6500   		.ascii	"me\000"
 504 01da 01       		.byte	0x1
 505 01db 44       		.byte	0x44
 506 01dc FE010000 		.4byte	0x1fe
 507 01e0 00000000 		.4byte	.LLST0
 508 01e4 0E       		.uleb128 0xe
 509 01e5 00000000 		.4byte	.Ldebug_ranges0+0
 510 01e9 0F       		.uleb128 0xf
 511 01ea 6900     		.ascii	"i\000"
 512 01ec 01       		.byte	0x1
 513 01ed 4C       		.byte	0x4c
 514 01ee 8B000000 		.4byte	0x8b
 515 01f2 34000000 		.4byte	.LLST1
 516 01f6 00       		.byte	0
 517 01f7 00       		.byte	0
 518 01f8 10       		.uleb128 0x10
 519 01f9 04       		.byte	0x4
 520 01fa B2010000 		.4byte	0x1b2
 521 01fe 11       		.uleb128 0x11
 522 01ff F8010000 		.4byte	0x1f8
 523 0203 0C       		.uleb128 0xc
 524 0204 52010000 		.4byte	.LASF51
 525 0208 01       		.byte	0x1
 526 0209 3A       		.byte	0x3a
 527 020a 53010000 		.4byte	0x153
 528 020e 00000000 		.4byte	.LFB0
ARM GAS  C:\Users\zakis\AppData\Local\Temp\ccmZeLVV.s 			page 13


 529 0212 08000000 		.4byte	.LFE0-.LFB0
 530 0216 01       		.uleb128 0x1
 531 0217 9C       		.byte	0x9c
 532 0218 3C020000 		.4byte	0x23c
 533 021c 0D       		.uleb128 0xd
 534 021d 6D6500   		.ascii	"me\000"
 535 0220 01       		.byte	0x1
 536 0221 3A       		.byte	0x3a
 537 0222 FE010000 		.4byte	0x1fe
 538 0226 5E000000 		.4byte	.LLST2
 539 022a 12       		.uleb128 0x12
 540 022b 06000000 		.4byte	.LVL9
 541 022f BD010000 		.4byte	0x1bd
 542 0233 13       		.uleb128 0x13
 543 0234 01       		.uleb128 0x1
 544 0235 50       		.byte	0x50
 545 0236 03       		.uleb128 0x3
 546 0237 F3       		.byte	0xf3
 547 0238 01       		.uleb128 0x1
 548 0239 50       		.byte	0x50
 549 023a 00       		.byte	0
 550 023b 00       		.byte	0
 551 023c 0C       		.uleb128 0xc
 552 023d A5020000 		.4byte	.LASF52
 553 0241 01       		.byte	0x1
 554 0242 5B       		.byte	0x5b
 555 0243 53010000 		.4byte	0x153
 556 0247 00000000 		.4byte	.LFB2
 557 024b 44000000 		.4byte	.LFE2-.LFB2
 558 024f 01       		.uleb128 0x1
 559 0250 9C       		.byte	0x9c
 560 0251 73020000 		.4byte	0x273
 561 0255 0D       		.uleb128 0xd
 562 0256 6D6500   		.ascii	"me\000"
 563 0259 01       		.byte	0x1
 564 025a 5B       		.byte	0x5b
 565 025b FE010000 		.4byte	0x1fe
 566 025f 7F000000 		.4byte	.LLST3
 567 0263 14       		.uleb128 0x14
 568 0264 6D010000 		.4byte	.LASF53
 569 0268 01       		.byte	0x1
 570 0269 5B       		.byte	0x5b
 571 026a 7E020000 		.4byte	0x27e
 572 026e B9000000 		.4byte	.LLST4
 573 0272 00       		.byte	0
 574 0273 10       		.uleb128 0x10
 575 0274 04       		.byte	0x4
 576 0275 79020000 		.4byte	0x279
 577 0279 11       		.uleb128 0x11
 578 027a 5E010000 		.4byte	0x15e
 579 027e 11       		.uleb128 0x11
 580 027f 73020000 		.4byte	0x273
 581 0283 0C       		.uleb128 0xc
 582 0284 18020000 		.4byte	.LASF54
 583 0288 01       		.byte	0x1
 584 0289 72       		.byte	0x72
 585 028a 53010000 		.4byte	0x153
ARM GAS  C:\Users\zakis\AppData\Local\Temp\ccmZeLVV.s 			page 14


 586 028e 00000000 		.4byte	.LFB3
 587 0292 44000000 		.4byte	.LFE3-.LFB3
 588 0296 01       		.uleb128 0x1
 589 0297 9C       		.byte	0x9c
 590 0298 BA020000 		.4byte	0x2ba
 591 029c 0D       		.uleb128 0xd
 592 029d 6D6500   		.ascii	"me\000"
 593 02a0 01       		.byte	0x1
 594 02a1 72       		.byte	0x72
 595 02a2 FE010000 		.4byte	0x1fe
 596 02a6 F3000000 		.4byte	.LLST5
 597 02aa 14       		.uleb128 0x14
 598 02ab 6D010000 		.4byte	.LASF53
 599 02af 01       		.byte	0x1
 600 02b0 72       		.byte	0x72
 601 02b1 C0020000 		.4byte	0x2c0
 602 02b5 2D010000 		.4byte	.LLST6
 603 02b9 00       		.byte	0
 604 02ba 10       		.uleb128 0x10
 605 02bb 04       		.byte	0x4
 606 02bc 5E010000 		.4byte	0x15e
 607 02c0 11       		.uleb128 0x11
 608 02c1 BA020000 		.4byte	0x2ba
 609 02c5 0C       		.uleb128 0xc
 610 02c6 80010000 		.4byte	.LASF55
 611 02ca 01       		.byte	0x1
 612 02cb 88       		.byte	0x88
 613 02cc 8B000000 		.4byte	0x8b
 614 02d0 00000000 		.4byte	.LFB4
 615 02d4 0C000000 		.4byte	.LFE4-.LFB4
 616 02d8 01       		.uleb128 0x1
 617 02d9 9C       		.byte	0x9c
 618 02da ED020000 		.4byte	0x2ed
 619 02de 0D       		.uleb128 0xd
 620 02df 6D6500   		.ascii	"me\000"
 621 02e2 01       		.byte	0x1
 622 02e3 88       		.byte	0x88
 623 02e4 FE010000 		.4byte	0x1fe
 624 02e8 59010000 		.4byte	.LLST7
 625 02ec 00       		.byte	0
 626 02ed 15       		.uleb128 0x15
 627 02ee 6D020000 		.4byte	.LASF59
 628 02f2 01       		.byte	0x1
 629 02f3 93       		.byte	0x93
 630 02f4 8B000000 		.4byte	0x8b
 631 02f8 00000000 		.4byte	.LFB5
 632 02fc 06000000 		.4byte	.LFE5-.LFB5
 633 0300 01       		.uleb128 0x1
 634 0301 9C       		.byte	0x9c
 635 0302 0D       		.uleb128 0xd
 636 0303 6D6500   		.ascii	"me\000"
 637 0306 01       		.byte	0x1
 638 0307 93       		.byte	0x93
 639 0308 FE010000 		.4byte	0x1fe
 640 030c 7A010000 		.4byte	.LLST8
 641 0310 00       		.byte	0
 642 0311 00       		.byte	0
ARM GAS  C:\Users\zakis\AppData\Local\Temp\ccmZeLVV.s 			page 15


 643              		.section	.debug_abbrev,"",%progbits
 644              	.Ldebug_abbrev0:
 645 0000 01       		.uleb128 0x1
 646 0001 11       		.uleb128 0x11
 647 0002 01       		.byte	0x1
 648 0003 25       		.uleb128 0x25
 649 0004 0E       		.uleb128 0xe
 650 0005 13       		.uleb128 0x13
 651 0006 0B       		.uleb128 0xb
 652 0007 03       		.uleb128 0x3
 653 0008 0E       		.uleb128 0xe
 654 0009 1B       		.uleb128 0x1b
 655 000a 0E       		.uleb128 0xe
 656 000b 55       		.uleb128 0x55
 657 000c 17       		.uleb128 0x17
 658 000d 11       		.uleb128 0x11
 659 000e 01       		.uleb128 0x1
 660 000f 10       		.uleb128 0x10
 661 0010 17       		.uleb128 0x17
 662 0011 00       		.byte	0
 663 0012 00       		.byte	0
 664 0013 02       		.uleb128 0x2
 665 0014 24       		.uleb128 0x24
 666 0015 00       		.byte	0
 667 0016 0B       		.uleb128 0xb
 668 0017 0B       		.uleb128 0xb
 669 0018 3E       		.uleb128 0x3e
 670 0019 0B       		.uleb128 0xb
 671 001a 03       		.uleb128 0x3
 672 001b 0E       		.uleb128 0xe
 673 001c 00       		.byte	0
 674 001d 00       		.byte	0
 675 001e 03       		.uleb128 0x3
 676 001f 24       		.uleb128 0x24
 677 0020 00       		.byte	0
 678 0021 0B       		.uleb128 0xb
 679 0022 0B       		.uleb128 0xb
 680 0023 3E       		.uleb128 0x3e
 681 0024 0B       		.uleb128 0xb
 682 0025 03       		.uleb128 0x3
 683 0026 08       		.uleb128 0x8
 684 0027 00       		.byte	0
 685 0028 00       		.byte	0
 686 0029 04       		.uleb128 0x4
 687 002a 16       		.uleb128 0x16
 688 002b 00       		.byte	0
 689 002c 03       		.uleb128 0x3
 690 002d 0E       		.uleb128 0xe
 691 002e 3A       		.uleb128 0x3a
 692 002f 0B       		.uleb128 0xb
 693 0030 3B       		.uleb128 0x3b
 694 0031 0B       		.uleb128 0xb
 695 0032 49       		.uleb128 0x49
 696 0033 13       		.uleb128 0x13
 697 0034 00       		.byte	0
 698 0035 00       		.byte	0
 699 0036 05       		.uleb128 0x5
ARM GAS  C:\Users\zakis\AppData\Local\Temp\ccmZeLVV.s 			page 16


 700 0037 04       		.uleb128 0x4
 701 0038 01       		.byte	0x1
 702 0039 0B       		.uleb128 0xb
 703 003a 0B       		.uleb128 0xb
 704 003b 49       		.uleb128 0x49
 705 003c 13       		.uleb128 0x13
 706 003d 3A       		.uleb128 0x3a
 707 003e 0B       		.uleb128 0xb
 708 003f 3B       		.uleb128 0x3b
 709 0040 0B       		.uleb128 0xb
 710 0041 01       		.uleb128 0x1
 711 0042 13       		.uleb128 0x13
 712 0043 00       		.byte	0
 713 0044 00       		.byte	0
 714 0045 06       		.uleb128 0x6
 715 0046 28       		.uleb128 0x28
 716 0047 00       		.byte	0
 717 0048 03       		.uleb128 0x3
 718 0049 0E       		.uleb128 0xe
 719 004a 1C       		.uleb128 0x1c
 720 004b 0B       		.uleb128 0xb
 721 004c 00       		.byte	0
 722 004d 00       		.byte	0
 723 004e 07       		.uleb128 0x7
 724 004f 28       		.uleb128 0x28
 725 0050 00       		.byte	0
 726 0051 03       		.uleb128 0x3
 727 0052 0E       		.uleb128 0xe
 728 0053 1C       		.uleb128 0x1c
 729 0054 0D       		.uleb128 0xd
 730 0055 00       		.byte	0
 731 0056 00       		.byte	0
 732 0057 08       		.uleb128 0x8
 733 0058 13       		.uleb128 0x13
 734 0059 01       		.byte	0x1
 735 005a 0B       		.uleb128 0xb
 736 005b 0B       		.uleb128 0xb
 737 005c 3A       		.uleb128 0x3a
 738 005d 0B       		.uleb128 0xb
 739 005e 3B       		.uleb128 0x3b
 740 005f 0B       		.uleb128 0xb
 741 0060 01       		.uleb128 0x1
 742 0061 13       		.uleb128 0x13
 743 0062 00       		.byte	0
 744 0063 00       		.byte	0
 745 0064 09       		.uleb128 0x9
 746 0065 0D       		.uleb128 0xd
 747 0066 00       		.byte	0
 748 0067 03       		.uleb128 0x3
 749 0068 0E       		.uleb128 0xe
 750 0069 3A       		.uleb128 0x3a
 751 006a 0B       		.uleb128 0xb
 752 006b 3B       		.uleb128 0x3b
 753 006c 0B       		.uleb128 0xb
 754 006d 49       		.uleb128 0x49
 755 006e 13       		.uleb128 0x13
 756 006f 38       		.uleb128 0x38
ARM GAS  C:\Users\zakis\AppData\Local\Temp\ccmZeLVV.s 			page 17


 757 0070 0B       		.uleb128 0xb
 758 0071 00       		.byte	0
 759 0072 00       		.byte	0
 760 0073 0A       		.uleb128 0xa
 761 0074 01       		.uleb128 0x1
 762 0075 01       		.byte	0x1
 763 0076 49       		.uleb128 0x49
 764 0077 13       		.uleb128 0x13
 765 0078 01       		.uleb128 0x1
 766 0079 13       		.uleb128 0x13
 767 007a 00       		.byte	0
 768 007b 00       		.byte	0
 769 007c 0B       		.uleb128 0xb
 770 007d 21       		.uleb128 0x21
 771 007e 00       		.byte	0
 772 007f 49       		.uleb128 0x49
 773 0080 13       		.uleb128 0x13
 774 0081 2F       		.uleb128 0x2f
 775 0082 0B       		.uleb128 0xb
 776 0083 00       		.byte	0
 777 0084 00       		.byte	0
 778 0085 0C       		.uleb128 0xc
 779 0086 2E       		.uleb128 0x2e
 780 0087 01       		.byte	0x1
 781 0088 3F       		.uleb128 0x3f
 782 0089 19       		.uleb128 0x19
 783 008a 03       		.uleb128 0x3
 784 008b 0E       		.uleb128 0xe
 785 008c 3A       		.uleb128 0x3a
 786 008d 0B       		.uleb128 0xb
 787 008e 3B       		.uleb128 0x3b
 788 008f 0B       		.uleb128 0xb
 789 0090 27       		.uleb128 0x27
 790 0091 19       		.uleb128 0x19
 791 0092 49       		.uleb128 0x49
 792 0093 13       		.uleb128 0x13
 793 0094 11       		.uleb128 0x11
 794 0095 01       		.uleb128 0x1
 795 0096 12       		.uleb128 0x12
 796 0097 06       		.uleb128 0x6
 797 0098 40       		.uleb128 0x40
 798 0099 18       		.uleb128 0x18
 799 009a 9742     		.uleb128 0x2117
 800 009c 19       		.uleb128 0x19
 801 009d 01       		.uleb128 0x1
 802 009e 13       		.uleb128 0x13
 803 009f 00       		.byte	0
 804 00a0 00       		.byte	0
 805 00a1 0D       		.uleb128 0xd
 806 00a2 05       		.uleb128 0x5
 807 00a3 00       		.byte	0
 808 00a4 03       		.uleb128 0x3
 809 00a5 08       		.uleb128 0x8
 810 00a6 3A       		.uleb128 0x3a
 811 00a7 0B       		.uleb128 0xb
 812 00a8 3B       		.uleb128 0x3b
 813 00a9 0B       		.uleb128 0xb
ARM GAS  C:\Users\zakis\AppData\Local\Temp\ccmZeLVV.s 			page 18


 814 00aa 49       		.uleb128 0x49
 815 00ab 13       		.uleb128 0x13
 816 00ac 02       		.uleb128 0x2
 817 00ad 17       		.uleb128 0x17
 818 00ae 00       		.byte	0
 819 00af 00       		.byte	0
 820 00b0 0E       		.uleb128 0xe
 821 00b1 0B       		.uleb128 0xb
 822 00b2 01       		.byte	0x1
 823 00b3 55       		.uleb128 0x55
 824 00b4 17       		.uleb128 0x17
 825 00b5 00       		.byte	0
 826 00b6 00       		.byte	0
 827 00b7 0F       		.uleb128 0xf
 828 00b8 34       		.uleb128 0x34
 829 00b9 00       		.byte	0
 830 00ba 03       		.uleb128 0x3
 831 00bb 08       		.uleb128 0x8
 832 00bc 3A       		.uleb128 0x3a
 833 00bd 0B       		.uleb128 0xb
 834 00be 3B       		.uleb128 0x3b
 835 00bf 0B       		.uleb128 0xb
 836 00c0 49       		.uleb128 0x49
 837 00c1 13       		.uleb128 0x13
 838 00c2 02       		.uleb128 0x2
 839 00c3 17       		.uleb128 0x17
 840 00c4 00       		.byte	0
 841 00c5 00       		.byte	0
 842 00c6 10       		.uleb128 0x10
 843 00c7 0F       		.uleb128 0xf
 844 00c8 00       		.byte	0
 845 00c9 0B       		.uleb128 0xb
 846 00ca 0B       		.uleb128 0xb
 847 00cb 49       		.uleb128 0x49
 848 00cc 13       		.uleb128 0x13
 849 00cd 00       		.byte	0
 850 00ce 00       		.byte	0
 851 00cf 11       		.uleb128 0x11
 852 00d0 26       		.uleb128 0x26
 853 00d1 00       		.byte	0
 854 00d2 49       		.uleb128 0x49
 855 00d3 13       		.uleb128 0x13
 856 00d4 00       		.byte	0
 857 00d5 00       		.byte	0
 858 00d6 12       		.uleb128 0x12
 859 00d7 898201   		.uleb128 0x4109
 860 00da 01       		.byte	0x1
 861 00db 11       		.uleb128 0x11
 862 00dc 01       		.uleb128 0x1
 863 00dd 31       		.uleb128 0x31
 864 00de 13       		.uleb128 0x13
 865 00df 00       		.byte	0
 866 00e0 00       		.byte	0
 867 00e1 13       		.uleb128 0x13
 868 00e2 8A8201   		.uleb128 0x410a
 869 00e5 00       		.byte	0
 870 00e6 02       		.uleb128 0x2
ARM GAS  C:\Users\zakis\AppData\Local\Temp\ccmZeLVV.s 			page 19


 871 00e7 18       		.uleb128 0x18
 872 00e8 9142     		.uleb128 0x2111
 873 00ea 18       		.uleb128 0x18
 874 00eb 00       		.byte	0
 875 00ec 00       		.byte	0
 876 00ed 14       		.uleb128 0x14
 877 00ee 05       		.uleb128 0x5
 878 00ef 00       		.byte	0
 879 00f0 03       		.uleb128 0x3
 880 00f1 0E       		.uleb128 0xe
 881 00f2 3A       		.uleb128 0x3a
 882 00f3 0B       		.uleb128 0xb
 883 00f4 3B       		.uleb128 0x3b
 884 00f5 0B       		.uleb128 0xb
 885 00f6 49       		.uleb128 0x49
 886 00f7 13       		.uleb128 0x13
 887 00f8 02       		.uleb128 0x2
 888 00f9 17       		.uleb128 0x17
 889 00fa 00       		.byte	0
 890 00fb 00       		.byte	0
 891 00fc 15       		.uleb128 0x15
 892 00fd 2E       		.uleb128 0x2e
 893 00fe 01       		.byte	0x1
 894 00ff 3F       		.uleb128 0x3f
 895 0100 19       		.uleb128 0x19
 896 0101 03       		.uleb128 0x3
 897 0102 0E       		.uleb128 0xe
 898 0103 3A       		.uleb128 0x3a
 899 0104 0B       		.uleb128 0xb
 900 0105 3B       		.uleb128 0x3b
 901 0106 0B       		.uleb128 0xb
 902 0107 27       		.uleb128 0x27
 903 0108 19       		.uleb128 0x19
 904 0109 49       		.uleb128 0x49
 905 010a 13       		.uleb128 0x13
 906 010b 11       		.uleb128 0x11
 907 010c 01       		.uleb128 0x1
 908 010d 12       		.uleb128 0x12
 909 010e 06       		.uleb128 0x6
 910 010f 40       		.uleb128 0x40
 911 0110 18       		.uleb128 0x18
 912 0111 9742     		.uleb128 0x2117
 913 0113 19       		.uleb128 0x19
 914 0114 00       		.byte	0
 915 0115 00       		.byte	0
 916 0116 00       		.byte	0
 917              		.section	.debug_loc,"",%progbits
 918              	.Ldebug_loc0:
 919              	.LLST0:
 920 0000 00000000 		.4byte	.LVL0
 921 0004 22000000 		.4byte	.LVL5
 922 0008 0100     		.2byte	0x1
 923 000a 50       		.byte	0x50
 924 000b 22000000 		.4byte	.LVL5
 925 000f 24000000 		.4byte	.LVL6
 926 0013 0100     		.2byte	0x1
 927 0015 51       		.byte	0x51
ARM GAS  C:\Users\zakis\AppData\Local\Temp\ccmZeLVV.s 			page 20


 928 0016 24000000 		.4byte	.LVL6
 929 001a 28000000 		.4byte	.LVL7
 930 001e 0100     		.2byte	0x1
 931 0020 50       		.byte	0x50
 932 0021 28000000 		.4byte	.LVL7
 933 0025 2A000000 		.4byte	.LFE1
 934 0029 0100     		.2byte	0x1
 935 002b 51       		.byte	0x51
 936 002c 00000000 		.4byte	0
 937 0030 00000000 		.4byte	0
 938              	.LLST1:
 939 0034 12000000 		.4byte	.LVL1
 940 0038 14000000 		.4byte	.LVL2
 941 003c 0200     		.2byte	0x2
 942 003e 30       		.byte	0x30
 943 003f 9F       		.byte	0x9f
 944 0040 14000000 		.4byte	.LVL2
 945 0044 1A000000 		.4byte	.LVL3
 946 0048 0100     		.2byte	0x1
 947 004a 53       		.byte	0x53
 948 004b 1C000000 		.4byte	.LVL4
 949 004f 24000000 		.4byte	.LVL6
 950 0053 0100     		.2byte	0x1
 951 0055 53       		.byte	0x53
 952 0056 00000000 		.4byte	0
 953 005a 00000000 		.4byte	0
 954              	.LLST2:
 955 005e 00000000 		.4byte	.LVL8
 956 0062 05000000 		.4byte	.LVL9-1
 957 0066 0100     		.2byte	0x1
 958 0068 50       		.byte	0x50
 959 0069 05000000 		.4byte	.LVL9-1
 960 006d 08000000 		.4byte	.LFE0
 961 0071 0400     		.2byte	0x4
 962 0073 F3       		.byte	0xf3
 963 0074 01       		.uleb128 0x1
 964 0075 50       		.byte	0x50
 965 0076 9F       		.byte	0x9f
 966 0077 00000000 		.4byte	0
 967 007b 00000000 		.4byte	0
 968              	.LLST3:
 969 007f 00000000 		.4byte	.LVL10
 970 0083 34000000 		.4byte	.LVL12
 971 0087 0100     		.2byte	0x1
 972 0089 50       		.byte	0x50
 973 008a 34000000 		.4byte	.LVL12
 974 008e 36000000 		.4byte	.LVL13
 975 0092 0400     		.2byte	0x4
 976 0094 F3       		.byte	0xf3
 977 0095 01       		.uleb128 0x1
 978 0096 50       		.byte	0x50
 979 0097 9F       		.byte	0x9f
 980 0098 36000000 		.4byte	.LVL13
 981 009c 3A000000 		.4byte	.LVL14
 982 00a0 0100     		.2byte	0x1
 983 00a2 50       		.byte	0x50
 984 00a3 3A000000 		.4byte	.LVL14
ARM GAS  C:\Users\zakis\AppData\Local\Temp\ccmZeLVV.s 			page 21


 985 00a7 44000000 		.4byte	.LFE2
 986 00ab 0400     		.2byte	0x4
 987 00ad F3       		.byte	0xf3
 988 00ae 01       		.uleb128 0x1
 989 00af 50       		.byte	0x50
 990 00b0 9F       		.byte	0x9f
 991 00b1 00000000 		.4byte	0
 992 00b5 00000000 		.4byte	0
 993              	.LLST4:
 994 00b9 00000000 		.4byte	.LVL10
 995 00bd 18000000 		.4byte	.LVL11
 996 00c1 0100     		.2byte	0x1
 997 00c3 51       		.byte	0x51
 998 00c4 18000000 		.4byte	.LVL11
 999 00c8 36000000 		.4byte	.LVL13
 1000 00cc 0400     		.2byte	0x4
 1001 00ce F3       		.byte	0xf3
 1002 00cf 01       		.uleb128 0x1
 1003 00d0 51       		.byte	0x51
 1004 00d1 9F       		.byte	0x9f
 1005 00d2 36000000 		.4byte	.LVL13
 1006 00d6 3A000000 		.4byte	.LVL14
 1007 00da 0100     		.2byte	0x1
 1008 00dc 51       		.byte	0x51
 1009 00dd 3A000000 		.4byte	.LVL14
 1010 00e1 44000000 		.4byte	.LFE2
 1011 00e5 0400     		.2byte	0x4
 1012 00e7 F3       		.byte	0xf3
 1013 00e8 01       		.uleb128 0x1
 1014 00e9 51       		.byte	0x51
 1015 00ea 9F       		.byte	0x9f
 1016 00eb 00000000 		.4byte	0
 1017 00ef 00000000 		.4byte	0
 1018              	.LLST5:
 1019 00f3 00000000 		.4byte	.LVL15
 1020 00f7 36000000 		.4byte	.LVL17
 1021 00fb 0100     		.2byte	0x1
 1022 00fd 50       		.byte	0x50
 1023 00fe 36000000 		.4byte	.LVL17
 1024 0102 38000000 		.4byte	.LVL18
 1025 0106 0400     		.2byte	0x4
 1026 0108 F3       		.byte	0xf3
 1027 0109 01       		.uleb128 0x1
 1028 010a 50       		.byte	0x50
 1029 010b 9F       		.byte	0x9f
 1030 010c 38000000 		.4byte	.LVL18
 1031 0110 3C000000 		.4byte	.LVL19
 1032 0114 0100     		.2byte	0x1
 1033 0116 50       		.byte	0x50
 1034 0117 3C000000 		.4byte	.LVL19
 1035 011b 44000000 		.4byte	.LFE3
 1036 011f 0400     		.2byte	0x4
 1037 0121 F3       		.byte	0xf3
 1038 0122 01       		.uleb128 0x1
 1039 0123 50       		.byte	0x50
 1040 0124 9F       		.byte	0x9f
 1041 0125 00000000 		.4byte	0
ARM GAS  C:\Users\zakis\AppData\Local\Temp\ccmZeLVV.s 			page 22


 1042 0129 00000000 		.4byte	0
 1043              	.LLST6:
 1044 012d 00000000 		.4byte	.LVL15
 1045 0131 1E000000 		.4byte	.LVL16
 1046 0135 0100     		.2byte	0x1
 1047 0137 51       		.byte	0x51
 1048 0138 1E000000 		.4byte	.LVL16
 1049 013c 38000000 		.4byte	.LVL18
 1050 0140 0400     		.2byte	0x4
 1051 0142 F3       		.byte	0xf3
 1052 0143 01       		.uleb128 0x1
 1053 0144 51       		.byte	0x51
 1054 0145 9F       		.byte	0x9f
 1055 0146 38000000 		.4byte	.LVL18
 1056 014a 44000000 		.4byte	.LFE3
 1057 014e 0100     		.2byte	0x1
 1058 0150 51       		.byte	0x51
 1059 0151 00000000 		.4byte	0
 1060 0155 00000000 		.4byte	0
 1061              	.LLST7:
 1062 0159 00000000 		.4byte	.LVL20
 1063 015d 04000000 		.4byte	.LVL21
 1064 0161 0100     		.2byte	0x1
 1065 0163 50       		.byte	0x50
 1066 0164 04000000 		.4byte	.LVL21
 1067 0168 0C000000 		.4byte	.LFE4
 1068 016c 0400     		.2byte	0x4
 1069 016e F3       		.byte	0xf3
 1070 016f 01       		.uleb128 0x1
 1071 0170 50       		.byte	0x50
 1072 0171 9F       		.byte	0x9f
 1073 0172 00000000 		.4byte	0
 1074 0176 00000000 		.4byte	0
 1075              	.LLST8:
 1076 017a 00000000 		.4byte	.LVL22
 1077 017e 04000000 		.4byte	.LVL23
 1078 0182 0100     		.2byte	0x1
 1079 0184 50       		.byte	0x50
 1080 0185 04000000 		.4byte	.LVL23
 1081 0189 06000000 		.4byte	.LFE5
 1082 018d 0400     		.2byte	0x4
 1083 018f F3       		.byte	0xf3
 1084 0190 01       		.uleb128 0x1
 1085 0191 50       		.byte	0x50
 1086 0192 9F       		.byte	0x9f
 1087 0193 00000000 		.4byte	0
 1088 0197 00000000 		.4byte	0
 1089              		.section	.debug_aranges,"",%progbits
 1090 0000 44000000 		.4byte	0x44
 1091 0004 0200     		.2byte	0x2
 1092 0006 00000000 		.4byte	.Ldebug_info0
 1093 000a 04       		.byte	0x4
 1094 000b 00       		.byte	0
 1095 000c 0000     		.2byte	0
 1096 000e 0000     		.2byte	0
 1097 0010 00000000 		.4byte	.LFB1
 1098 0014 2A000000 		.4byte	.LFE1-.LFB1
ARM GAS  C:\Users\zakis\AppData\Local\Temp\ccmZeLVV.s 			page 23


 1099 0018 00000000 		.4byte	.LFB0
 1100 001c 08000000 		.4byte	.LFE0-.LFB0
 1101 0020 00000000 		.4byte	.LFB2
 1102 0024 44000000 		.4byte	.LFE2-.LFB2
 1103 0028 00000000 		.4byte	.LFB3
 1104 002c 44000000 		.4byte	.LFE3-.LFB3
 1105 0030 00000000 		.4byte	.LFB4
 1106 0034 0C000000 		.4byte	.LFE4-.LFB4
 1107 0038 00000000 		.4byte	.LFB5
 1108 003c 06000000 		.4byte	.LFE5-.LFB5
 1109 0040 00000000 		.4byte	0
 1110 0044 00000000 		.4byte	0
 1111              		.section	.debug_ranges,"",%progbits
 1112              	.Ldebug_ranges0:
 1113 0000 12000000 		.4byte	.LBB2
 1114 0004 20000000 		.4byte	.LBE2
 1115 0008 22000000 		.4byte	.LBB3
 1116 000c 24000000 		.4byte	.LBE3
 1117 0010 00000000 		.4byte	0
 1118 0014 00000000 		.4byte	0
 1119 0018 00000000 		.4byte	.LFB1
 1120 001c 2A000000 		.4byte	.LFE1
 1121 0020 00000000 		.4byte	.LFB0
 1122 0024 08000000 		.4byte	.LFE0
 1123 0028 00000000 		.4byte	.LFB2
 1124 002c 44000000 		.4byte	.LFE2
 1125 0030 00000000 		.4byte	.LFB3
 1126 0034 44000000 		.4byte	.LFE3
 1127 0038 00000000 		.4byte	.LFB4
 1128 003c 0C000000 		.4byte	.LFE4
 1129 0040 00000000 		.4byte	.LFB5
 1130 0044 06000000 		.4byte	.LFE5
 1131 0048 00000000 		.4byte	0
 1132 004c 00000000 		.4byte	0
 1133              		.section	.debug_line,"",%progbits
 1134              	.Ldebug_line0:
 1135 0000 F0000000 		.section	.debug_str,"MS",%progbits,1
 1135      02005B00 
 1135      00000201 
 1135      FB0E0D00 
 1135      01010101 
 1136              	.LASF25:
 1137 0000 52435F45 		.ascii	"RC_ERROR_BUFFER_EMTPY\000"
 1137      52524F52 
 1137      5F425546 
 1137      4645525F 
 1137      454D5450 
 1138              	.LASF33:
 1139 0016 52435F45 		.ascii	"RC_ERROR_READ_FAILS\000"
 1139      52524F52 
 1139      5F524541 
 1139      445F4641 
 1139      494C5300 
 1140              	.LASF17:
 1141 002a 52435F45 		.ascii	"RC_ERROR\000"
 1141      52524F52 
 1141      00
ARM GAS  C:\Users\zakis\AppData\Local\Temp\ccmZeLVV.s 			page 24


 1142              	.LASF56:
 1143 0033 474E5520 		.ascii	"GNU C11 5.4.1 20160609 (release) [ARM/embedded-5-br"
 1143      43313120 
 1143      352E342E 
 1143      31203230 
 1143      31363036 
 1144 0066 616E6368 		.ascii	"anch revision 237715] -mcpu=cortex-m3 -mthumb -g -O"
 1144      20726576 
 1144      6973696F 
 1144      6E203233 
 1144      37373135 
 1145 0099 67202D66 		.ascii	"g -ffunction-sections -ffat-lto-objects\000"
 1145      66756E63 
 1145      74696F6E 
 1145      2D736563 
 1145      74696F6E 
 1146              	.LASF42:
 1147 00c1 52435F54 		.ascii	"RC_TRIGGER\000"
 1147      52494747 
 1147      455200
 1148              	.LASF40:
 1149 00cc 52435F45 		.ascii	"RC_ERROR_UNKNOWN\000"
 1149      52524F52 
 1149      5F554E4B 
 1149      4E4F574E 
 1149      00
 1150              	.LASF36:
 1151 00dd 52435F45 		.ascii	"RC_ERROR_BAD_PARAM\000"
 1151      52524F52 
 1151      5F424144 
 1151      5F504152 
 1151      414D00
 1152              	.LASF43:
 1153 00f0 52435F74 		.ascii	"RC_t\000"
 1153      00
 1154              	.LASF18:
 1155 00f5 52435F45 		.ascii	"RC_ERROR_NULL\000"
 1155      52524F52 
 1155      5F4E554C 
 1155      4C00
 1156              	.LASF57:
 1157 0103 736F7572 		.ascii	"source\\bsw\\cdd\\ringBuffer.c\000"
 1157      63655C62 
 1157      73775C63 
 1157      64645C72 
 1157      696E6742 
 1158              	.LASF32:
 1159 011f 52435F45 		.ascii	"RC_ERROR_INVALID\000"
 1159      52524F52 
 1159      5F494E56 
 1159      414C4944 
 1159      00
 1160              	.LASF50:
 1161 0130 52425F63 		.ascii	"RB_clear\000"
 1161      6C656172 
 1161      00
 1162              	.LASF41:
ARM GAS  C:\Users\zakis\AppData\Local\Temp\ccmZeLVV.s 			page 25


 1163 0139 52435F45 		.ascii	"RC_ERROR_NOT_IMPLEMENTED\000"
 1163      52524F52 
 1163      5F4E4F54 
 1163      5F494D50 
 1163      4C454D45 
 1164              	.LASF51:
 1165 0152 52425F69 		.ascii	"RB_init\000"
 1165      6E697400 
 1166              	.LASF47:
 1167 015a 6D5F7772 		.ascii	"m_writeIndex\000"
 1167      69746549 
 1167      6E646578 
 1167      00
 1168              	.LASF14:
 1169 0167 666C6F61 		.ascii	"float\000"
 1169      7400
 1170              	.LASF53:
 1171 016d 64617461 		.ascii	"data\000"
 1171      00
 1172              	.LASF4:
 1173 0172 756E7369 		.ascii	"unsigned char\000"
 1173      676E6564 
 1173      20636861 
 1173      7200
 1174              	.LASF55:
 1175 0180 52425F67 		.ascii	"RB_getCapacity\000"
 1175      65744361 
 1175      70616369 
 1175      747900
 1176              	.LASF16:
 1177 018f 52435F53 		.ascii	"RC_SUCCESS\000"
 1177      55434345 
 1177      535300
 1178              	.LASF19:
 1179 019a 52435F45 		.ascii	"RC_ERROR_ZERO\000"
 1179      52524F52 
 1179      5F5A4552 
 1179      4F00
 1180              	.LASF23:
 1181 01a8 52435F45 		.ascii	"RC_ERROR_UNDERRUN\000"
 1181      52524F52 
 1181      5F554E44 
 1181      45525255 
 1181      4E00
 1182              	.LASF8:
 1183 01ba 6C6F6E67 		.ascii	"long unsigned int\000"
 1183      20756E73 
 1183      69676E65 
 1183      6420696E 
 1183      7400
 1184              	.LASF6:
 1185 01cc 73686F72 		.ascii	"short unsigned int\000"
 1185      7420756E 
 1185      7369676E 
 1185      65642069 
 1185      6E7400
 1186              	.LASF27:
ARM GAS  C:\Users\zakis\AppData\Local\Temp\ccmZeLVV.s 			page 26


 1187 01df 52435F45 		.ascii	"RC_ERROR_TIME_OUT\000"
 1187      52524F52 
 1187      5F54494D 
 1187      455F4F55 
 1187      5400
 1188              	.LASF37:
 1189 01f1 52435F45 		.ascii	"RC_ERROR_BAD_DATA\000"
 1189      52524F52 
 1189      5F424144 
 1189      5F444154 
 1189      4100
 1190              	.LASF34:
 1191 0203 52435F45 		.ascii	"RC_ERROR_WRITE_FAILS\000"
 1191      52524F52 
 1191      5F575249 
 1191      54455F46 
 1191      41494C53 
 1192              	.LASF54:
 1193 0218 52425F72 		.ascii	"RB_read\000"
 1193      65616400 
 1194              	.LASF35:
 1195 0220 52435F45 		.ascii	"RC_ERROR_NOT_MATCH\000"
 1195      52524F52 
 1195      5F4E4F54 
 1195      5F4D4154 
 1195      434800
 1196              	.LASF15:
 1197 0233 646F7562 		.ascii	"double\000"
 1197      6C6500
 1198              	.LASF22:
 1199 023a 52435F45 		.ascii	"RC_ERROR_OVERRUN\000"
 1199      52524F52 
 1199      5F4F5645 
 1199      5252554E 
 1199      00
 1200              	.LASF20:
 1201 024b 52435F45 		.ascii	"RC_ERROR_MEMORY\000"
 1201      52524F52 
 1201      5F4D454D 
 1201      4F525900 
 1202              	.LASF38:
 1203 025b 52435F45 		.ascii	"RC_ERROR_CANCELED\000"
 1203      52524F52 
 1203      5F43414E 
 1203      43454C45 
 1203      4400
 1204              	.LASF59:
 1205 026d 52425F67 		.ascii	"RB_getNumberOfStoredElements\000"
 1205      65744E75 
 1205      6D626572 
 1205      4F665374 
 1205      6F726564 
 1206              	.LASF0:
 1207 028a 756E7369 		.ascii	"unsigned int\000"
 1207      676E6564 
 1207      20696E74 
 1207      00
ARM GAS  C:\Users\zakis\AppData\Local\Temp\ccmZeLVV.s 			page 27


 1208              	.LASF26:
 1209 0297 52435F45 		.ascii	"RC_ERROR_BUSY\000"
 1209      52524F52 
 1209      5F425553 
 1209      5900
 1210              	.LASF52:
 1211 02a5 52425F77 		.ascii	"RB_write\000"
 1211      72697465 
 1211      00
 1212              	.LASF45:
 1213 02ae 6D5F6461 		.ascii	"m_data\000"
 1213      746100
 1214              	.LASF9:
 1215 02b5 6C6F6E67 		.ascii	"long long unsigned int\000"
 1215      206C6F6E 
 1215      6720756E 
 1215      7369676E 
 1215      65642069 
 1216              	.LASF12:
 1217 02cc 75696E74 		.ascii	"uint8_t\000"
 1217      385F7400 
 1218              	.LASF29:
 1219 02d4 52435F45 		.ascii	"RC_ERROR_CHECKSUM\000"
 1219      52524F52 
 1219      5F434845 
 1219      434B5355 
 1219      4D00
 1220              	.LASF39:
 1221 02e6 52435F45 		.ascii	"RC_ERROR_INVALID_STATE\000"
 1221      52524F52 
 1221      5F494E56 
 1221      414C4944 
 1221      5F535441 
 1222              	.LASF24:
 1223 02fd 52435F45 		.ascii	"RC_ERROR_BUFFER_FULL\000"
 1223      52524F52 
 1223      5F425546 
 1223      4645525F 
 1223      46554C4C 
 1224              	.LASF10:
 1225 0312 73697A65 		.ascii	"sizetype\000"
 1225      74797065 
 1225      00
 1226              	.LASF1:
 1227 031b 6C6F6E67 		.ascii	"long long int\000"
 1227      206C6F6E 
 1227      6720696E 
 1227      7400
 1228              	.LASF11:
 1229 0329 63686172 		.ascii	"char\000"
 1229      00
 1230              	.LASF48:
 1231 032e 6D5F6669 		.ascii	"m_fillLevel\000"
 1231      6C6C4C65 
 1231      76656C00 
 1232              	.LASF49:
 1233 033a 52425F74 		.ascii	"RB_t\000"
ARM GAS  C:\Users\zakis\AppData\Local\Temp\ccmZeLVV.s 			page 28


 1233      00
 1234              	.LASF5:
 1235 033f 73686F72 		.ascii	"short int\000"
 1235      7420696E 
 1235      7400
 1236              	.LASF46:
 1237 0349 6D5F7265 		.ascii	"m_readIndex\000"
 1237      6164496E 
 1237      64657800 
 1238              	.LASF31:
 1239 0355 52435F45 		.ascii	"RC_ERROR_WRITE_ONLY\000"
 1239      52524F52 
 1239      5F575249 
 1239      54455F4F 
 1239      4E4C5900 
 1240              	.LASF13:
 1241 0369 75696E74 		.ascii	"uint16_t\000"
 1241      31365F74 
 1241      00
 1242              	.LASF7:
 1243 0372 6C6F6E67 		.ascii	"long int\000"
 1243      20696E74 
 1243      00
 1244              	.LASF2:
 1245 037b 6C6F6E67 		.ascii	"long double\000"
 1245      20646F75 
 1245      626C6500 
 1246              	.LASF30:
 1247 0387 52435F45 		.ascii	"RC_ERROR_READ_ONLY\000"
 1247      52524F52 
 1247      5F524541 
 1247      445F4F4E 
 1247      4C5900
 1248              	.LASF3:
 1249 039a 7369676E 		.ascii	"signed char\000"
 1249      65642063 
 1249      68617200 
 1250              	.LASF28:
 1251 03a6 52435F45 		.ascii	"RC_ERROR_OPEN\000"
 1251      52524F52 
 1251      5F4F5045 
 1251      4E00
 1252              	.LASF58:
 1253 03b4 433A5C55 		.ascii	"C:\\Users\\zakis\\Documents\\EOS_Assignment_Two\\JS"
 1253      73657273 
 1253      5C7A616B 
 1253      69735C44 
 1253      6F63756D 
 1254 03e2 4F4E5F50 		.ascii	"ON_Parser\\EOS_Assignment_Two\\JSON_Parser.cydsn\000"
 1254      61727365 
 1254      725C454F 
 1254      535F4173 
 1254      7369676E 
 1255              	.LASF44:
 1256 0411 52425F64 		.ascii	"RB_data_t\000"
 1256      6174615F 
 1256      7400
ARM GAS  C:\Users\zakis\AppData\Local\Temp\ccmZeLVV.s 			page 29


 1257              	.LASF21:
 1258 041b 52435F45 		.ascii	"RC_ERROR_RANGE\000"
 1258      52524F52 
 1258      5F52414E 
 1258      474500
 1259              		.ident	"GCC: (GNU Tools for ARM Embedded Processors) 5.4.1 20160609 (release) [ARM/embedded-5-bran
