ARM GAS  C:\Users\zakis\AppData\Local\Temp\cc0Yr0df.s 			page 1


   1              		.syntax unified
   2              		.cpu cortex-m3
   3              		.fpu softvfp
   4              		.eabi_attribute 20, 1
   5              		.eabi_attribute 21, 1
   6              		.eabi_attribute 23, 3
   7              		.eabi_attribute 24, 1
   8              		.eabi_attribute 25, 1
   9              		.eabi_attribute 26, 1
  10              		.eabi_attribute 30, 1
  11              		.eabi_attribute 34, 1
  12              		.eabi_attribute 18, 4
  13              		.thumb
  14              		.syntax unified
  15              		.file	"uart.c"
  16              		.text
  17              	.Ltext0:
  18              		.cfi_sections	.debug_frame
  19              		.section	.text.UART_init,"ax",%progbits
  20              		.align	2
  21              		.global	UART_init
  22              		.thumb
  23              		.thumb_func
  24              		.type	UART_init, %function
  25              	UART_init:
  26              	.LFB0:
  27              		.file 1 "source\\bsw\\cdd\\uart.c"
   1:source\bsw\cdd/uart.c **** /**
   2:source\bsw\cdd/uart.c **** * \file uart.c
   3:source\bsw\cdd/uart.c **** * \author P. Fromm
   4:source\bsw\cdd/uart.c **** * \date 8.12.19
   5:source\bsw\cdd/uart.c **** *
   6:source\bsw\cdd/uart.c **** * \brief UART wrapper
   7:source\bsw\cdd/uart.c **** *
   8:source\bsw\cdd/uart.c **** * \copyright Copyright ©2016
   9:source\bsw\cdd/uart.c **** * Department of electrical engineering and information technology, Hochschule Darmstadt - Universit
  10:source\bsw\cdd/uart.c **** * Permission to use, copy, modify, and distribute this software and its documentation for education
  11:source\bsw\cdd/uart.c **** * (unless permitted by h_da) and official h_da projects, is hereby granted for enrolled students of
  12:source\bsw\cdd/uart.c **** * this paragraph and the following paragraph appear in all copies, modifications, and distributions
  13:source\bsw\cdd/uart.c **** * Contact Prof.Dr.-Ing. Peter Fromm, peter.fromm@h-da.de, Birkenweg 8 64295 Darmstadt - GERMANY for
  14:source\bsw\cdd/uart.c **** *
  15:source\bsw\cdd/uart.c **** * \warning This software is a PROTOTYPE version and is not designed or intended for use in producti
  16:source\bsw\cdd/uart.c **** * The user represents and warrants that it will NOT use or redistribute the Software for such purpo
  17:source\bsw\cdd/uart.c **** * This prototype is for research purposes only. This software is provided "AS IS," without a warran
  18:source\bsw\cdd/uart.c **** */
  19:source\bsw\cdd/uart.c **** 
  20:source\bsw\cdd/uart.c **** /*****************************************************************************/
  21:source\bsw\cdd/uart.c **** /* Include files                                                             */
  22:source\bsw\cdd/uart.c **** /*****************************************************************************/
  23:source\bsw\cdd/uart.c **** #include <string.h>
  24:source\bsw\cdd/uart.c **** 
  25:source\bsw\cdd/uart.c **** #include "uart.h"
  26:source\bsw\cdd/uart.c **** 
  27:source\bsw\cdd/uart.c **** /*****************************************************************************/
  28:source\bsw\cdd/uart.c **** /* Local pre-processor symbols/macros ('#define')                            */
  29:source\bsw\cdd/uart.c **** /*****************************************************************************/
  30:source\bsw\cdd/uart.c **** 
ARM GAS  C:\Users\zakis\AppData\Local\Temp\cc0Yr0df.s 			page 2


  31:source\bsw\cdd/uart.c **** /*****************************************************************************/
  32:source\bsw\cdd/uart.c **** /* Global variable definitions (declared in header file with 'extern')       */
  33:source\bsw\cdd/uart.c **** /*****************************************************************************/
  34:source\bsw\cdd/uart.c **** 
  35:source\bsw\cdd/uart.c **** /*****************************************************************************/
  36:source\bsw\cdd/uart.c **** /* Local type definitions ('typedef')                                        */
  37:source\bsw\cdd/uart.c **** /*****************************************************************************/
  38:source\bsw\cdd/uart.c **** 
  39:source\bsw\cdd/uart.c **** /*****************************************************************************/
  40:source\bsw\cdd/uart.c **** /* Local variable definitions ('static')                                     */
  41:source\bsw\cdd/uart.c **** /*****************************************************************************/
  42:source\bsw\cdd/uart.c **** 
  43:source\bsw\cdd/uart.c **** 
  44:source\bsw\cdd/uart.c **** 
  45:source\bsw\cdd/uart.c **** /*****************************************************************************/
  46:source\bsw\cdd/uart.c **** /* Local function prototypes ('static')                                      */
  47:source\bsw\cdd/uart.c **** /*****************************************************************************/
  48:source\bsw\cdd/uart.c **** 
  49:source\bsw\cdd/uart.c **** 
  50:source\bsw\cdd/uart.c **** /*****************************************************************************/
  51:source\bsw\cdd/uart.c **** /* Function implementation - global ('extern') and local ('static')          */
  52:source\bsw\cdd/uart.c **** /*****************************************************************************/
  53:source\bsw\cdd/uart.c **** 
  54:source\bsw\cdd/uart.c **** /**
  55:source\bsw\cdd/uart.c ****  * Init a Uart Port
  56:source\bsw\cdd/uart.c ****  * @param UART_t * const me : IN/OUT - pointer to uart port object 
  57:source\bsw\cdd/uart.c ****  * @return RC_SUCCESS or error code
  58:source\bsw\cdd/uart.c ****  */
  59:source\bsw\cdd/uart.c **** RC_t UART_init(UART_t *const me)
  60:source\bsw\cdd/uart.c **** {
  28              		.loc 1 60 0
  29              		.cfi_startproc
  30              		@ args = 0, pretend = 0, frame = 0
  31              		@ frame_needed = 0, uses_anonymous_args = 0
  32              	.LVL0:
  33 0000 38B5     		push	{r3, r4, r5, lr}
  34              		.cfi_def_cfa_offset 16
  35              		.cfi_offset 3, -16
  36              		.cfi_offset 4, -12
  37              		.cfi_offset 5, -8
  38              		.cfi_offset 14, -4
  39 0002 0446     		mov	r4, r0
  61:source\bsw\cdd/uart.c ****     RB_init(&me->m_rxBuffer);
  40              		.loc 1 61 0
  41 0004 CE30     		adds	r0, r0, #206
  42              	.LVL1:
  43 0006 FFF7FEFF 		bl	RB_init
  44              	.LVL2:
  62:source\bsw\cdd/uart.c ****     RB_init(&me->m_txBuffer);
  45              		.loc 1 62 0
  46 000a 2046     		mov	r0, r4
  47 000c FFF7FEFF 		bl	RB_init
  48              	.LVL3:
  63:source\bsw\cdd/uart.c ****     me -> countISR = 0;
  49              		.loc 1 63 0
  50 0010 0025     		movs	r5, #0
  51 0012 A4F89C51 		strh	r5, [r4, #412]	@ movhi
ARM GAS  C:\Users\zakis\AppData\Local\Temp\cc0Yr0df.s 			page 3


  64:source\bsw\cdd/uart.c ****     
  65:source\bsw\cdd/uart.c ****     UART_start();
  52              		.loc 1 65 0
  53 0016 FFF7FEFF 		bl	UART_LOG_Start
  54              	.LVL4:
  66:source\bsw\cdd/uart.c ****     UART_putString("UART is ready to receive JSON packets\n");
  55              		.loc 1 66 0
  56 001a 0248     		ldr	r0, .L3
  57 001c FFF7FEFF 		bl	UART_LOG_PutString
  58              	.LVL5:
  67:source\bsw\cdd/uart.c **** 
  68:source\bsw\cdd/uart.c ****     return RC_SUCCESS;
  69:source\bsw\cdd/uart.c **** }
  59              		.loc 1 69 0
  60 0020 2846     		mov	r0, r5
  61 0022 38BD     		pop	{r3, r4, r5, pc}
  62              	.LVL6:
  63              	.L4:
  64              		.align	2
  65              	.L3:
  66 0024 00000000 		.word	.LC0
  67              		.cfi_endproc
  68              	.LFE0:
  69              		.size	UART_init, .-UART_init
  70              		.section	.text.UART_clear,"ax",%progbits
  71              		.align	2
  72              		.global	UART_clear
  73              		.thumb
  74              		.thumb_func
  75              		.type	UART_clear, %function
  76              	UART_clear:
  77              	.LFB1:
  70:source\bsw\cdd/uart.c **** 
  71:source\bsw\cdd/uart.c **** RC_t UART_clear(UART_t *const me){
  78              		.loc 1 71 0
  79              		.cfi_startproc
  80              		@ args = 0, pretend = 0, frame = 0
  81              		@ frame_needed = 0, uses_anonymous_args = 0
  82              	.LVL7:
  83 0000 10B5     		push	{r4, lr}
  84              		.cfi_def_cfa_offset 8
  85              		.cfi_offset 4, -8
  86              		.cfi_offset 14, -4
  87 0002 0446     		mov	r4, r0
  72:source\bsw\cdd/uart.c ****     RB_clear(&me->m_rxBuffer);
  88              		.loc 1 72 0
  89 0004 CE30     		adds	r0, r0, #206
  90              	.LVL8:
  91 0006 FFF7FEFF 		bl	RB_clear
  92              	.LVL9:
  73:source\bsw\cdd/uart.c ****     RB_clear(&me->m_txBuffer);
  93              		.loc 1 73 0
  94 000a 2046     		mov	r0, r4
  95 000c FFF7FEFF 		bl	RB_clear
  96              	.LVL10:
  74:source\bsw\cdd/uart.c ****     
  75:source\bsw\cdd/uart.c ****     return RC_SUCCESS;
ARM GAS  C:\Users\zakis\AppData\Local\Temp\cc0Yr0df.s 			page 4


  76:source\bsw\cdd/uart.c **** 
  77:source\bsw\cdd/uart.c **** }
  97              		.loc 1 77 0
  98 0010 0020     		movs	r0, #0
  99 0012 10BD     		pop	{r4, pc}
 100              		.cfi_endproc
 101              	.LFE1:
 102              		.size	UART_clear, .-UART_clear
 103              		.section	.text.UART_restartOperation,"ax",%progbits
 104              		.align	2
 105              		.global	UART_restartOperation
 106              		.thumb
 107              		.thumb_func
 108              		.type	UART_restartOperation, %function
 109              	UART_restartOperation:
 110              	.LFB2:
  78:source\bsw\cdd/uart.c **** 
  79:source\bsw\cdd/uart.c **** RC_t UART_restartOperation(){
 111              		.loc 1 79 0
 112              		.cfi_startproc
 113              		@ args = 0, pretend = 0, frame = 0
 114              		@ frame_needed = 0, uses_anonymous_args = 0
 115 0000 08B5     		push	{r3, lr}
 116              		.cfi_def_cfa_offset 8
 117              		.cfi_offset 3, -8
 118              		.cfi_offset 14, -4
  80:source\bsw\cdd/uart.c ****     UART_LOG_Stop();
 119              		.loc 1 80 0
 120 0002 FFF7FEFF 		bl	UART_LOG_Stop
 121              	.LVL11:
  81:source\bsw\cdd/uart.c ****     UART_start();
 122              		.loc 1 81 0
 123 0006 FFF7FEFF 		bl	UART_LOG_Start
 124              	.LVL12:
  82:source\bsw\cdd/uart.c **** 
  83:source\bsw\cdd/uart.c **** }
 125              		.loc 1 83 0
 126 000a 08BD     		pop	{r3, pc}
 127              		.cfi_endproc
 128              	.LFE2:
 129              		.size	UART_restartOperation, .-UART_restartOperation
 130              		.section	.text.UART_writeString,"ax",%progbits
 131              		.align	2
 132              		.global	UART_writeString
 133              		.thumb
 134              		.thumb_func
 135              		.type	UART_writeString, %function
 136              	UART_writeString:
 137              	.LFB3:
  84:source\bsw\cdd/uart.c **** 
  85:source\bsw\cdd/uart.c **** /**
  86:source\bsw\cdd/uart.c ****  * Write a string to the UART, Using Ringbuffer and ISR
  87:source\bsw\cdd/uart.c ****  * @param UART_t * const me : IN/OUT - pointer to uart port object 
  88:source\bsw\cdd/uart.c ****  * @param uint8_t const * const s : IN - pointer to the string to be transmitted
  89:source\bsw\cdd/uart.c ****  * @return <return description>
  90:source\bsw\cdd/uart.c ****  */
  91:source\bsw\cdd/uart.c **** RC_t UART_writeString(UART_t *const me, uint8_t const * const s)
ARM GAS  C:\Users\zakis\AppData\Local\Temp\cc0Yr0df.s 			page 5


  92:source\bsw\cdd/uart.c **** {
 138              		.loc 1 92 0
 139              		.cfi_startproc
 140              		@ args = 0, pretend = 0, frame = 8
 141              		@ frame_needed = 0, uses_anonymous_args = 0
 142              	.LVL13:
 143 0000 2DE9F041 		push	{r4, r5, r6, r7, r8, lr}
 144              		.cfi_def_cfa_offset 24
 145              		.cfi_offset 4, -24
 146              		.cfi_offset 5, -20
 147              		.cfi_offset 6, -16
 148              		.cfi_offset 7, -12
 149              		.cfi_offset 8, -8
 150              		.cfi_offset 14, -4
 151 0004 82B0     		sub	sp, sp, #8
 152              		.cfi_def_cfa_offset 32
 153 0006 8046     		mov	r8, r0
 154 0008 0E46     		mov	r6, r1
  93:source\bsw\cdd/uart.c ****     //Write data into ringbuffer
  94:source\bsw\cdd/uart.c ****     uint16_t len = strlen(s);
 155              		.loc 1 94 0
 156 000a 0846     		mov	r0, r1
 157              	.LVL14:
 158 000c FFF7FEFF 		bl	strlen
 159              	.LVL15:
 160 0010 85B2     		uxth	r5, r0
 161              	.LVL16:
  95:source\bsw\cdd/uart.c ****     uint16_t capacity = RB_getCapacity(&me->m_txBuffer);
 162              		.loc 1 95 0
 163 0012 4046     		mov	r0, r8
 164 0014 FFF7FEFF 		bl	RB_getCapacity
 165              	.LVL17:
  96:source\bsw\cdd/uart.c ****     
  97:source\bsw\cdd/uart.c ****     if (len < capacity)
 166              		.loc 1 97 0
 167 0018 8542     		cmp	r5, r0
 168 001a 09D3     		bcc	.L13
  98:source\bsw\cdd/uart.c ****     {
  99:source\bsw\cdd/uart.c ****         for (uint16_t i = 0; i < len; i++)
 100:source\bsw\cdd/uart.c ****         {
 101:source\bsw\cdd/uart.c ****             RB_write(&me->m_txBuffer, &s[i]);
 102:source\bsw\cdd/uart.c ****         }
 103:source\bsw\cdd/uart.c ****     
 104:source\bsw\cdd/uart.c ****         //Initiate transfer
 105:source\bsw\cdd/uart.c ****         //Can be optimized in terms of speed
 106:source\bsw\cdd/uart.c ****         uint8_t firstElement = 0;
 107:source\bsw\cdd/uart.c ****         RB_read(&me->m_txBuffer, &firstElement);
 108:source\bsw\cdd/uart.c ****         
 109:source\bsw\cdd/uart.c ****         //Send to driver
 110:source\bsw\cdd/uart.c ****         //Rest will be transmitted by TX_isr;
 111:source\bsw\cdd/uart.c ****         UART_writeByte(firstElement);
 112:source\bsw\cdd/uart.c ****     }
 113:source\bsw\cdd/uart.c ****     else
 114:source\bsw\cdd/uart.c ****     {
 115:source\bsw\cdd/uart.c ****         return RC_ERROR_MEMORY;
 169              		.loc 1 115 0
 170 001c 6FF00300 		mvn	r0, #3
ARM GAS  C:\Users\zakis\AppData\Local\Temp\cc0Yr0df.s 			page 6


 171              	.LVL18:
 172 0020 16E0     		b	.L11
 173              	.LVL19:
 174              	.L12:
 175              	.LBB2:
 176              	.LBB3:
 101:source\bsw\cdd/uart.c ****         }
 177              		.loc 1 101 0 discriminator 3
 178 0022 3119     		adds	r1, r6, r4
 179 0024 3846     		mov	r0, r7
 180 0026 FFF7FEFF 		bl	RB_write
 181              	.LVL20:
  99:source\bsw\cdd/uart.c ****         {
 182              		.loc 1 99 0 discriminator 3
 183 002a 0134     		adds	r4, r4, #1
 184              	.LVL21:
 185 002c A4B2     		uxth	r4, r4
 186              	.LVL22:
 187 002e 01E0     		b	.L10
 188              	.LVL23:
 189              	.L13:
 190 0030 4746     		mov	r7, r8
 191              	.LBE3:
 192              	.LBE2:
 193 0032 0024     		movs	r4, #0
 194              	.LVL24:
 195              	.L10:
 196              	.LBB5:
 197              	.LBB4:
  99:source\bsw\cdd/uart.c ****         {
 198              		.loc 1 99 0 is_stmt 0 discriminator 1
 199 0034 AC42     		cmp	r4, r5
 200 0036 F4D3     		bcc	.L12
 201              	.LBE4:
 106:source\bsw\cdd/uart.c ****         RB_read(&me->m_txBuffer, &firstElement);
 202              		.loc 1 106 0 is_stmt 1
 203 0038 0024     		movs	r4, #0
 204              	.LVL25:
 205 003a 02A9     		add	r1, sp, #8
 206 003c 01F8014D 		strb	r4, [r1, #-1]!
 107:source\bsw\cdd/uart.c ****         
 207              		.loc 1 107 0
 208 0040 4046     		mov	r0, r8
 209 0042 FFF7FEFF 		bl	RB_read
 210              	.LVL26:
 111:source\bsw\cdd/uart.c ****     }
 211              		.loc 1 111 0
 212 0046 9DF80700 		ldrb	r0, [sp, #7]	@ zero_extendqisi2
 213 004a FFF7FEFF 		bl	UART_LOG_WriteTxData
 214              	.LVL27:
 215              	.LBE5:
 116:source\bsw\cdd/uart.c ****     }
 117:source\bsw\cdd/uart.c ****     
 118:source\bsw\cdd/uart.c ****     return RC_SUCCESS;
 216              		.loc 1 118 0
 217 004e 2046     		mov	r0, r4
 218              	.LVL28:
ARM GAS  C:\Users\zakis\AppData\Local\Temp\cc0Yr0df.s 			page 7


 219              	.L11:
 119:source\bsw\cdd/uart.c **** }
 220              		.loc 1 119 0
 221 0050 02B0     		add	sp, sp, #8
 222              		.cfi_def_cfa_offset 24
 223              		@ sp needed
 224 0052 BDE8F081 		pop	{r4, r5, r6, r7, r8, pc}
 225              		.cfi_endproc
 226              	.LFE3:
 227              		.size	UART_writeString, .-UART_writeString
 228              		.section	.text.UART_TX_isrHandler,"ax",%progbits
 229              		.align	2
 230              		.global	UART_TX_isrHandler
 231              		.thumb
 232              		.thumb_func
 233              		.type	UART_TX_isrHandler, %function
 234              	UART_TX_isrHandler:
 235              	.LFB4:
 120:source\bsw\cdd/uart.c **** 
 121:source\bsw\cdd/uart.c **** /**
 122:source\bsw\cdd/uart.c ****  * Write next char to the UART port
 123:source\bsw\cdd/uart.c ****  * @param UART_t * const me : IN/OUT - pointer to uart port object 
 124:source\bsw\cdd/uart.c ****  * @return RC_SUCCESS or errorcode
 125:source\bsw\cdd/uart.c ****  */
 126:source\bsw\cdd/uart.c **** RC_t UART_TX_isrHandler(UART_t *const me)
 127:source\bsw\cdd/uart.c **** {
 236              		.loc 1 127 0
 237              		.cfi_startproc
 238              		@ args = 0, pretend = 0, frame = 8
 239              		@ frame_needed = 0, uses_anonymous_args = 0
 240              	.LVL29:
 241 0000 30B5     		push	{r4, r5, lr}
 242              		.cfi_def_cfa_offset 12
 243              		.cfi_offset 4, -12
 244              		.cfi_offset 5, -8
 245              		.cfi_offset 14, -4
 246 0002 83B0     		sub	sp, sp, #12
 247              		.cfi_def_cfa_offset 24
 248 0004 0546     		mov	r5, r0
 128:source\bsw\cdd/uart.c ****     
 129:source\bsw\cdd/uart.c ****     if (RB_getNumberOfStoredElements(&me->m_txBuffer))
 249              		.loc 1 129 0
 250 0006 FFF7FEFF 		bl	RB_getNumberOfStoredElements
 251              	.LVL30:
 252 000a 60B1     		cbz	r0, .L17
 253              	.LBB6:
 130:source\bsw\cdd/uart.c ****     {
 131:source\bsw\cdd/uart.c ****         uint8_t nextElement = 0;
 254              		.loc 1 131 0
 255 000c 0024     		movs	r4, #0
 256 000e 02A9     		add	r1, sp, #8
 257 0010 01F8014D 		strb	r4, [r1, #-1]!
 132:source\bsw\cdd/uart.c ****         RB_read(&me->m_txBuffer, &nextElement);
 258              		.loc 1 132 0
 259 0014 2846     		mov	r0, r5
 260 0016 FFF7FEFF 		bl	RB_read
 261              	.LVL31:
ARM GAS  C:\Users\zakis\AppData\Local\Temp\cc0Yr0df.s 			page 8


 133:source\bsw\cdd/uart.c ****         
 134:source\bsw\cdd/uart.c ****         //Send to driver
 135:source\bsw\cdd/uart.c ****         UART_writeByte(nextElement);
 262              		.loc 1 135 0
 263 001a 9DF80700 		ldrb	r0, [sp, #7]	@ zero_extendqisi2
 264 001e FFF7FEFF 		bl	UART_LOG_WriteTxData
 265              	.LVL32:
 136:source\bsw\cdd/uart.c ****         
 137:source\bsw\cdd/uart.c ****         return RC_SUCCESS;
 266              		.loc 1 137 0
 267 0022 2046     		mov	r0, r4
 268 0024 01E0     		b	.L16
 269              	.L17:
 270              	.LBE6:
 138:source\bsw\cdd/uart.c ****     }
 139:source\bsw\cdd/uart.c ****     else
 140:source\bsw\cdd/uart.c ****     {
 141:source\bsw\cdd/uart.c ****         //do nothing, transfer ended
 142:source\bsw\cdd/uart.c ****         return RC_ERROR_BUFFER_EMTPY;
 271              		.loc 1 142 0
 272 0026 6FF00800 		mvn	r0, #8
 273              	.L16:
 143:source\bsw\cdd/uart.c ****     }
 144:source\bsw\cdd/uart.c ****     
 145:source\bsw\cdd/uart.c **** }
 274              		.loc 1 145 0 discriminator 1
 275 002a 03B0     		add	sp, sp, #12
 276              		.cfi_def_cfa_offset 12
 277              		@ sp needed
 278 002c 30BD     		pop	{r4, r5, pc}
 279              		.cfi_endproc
 280              	.LFE4:
 281              		.size	UART_TX_isrHandler, .-UART_TX_isrHandler
 282 002e 00BF     		.section	.text.UART_RX_isrHandler,"ax",%progbits
 283              		.align	2
 284              		.global	UART_RX_isrHandler
 285              		.thumb
 286              		.thumb_func
 287              		.type	UART_RX_isrHandler, %function
 288              	UART_RX_isrHandler:
 289              	.LFB5:
 146:source\bsw\cdd/uart.c **** 
 147:source\bsw\cdd/uart.c **** 
 148:source\bsw\cdd/uart.c **** 
 149:source\bsw\cdd/uart.c **** RC_t UART_RX_isrHandler(UART_t *const me){
 290              		.loc 1 149 0
 291              		.cfi_startproc
 292              		@ args = 0, pretend = 0, frame = 8
 293              		@ frame_needed = 0, uses_anonymous_args = 0
 294              	.LVL33:
 295 0000 10B5     		push	{r4, lr}
 296              		.cfi_def_cfa_offset 8
 297              		.cfi_offset 4, -8
 298              		.cfi_offset 14, -4
 299 0002 82B0     		sub	sp, sp, #8
 300              		.cfi_def_cfa_offset 16
 301 0004 0446     		mov	r4, r0
ARM GAS  C:\Users\zakis\AppData\Local\Temp\cc0Yr0df.s 			page 9


 150:source\bsw\cdd/uart.c ****     uint8_t receivedByte = UART_readByte();
 302              		.loc 1 150 0
 303 0006 FFF7FEFF 		bl	UART_LOG_GetByte
 304              	.LVL34:
 305 000a 02A9     		add	r1, sp, #8
 306 000c 01F8010D 		strb	r0, [r1, #-1]!
 307              	.LVL35:
 151:source\bsw\cdd/uart.c ****     
 152:source\bsw\cdd/uart.c ****     
 153:source\bsw\cdd/uart.c ****     RC_t result = RC_ERROR;
 154:source\bsw\cdd/uart.c ****     result =  RB_write(&me->m_rxBuffer, &receivedByte);
 308              		.loc 1 154 0
 309 0010 04F1CE00 		add	r0, r4, #206
 310 0014 FFF7FEFF 		bl	RB_write
 311              	.LVL36:
 155:source\bsw\cdd/uart.c ****     if (result == RC_SUCCESS && receivedByte == UART_Terminator){
 312              		.loc 1 155 0
 313 0018 0246     		mov	r2, r0
 314 001a 20B9     		cbnz	r0, .L20
 315              		.loc 1 155 0 is_stmt 0 discriminator 1
 316 001c 9DF80730 		ldrb	r3, [sp, #7]	@ zero_extendqisi2
 317 0020 232B     		cmp	r3, #35
 318 0022 00D1     		bne	.L20
 156:source\bsw\cdd/uart.c ****         result = RC_TRIGGER;
 319              		.loc 1 156 0 is_stmt 1
 320 0024 0122     		movs	r2, #1
 321              	.L20:
 322              	.LVL37:
 157:source\bsw\cdd/uart.c ****     }
 158:source\bsw\cdd/uart.c ****     me -> countISR++;
 323              		.loc 1 158 0
 324 0026 B4F89C31 		ldrh	r3, [r4, #412]
 325 002a 0133     		adds	r3, r3, #1
 326 002c A4F89C31 		strh	r3, [r4, #412]	@ movhi
 159:source\bsw\cdd/uart.c ****     return result;
 160:source\bsw\cdd/uart.c **** }
 327              		.loc 1 160 0
 328 0030 1046     		mov	r0, r2
 329 0032 02B0     		add	sp, sp, #8
 330              		.cfi_def_cfa_offset 8
 331              		@ sp needed
 332 0034 10BD     		pop	{r4, pc}
 333              		.cfi_endproc
 334              	.LFE5:
 335              		.size	UART_RX_isrHandler, .-UART_RX_isrHandler
 336 0036 00BF     		.section	.text.UART_getJsonString,"ax",%progbits
 337              		.align	2
 338              		.global	UART_getJsonString
 339              		.thumb
 340              		.thumb_func
 341              		.type	UART_getJsonString, %function
 342              	UART_getJsonString:
 343              	.LFB6:
 161:source\bsw\cdd/uart.c **** 
 162:source\bsw\cdd/uart.c **** RC_t UART_getJsonString(UART_t * const me, uint8_t * const jsonString){
 344              		.loc 1 162 0
 345              		.cfi_startproc
ARM GAS  C:\Users\zakis\AppData\Local\Temp\cc0Yr0df.s 			page 10


 346              		@ args = 0, pretend = 0, frame = 8
 347              		@ frame_needed = 0, uses_anonymous_args = 0
 348              	.LVL38:
 349 0000 70B5     		push	{r4, r5, r6, lr}
 350              		.cfi_def_cfa_offset 16
 351              		.cfi_offset 4, -16
 352              		.cfi_offset 5, -12
 353              		.cfi_offset 6, -8
 354              		.cfi_offset 14, -4
 355 0002 82B0     		sub	sp, sp, #8
 356              		.cfi_def_cfa_offset 24
 357 0004 0546     		mov	r5, r0
 358 0006 0E46     		mov	r6, r1
 359              	.LVL39:
 163:source\bsw\cdd/uart.c **** #if 0
 164:source\bsw\cdd/uart.c ****     if (me == NULL || jsonString == NULL){
 165:source\bsw\cdd/uart.c ****         return RC_ERROR_NULL;
 166:source\bsw\cdd/uart.c ****     }
 167:source\bsw\cdd/uart.c ****     
 168:source\bsw\cdd/uart.c ****     if (RB_getNumberOfStoredElements(&me->m_rxBuffer) == 0) {
 169:source\bsw\cdd/uart.c ****         return RC_ERROR_BUFFER_EMTPY;
 170:source\bsw\cdd/uart.c ****     }
 171:source\bsw\cdd/uart.c **** 
 172:source\bsw\cdd/uart.c **** for (uint8_t i = 0; i > MAX_JSON_STRING_LENGTH; ++i){
 173:source\bsw\cdd/uart.c **** 
 174:source\bsw\cdd/uart.c ****     jsonString[i] = '\0';
 175:source\bsw\cdd/uart.c **** }
 176:source\bsw\cdd/uart.c **** #endif
 177:source\bsw\cdd/uart.c **** 
 178:source\bsw\cdd/uart.c ****     char receivedChar;
 179:source\bsw\cdd/uart.c ****     int index = 0;
 360              		.loc 1 179 0
 361 0008 0024     		movs	r4, #0
 362 000a 00E0     		b	.L26
 363              	.LVL40:
 364              	.L28:
 365              	.LBB7:
 180:source\bsw\cdd/uart.c ****     uint8_t data;
 181:source\bsw\cdd/uart.c ****     while (1) {
 182:source\bsw\cdd/uart.c ****         RC_t result = RB_read(&me->m_rxBuffer, &data);
 183:source\bsw\cdd/uart.c **** 
 184:source\bsw\cdd/uart.c ****         if (result == RC_SUCCESS) {
 185:source\bsw\cdd/uart.c ****             receivedChar = data;
 186:source\bsw\cdd/uart.c ****             jsonString[index++] = receivedChar;
 366              		.loc 1 186 0
 367 000c 1446     		mov	r4, r2
 368              	.LVL41:
 369              	.L26:
 182:source\bsw\cdd/uart.c **** 
 370              		.loc 1 182 0
 371 000e 0DF10701 		add	r1, sp, #7
 372 0012 05F1CE00 		add	r0, r5, #206
 373 0016 FFF7FEFF 		bl	RB_read
 374              	.LVL42:
 184:source\bsw\cdd/uart.c ****             receivedChar = data;
 375              		.loc 1 184 0
 376 001a 60B9     		cbnz	r0, .L27
ARM GAS  C:\Users\zakis\AppData\Local\Temp\cc0Yr0df.s 			page 11


 185:source\bsw\cdd/uart.c ****             jsonString[index++] = receivedChar;
 377              		.loc 1 185 0
 378 001c 9DF80730 		ldrb	r3, [sp, #7]	@ zero_extendqisi2
 379              	.LVL43:
 380              		.loc 1 186 0
 381 0020 621C     		adds	r2, r4, #1
 382              	.LVL44:
 383 0022 3355     		strb	r3, [r6, r4]
 187:source\bsw\cdd/uart.c ****       
 188:source\bsw\cdd/uart.c ****             if (receivedChar == UART_Terminator) {
 384              		.loc 1 188 0
 385 0024 232B     		cmp	r3, #35
 386 0026 01D1     		bne	.L25
 189:source\bsw\cdd/uart.c ****                 jsonString[index] = '\0';
 387              		.loc 1 189 0
 388 0028 B054     		strb	r0, [r6, r2]
 190:source\bsw\cdd/uart.c ****                 //UART_LOG_PutString("UART_getString");
 191:source\bsw\cdd/uart.c ****                 //UART_LOG_PutString((const char8 *)jsonString); // debug
 192:source\bsw\cdd/uart.c ****                 //UART_LOG_PutString("\n");
 193:source\bsw\cdd/uart.c ****                 return RC_SUCCESS;
 389              		.loc 1 193 0
 390 002a 06E0     		b	.L24
 391              	.L25:
 194:source\bsw\cdd/uart.c ****             }
 195:source\bsw\cdd/uart.c **** 
 196:source\bsw\cdd/uart.c ****             if (index >= MAX_JSON_STRING_LENGTH - 1) {
 392              		.loc 1 196 0
 393 002c C62A     		cmp	r2, #198
 394 002e EDDD     		ble	.L28
 197:source\bsw\cdd/uart.c ****                 return RC_ERROR_READ_FAILS;
 395              		.loc 1 197 0
 396 0030 6FF01000 		mvn	r0, #16
 397              	.LVL45:
 398 0034 01E0     		b	.L24
 399              	.LVL46:
 400              	.L27:
 198:source\bsw\cdd/uart.c ****                 break;
 199:source\bsw\cdd/uart.c ****             }
 200:source\bsw\cdd/uart.c ****         } else {
 201:source\bsw\cdd/uart.c ****              return RC_ERROR_READ_FAILS;
 401              		.loc 1 201 0
 402 0036 6FF01000 		mvn	r0, #16
 403              	.LVL47:
 404              	.L24:
 405              	.LBE7:
 202:source\bsw\cdd/uart.c ****             break;
 203:source\bsw\cdd/uart.c ****         }
 204:source\bsw\cdd/uart.c ****     }
 205:source\bsw\cdd/uart.c **** }
 406              		.loc 1 205 0
 407 003a 02B0     		add	sp, sp, #8
 408              		.cfi_def_cfa_offset 16
 409              		@ sp needed
 410 003c 70BD     		pop	{r4, r5, r6, pc}
 411              		.cfi_endproc
 412              	.LFE6:
 413              		.size	UART_getJsonString, .-UART_getJsonString
ARM GAS  C:\Users\zakis\AppData\Local\Temp\cc0Yr0df.s 			page 12


 414 003e 00BF     		.section	.rodata.str1.4,"aMS",%progbits,1
 415              		.align	2
 416              	.LC0:
 417 0000 55415254 		.ascii	"UART is ready to receive JSON packets\012\000"
 417      20697320 
 417      72656164 
 417      7920746F 
 417      20726563 
 418              		.text
 419              	.Letext0:
 420              		.file 2 ".\\source\\bsw/global.h"
 421              		.file 3 "source\\bsw\\cdd\\ringBuffer.h"
 422              		.file 4 "source\\bsw\\cdd\\uart.h"
 423              		.file 5 "Generated_Source\\PSoC5/UART_LOG.h"
 424              		.file 6 "c:\\program files (x86)\\cypress\\psoc creator\\4.4\\psoc creator\\import\\gnu\\arm\\5.4.
 425              		.section	.debug_info,"",%progbits
 426              	.Ldebug_info0:
 427 0000 D7050000 		.4byte	0x5d7
 428 0004 0400     		.2byte	0x4
 429 0006 00000000 		.4byte	.Ldebug_abbrev0
 430 000a 04       		.byte	0x4
 431 000b 01       		.uleb128 0x1
 432 000c 84030000 		.4byte	.LASF81
 433 0010 0C       		.byte	0xc
 434 0011 77040000 		.4byte	.LASF82
 435 0015 F0020000 		.4byte	.LASF83
 436 0019 30000000 		.4byte	.Ldebug_ranges0+0x30
 437 001d 00000000 		.4byte	0
 438 0021 00000000 		.4byte	.Ldebug_line0
 439 0025 02       		.uleb128 0x2
 440 0026 04       		.byte	0x4
 441 0027 05       		.byte	0x5
 442 0028 696E7400 		.ascii	"int\000"
 443 002c 03       		.uleb128 0x3
 444 002d 04       		.byte	0x4
 445 002e 07       		.byte	0x7
 446 002f A0020000 		.4byte	.LASF0
 447 0033 03       		.uleb128 0x3
 448 0034 08       		.byte	0x8
 449 0035 05       		.byte	0x5
 450 0036 44010000 		.4byte	.LASF1
 451 003a 03       		.uleb128 0x3
 452 003b 08       		.byte	0x8
 453 003c 04       		.byte	0x4
 454 003d 1F020000 		.4byte	.LASF2
 455 0041 03       		.uleb128 0x3
 456 0042 01       		.byte	0x1
 457 0043 06       		.byte	0x6
 458 0044 69020000 		.4byte	.LASF3
 459 0048 03       		.uleb128 0x3
 460 0049 01       		.byte	0x1
 461 004a 08       		.byte	0x8
 462 004b 38020000 		.4byte	.LASF4
 463 004f 03       		.uleb128 0x3
 464 0050 02       		.byte	0x2
 465 0051 05       		.byte	0x5
 466 0052 66000000 		.4byte	.LASF5
ARM GAS  C:\Users\zakis\AppData\Local\Temp\cc0Yr0df.s 			page 13


 467 0056 03       		.uleb128 0x3
 468 0057 02       		.byte	0x2
 469 0058 07       		.byte	0x7
 470 0059 71030000 		.4byte	.LASF6
 471 005d 03       		.uleb128 0x3
 472 005e 04       		.byte	0x4
 473 005f 05       		.byte	0x5
 474 0060 89010000 		.4byte	.LASF7
 475 0064 03       		.uleb128 0x3
 476 0065 04       		.byte	0x4
 477 0066 07       		.byte	0x7
 478 0067 AA040000 		.4byte	.LASF8
 479 006b 03       		.uleb128 0x3
 480 006c 08       		.byte	0x8
 481 006d 07       		.byte	0x7
 482 006e 7E020000 		.4byte	.LASF9
 483 0072 03       		.uleb128 0x3
 484 0073 04       		.byte	0x4
 485 0074 07       		.byte	0x7
 486 0075 8A000000 		.4byte	.LASF10
 487 0079 03       		.uleb128 0x3
 488 007a 01       		.byte	0x1
 489 007b 08       		.byte	0x8
 490 007c 39040000 		.4byte	.LASF11
 491 0080 04       		.uleb128 0x4
 492 0081 0D050000 		.4byte	.LASF12
 493 0085 02       		.byte	0x2
 494 0086 91       		.byte	0x91
 495 0087 48000000 		.4byte	0x48
 496 008b 04       		.uleb128 0x4
 497 008c 3E040000 		.4byte	.LASF13
 498 0090 02       		.byte	0x2
 499 0091 93       		.byte	0x93
 500 0092 56000000 		.4byte	0x56
 501 0096 03       		.uleb128 0x3
 502 0097 04       		.byte	0x4
 503 0098 04       		.byte	0x4
 504 0099 25010000 		.4byte	.LASF14
 505 009d 03       		.uleb128 0x3
 506 009e 08       		.byte	0x8
 507 009f 04       		.byte	0x4
 508 00a0 3D050000 		.4byte	.LASF15
 509 00a4 05       		.uleb128 0x5
 510 00a5 01       		.byte	0x1
 511 00a6 41000000 		.4byte	0x41
 512 00aa 02       		.byte	0x2
 513 00ab CF       		.byte	0xcf
 514 00ac 53010000 		.4byte	0x153
 515 00b0 06       		.uleb128 0x6
 516 00b1 41000000 		.4byte	.LASF16
 517 00b5 00       		.byte	0
 518 00b6 07       		.uleb128 0x7
 519 00b7 5E050000 		.4byte	.LASF17
 520 00bb 7F       		.sleb128 -1
 521 00bc 07       		.uleb128 0x7
 522 00bd CC020000 		.4byte	.LASF18
 523 00c1 7E       		.sleb128 -2
ARM GAS  C:\Users\zakis\AppData\Local\Temp\cc0Yr0df.s 			page 14


 524 00c2 07       		.uleb128 0x7
 525 00c3 A6000000 		.4byte	.LASF19
 526 00c7 7D       		.sleb128 -3
 527 00c8 07       		.uleb128 0x7
 528 00c9 67050000 		.4byte	.LASF20
 529 00cd 7C       		.sleb128 -4
 530 00ce 07       		.uleb128 0x7
 531 00cf 16010000 		.4byte	.LASF21
 532 00d3 7B       		.sleb128 -5
 533 00d4 07       		.uleb128 0x7
 534 00d5 FC040000 		.4byte	.LASF22
 535 00d9 7A       		.sleb128 -6
 536 00da 07       		.uleb128 0x7
 537 00db 92010000 		.4byte	.LASF23
 538 00df 79       		.sleb128 -7
 539 00e0 07       		.uleb128 0x7
 540 00e1 BB010000 		.4byte	.LASF24
 541 00e5 78       		.sleb128 -8
 542 00e6 07       		.uleb128 0x7
 543 00e7 DA020000 		.4byte	.LASF25
 544 00eb 77       		.sleb128 -9
 545 00ec 07       		.uleb128 0x7
 546 00ed AD010000 		.4byte	.LASF26
 547 00f1 76       		.sleb128 -10
 548 00f2 07       		.uleb128 0x7
 549 00f3 88050000 		.4byte	.LASF27
 550 00f7 75       		.sleb128 -11
 551 00f8 07       		.uleb128 0x7
 552 00f9 AD020000 		.4byte	.LASF28
 553 00fd 74       		.sleb128 -12
 554 00fe 07       		.uleb128 0x7
 555 00ff EA040000 		.4byte	.LASF29
 556 0103 73       		.sleb128 -13
 557 0104 07       		.uleb128 0x7
 558 0105 2E000000 		.4byte	.LASF30
 559 0109 72       		.sleb128 -14
 560 010a 07       		.uleb128 0x7
 561 010b 52000000 		.4byte	.LASF31
 562 010f 71       		.sleb128 -15
 563 0110 07       		.uleb128 0x7
 564 0111 D0010000 		.4byte	.LASF32
 565 0115 70       		.sleb128 -16
 566 0116 07       		.uleb128 0x7
 567 0117 B4000000 		.4byte	.LASF33
 568 011b 6F       		.sleb128 -17
 569 011c 07       		.uleb128 0x7
 570 011d 75000000 		.4byte	.LASF34
 571 0121 6E       		.sleb128 -18
 572 0122 07       		.uleb128 0x7
 573 0123 65010000 		.4byte	.LASF35
 574 0127 6D       		.sleb128 -19
 575 0128 07       		.uleb128 0x7
 576 0129 55040000 		.4byte	.LASF36
 577 012d 6C       		.sleb128 -20
 578 012e 07       		.uleb128 0x7
 579 012f EE010000 		.4byte	.LASF37
 580 0133 6B       		.sleb128 -21
ARM GAS  C:\Users\zakis\AppData\Local\Temp\cc0Yr0df.s 			page 15


 581 0134 07       		.uleb128 0x7
 582 0135 57020000 		.4byte	.LASF38
 583 0139 6A       		.sleb128 -22
 584 013a 07       		.uleb128 0x7
 585 013b F2000000 		.4byte	.LASF39
 586 013f 69       		.sleb128 -23
 587 0140 07       		.uleb128 0x7
 588 0141 78010000 		.4byte	.LASF40
 589 0145 68       		.sleb128 -24
 590 0146 07       		.uleb128 0x7
 591 0147 2B010000 		.4byte	.LASF41
 592 014b 67       		.sleb128 -25
 593 014c 06       		.uleb128 0x6
 594 014d CA040000 		.4byte	.LASF42
 595 0151 01       		.byte	0x1
 596 0152 00       		.byte	0
 597 0153 04       		.uleb128 0x4
 598 0154 83050000 		.4byte	.LASF43
 599 0158 02       		.byte	0x2
 600 0159 EB       		.byte	0xeb
 601 015a A4000000 		.4byte	0xa4
 602 015e 04       		.uleb128 0x4
 603 015f E2000000 		.4byte	.LASF44
 604 0163 03       		.byte	0x3
 605 0164 5A       		.byte	0x5a
 606 0165 80000000 		.4byte	0x80
 607 0169 08       		.uleb128 0x8
 608 016a CE       		.byte	0xce
 609 016b 03       		.byte	0x3
 610 016c 68       		.byte	0x68
 611 016d A2010000 		.4byte	0x1a2
 612 0171 09       		.uleb128 0x9
 613 0172 57050000 		.4byte	.LASF45
 614 0176 03       		.byte	0x3
 615 0177 69       		.byte	0x69
 616 0178 A2010000 		.4byte	0x1a2
 617 017c 00       		.byte	0
 618 017d 09       		.uleb128 0x9
 619 017e 77050000 		.4byte	.LASF46
 620 0182 03       		.byte	0x3
 621 0183 6A       		.byte	0x6a
 622 0184 8B000000 		.4byte	0x8b
 623 0188 C8       		.byte	0xc8
 624 0189 09       		.uleb128 0x9
 625 018a 16000000 		.4byte	.LASF47
 626 018e 03       		.byte	0x3
 627 018f 6B       		.byte	0x6b
 628 0190 8B000000 		.4byte	0x8b
 629 0194 CA       		.byte	0xca
 630 0195 09       		.uleb128 0x9
 631 0196 00020000 		.4byte	.LASF48
 632 019a 03       		.byte	0x3
 633 019b 6C       		.byte	0x6c
 634 019c 8B000000 		.4byte	0x8b
 635 01a0 CC       		.byte	0xcc
 636 01a1 00       		.byte	0
 637 01a2 0A       		.uleb128 0xa
ARM GAS  C:\Users\zakis\AppData\Local\Temp\cc0Yr0df.s 			page 16


 638 01a3 5E010000 		.4byte	0x15e
 639 01a7 B2010000 		.4byte	0x1b2
 640 01ab 0B       		.uleb128 0xb
 641 01ac 72000000 		.4byte	0x72
 642 01b0 C7       		.byte	0xc7
 643 01b1 00       		.byte	0
 644 01b2 04       		.uleb128 0x4
 645 01b3 70000000 		.4byte	.LASF49
 646 01b7 03       		.byte	0x3
 647 01b8 6D       		.byte	0x6d
 648 01b9 69010000 		.4byte	0x169
 649 01bd 0C       		.uleb128 0xc
 650 01be 4C000000 		.4byte	.LASF84
 651 01c2 9E01     		.2byte	0x19e
 652 01c4 04       		.byte	0x4
 653 01c5 39       		.byte	0x39
 654 01c6 F0010000 		.4byte	0x1f0
 655 01ca 09       		.uleb128 0x9
 656 01cb 23000000 		.4byte	.LASF50
 657 01cf 04       		.byte	0x4
 658 01d0 3A       		.byte	0x3a
 659 01d1 B2010000 		.4byte	0x1b2
 660 01d5 00       		.byte	0
 661 01d6 09       		.uleb128 0x9
 662 01d7 52010000 		.4byte	.LASF51
 663 01db 04       		.byte	0x4
 664 01dc 3B       		.byte	0x3b
 665 01dd B2010000 		.4byte	0x1b2
 666 01e1 CE       		.byte	0xce
 667 01e2 0D       		.uleb128 0xd
 668 01e3 E1040000 		.4byte	.LASF52
 669 01e7 04       		.byte	0x4
 670 01e8 3C       		.byte	0x3c
 671 01e9 8B000000 		.4byte	0x8b
 672 01ed 9C01     		.2byte	0x19c
 673 01ef 00       		.byte	0
 674 01f0 04       		.uleb128 0x4
 675 01f1 47040000 		.4byte	.LASF53
 676 01f5 04       		.byte	0x4
 677 01f6 3E       		.byte	0x3e
 678 01f7 BD010000 		.4byte	0x1bd
 679 01fb 0E       		.uleb128 0xe
 680 01fc 6D040000 		.4byte	.LASF54
 681 0200 01       		.byte	0x1
 682 0201 3B       		.byte	0x3b
 683 0202 53010000 		.4byte	0x153
 684 0206 00000000 		.4byte	.LFB0
 685 020a 28000000 		.4byte	.LFE0-.LFB0
 686 020e 01       		.uleb128 0x1
 687 020f 9C       		.byte	0x9c
 688 0210 68020000 		.4byte	0x268
 689 0214 0F       		.uleb128 0xf
 690 0215 6D6500   		.ascii	"me\000"
 691 0218 01       		.byte	0x1
 692 0219 3B       		.byte	0x3b
 693 021a 6E020000 		.4byte	0x26e
 694 021e 00000000 		.4byte	.LLST0
ARM GAS  C:\Users\zakis\AppData\Local\Temp\cc0Yr0df.s 			page 17


 695 0222 10       		.uleb128 0x10
 696 0223 0A000000 		.4byte	.LVL2
 697 0227 56050000 		.4byte	0x556
 698 022b 37020000 		.4byte	0x237
 699 022f 11       		.uleb128 0x11
 700 0230 01       		.uleb128 0x1
 701 0231 50       		.byte	0x50
 702 0232 03       		.uleb128 0x3
 703 0233 74       		.byte	0x74
 704 0234 CE01     		.sleb128 206
 705 0236 00       		.byte	0
 706 0237 10       		.uleb128 0x10
 707 0238 10000000 		.4byte	.LVL3
 708 023c 56050000 		.4byte	0x556
 709 0240 4B020000 		.4byte	0x24b
 710 0244 11       		.uleb128 0x11
 711 0245 01       		.uleb128 0x1
 712 0246 50       		.byte	0x50
 713 0247 02       		.uleb128 0x2
 714 0248 74       		.byte	0x74
 715 0249 00       		.sleb128 0
 716 024a 00       		.byte	0
 717 024b 12       		.uleb128 0x12
 718 024c 1A000000 		.4byte	.LVL4
 719 0250 61050000 		.4byte	0x561
 720 0254 13       		.uleb128 0x13
 721 0255 20000000 		.4byte	.LVL5
 722 0259 6C050000 		.4byte	0x56c
 723 025d 11       		.uleb128 0x11
 724 025e 01       		.uleb128 0x1
 725 025f 50       		.byte	0x50
 726 0260 05       		.uleb128 0x5
 727 0261 03       		.byte	0x3
 728 0262 00000000 		.4byte	.LC0
 729 0266 00       		.byte	0
 730 0267 00       		.byte	0
 731 0268 14       		.uleb128 0x14
 732 0269 04       		.byte	0x4
 733 026a F0010000 		.4byte	0x1f0
 734 026e 15       		.uleb128 0x15
 735 026f 68020000 		.4byte	0x268
 736 0273 0E       		.uleb128 0xe
 737 0274 D7000000 		.4byte	.LASF55
 738 0278 01       		.byte	0x1
 739 0279 47       		.byte	0x47
 740 027a 53010000 		.4byte	0x153
 741 027e 00000000 		.4byte	.LFB1
 742 0282 14000000 		.4byte	.LFE1-.LFB1
 743 0286 01       		.uleb128 0x1
 744 0287 9C       		.byte	0x9c
 745 0288 C0020000 		.4byte	0x2c0
 746 028c 0F       		.uleb128 0xf
 747 028d 6D6500   		.ascii	"me\000"
 748 0290 01       		.byte	0x1
 749 0291 47       		.byte	0x47
 750 0292 6E020000 		.4byte	0x26e
 751 0296 2C000000 		.4byte	.LLST1
ARM GAS  C:\Users\zakis\AppData\Local\Temp\cc0Yr0df.s 			page 18


 752 029a 10       		.uleb128 0x10
 753 029b 0A000000 		.4byte	.LVL9
 754 029f 77050000 		.4byte	0x577
 755 02a3 AF020000 		.4byte	0x2af
 756 02a7 11       		.uleb128 0x11
 757 02a8 01       		.uleb128 0x1
 758 02a9 50       		.byte	0x50
 759 02aa 03       		.uleb128 0x3
 760 02ab 74       		.byte	0x74
 761 02ac CE01     		.sleb128 206
 762 02ae 00       		.byte	0
 763 02af 13       		.uleb128 0x13
 764 02b0 10000000 		.4byte	.LVL10
 765 02b4 77050000 		.4byte	0x577
 766 02b8 11       		.uleb128 0x11
 767 02b9 01       		.uleb128 0x1
 768 02ba 50       		.byte	0x50
 769 02bb 02       		.uleb128 0x2
 770 02bc 74       		.byte	0x74
 771 02bd 00       		.sleb128 0
 772 02be 00       		.byte	0
 773 02bf 00       		.byte	0
 774 02c0 16       		.uleb128 0x16
 775 02c1 12040000 		.4byte	.LASF85
 776 02c5 01       		.byte	0x1
 777 02c6 4F       		.byte	0x4f
 778 02c7 53010000 		.4byte	0x153
 779 02cb 00000000 		.4byte	.LFB2
 780 02cf 0C000000 		.4byte	.LFE2-.LFB2
 781 02d3 01       		.uleb128 0x1
 782 02d4 9C       		.byte	0x9c
 783 02d5 EC020000 		.4byte	0x2ec
 784 02d9 12       		.uleb128 0x12
 785 02da 06000000 		.4byte	.LVL11
 786 02de 82050000 		.4byte	0x582
 787 02e2 12       		.uleb128 0x12
 788 02e3 0A000000 		.4byte	.LVL12
 789 02e7 61050000 		.4byte	0x561
 790 02eb 00       		.byte	0
 791 02ec 0E       		.uleb128 0xe
 792 02ed BB020000 		.4byte	.LASF56
 793 02f1 01       		.byte	0x1
 794 02f2 5B       		.byte	0x5b
 795 02f3 53010000 		.4byte	0x153
 796 02f7 00000000 		.4byte	.LFB3
 797 02fb 56000000 		.4byte	.LFE3-.LFB3
 798 02ff 01       		.uleb128 0x1
 799 0300 9C       		.byte	0x9c
 800 0301 CC030000 		.4byte	0x3cc
 801 0305 0F       		.uleb128 0xf
 802 0306 6D6500   		.ascii	"me\000"
 803 0309 01       		.byte	0x1
 804 030a 5B       		.byte	0x5b
 805 030b 6E020000 		.4byte	0x26e
 806 030f 4A000000 		.4byte	.LLST2
 807 0313 0F       		.uleb128 0xf
 808 0314 7300     		.ascii	"s\000"
ARM GAS  C:\Users\zakis\AppData\Local\Temp\cc0Yr0df.s 			page 19


 809 0316 01       		.byte	0x1
 810 0317 5B       		.byte	0x5b
 811 0318 D7030000 		.4byte	0x3d7
 812 031c 94000000 		.4byte	.LLST3
 813 0320 17       		.uleb128 0x17
 814 0321 6C656E00 		.ascii	"len\000"
 815 0325 01       		.byte	0x1
 816 0326 5E       		.byte	0x5e
 817 0327 8B000000 		.4byte	0x8b
 818 032b 01       		.uleb128 0x1
 819 032c 55       		.byte	0x55
 820 032d 18       		.uleb128 0x18
 821 032e 75020000 		.4byte	.LASF57
 822 0332 01       		.byte	0x1
 823 0333 5F       		.byte	0x5f
 824 0334 8B000000 		.4byte	0x8b
 825 0338 B2000000 		.4byte	.LLST4
 826 033c 19       		.uleb128 0x19
 827 033d 00000000 		.4byte	.Ldebug_ranges0+0
 828 0341 A7030000 		.4byte	0x3a7
 829 0345 1A       		.uleb128 0x1a
 830 0346 E1010000 		.4byte	.LASF58
 831 034a 01       		.byte	0x1
 832 034b 6A       		.byte	0x6a
 833 034c 80000000 		.4byte	0x80
 834 0350 02       		.uleb128 0x2
 835 0351 91       		.byte	0x91
 836 0352 67       		.sleb128 -25
 837 0353 19       		.uleb128 0x19
 838 0354 18000000 		.4byte	.Ldebug_ranges0+0x18
 839 0358 83030000 		.4byte	0x383
 840 035c 1B       		.uleb128 0x1b
 841 035d 6900     		.ascii	"i\000"
 842 035f 01       		.byte	0x1
 843 0360 63       		.byte	0x63
 844 0361 8B000000 		.4byte	0x8b
 845 0365 D0000000 		.4byte	.LLST5
 846 0369 13       		.uleb128 0x13
 847 036a 2A000000 		.4byte	.LVL20
 848 036e 8D050000 		.4byte	0x58d
 849 0372 11       		.uleb128 0x11
 850 0373 01       		.uleb128 0x1
 851 0374 50       		.byte	0x50
 852 0375 02       		.uleb128 0x2
 853 0376 77       		.byte	0x77
 854 0377 00       		.sleb128 0
 855 0378 11       		.uleb128 0x11
 856 0379 01       		.uleb128 0x1
 857 037a 51       		.byte	0x51
 858 037b 05       		.uleb128 0x5
 859 037c 76       		.byte	0x76
 860 037d 00       		.sleb128 0
 861 037e 74       		.byte	0x74
 862 037f 00       		.sleb128 0
 863 0380 22       		.byte	0x22
 864 0381 00       		.byte	0
 865 0382 00       		.byte	0
ARM GAS  C:\Users\zakis\AppData\Local\Temp\cc0Yr0df.s 			page 20


 866 0383 10       		.uleb128 0x10
 867 0384 46000000 		.4byte	.LVL26
 868 0388 98050000 		.4byte	0x598
 869 038c 9D030000 		.4byte	0x39d
 870 0390 11       		.uleb128 0x11
 871 0391 01       		.uleb128 0x1
 872 0392 50       		.byte	0x50
 873 0393 02       		.uleb128 0x2
 874 0394 77       		.byte	0x77
 875 0395 00       		.sleb128 0
 876 0396 11       		.uleb128 0x11
 877 0397 01       		.uleb128 0x1
 878 0398 51       		.byte	0x51
 879 0399 02       		.uleb128 0x2
 880 039a 91       		.byte	0x91
 881 039b 67       		.sleb128 -25
 882 039c 00       		.byte	0
 883 039d 12       		.uleb128 0x12
 884 039e 4E000000 		.4byte	.LVL27
 885 03a2 A3050000 		.4byte	0x5a3
 886 03a6 00       		.byte	0
 887 03a7 10       		.uleb128 0x10
 888 03a8 10000000 		.4byte	.LVL15
 889 03ac AE050000 		.4byte	0x5ae
 890 03b0 BB030000 		.4byte	0x3bb
 891 03b4 11       		.uleb128 0x11
 892 03b5 01       		.uleb128 0x1
 893 03b6 50       		.byte	0x50
 894 03b7 02       		.uleb128 0x2
 895 03b8 76       		.byte	0x76
 896 03b9 00       		.sleb128 0
 897 03ba 00       		.byte	0
 898 03bb 13       		.uleb128 0x13
 899 03bc 18000000 		.4byte	.LVL17
 900 03c0 B9050000 		.4byte	0x5b9
 901 03c4 11       		.uleb128 0x11
 902 03c5 01       		.uleb128 0x1
 903 03c6 50       		.byte	0x50
 904 03c7 02       		.uleb128 0x2
 905 03c8 78       		.byte	0x78
 906 03c9 00       		.sleb128 0
 907 03ca 00       		.byte	0
 908 03cb 00       		.byte	0
 909 03cc 14       		.uleb128 0x14
 910 03cd 04       		.byte	0x4
 911 03ce D2030000 		.4byte	0x3d2
 912 03d2 15       		.uleb128 0x15
 913 03d3 80000000 		.4byte	0x80
 914 03d7 15       		.uleb128 0x15
 915 03d8 CC030000 		.4byte	0x3cc
 916 03dc 0E       		.uleb128 0xe
 917 03dd 44050000 		.4byte	.LASF59
 918 03e1 01       		.byte	0x1
 919 03e2 7E       		.byte	0x7e
 920 03e3 53010000 		.4byte	0x153
 921 03e7 00000000 		.4byte	.LFB4
 922 03eb 2E000000 		.4byte	.LFE4-.LFB4
ARM GAS  C:\Users\zakis\AppData\Local\Temp\cc0Yr0df.s 			page 21


 923 03ef 01       		.uleb128 0x1
 924 03f0 9C       		.byte	0x9c
 925 03f1 53040000 		.4byte	0x453
 926 03f5 0F       		.uleb128 0xf
 927 03f6 6D6500   		.ascii	"me\000"
 928 03f9 01       		.byte	0x1
 929 03fa 7E       		.byte	0x7e
 930 03fb 6E020000 		.4byte	0x26e
 931 03ff F9000000 		.4byte	.LLST6
 932 0403 1C       		.uleb128 0x1c
 933 0404 0C000000 		.4byte	.LBB6
 934 0408 1A000000 		.4byte	.LBE6-.LBB6
 935 040c 42040000 		.4byte	0x442
 936 0410 1A       		.uleb128 0x1a
 937 0411 D5040000 		.4byte	.LASF60
 938 0415 01       		.byte	0x1
 939 0416 83       		.byte	0x83
 940 0417 80000000 		.4byte	0x80
 941 041b 02       		.uleb128 0x2
 942 041c 91       		.byte	0x91
 943 041d 6F       		.sleb128 -17
 944 041e 10       		.uleb128 0x10
 945 041f 1A000000 		.4byte	.LVL31
 946 0423 98050000 		.4byte	0x598
 947 0427 38040000 		.4byte	0x438
 948 042b 11       		.uleb128 0x11
 949 042c 01       		.uleb128 0x1
 950 042d 50       		.byte	0x50
 951 042e 02       		.uleb128 0x2
 952 042f 75       		.byte	0x75
 953 0430 00       		.sleb128 0
 954 0431 11       		.uleb128 0x11
 955 0432 01       		.uleb128 0x1
 956 0433 51       		.byte	0x51
 957 0434 02       		.uleb128 0x2
 958 0435 91       		.byte	0x91
 959 0436 6F       		.sleb128 -17
 960 0437 00       		.byte	0
 961 0438 12       		.uleb128 0x12
 962 0439 22000000 		.4byte	.LVL32
 963 043d A3050000 		.4byte	0x5a3
 964 0441 00       		.byte	0
 965 0442 13       		.uleb128 0x13
 966 0443 0A000000 		.4byte	.LVL30
 967 0447 C4050000 		.4byte	0x5c4
 968 044b 11       		.uleb128 0x11
 969 044c 01       		.uleb128 0x1
 970 044d 50       		.byte	0x50
 971 044e 02       		.uleb128 0x2
 972 044f 75       		.byte	0x75
 973 0450 00       		.sleb128 0
 974 0451 00       		.byte	0
 975 0452 00       		.byte	0
 976 0453 0E       		.uleb128 0xe
 977 0454 15050000 		.4byte	.LASF61
 978 0458 01       		.byte	0x1
 979 0459 95       		.byte	0x95
ARM GAS  C:\Users\zakis\AppData\Local\Temp\cc0Yr0df.s 			page 22


 980 045a 53010000 		.4byte	0x153
 981 045e 00000000 		.4byte	.LFB5
 982 0462 36000000 		.4byte	.LFE5-.LFB5
 983 0466 01       		.uleb128 0x1
 984 0467 9C       		.byte	0x9c
 985 0468 B8040000 		.4byte	0x4b8
 986 046c 0F       		.uleb128 0xf
 987 046d 6D6500   		.ascii	"me\000"
 988 0470 01       		.byte	0x1
 989 0471 95       		.byte	0x95
 990 0472 6E020000 		.4byte	0x26e
 991 0476 17010000 		.4byte	.LLST7
 992 047a 1A       		.uleb128 0x1a
 993 047b 09010000 		.4byte	.LASF62
 994 047f 01       		.byte	0x1
 995 0480 96       		.byte	0x96
 996 0481 80000000 		.4byte	0x80
 997 0485 02       		.uleb128 0x2
 998 0486 91       		.byte	0x91
 999 0487 77       		.sleb128 -9
 1000 0488 18       		.uleb128 0x18
 1001 0489 0F000000 		.4byte	.LASF63
 1002 048d 01       		.byte	0x1
 1003 048e 99       		.byte	0x99
 1004 048f 53010000 		.4byte	0x153
 1005 0493 35010000 		.4byte	.LLST8
 1006 0497 12       		.uleb128 0x12
 1007 0498 0A000000 		.4byte	.LVL34
 1008 049c CF050000 		.4byte	0x5cf
 1009 04a0 13       		.uleb128 0x13
 1010 04a1 18000000 		.4byte	.LVL36
 1011 04a5 8D050000 		.4byte	0x58d
 1012 04a9 11       		.uleb128 0x11
 1013 04aa 01       		.uleb128 0x1
 1014 04ab 50       		.byte	0x50
 1015 04ac 03       		.uleb128 0x3
 1016 04ad 74       		.byte	0x74
 1017 04ae CE01     		.sleb128 206
 1018 04b0 11       		.uleb128 0x11
 1019 04b1 01       		.uleb128 0x1
 1020 04b2 51       		.byte	0x51
 1021 04b3 02       		.uleb128 0x2
 1022 04b4 91       		.byte	0x91
 1023 04b5 77       		.sleb128 -9
 1024 04b6 00       		.byte	0
 1025 04b7 00       		.byte	0
 1026 04b8 0E       		.uleb128 0xe
 1027 04b9 93000000 		.4byte	.LASF64
 1028 04bd 01       		.byte	0x1
 1029 04be A2       		.byte	0xa2
 1030 04bf 53010000 		.4byte	0x153
 1031 04c3 00000000 		.4byte	.LFB6
 1032 04c7 3E000000 		.4byte	.LFE6-.LFB6
 1033 04cb 01       		.uleb128 0x1
 1034 04cc 9C       		.byte	0x9c
 1035 04cd 4B050000 		.4byte	0x54b
 1036 04d1 0F       		.uleb128 0xf
ARM GAS  C:\Users\zakis\AppData\Local\Temp\cc0Yr0df.s 			page 23


 1037 04d2 6D6500   		.ascii	"me\000"
 1038 04d5 01       		.byte	0x1
 1039 04d6 A2       		.byte	0xa2
 1040 04d7 6E020000 		.4byte	0x26e
 1041 04db 60010000 		.4byte	.LLST9
 1042 04df 1D       		.uleb128 0x1d
 1043 04e0 95020000 		.4byte	.LASF65
 1044 04e4 01       		.byte	0x1
 1045 04e5 A2       		.byte	0xa2
 1046 04e6 51050000 		.4byte	0x551
 1047 04ea 7E010000 		.4byte	.LLST10
 1048 04ee 18       		.uleb128 0x18
 1049 04ef 2B020000 		.4byte	.LASF66
 1050 04f3 01       		.byte	0x1
 1051 04f4 B2       		.byte	0xb2
 1052 04f5 79000000 		.4byte	0x79
 1053 04f9 9C010000 		.4byte	.LLST11
 1054 04fd 18       		.uleb128 0x18
 1055 04fe EC000000 		.4byte	.LASF67
 1056 0502 01       		.byte	0x1
 1057 0503 B3       		.byte	0xb3
 1058 0504 25000000 		.4byte	0x25
 1059 0508 BA010000 		.4byte	.LLST12
 1060 050c 1A       		.uleb128 0x1a
 1061 050d 68040000 		.4byte	.LASF68
 1062 0511 01       		.byte	0x1
 1063 0512 B4       		.byte	0xb4
 1064 0513 80000000 		.4byte	0x80
 1065 0517 02       		.uleb128 0x2
 1066 0518 91       		.byte	0x91
 1067 0519 6F       		.sleb128 -17
 1068 051a 1E       		.uleb128 0x1e
 1069 051b 0C000000 		.4byte	.LBB7
 1070 051f 2E000000 		.4byte	.LBE7-.LBB7
 1071 0523 18       		.uleb128 0x18
 1072 0524 0F000000 		.4byte	.LASF63
 1073 0528 01       		.byte	0x1
 1074 0529 B6       		.byte	0xb6
 1075 052a 53010000 		.4byte	0x153
 1076 052e FA010000 		.4byte	.LLST13
 1077 0532 13       		.uleb128 0x13
 1078 0533 1A000000 		.4byte	.LVL42
 1079 0537 98050000 		.4byte	0x598
 1080 053b 11       		.uleb128 0x11
 1081 053c 01       		.uleb128 0x1
 1082 053d 50       		.byte	0x50
 1083 053e 03       		.uleb128 0x3
 1084 053f 75       		.byte	0x75
 1085 0540 CE01     		.sleb128 206
 1086 0542 11       		.uleb128 0x11
 1087 0543 01       		.uleb128 0x1
 1088 0544 51       		.byte	0x51
 1089 0545 02       		.uleb128 0x2
 1090 0546 91       		.byte	0x91
 1091 0547 6F       		.sleb128 -17
 1092 0548 00       		.byte	0
 1093 0549 00       		.byte	0
ARM GAS  C:\Users\zakis\AppData\Local\Temp\cc0Yr0df.s 			page 24


 1094 054a 00       		.byte	0
 1095 054b 14       		.uleb128 0x14
 1096 054c 04       		.byte	0x4
 1097 054d 80000000 		.4byte	0x80
 1098 0551 15       		.uleb128 0x15
 1099 0552 4B050000 		.4byte	0x54b
 1100 0556 1F       		.uleb128 0x1f
 1101 0557 5D010000 		.4byte	.LASF69
 1102 055b 5D010000 		.4byte	.LASF69
 1103 055f 03       		.byte	0x3
 1104 0560 8C       		.byte	0x8c
 1105 0561 1F       		.uleb128 0x1f
 1106 0562 00000000 		.4byte	.LASF70
 1107 0566 00000000 		.4byte	.LASF70
 1108 056a 05       		.byte	0x5
 1109 056b 54       		.byte	0x54
 1110 056c 1F       		.uleb128 0x1f
 1111 056d 0C020000 		.4byte	.LASF71
 1112 0571 0C020000 		.4byte	.LASF71
 1113 0575 05       		.byte	0x5
 1114 0576 8B       		.byte	0x8b
 1115 0577 1F       		.uleb128 0x1f
 1116 0578 A4010000 		.4byte	.LASF72
 1117 057c A4010000 		.4byte	.LASF72
 1118 0580 03       		.byte	0x3
 1119 0581 93       		.byte	0x93
 1120 0582 1F       		.uleb128 0x1f
 1121 0583 BC040000 		.4byte	.LASF73
 1122 0587 BC040000 		.4byte	.LASF73
 1123 058b 05       		.byte	0x5
 1124 058c 55       		.byte	0x55
 1125 058d 1F       		.uleb128 0x1f
 1126 058e 46020000 		.4byte	.LASF74
 1127 0592 46020000 		.4byte	.LASF74
 1128 0596 03       		.byte	0x3
 1129 0597 9B       		.byte	0x9b
 1130 0598 1F       		.uleb128 0x1f
 1131 0599 4F020000 		.4byte	.LASF75
 1132 059d 4F020000 		.4byte	.LASF75
 1133 05a1 03       		.byte	0x3
 1134 05a2 A3       		.byte	0xa3
 1135 05a3 1F       		.uleb128 0x1f
 1136 05a4 28050000 		.4byte	.LASF76
 1137 05a8 28050000 		.4byte	.LASF76
 1138 05ac 05       		.byte	0x5
 1139 05ad 88       		.byte	0x88
 1140 05ae 1F       		.uleb128 0x1f
 1141 05af 4E040000 		.4byte	.LASF77
 1142 05b3 4E040000 		.4byte	.LASF77
 1143 05b7 06       		.byte	0x6
 1144 05b8 21       		.byte	0x21
 1145 05b9 1F       		.uleb128 0x1f
 1146 05ba C8000000 		.4byte	.LASF78
 1147 05be C8000000 		.4byte	.LASF78
 1148 05c2 03       		.byte	0x3
 1149 05c3 AA       		.byte	0xaa
 1150 05c4 1F       		.uleb128 0x1f
ARM GAS  C:\Users\zakis\AppData\Local\Temp\cc0Yr0df.s 			page 25


 1151 05c5 8D040000 		.4byte	.LASF79
 1152 05c9 8D040000 		.4byte	.LASF79
 1153 05cd 03       		.byte	0x3
 1154 05ce B1       		.byte	0xb1
 1155 05cf 1F       		.uleb128 0x1f
 1156 05d0 28040000 		.4byte	.LASF80
 1157 05d4 28040000 		.4byte	.LASF80
 1158 05d8 05       		.byte	0x5
 1159 05d9 72       		.byte	0x72
 1160 05da 00       		.byte	0
 1161              		.section	.debug_abbrev,"",%progbits
 1162              	.Ldebug_abbrev0:
 1163 0000 01       		.uleb128 0x1
 1164 0001 11       		.uleb128 0x11
 1165 0002 01       		.byte	0x1
 1166 0003 25       		.uleb128 0x25
 1167 0004 0E       		.uleb128 0xe
 1168 0005 13       		.uleb128 0x13
 1169 0006 0B       		.uleb128 0xb
 1170 0007 03       		.uleb128 0x3
 1171 0008 0E       		.uleb128 0xe
 1172 0009 1B       		.uleb128 0x1b
 1173 000a 0E       		.uleb128 0xe
 1174 000b 55       		.uleb128 0x55
 1175 000c 17       		.uleb128 0x17
 1176 000d 11       		.uleb128 0x11
 1177 000e 01       		.uleb128 0x1
 1178 000f 10       		.uleb128 0x10
 1179 0010 17       		.uleb128 0x17
 1180 0011 00       		.byte	0
 1181 0012 00       		.byte	0
 1182 0013 02       		.uleb128 0x2
 1183 0014 24       		.uleb128 0x24
 1184 0015 00       		.byte	0
 1185 0016 0B       		.uleb128 0xb
 1186 0017 0B       		.uleb128 0xb
 1187 0018 3E       		.uleb128 0x3e
 1188 0019 0B       		.uleb128 0xb
 1189 001a 03       		.uleb128 0x3
 1190 001b 08       		.uleb128 0x8
 1191 001c 00       		.byte	0
 1192 001d 00       		.byte	0
 1193 001e 03       		.uleb128 0x3
 1194 001f 24       		.uleb128 0x24
 1195 0020 00       		.byte	0
 1196 0021 0B       		.uleb128 0xb
 1197 0022 0B       		.uleb128 0xb
 1198 0023 3E       		.uleb128 0x3e
 1199 0024 0B       		.uleb128 0xb
 1200 0025 03       		.uleb128 0x3
 1201 0026 0E       		.uleb128 0xe
 1202 0027 00       		.byte	0
 1203 0028 00       		.byte	0
 1204 0029 04       		.uleb128 0x4
 1205 002a 16       		.uleb128 0x16
 1206 002b 00       		.byte	0
 1207 002c 03       		.uleb128 0x3
ARM GAS  C:\Users\zakis\AppData\Local\Temp\cc0Yr0df.s 			page 26


 1208 002d 0E       		.uleb128 0xe
 1209 002e 3A       		.uleb128 0x3a
 1210 002f 0B       		.uleb128 0xb
 1211 0030 3B       		.uleb128 0x3b
 1212 0031 0B       		.uleb128 0xb
 1213 0032 49       		.uleb128 0x49
 1214 0033 13       		.uleb128 0x13
 1215 0034 00       		.byte	0
 1216 0035 00       		.byte	0
 1217 0036 05       		.uleb128 0x5
 1218 0037 04       		.uleb128 0x4
 1219 0038 01       		.byte	0x1
 1220 0039 0B       		.uleb128 0xb
 1221 003a 0B       		.uleb128 0xb
 1222 003b 49       		.uleb128 0x49
 1223 003c 13       		.uleb128 0x13
 1224 003d 3A       		.uleb128 0x3a
 1225 003e 0B       		.uleb128 0xb
 1226 003f 3B       		.uleb128 0x3b
 1227 0040 0B       		.uleb128 0xb
 1228 0041 01       		.uleb128 0x1
 1229 0042 13       		.uleb128 0x13
 1230 0043 00       		.byte	0
 1231 0044 00       		.byte	0
 1232 0045 06       		.uleb128 0x6
 1233 0046 28       		.uleb128 0x28
 1234 0047 00       		.byte	0
 1235 0048 03       		.uleb128 0x3
 1236 0049 0E       		.uleb128 0xe
 1237 004a 1C       		.uleb128 0x1c
 1238 004b 0B       		.uleb128 0xb
 1239 004c 00       		.byte	0
 1240 004d 00       		.byte	0
 1241 004e 07       		.uleb128 0x7
 1242 004f 28       		.uleb128 0x28
 1243 0050 00       		.byte	0
 1244 0051 03       		.uleb128 0x3
 1245 0052 0E       		.uleb128 0xe
 1246 0053 1C       		.uleb128 0x1c
 1247 0054 0D       		.uleb128 0xd
 1248 0055 00       		.byte	0
 1249 0056 00       		.byte	0
 1250 0057 08       		.uleb128 0x8
 1251 0058 13       		.uleb128 0x13
 1252 0059 01       		.byte	0x1
 1253 005a 0B       		.uleb128 0xb
 1254 005b 0B       		.uleb128 0xb
 1255 005c 3A       		.uleb128 0x3a
 1256 005d 0B       		.uleb128 0xb
 1257 005e 3B       		.uleb128 0x3b
 1258 005f 0B       		.uleb128 0xb
 1259 0060 01       		.uleb128 0x1
 1260 0061 13       		.uleb128 0x13
 1261 0062 00       		.byte	0
 1262 0063 00       		.byte	0
 1263 0064 09       		.uleb128 0x9
 1264 0065 0D       		.uleb128 0xd
ARM GAS  C:\Users\zakis\AppData\Local\Temp\cc0Yr0df.s 			page 27


 1265 0066 00       		.byte	0
 1266 0067 03       		.uleb128 0x3
 1267 0068 0E       		.uleb128 0xe
 1268 0069 3A       		.uleb128 0x3a
 1269 006a 0B       		.uleb128 0xb
 1270 006b 3B       		.uleb128 0x3b
 1271 006c 0B       		.uleb128 0xb
 1272 006d 49       		.uleb128 0x49
 1273 006e 13       		.uleb128 0x13
 1274 006f 38       		.uleb128 0x38
 1275 0070 0B       		.uleb128 0xb
 1276 0071 00       		.byte	0
 1277 0072 00       		.byte	0
 1278 0073 0A       		.uleb128 0xa
 1279 0074 01       		.uleb128 0x1
 1280 0075 01       		.byte	0x1
 1281 0076 49       		.uleb128 0x49
 1282 0077 13       		.uleb128 0x13
 1283 0078 01       		.uleb128 0x1
 1284 0079 13       		.uleb128 0x13
 1285 007a 00       		.byte	0
 1286 007b 00       		.byte	0
 1287 007c 0B       		.uleb128 0xb
 1288 007d 21       		.uleb128 0x21
 1289 007e 00       		.byte	0
 1290 007f 49       		.uleb128 0x49
 1291 0080 13       		.uleb128 0x13
 1292 0081 2F       		.uleb128 0x2f
 1293 0082 0B       		.uleb128 0xb
 1294 0083 00       		.byte	0
 1295 0084 00       		.byte	0
 1296 0085 0C       		.uleb128 0xc
 1297 0086 13       		.uleb128 0x13
 1298 0087 01       		.byte	0x1
 1299 0088 03       		.uleb128 0x3
 1300 0089 0E       		.uleb128 0xe
 1301 008a 0B       		.uleb128 0xb
 1302 008b 05       		.uleb128 0x5
 1303 008c 3A       		.uleb128 0x3a
 1304 008d 0B       		.uleb128 0xb
 1305 008e 3B       		.uleb128 0x3b
 1306 008f 0B       		.uleb128 0xb
 1307 0090 01       		.uleb128 0x1
 1308 0091 13       		.uleb128 0x13
 1309 0092 00       		.byte	0
 1310 0093 00       		.byte	0
 1311 0094 0D       		.uleb128 0xd
 1312 0095 0D       		.uleb128 0xd
 1313 0096 00       		.byte	0
 1314 0097 03       		.uleb128 0x3
 1315 0098 0E       		.uleb128 0xe
 1316 0099 3A       		.uleb128 0x3a
 1317 009a 0B       		.uleb128 0xb
 1318 009b 3B       		.uleb128 0x3b
 1319 009c 0B       		.uleb128 0xb
 1320 009d 49       		.uleb128 0x49
 1321 009e 13       		.uleb128 0x13
ARM GAS  C:\Users\zakis\AppData\Local\Temp\cc0Yr0df.s 			page 28


 1322 009f 38       		.uleb128 0x38
 1323 00a0 05       		.uleb128 0x5
 1324 00a1 00       		.byte	0
 1325 00a2 00       		.byte	0
 1326 00a3 0E       		.uleb128 0xe
 1327 00a4 2E       		.uleb128 0x2e
 1328 00a5 01       		.byte	0x1
 1329 00a6 3F       		.uleb128 0x3f
 1330 00a7 19       		.uleb128 0x19
 1331 00a8 03       		.uleb128 0x3
 1332 00a9 0E       		.uleb128 0xe
 1333 00aa 3A       		.uleb128 0x3a
 1334 00ab 0B       		.uleb128 0xb
 1335 00ac 3B       		.uleb128 0x3b
 1336 00ad 0B       		.uleb128 0xb
 1337 00ae 27       		.uleb128 0x27
 1338 00af 19       		.uleb128 0x19
 1339 00b0 49       		.uleb128 0x49
 1340 00b1 13       		.uleb128 0x13
 1341 00b2 11       		.uleb128 0x11
 1342 00b3 01       		.uleb128 0x1
 1343 00b4 12       		.uleb128 0x12
 1344 00b5 06       		.uleb128 0x6
 1345 00b6 40       		.uleb128 0x40
 1346 00b7 18       		.uleb128 0x18
 1347 00b8 9742     		.uleb128 0x2117
 1348 00ba 19       		.uleb128 0x19
 1349 00bb 01       		.uleb128 0x1
 1350 00bc 13       		.uleb128 0x13
 1351 00bd 00       		.byte	0
 1352 00be 00       		.byte	0
 1353 00bf 0F       		.uleb128 0xf
 1354 00c0 05       		.uleb128 0x5
 1355 00c1 00       		.byte	0
 1356 00c2 03       		.uleb128 0x3
 1357 00c3 08       		.uleb128 0x8
 1358 00c4 3A       		.uleb128 0x3a
 1359 00c5 0B       		.uleb128 0xb
 1360 00c6 3B       		.uleb128 0x3b
 1361 00c7 0B       		.uleb128 0xb
 1362 00c8 49       		.uleb128 0x49
 1363 00c9 13       		.uleb128 0x13
 1364 00ca 02       		.uleb128 0x2
 1365 00cb 17       		.uleb128 0x17
 1366 00cc 00       		.byte	0
 1367 00cd 00       		.byte	0
 1368 00ce 10       		.uleb128 0x10
 1369 00cf 898201   		.uleb128 0x4109
 1370 00d2 01       		.byte	0x1
 1371 00d3 11       		.uleb128 0x11
 1372 00d4 01       		.uleb128 0x1
 1373 00d5 31       		.uleb128 0x31
 1374 00d6 13       		.uleb128 0x13
 1375 00d7 01       		.uleb128 0x1
 1376 00d8 13       		.uleb128 0x13
 1377 00d9 00       		.byte	0
 1378 00da 00       		.byte	0
ARM GAS  C:\Users\zakis\AppData\Local\Temp\cc0Yr0df.s 			page 29


 1379 00db 11       		.uleb128 0x11
 1380 00dc 8A8201   		.uleb128 0x410a
 1381 00df 00       		.byte	0
 1382 00e0 02       		.uleb128 0x2
 1383 00e1 18       		.uleb128 0x18
 1384 00e2 9142     		.uleb128 0x2111
 1385 00e4 18       		.uleb128 0x18
 1386 00e5 00       		.byte	0
 1387 00e6 00       		.byte	0
 1388 00e7 12       		.uleb128 0x12
 1389 00e8 898201   		.uleb128 0x4109
 1390 00eb 00       		.byte	0
 1391 00ec 11       		.uleb128 0x11
 1392 00ed 01       		.uleb128 0x1
 1393 00ee 31       		.uleb128 0x31
 1394 00ef 13       		.uleb128 0x13
 1395 00f0 00       		.byte	0
 1396 00f1 00       		.byte	0
 1397 00f2 13       		.uleb128 0x13
 1398 00f3 898201   		.uleb128 0x4109
 1399 00f6 01       		.byte	0x1
 1400 00f7 11       		.uleb128 0x11
 1401 00f8 01       		.uleb128 0x1
 1402 00f9 31       		.uleb128 0x31
 1403 00fa 13       		.uleb128 0x13
 1404 00fb 00       		.byte	0
 1405 00fc 00       		.byte	0
 1406 00fd 14       		.uleb128 0x14
 1407 00fe 0F       		.uleb128 0xf
 1408 00ff 00       		.byte	0
 1409 0100 0B       		.uleb128 0xb
 1410 0101 0B       		.uleb128 0xb
 1411 0102 49       		.uleb128 0x49
 1412 0103 13       		.uleb128 0x13
 1413 0104 00       		.byte	0
 1414 0105 00       		.byte	0
 1415 0106 15       		.uleb128 0x15
 1416 0107 26       		.uleb128 0x26
 1417 0108 00       		.byte	0
 1418 0109 49       		.uleb128 0x49
 1419 010a 13       		.uleb128 0x13
 1420 010b 00       		.byte	0
 1421 010c 00       		.byte	0
 1422 010d 16       		.uleb128 0x16
 1423 010e 2E       		.uleb128 0x2e
 1424 010f 01       		.byte	0x1
 1425 0110 3F       		.uleb128 0x3f
 1426 0111 19       		.uleb128 0x19
 1427 0112 03       		.uleb128 0x3
 1428 0113 0E       		.uleb128 0xe
 1429 0114 3A       		.uleb128 0x3a
 1430 0115 0B       		.uleb128 0xb
 1431 0116 3B       		.uleb128 0x3b
 1432 0117 0B       		.uleb128 0xb
 1433 0118 49       		.uleb128 0x49
 1434 0119 13       		.uleb128 0x13
 1435 011a 11       		.uleb128 0x11
ARM GAS  C:\Users\zakis\AppData\Local\Temp\cc0Yr0df.s 			page 30


 1436 011b 01       		.uleb128 0x1
 1437 011c 12       		.uleb128 0x12
 1438 011d 06       		.uleb128 0x6
 1439 011e 40       		.uleb128 0x40
 1440 011f 18       		.uleb128 0x18
 1441 0120 9742     		.uleb128 0x2117
 1442 0122 19       		.uleb128 0x19
 1443 0123 01       		.uleb128 0x1
 1444 0124 13       		.uleb128 0x13
 1445 0125 00       		.byte	0
 1446 0126 00       		.byte	0
 1447 0127 17       		.uleb128 0x17
 1448 0128 34       		.uleb128 0x34
 1449 0129 00       		.byte	0
 1450 012a 03       		.uleb128 0x3
 1451 012b 08       		.uleb128 0x8
 1452 012c 3A       		.uleb128 0x3a
 1453 012d 0B       		.uleb128 0xb
 1454 012e 3B       		.uleb128 0x3b
 1455 012f 0B       		.uleb128 0xb
 1456 0130 49       		.uleb128 0x49
 1457 0131 13       		.uleb128 0x13
 1458 0132 02       		.uleb128 0x2
 1459 0133 18       		.uleb128 0x18
 1460 0134 00       		.byte	0
 1461 0135 00       		.byte	0
 1462 0136 18       		.uleb128 0x18
 1463 0137 34       		.uleb128 0x34
 1464 0138 00       		.byte	0
 1465 0139 03       		.uleb128 0x3
 1466 013a 0E       		.uleb128 0xe
 1467 013b 3A       		.uleb128 0x3a
 1468 013c 0B       		.uleb128 0xb
 1469 013d 3B       		.uleb128 0x3b
 1470 013e 0B       		.uleb128 0xb
 1471 013f 49       		.uleb128 0x49
 1472 0140 13       		.uleb128 0x13
 1473 0141 02       		.uleb128 0x2
 1474 0142 17       		.uleb128 0x17
 1475 0143 00       		.byte	0
 1476 0144 00       		.byte	0
 1477 0145 19       		.uleb128 0x19
 1478 0146 0B       		.uleb128 0xb
 1479 0147 01       		.byte	0x1
 1480 0148 55       		.uleb128 0x55
 1481 0149 17       		.uleb128 0x17
 1482 014a 01       		.uleb128 0x1
 1483 014b 13       		.uleb128 0x13
 1484 014c 00       		.byte	0
 1485 014d 00       		.byte	0
 1486 014e 1A       		.uleb128 0x1a
 1487 014f 34       		.uleb128 0x34
 1488 0150 00       		.byte	0
 1489 0151 03       		.uleb128 0x3
 1490 0152 0E       		.uleb128 0xe
 1491 0153 3A       		.uleb128 0x3a
 1492 0154 0B       		.uleb128 0xb
ARM GAS  C:\Users\zakis\AppData\Local\Temp\cc0Yr0df.s 			page 31


 1493 0155 3B       		.uleb128 0x3b
 1494 0156 0B       		.uleb128 0xb
 1495 0157 49       		.uleb128 0x49
 1496 0158 13       		.uleb128 0x13
 1497 0159 02       		.uleb128 0x2
 1498 015a 18       		.uleb128 0x18
 1499 015b 00       		.byte	0
 1500 015c 00       		.byte	0
 1501 015d 1B       		.uleb128 0x1b
 1502 015e 34       		.uleb128 0x34
 1503 015f 00       		.byte	0
 1504 0160 03       		.uleb128 0x3
 1505 0161 08       		.uleb128 0x8
 1506 0162 3A       		.uleb128 0x3a
 1507 0163 0B       		.uleb128 0xb
 1508 0164 3B       		.uleb128 0x3b
 1509 0165 0B       		.uleb128 0xb
 1510 0166 49       		.uleb128 0x49
 1511 0167 13       		.uleb128 0x13
 1512 0168 02       		.uleb128 0x2
 1513 0169 17       		.uleb128 0x17
 1514 016a 00       		.byte	0
 1515 016b 00       		.byte	0
 1516 016c 1C       		.uleb128 0x1c
 1517 016d 0B       		.uleb128 0xb
 1518 016e 01       		.byte	0x1
 1519 016f 11       		.uleb128 0x11
 1520 0170 01       		.uleb128 0x1
 1521 0171 12       		.uleb128 0x12
 1522 0172 06       		.uleb128 0x6
 1523 0173 01       		.uleb128 0x1
 1524 0174 13       		.uleb128 0x13
 1525 0175 00       		.byte	0
 1526 0176 00       		.byte	0
 1527 0177 1D       		.uleb128 0x1d
 1528 0178 05       		.uleb128 0x5
 1529 0179 00       		.byte	0
 1530 017a 03       		.uleb128 0x3
 1531 017b 0E       		.uleb128 0xe
 1532 017c 3A       		.uleb128 0x3a
 1533 017d 0B       		.uleb128 0xb
 1534 017e 3B       		.uleb128 0x3b
 1535 017f 0B       		.uleb128 0xb
 1536 0180 49       		.uleb128 0x49
 1537 0181 13       		.uleb128 0x13
 1538 0182 02       		.uleb128 0x2
 1539 0183 17       		.uleb128 0x17
 1540 0184 00       		.byte	0
 1541 0185 00       		.byte	0
 1542 0186 1E       		.uleb128 0x1e
 1543 0187 0B       		.uleb128 0xb
 1544 0188 01       		.byte	0x1
 1545 0189 11       		.uleb128 0x11
 1546 018a 01       		.uleb128 0x1
 1547 018b 12       		.uleb128 0x12
 1548 018c 06       		.uleb128 0x6
 1549 018d 00       		.byte	0
ARM GAS  C:\Users\zakis\AppData\Local\Temp\cc0Yr0df.s 			page 32


 1550 018e 00       		.byte	0
 1551 018f 1F       		.uleb128 0x1f
 1552 0190 2E       		.uleb128 0x2e
 1553 0191 00       		.byte	0
 1554 0192 3F       		.uleb128 0x3f
 1555 0193 19       		.uleb128 0x19
 1556 0194 3C       		.uleb128 0x3c
 1557 0195 19       		.uleb128 0x19
 1558 0196 6E       		.uleb128 0x6e
 1559 0197 0E       		.uleb128 0xe
 1560 0198 03       		.uleb128 0x3
 1561 0199 0E       		.uleb128 0xe
 1562 019a 3A       		.uleb128 0x3a
 1563 019b 0B       		.uleb128 0xb
 1564 019c 3B       		.uleb128 0x3b
 1565 019d 0B       		.uleb128 0xb
 1566 019e 00       		.byte	0
 1567 019f 00       		.byte	0
 1568 01a0 00       		.byte	0
 1569              		.section	.debug_loc,"",%progbits
 1570              	.Ldebug_loc0:
 1571              	.LLST0:
 1572 0000 00000000 		.4byte	.LVL0
 1573 0004 06000000 		.4byte	.LVL1
 1574 0008 0100     		.2byte	0x1
 1575 000a 50       		.byte	0x50
 1576 000b 06000000 		.4byte	.LVL1
 1577 000f 24000000 		.4byte	.LVL6
 1578 0013 0100     		.2byte	0x1
 1579 0015 54       		.byte	0x54
 1580 0016 24000000 		.4byte	.LVL6
 1581 001a 28000000 		.4byte	.LFE0
 1582 001e 0400     		.2byte	0x4
 1583 0020 F3       		.byte	0xf3
 1584 0021 01       		.uleb128 0x1
 1585 0022 50       		.byte	0x50
 1586 0023 9F       		.byte	0x9f
 1587 0024 00000000 		.4byte	0
 1588 0028 00000000 		.4byte	0
 1589              	.LLST1:
 1590 002c 00000000 		.4byte	.LVL7
 1591 0030 06000000 		.4byte	.LVL8
 1592 0034 0100     		.2byte	0x1
 1593 0036 50       		.byte	0x50
 1594 0037 06000000 		.4byte	.LVL8
 1595 003b 14000000 		.4byte	.LFE1
 1596 003f 0100     		.2byte	0x1
 1597 0041 54       		.byte	0x54
 1598 0042 00000000 		.4byte	0
 1599 0046 00000000 		.4byte	0
 1600              	.LLST2:
 1601 004a 00000000 		.4byte	.LVL13
 1602 004e 0C000000 		.4byte	.LVL14
 1603 0052 0100     		.2byte	0x1
 1604 0054 50       		.byte	0x50
 1605 0055 0C000000 		.4byte	.LVL14
 1606 0059 22000000 		.4byte	.LVL19
ARM GAS  C:\Users\zakis\AppData\Local\Temp\cc0Yr0df.s 			page 33


 1607 005d 0100     		.2byte	0x1
 1608 005f 58       		.byte	0x58
 1609 0060 22000000 		.4byte	.LVL19
 1610 0064 30000000 		.4byte	.LVL23
 1611 0068 0100     		.2byte	0x1
 1612 006a 57       		.byte	0x57
 1613 006b 30000000 		.4byte	.LVL23
 1614 006f 34000000 		.4byte	.LVL24
 1615 0073 0100     		.2byte	0x1
 1616 0075 58       		.byte	0x58
 1617 0076 34000000 		.4byte	.LVL24
 1618 007a 50000000 		.4byte	.LVL28
 1619 007e 0100     		.2byte	0x1
 1620 0080 57       		.byte	0x57
 1621 0081 50000000 		.4byte	.LVL28
 1622 0085 56000000 		.4byte	.LFE3
 1623 0089 0100     		.2byte	0x1
 1624 008b 58       		.byte	0x58
 1625 008c 00000000 		.4byte	0
 1626 0090 00000000 		.4byte	0
 1627              	.LLST3:
 1628 0094 00000000 		.4byte	.LVL13
 1629 0098 0F000000 		.4byte	.LVL15-1
 1630 009c 0100     		.2byte	0x1
 1631 009e 51       		.byte	0x51
 1632 009f 0F000000 		.4byte	.LVL15-1
 1633 00a3 56000000 		.4byte	.LFE3
 1634 00a7 0100     		.2byte	0x1
 1635 00a9 56       		.byte	0x56
 1636 00aa 00000000 		.4byte	0
 1637 00ae 00000000 		.4byte	0
 1638              	.LLST4:
 1639 00b2 18000000 		.4byte	.LVL17
 1640 00b6 20000000 		.4byte	.LVL18
 1641 00ba 0100     		.2byte	0x1
 1642 00bc 50       		.byte	0x50
 1643 00bd 30000000 		.4byte	.LVL23
 1644 00c1 34000000 		.4byte	.LVL24
 1645 00c5 0100     		.2byte	0x1
 1646 00c7 50       		.byte	0x50
 1647 00c8 00000000 		.4byte	0
 1648 00cc 00000000 		.4byte	0
 1649              	.LLST5:
 1650 00d0 22000000 		.4byte	.LVL19
 1651 00d4 2C000000 		.4byte	.LVL21
 1652 00d8 0100     		.2byte	0x1
 1653 00da 54       		.byte	0x54
 1654 00db 2E000000 		.4byte	.LVL22
 1655 00df 30000000 		.4byte	.LVL23
 1656 00e3 0100     		.2byte	0x1
 1657 00e5 54       		.byte	0x54
 1658 00e6 34000000 		.4byte	.LVL24
 1659 00ea 3A000000 		.4byte	.LVL25
 1660 00ee 0100     		.2byte	0x1
 1661 00f0 54       		.byte	0x54
 1662 00f1 00000000 		.4byte	0
 1663 00f5 00000000 		.4byte	0
ARM GAS  C:\Users\zakis\AppData\Local\Temp\cc0Yr0df.s 			page 34


 1664              	.LLST6:
 1665 00f9 00000000 		.4byte	.LVL29
 1666 00fd 09000000 		.4byte	.LVL30-1
 1667 0101 0100     		.2byte	0x1
 1668 0103 50       		.byte	0x50
 1669 0104 09000000 		.4byte	.LVL30-1
 1670 0108 2E000000 		.4byte	.LFE4
 1671 010c 0100     		.2byte	0x1
 1672 010e 55       		.byte	0x55
 1673 010f 00000000 		.4byte	0
 1674 0113 00000000 		.4byte	0
 1675              	.LLST7:
 1676 0117 00000000 		.4byte	.LVL33
 1677 011b 09000000 		.4byte	.LVL34-1
 1678 011f 0100     		.2byte	0x1
 1679 0121 50       		.byte	0x50
 1680 0122 09000000 		.4byte	.LVL34-1
 1681 0126 36000000 		.4byte	.LFE5
 1682 012a 0100     		.2byte	0x1
 1683 012c 54       		.byte	0x54
 1684 012d 00000000 		.4byte	0
 1685 0131 00000000 		.4byte	0
 1686              	.LLST8:
 1687 0135 10000000 		.4byte	.LVL35
 1688 0139 18000000 		.4byte	.LVL36
 1689 013d 0300     		.2byte	0x3
 1690 013f 09       		.byte	0x9
 1691 0140 FF       		.byte	0xff
 1692 0141 9F       		.byte	0x9f
 1693 0142 18000000 		.4byte	.LVL36
 1694 0146 26000000 		.4byte	.LVL37
 1695 014a 0100     		.2byte	0x1
 1696 014c 50       		.byte	0x50
 1697 014d 26000000 		.4byte	.LVL37
 1698 0151 36000000 		.4byte	.LFE5
 1699 0155 0100     		.2byte	0x1
 1700 0157 52       		.byte	0x52
 1701 0158 00000000 		.4byte	0
 1702 015c 00000000 		.4byte	0
 1703              	.LLST9:
 1704 0160 00000000 		.4byte	.LVL38
 1705 0164 0C000000 		.4byte	.LVL40
 1706 0168 0100     		.2byte	0x1
 1707 016a 50       		.byte	0x50
 1708 016b 0C000000 		.4byte	.LVL40
 1709 016f 3E000000 		.4byte	.LFE6
 1710 0173 0100     		.2byte	0x1
 1711 0175 55       		.byte	0x55
 1712 0176 00000000 		.4byte	0
 1713 017a 00000000 		.4byte	0
 1714              	.LLST10:
 1715 017e 00000000 		.4byte	.LVL38
 1716 0182 0C000000 		.4byte	.LVL40
 1717 0186 0100     		.2byte	0x1
 1718 0188 51       		.byte	0x51
 1719 0189 0C000000 		.4byte	.LVL40
 1720 018d 3E000000 		.4byte	.LFE6
ARM GAS  C:\Users\zakis\AppData\Local\Temp\cc0Yr0df.s 			page 35


 1721 0191 0100     		.2byte	0x1
 1722 0193 56       		.byte	0x56
 1723 0194 00000000 		.4byte	0
 1724 0198 00000000 		.4byte	0
 1725              	.LLST11:
 1726 019c 0C000000 		.4byte	.LVL40
 1727 01a0 0E000000 		.4byte	.LVL41
 1728 01a4 0100     		.2byte	0x1
 1729 01a6 53       		.byte	0x53
 1730 01a7 20000000 		.4byte	.LVL43
 1731 01ab 36000000 		.4byte	.LVL46
 1732 01af 0100     		.2byte	0x1
 1733 01b1 53       		.byte	0x53
 1734 01b2 00000000 		.4byte	0
 1735 01b6 00000000 		.4byte	0
 1736              	.LLST12:
 1737 01ba 08000000 		.4byte	.LVL39
 1738 01be 0C000000 		.4byte	.LVL40
 1739 01c2 0200     		.2byte	0x2
 1740 01c4 30       		.byte	0x30
 1741 01c5 9F       		.byte	0x9f
 1742 01c6 0C000000 		.4byte	.LVL40
 1743 01ca 0E000000 		.4byte	.LVL41
 1744 01ce 0100     		.2byte	0x1
 1745 01d0 52       		.byte	0x52
 1746 01d1 0E000000 		.4byte	.LVL41
 1747 01d5 22000000 		.4byte	.LVL44
 1748 01d9 0100     		.2byte	0x1
 1749 01db 54       		.byte	0x54
 1750 01dc 22000000 		.4byte	.LVL44
 1751 01e0 36000000 		.4byte	.LVL46
 1752 01e4 0100     		.2byte	0x1
 1753 01e6 52       		.byte	0x52
 1754 01e7 36000000 		.4byte	.LVL46
 1755 01eb 3A000000 		.4byte	.LVL47
 1756 01ef 0100     		.2byte	0x1
 1757 01f1 54       		.byte	0x54
 1758 01f2 00000000 		.4byte	0
 1759 01f6 00000000 		.4byte	0
 1760              	.LLST13:
 1761 01fa 0C000000 		.4byte	.LVL40
 1762 01fe 0E000000 		.4byte	.LVL41
 1763 0202 0100     		.2byte	0x1
 1764 0204 50       		.byte	0x50
 1765 0205 1A000000 		.4byte	.LVL42
 1766 0209 34000000 		.4byte	.LVL45
 1767 020d 0100     		.2byte	0x1
 1768 020f 50       		.byte	0x50
 1769 0210 36000000 		.4byte	.LVL46
 1770 0214 3A000000 		.4byte	.LVL47
 1771 0218 0100     		.2byte	0x1
 1772 021a 50       		.byte	0x50
 1773 021b 00000000 		.4byte	0
 1774 021f 00000000 		.4byte	0
 1775              		.section	.debug_aranges,"",%progbits
 1776 0000 4C000000 		.4byte	0x4c
 1777 0004 0200     		.2byte	0x2
ARM GAS  C:\Users\zakis\AppData\Local\Temp\cc0Yr0df.s 			page 36


 1778 0006 00000000 		.4byte	.Ldebug_info0
 1779 000a 04       		.byte	0x4
 1780 000b 00       		.byte	0
 1781 000c 0000     		.2byte	0
 1782 000e 0000     		.2byte	0
 1783 0010 00000000 		.4byte	.LFB0
 1784 0014 28000000 		.4byte	.LFE0-.LFB0
 1785 0018 00000000 		.4byte	.LFB1
 1786 001c 14000000 		.4byte	.LFE1-.LFB1
 1787 0020 00000000 		.4byte	.LFB2
 1788 0024 0C000000 		.4byte	.LFE2-.LFB2
 1789 0028 00000000 		.4byte	.LFB3
 1790 002c 56000000 		.4byte	.LFE3-.LFB3
 1791 0030 00000000 		.4byte	.LFB4
 1792 0034 2E000000 		.4byte	.LFE4-.LFB4
 1793 0038 00000000 		.4byte	.LFB5
 1794 003c 36000000 		.4byte	.LFE5-.LFB5
 1795 0040 00000000 		.4byte	.LFB6
 1796 0044 3E000000 		.4byte	.LFE6-.LFB6
 1797 0048 00000000 		.4byte	0
 1798 004c 00000000 		.4byte	0
 1799              		.section	.debug_ranges,"",%progbits
 1800              	.Ldebug_ranges0:
 1801 0000 22000000 		.4byte	.LBB2
 1802 0004 32000000 		.4byte	.LBE2
 1803 0008 34000000 		.4byte	.LBB5
 1804 000c 4E000000 		.4byte	.LBE5
 1805 0010 00000000 		.4byte	0
 1806 0014 00000000 		.4byte	0
 1807 0018 22000000 		.4byte	.LBB3
 1808 001c 32000000 		.4byte	.LBE3
 1809 0020 34000000 		.4byte	.LBB4
 1810 0024 38000000 		.4byte	.LBE4
 1811 0028 00000000 		.4byte	0
 1812 002c 00000000 		.4byte	0
 1813 0030 00000000 		.4byte	.LFB0
 1814 0034 28000000 		.4byte	.LFE0
 1815 0038 00000000 		.4byte	.LFB1
 1816 003c 14000000 		.4byte	.LFE1
 1817 0040 00000000 		.4byte	.LFB2
 1818 0044 0C000000 		.4byte	.LFE2
 1819 0048 00000000 		.4byte	.LFB3
 1820 004c 56000000 		.4byte	.LFE3
 1821 0050 00000000 		.4byte	.LFB4
 1822 0054 2E000000 		.4byte	.LFE4
 1823 0058 00000000 		.4byte	.LFB5
 1824 005c 36000000 		.4byte	.LFE5
 1825 0060 00000000 		.4byte	.LFB6
 1826 0064 3E000000 		.4byte	.LFE6
 1827 0068 00000000 		.4byte	0
 1828 006c 00000000 		.4byte	0
 1829              		.section	.debug_line,"",%progbits
 1830              	.Ldebug_line0:
 1831 0000 BE010000 		.section	.debug_str,"MS",%progbits,1
 1831      0200F800 
 1831      00000201 
 1831      FB0E0D00 
ARM GAS  C:\Users\zakis\AppData\Local\Temp\cc0Yr0df.s 			page 37


 1831      01010101 
 1832              	.LASF70:
 1833 0000 55415254 		.ascii	"UART_LOG_Start\000"
 1833      5F4C4F47 
 1833      5F537461 
 1833      727400
 1834              	.LASF63:
 1835 000f 72657375 		.ascii	"result\000"
 1835      6C7400
 1836              	.LASF47:
 1837 0016 6D5F7772 		.ascii	"m_writeIndex\000"
 1837      69746549 
 1837      6E646578 
 1837      00
 1838              	.LASF50:
 1839 0023 6D5F7478 		.ascii	"m_txBuffer\000"
 1839      42756666 
 1839      657200
 1840              	.LASF30:
 1841 002e 52435F45 		.ascii	"RC_ERROR_READ_ONLY\000"
 1841      52524F52 
 1841      5F524541 
 1841      445F4F4E 
 1841      4C5900
 1842              	.LASF16:
 1843 0041 52435F53 		.ascii	"RC_SUCCESS\000"
 1843      55434345 
 1843      535300
 1844              	.LASF84:
 1845 004c 73556172 		.ascii	"sUart\000"
 1845      7400
 1846              	.LASF31:
 1847 0052 52435F45 		.ascii	"RC_ERROR_WRITE_ONLY\000"
 1847      52524F52 
 1847      5F575249 
 1847      54455F4F 
 1847      4E4C5900 
 1848              	.LASF5:
 1849 0066 73686F72 		.ascii	"short int\000"
 1849      7420696E 
 1849      7400
 1850              	.LASF49:
 1851 0070 52425F74 		.ascii	"RB_t\000"
 1851      00
 1852              	.LASF34:
 1853 0075 52435F45 		.ascii	"RC_ERROR_WRITE_FAILS\000"
 1853      52524F52 
 1853      5F575249 
 1853      54455F46 
 1853      41494C53 
 1854              	.LASF10:
 1855 008a 73697A65 		.ascii	"sizetype\000"
 1855      74797065 
 1855      00
 1856              	.LASF64:
 1857 0093 55415254 		.ascii	"UART_getJsonString\000"
 1857      5F676574 
ARM GAS  C:\Users\zakis\AppData\Local\Temp\cc0Yr0df.s 			page 38


 1857      4A736F6E 
 1857      53747269 
 1857      6E6700
 1858              	.LASF19:
 1859 00a6 52435F45 		.ascii	"RC_ERROR_ZERO\000"
 1859      52524F52 
 1859      5F5A4552 
 1859      4F00
 1860              	.LASF33:
 1861 00b4 52435F45 		.ascii	"RC_ERROR_READ_FAILS\000"
 1861      52524F52 
 1861      5F524541 
 1861      445F4641 
 1861      494C5300 
 1862              	.LASF78:
 1863 00c8 52425F67 		.ascii	"RB_getCapacity\000"
 1863      65744361 
 1863      70616369 
 1863      747900
 1864              	.LASF55:
 1865 00d7 55415254 		.ascii	"UART_clear\000"
 1865      5F636C65 
 1865      617200
 1866              	.LASF44:
 1867 00e2 52425F64 		.ascii	"RB_data_t\000"
 1867      6174615F 
 1867      7400
 1868              	.LASF67:
 1869 00ec 696E6465 		.ascii	"index\000"
 1869      7800
 1870              	.LASF39:
 1871 00f2 52435F45 		.ascii	"RC_ERROR_INVALID_STATE\000"
 1871      52524F52 
 1871      5F494E56 
 1871      414C4944 
 1871      5F535441 
 1872              	.LASF62:
 1873 0109 72656365 		.ascii	"receivedByte\000"
 1873      69766564 
 1873      42797465 
 1873      00
 1874              	.LASF21:
 1875 0116 52435F45 		.ascii	"RC_ERROR_RANGE\000"
 1875      52524F52 
 1875      5F52414E 
 1875      474500
 1876              	.LASF14:
 1877 0125 666C6F61 		.ascii	"float\000"
 1877      7400
 1878              	.LASF41:
 1879 012b 52435F45 		.ascii	"RC_ERROR_NOT_IMPLEMENTED\000"
 1879      52524F52 
 1879      5F4E4F54 
 1879      5F494D50 
 1879      4C454D45 
 1880              	.LASF1:
 1881 0144 6C6F6E67 		.ascii	"long long int\000"
ARM GAS  C:\Users\zakis\AppData\Local\Temp\cc0Yr0df.s 			page 39


 1881      206C6F6E 
 1881      6720696E 
 1881      7400
 1882              	.LASF51:
 1883 0152 6D5F7278 		.ascii	"m_rxBuffer\000"
 1883      42756666 
 1883      657200
 1884              	.LASF69:
 1885 015d 52425F69 		.ascii	"RB_init\000"
 1885      6E697400 
 1886              	.LASF35:
 1887 0165 52435F45 		.ascii	"RC_ERROR_NOT_MATCH\000"
 1887      52524F52 
 1887      5F4E4F54 
 1887      5F4D4154 
 1887      434800
 1888              	.LASF40:
 1889 0178 52435F45 		.ascii	"RC_ERROR_UNKNOWN\000"
 1889      52524F52 
 1889      5F554E4B 
 1889      4E4F574E 
 1889      00
 1890              	.LASF7:
 1891 0189 6C6F6E67 		.ascii	"long int\000"
 1891      20696E74 
 1891      00
 1892              	.LASF23:
 1893 0192 52435F45 		.ascii	"RC_ERROR_UNDERRUN\000"
 1893      52524F52 
 1893      5F554E44 
 1893      45525255 
 1893      4E00
 1894              	.LASF72:
 1895 01a4 52425F63 		.ascii	"RB_clear\000"
 1895      6C656172 
 1895      00
 1896              	.LASF26:
 1897 01ad 52435F45 		.ascii	"RC_ERROR_BUSY\000"
 1897      52524F52 
 1897      5F425553 
 1897      5900
 1898              	.LASF24:
 1899 01bb 52435F45 		.ascii	"RC_ERROR_BUFFER_FULL\000"
 1899      52524F52 
 1899      5F425546 
 1899      4645525F 
 1899      46554C4C 
 1900              	.LASF32:
 1901 01d0 52435F45 		.ascii	"RC_ERROR_INVALID\000"
 1901      52524F52 
 1901      5F494E56 
 1901      414C4944 
 1901      00
 1902              	.LASF58:
 1903 01e1 66697273 		.ascii	"firstElement\000"
 1903      74456C65 
 1903      6D656E74 
ARM GAS  C:\Users\zakis\AppData\Local\Temp\cc0Yr0df.s 			page 40


 1903      00
 1904              	.LASF37:
 1905 01ee 52435F45 		.ascii	"RC_ERROR_BAD_DATA\000"
 1905      52524F52 
 1905      5F424144 
 1905      5F444154 
 1905      4100
 1906              	.LASF48:
 1907 0200 6D5F6669 		.ascii	"m_fillLevel\000"
 1907      6C6C4C65 
 1907      76656C00 
 1908              	.LASF71:
 1909 020c 55415254 		.ascii	"UART_LOG_PutString\000"
 1909      5F4C4F47 
 1909      5F507574 
 1909      53747269 
 1909      6E6700
 1910              	.LASF2:
 1911 021f 6C6F6E67 		.ascii	"long double\000"
 1911      20646F75 
 1911      626C6500 
 1912              	.LASF66:
 1913 022b 72656365 		.ascii	"receivedChar\000"
 1913      69766564 
 1913      43686172 
 1913      00
 1914              	.LASF4:
 1915 0238 756E7369 		.ascii	"unsigned char\000"
 1915      676E6564 
 1915      20636861 
 1915      7200
 1916              	.LASF74:
 1917 0246 52425F77 		.ascii	"RB_write\000"
 1917      72697465 
 1917      00
 1918              	.LASF75:
 1919 024f 52425F72 		.ascii	"RB_read\000"
 1919      65616400 
 1920              	.LASF38:
 1921 0257 52435F45 		.ascii	"RC_ERROR_CANCELED\000"
 1921      52524F52 
 1921      5F43414E 
 1921      43454C45 
 1921      4400
 1922              	.LASF3:
 1923 0269 7369676E 		.ascii	"signed char\000"
 1923      65642063 
 1923      68617200 
 1924              	.LASF57:
 1925 0275 63617061 		.ascii	"capacity\000"
 1925      63697479 
 1925      00
 1926              	.LASF9:
 1927 027e 6C6F6E67 		.ascii	"long long unsigned int\000"
 1927      206C6F6E 
 1927      6720756E 
 1927      7369676E 
ARM GAS  C:\Users\zakis\AppData\Local\Temp\cc0Yr0df.s 			page 41


 1927      65642069 
 1928              	.LASF65:
 1929 0295 6A736F6E 		.ascii	"jsonString\000"
 1929      53747269 
 1929      6E6700
 1930              	.LASF0:
 1931 02a0 756E7369 		.ascii	"unsigned int\000"
 1931      676E6564 
 1931      20696E74 
 1931      00
 1932              	.LASF28:
 1933 02ad 52435F45 		.ascii	"RC_ERROR_OPEN\000"
 1933      52524F52 
 1933      5F4F5045 
 1933      4E00
 1934              	.LASF56:
 1935 02bb 55415254 		.ascii	"UART_writeString\000"
 1935      5F777269 
 1935      74655374 
 1935      72696E67 
 1935      00
 1936              	.LASF18:
 1937 02cc 52435F45 		.ascii	"RC_ERROR_NULL\000"
 1937      52524F52 
 1937      5F4E554C 
 1937      4C00
 1938              	.LASF25:
 1939 02da 52435F45 		.ascii	"RC_ERROR_BUFFER_EMTPY\000"
 1939      52524F52 
 1939      5F425546 
 1939      4645525F 
 1939      454D5450 
 1940              	.LASF83:
 1941 02f0 433A5C55 		.ascii	"C:\\Users\\zakis\\Documents\\EOS_Assignment_Two\\JS"
 1941      73657273 
 1941      5C7A616B 
 1941      69735C44 
 1941      6F63756D 
 1942 031e 4F4E5F50 		.ascii	"ON_Parser\\EOS_Assignment_Two\\Archive\\JSON_Parser"
 1942      61727365 
 1942      725C454F 
 1942      535F4173 
 1942      7369676E 
 1943 034e 2E637970 		.ascii	".cyprj.Archive02\\JSON_Parser.cydsn\000"
 1943      726A2E41 
 1943      72636869 
 1943      76653032 
 1943      5C4A534F 
 1944              	.LASF6:
 1945 0371 73686F72 		.ascii	"short unsigned int\000"
 1945      7420756E 
 1945      7369676E 
 1945      65642069 
 1945      6E7400
 1946              	.LASF81:
 1947 0384 474E5520 		.ascii	"GNU C11 5.4.1 20160609 (release) [ARM/embedded-5-br"
 1947      43313120 
ARM GAS  C:\Users\zakis\AppData\Local\Temp\cc0Yr0df.s 			page 42


 1947      352E342E 
 1947      31203230 
 1947      31363036 
 1948 03b7 616E6368 		.ascii	"anch revision 237715] -mcpu=cortex-m3 -mthumb -g -O"
 1948      20726576 
 1948      6973696F 
 1948      6E203233 
 1948      37373135 
 1949 03ea 67202D66 		.ascii	"g -ffunction-sections -ffat-lto-objects\000"
 1949      66756E63 
 1949      74696F6E 
 1949      2D736563 
 1949      74696F6E 
 1950              	.LASF85:
 1951 0412 55415254 		.ascii	"UART_restartOperation\000"
 1951      5F726573 
 1951      74617274 
 1951      4F706572 
 1951      6174696F 
 1952              	.LASF80:
 1953 0428 55415254 		.ascii	"UART_LOG_GetByte\000"
 1953      5F4C4F47 
 1953      5F476574 
 1953      42797465 
 1953      00
 1954              	.LASF11:
 1955 0439 63686172 		.ascii	"char\000"
 1955      00
 1956              	.LASF13:
 1957 043e 75696E74 		.ascii	"uint16_t\000"
 1957      31365F74 
 1957      00
 1958              	.LASF53:
 1959 0447 55415254 		.ascii	"UART_t\000"
 1959      5F7400
 1960              	.LASF77:
 1961 044e 7374726C 		.ascii	"strlen\000"
 1961      656E00
 1962              	.LASF36:
 1963 0455 52435F45 		.ascii	"RC_ERROR_BAD_PARAM\000"
 1963      52524F52 
 1963      5F424144 
 1963      5F504152 
 1963      414D00
 1964              	.LASF68:
 1965 0468 64617461 		.ascii	"data\000"
 1965      00
 1966              	.LASF54:
 1967 046d 55415254 		.ascii	"UART_init\000"
 1967      5F696E69 
 1967      7400
 1968              	.LASF82:
 1969 0477 736F7572 		.ascii	"source\\bsw\\cdd\\uart.c\000"
 1969      63655C62 
 1969      73775C63 
 1969      64645C75 
 1969      6172742E 
ARM GAS  C:\Users\zakis\AppData\Local\Temp\cc0Yr0df.s 			page 43


 1970              	.LASF79:
 1971 048d 52425F67 		.ascii	"RB_getNumberOfStoredElements\000"
 1971      65744E75 
 1971      6D626572 
 1971      4F665374 
 1971      6F726564 
 1972              	.LASF8:
 1973 04aa 6C6F6E67 		.ascii	"long unsigned int\000"
 1973      20756E73 
 1973      69676E65 
 1973      6420696E 
 1973      7400
 1974              	.LASF73:
 1975 04bc 55415254 		.ascii	"UART_LOG_Stop\000"
 1975      5F4C4F47 
 1975      5F53746F 
 1975      7000
 1976              	.LASF42:
 1977 04ca 52435F54 		.ascii	"RC_TRIGGER\000"
 1977      52494747 
 1977      455200
 1978              	.LASF60:
 1979 04d5 6E657874 		.ascii	"nextElement\000"
 1979      456C656D 
 1979      656E7400 
 1980              	.LASF52:
 1981 04e1 636F756E 		.ascii	"countISR\000"
 1981      74495352 
 1981      00
 1982              	.LASF29:
 1983 04ea 52435F45 		.ascii	"RC_ERROR_CHECKSUM\000"
 1983      52524F52 
 1983      5F434845 
 1983      434B5355 
 1983      4D00
 1984              	.LASF22:
 1985 04fc 52435F45 		.ascii	"RC_ERROR_OVERRUN\000"
 1985      52524F52 
 1985      5F4F5645 
 1985      5252554E 
 1985      00
 1986              	.LASF12:
 1987 050d 75696E74 		.ascii	"uint8_t\000"
 1987      385F7400 
 1988              	.LASF61:
 1989 0515 55415254 		.ascii	"UART_RX_isrHandler\000"
 1989      5F52585F 
 1989      69737248 
 1989      616E646C 
 1989      657200
 1990              	.LASF76:
 1991 0528 55415254 		.ascii	"UART_LOG_WriteTxData\000"
 1991      5F4C4F47 
 1991      5F577269 
 1991      74655478 
 1991      44617461 
 1992              	.LASF15:
ARM GAS  C:\Users\zakis\AppData\Local\Temp\cc0Yr0df.s 			page 44


 1993 053d 646F7562 		.ascii	"double\000"
 1993      6C6500
 1994              	.LASF59:
 1995 0544 55415254 		.ascii	"UART_TX_isrHandler\000"
 1995      5F54585F 
 1995      69737248 
 1995      616E646C 
 1995      657200
 1996              	.LASF45:
 1997 0557 6D5F6461 		.ascii	"m_data\000"
 1997      746100
 1998              	.LASF17:
 1999 055e 52435F45 		.ascii	"RC_ERROR\000"
 1999      52524F52 
 1999      00
 2000              	.LASF20:
 2001 0567 52435F45 		.ascii	"RC_ERROR_MEMORY\000"
 2001      52524F52 
 2001      5F4D454D 
 2001      4F525900 
 2002              	.LASF46:
 2003 0577 6D5F7265 		.ascii	"m_readIndex\000"
 2003      6164496E 
 2003      64657800 
 2004              	.LASF43:
 2005 0583 52435F74 		.ascii	"RC_t\000"
 2005      00
 2006              	.LASF27:
 2007 0588 52435F45 		.ascii	"RC_ERROR_TIME_OUT\000"
 2007      52524F52 
 2007      5F54494D 
 2007      455F4F55 
 2007      5400
 2008              		.ident	"GCC: (GNU Tools for ARM Embedded Processors) 5.4.1 20160609 (release) [ARM/embedded-5-bran
