ARM GAS  C:\Users\zakis\AppData\Local\Temp\cch8osSG.s 			page 1


   1              		.syntax unified
   2              		.cpu cortex-m3
   3              		.fpu softvfp
   4              		.eabi_attribute 20, 1
   5              		.eabi_attribute 21, 1
   6              		.eabi_attribute 23, 3
   7              		.eabi_attribute 24, 1
   8              		.eabi_attribute 25, 1
   9              		.eabi_attribute 26, 1
  10              		.eabi_attribute 30, 1
  11              		.eabi_attribute 34, 1
  12              		.eabi_attribute 18, 4
  13              		.thumb
  14              		.syntax unified
  15              		.file	"ErikaOS_1_ee_gettaskid.c"
  16              		.text
  17              	.Ltext0:
  18              		.cfi_sections	.debug_frame
  19              		.section	.text.EE_oo_GetTaskID,"ax",%progbits
  20              		.align	2
  21              		.global	EE_oo_GetTaskID
  22              		.thumb
  23              		.thumb_func
  24              		.type	EE_oo_GetTaskID, %function
  25              	EE_oo_GetTaskID:
  26              	.LFB59:
  27              		.file 1 "Generated_Source\\PSoC5\\ErikaOS_1_ee_gettaskid.c"
   1:Generated_Source\PSoC5/ErikaOS_1_ee_gettaskid.c **** /* ###*B*###
   2:Generated_Source\PSoC5/ErikaOS_1_ee_gettaskid.c ****  * ERIKA Enterprise - a tiny RTOS for small microcontrollers
   3:Generated_Source\PSoC5/ErikaOS_1_ee_gettaskid.c ****  *
   4:Generated_Source\PSoC5/ErikaOS_1_ee_gettaskid.c ****  * Copyright (C) 2002-2008  Evidence Srl
   5:Generated_Source\PSoC5/ErikaOS_1_ee_gettaskid.c ****  *
   6:Generated_Source\PSoC5/ErikaOS_1_ee_gettaskid.c ****  * This file is part of ERIKA Enterprise.
   7:Generated_Source\PSoC5/ErikaOS_1_ee_gettaskid.c ****  *
   8:Generated_Source\PSoC5/ErikaOS_1_ee_gettaskid.c ****  * ERIKA Enterprise is free software; you can redistribute it
   9:Generated_Source\PSoC5/ErikaOS_1_ee_gettaskid.c ****  * and/or modify it under the terms of the GNU General Public License
  10:Generated_Source\PSoC5/ErikaOS_1_ee_gettaskid.c ****  * version 2 as published by the Free Software Foundation, 
  11:Generated_Source\PSoC5/ErikaOS_1_ee_gettaskid.c ****  * (with a special exception described below).
  12:Generated_Source\PSoC5/ErikaOS_1_ee_gettaskid.c ****  *
  13:Generated_Source\PSoC5/ErikaOS_1_ee_gettaskid.c ****  * Linking this code statically or dynamically with other modules is
  14:Generated_Source\PSoC5/ErikaOS_1_ee_gettaskid.c ****  * making a combined work based on this code.  Thus, the terms and
  15:Generated_Source\PSoC5/ErikaOS_1_ee_gettaskid.c ****  * conditions of the GNU General Public License cover the whole
  16:Generated_Source\PSoC5/ErikaOS_1_ee_gettaskid.c ****  * combination.
  17:Generated_Source\PSoC5/ErikaOS_1_ee_gettaskid.c ****  *
  18:Generated_Source\PSoC5/ErikaOS_1_ee_gettaskid.c ****  * As a special exception, the copyright holders of this library give you
  19:Generated_Source\PSoC5/ErikaOS_1_ee_gettaskid.c ****  * permission to link this code with independent modules to produce an
  20:Generated_Source\PSoC5/ErikaOS_1_ee_gettaskid.c ****  * executable, regardless of the license terms of these independent
  21:Generated_Source\PSoC5/ErikaOS_1_ee_gettaskid.c ****  * modules, and to copy and distribute the resulting executable under
  22:Generated_Source\PSoC5/ErikaOS_1_ee_gettaskid.c ****  * terms of your choice, provided that you also meet, for each linked
  23:Generated_Source\PSoC5/ErikaOS_1_ee_gettaskid.c ****  * independent module, the terms and conditions of the license of that
  24:Generated_Source\PSoC5/ErikaOS_1_ee_gettaskid.c ****  * module.  An independent module is a module which is not derived from
  25:Generated_Source\PSoC5/ErikaOS_1_ee_gettaskid.c ****  * or based on this library.  If you modify this code, you may extend
  26:Generated_Source\PSoC5/ErikaOS_1_ee_gettaskid.c ****  * this exception to your version of the code, but you are not
  27:Generated_Source\PSoC5/ErikaOS_1_ee_gettaskid.c ****  * obligated to do so.  If you do not wish to do so, delete this
  28:Generated_Source\PSoC5/ErikaOS_1_ee_gettaskid.c ****  * exception statement from your version.
  29:Generated_Source\PSoC5/ErikaOS_1_ee_gettaskid.c ****  *
  30:Generated_Source\PSoC5/ErikaOS_1_ee_gettaskid.c ****  * ERIKA Enterprise is distributed in the hope that it will be
ARM GAS  C:\Users\zakis\AppData\Local\Temp\cch8osSG.s 			page 2


  31:Generated_Source\PSoC5/ErikaOS_1_ee_gettaskid.c ****  * useful, but WITHOUT ANY WARRANTY; without even the implied warranty
  32:Generated_Source\PSoC5/ErikaOS_1_ee_gettaskid.c ****  * of MERCHANTABILITY or FITNESS FOR A PARTICULAR PURPOSE.  See the
  33:Generated_Source\PSoC5/ErikaOS_1_ee_gettaskid.c ****  * GNU General Public License version 2 for more details.
  34:Generated_Source\PSoC5/ErikaOS_1_ee_gettaskid.c ****  *
  35:Generated_Source\PSoC5/ErikaOS_1_ee_gettaskid.c ****  * You should have received a copy of the GNU General Public License
  36:Generated_Source\PSoC5/ErikaOS_1_ee_gettaskid.c ****  * version 2 along with ERIKA Enterprise; if not, write to the
  37:Generated_Source\PSoC5/ErikaOS_1_ee_gettaskid.c ****  * Free Software Foundation, Inc., 51 Franklin Street, Fifth Floor,
  38:Generated_Source\PSoC5/ErikaOS_1_ee_gettaskid.c ****  * Boston, MA 02110-1301 USA.
  39:Generated_Source\PSoC5/ErikaOS_1_ee_gettaskid.c ****  * ###*E*### */
  40:Generated_Source\PSoC5/ErikaOS_1_ee_gettaskid.c **** 
  41:Generated_Source\PSoC5/ErikaOS_1_ee_gettaskid.c **** /*
  42:Generated_Source\PSoC5/ErikaOS_1_ee_gettaskid.c ****  * Author: 2004 Paolo Gai
  43:Generated_Source\PSoC5/ErikaOS_1_ee_gettaskid.c ****  * CVS: $Id: ee_gettaskid.c,v 1.1 2005/07/16 12:23:42 pj Exp $
  44:Generated_Source\PSoC5/ErikaOS_1_ee_gettaskid.c ****  */
  45:Generated_Source\PSoC5/ErikaOS_1_ee_gettaskid.c **** 
  46:Generated_Source\PSoC5/ErikaOS_1_ee_gettaskid.c **** /*
  47:Generated_Source\PSoC5/ErikaOS_1_ee_gettaskid.c ****  * PSoC Port and API Generation
  48:Generated_Source\PSoC5/ErikaOS_1_ee_gettaskid.c ****  * Carlos Fernando Meier Martinez
  49:Generated_Source\PSoC5/ErikaOS_1_ee_gettaskid.c ****  * Hochschule Darmstadt, Germany. 2017.
  50:Generated_Source\PSoC5/ErikaOS_1_ee_gettaskid.c ****  */
  51:Generated_Source\PSoC5/ErikaOS_1_ee_gettaskid.c **** 
  52:Generated_Source\PSoC5/ErikaOS_1_ee_gettaskid.c **** /* This file is ONLY compiled when makking a BINARY DISTRIBUTION */
  53:Generated_Source\PSoC5/ErikaOS_1_ee_gettaskid.c **** 
  54:Generated_Source\PSoC5/ErikaOS_1_ee_gettaskid.c **** #include "ErikaOS_1_ee_internal.inc"
  55:Generated_Source\PSoC5/ErikaOS_1_ee_gettaskid.c **** 
  56:Generated_Source\PSoC5/ErikaOS_1_ee_gettaskid.c **** /***************************************************************************
  57:Generated_Source\PSoC5/ErikaOS_1_ee_gettaskid.c ****  * 13.2 Task management 
  58:Generated_Source\PSoC5/ErikaOS_1_ee_gettaskid.c ****  ***************************************************************************/
  59:Generated_Source\PSoC5/ErikaOS_1_ee_gettaskid.c **** 
  60:Generated_Source\PSoC5/ErikaOS_1_ee_gettaskid.c **** /* 13.2.3.5: BCC1, BCC2, ECC1, ECC2 */
  61:Generated_Source\PSoC5/ErikaOS_1_ee_gettaskid.c **** #ifndef __PRIVATE_GETTASKID__
  62:Generated_Source\PSoC5/ErikaOS_1_ee_gettaskid.c **** StatusType EE_oo_GetTaskID(TaskRefType TaskID)
  63:Generated_Source\PSoC5/ErikaOS_1_ee_gettaskid.c **** {
  28              		.loc 1 63 0
  29              		.cfi_startproc
  30              		@ args = 0, pretend = 0, frame = 0
  31              		@ frame_needed = 0, uses_anonymous_args = 0
  32              		@ link register save eliminated.
  33              	.LVL0:
  64:Generated_Source\PSoC5/ErikaOS_1_ee_gettaskid.c ****   register StatusType ev;
  65:Generated_Source\PSoC5/ErikaOS_1_ee_gettaskid.c **** 
  66:Generated_Source\PSoC5/ErikaOS_1_ee_gettaskid.c ****   EE_ORTI_set_service_in(EE_SERVICETRACE_GETTASKID);
  67:Generated_Source\PSoC5/ErikaOS_1_ee_gettaskid.c **** 
  68:Generated_Source\PSoC5/ErikaOS_1_ee_gettaskid.c **** #ifdef EE_SERVICE_PROTECTION__
  69:Generated_Source\PSoC5/ErikaOS_1_ee_gettaskid.c ****   /* [OS093]: If interrupts are disabled/suspended by a Task/OsIsr and the
  70:Generated_Source\PSoC5/ErikaOS_1_ee_gettaskid.c ****       Task/OsIsr calls any OS service (excluding the interrupt services)
  71:Generated_Source\PSoC5/ErikaOS_1_ee_gettaskid.c ****       then the Operating System shall ignore the service AND shall return
  72:Generated_Source\PSoC5/ErikaOS_1_ee_gettaskid.c ****       E_OS_DISABLEDINT if the service returns a StatusType value. */
  73:Generated_Source\PSoC5/ErikaOS_1_ee_gettaskid.c ****   /* [OS088]: If an OS-Application makes a service call from the wrong context
  74:Generated_Source\PSoC5/ErikaOS_1_ee_gettaskid.c ****       AND is currently not inside a Category 1 ISR the Operating System module
  75:Generated_Source\PSoC5/ErikaOS_1_ee_gettaskid.c ****       shall not perform the requested action (the service call shall have no
  76:Generated_Source\PSoC5/ErikaOS_1_ee_gettaskid.c ****       effect), and return E_OS_CALLEVEL (see [12], section 13.1) or the
  77:Generated_Source\PSoC5/ErikaOS_1_ee_gettaskid.c ****       "invalid value" of  the service. (BSW11009, BSW11013) */
  78:Generated_Source\PSoC5/ErikaOS_1_ee_gettaskid.c ****   /* GetTaskID is callable by Task, ISR2, ErrorHook, ProtectionHook, Pre and
  79:Generated_Source\PSoC5/ErikaOS_1_ee_gettaskid.c ****      Post TaskHook */
  80:Generated_Source\PSoC5/ErikaOS_1_ee_gettaskid.c ****   if ( EE_as_execution_context > PostTaskHook_Context ) {
  81:Generated_Source\PSoC5/ErikaOS_1_ee_gettaskid.c ****     ev = E_OS_CALLEVEL;
ARM GAS  C:\Users\zakis\AppData\Local\Temp\cch8osSG.s 			page 3


  82:Generated_Source\PSoC5/ErikaOS_1_ee_gettaskid.c ****   } else if( EE_oo_check_disableint_error() ) {
  83:Generated_Source\PSoC5/ErikaOS_1_ee_gettaskid.c ****     ev = E_OS_DISABLEDINT;
  84:Generated_Source\PSoC5/ErikaOS_1_ee_gettaskid.c ****   } else
  85:Generated_Source\PSoC5/ErikaOS_1_ee_gettaskid.c **** #endif /* EE_SERVICE_PROTECTION__ */
  86:Generated_Source\PSoC5/ErikaOS_1_ee_gettaskid.c **** 
  87:Generated_Source\PSoC5/ErikaOS_1_ee_gettaskid.c ****   /* [OS566]: The Operating System API shall check in extended mode all pointer
  88:Generated_Source\PSoC5/ErikaOS_1_ee_gettaskid.c ****       argument for NULL pointer and return OS_E_PARAMETER_POINTER
  89:Generated_Source\PSoC5/ErikaOS_1_ee_gettaskid.c ****       if such argument is NULL.
  90:Generated_Source\PSoC5/ErikaOS_1_ee_gettaskid.c ****       +
  91:Generated_Source\PSoC5/ErikaOS_1_ee_gettaskid.c ****       MISRA dictate NULL check for pointers always. */
  92:Generated_Source\PSoC5/ErikaOS_1_ee_gettaskid.c ****   if ( TaskID == NULL ) {
  34              		.loc 1 92 0
  35 0000 20B1     		cbz	r0, .L3
  36              	.LBB16:
  37              	.LBB17:
  38              		.file 2 "Generated_Source\\PSoC5\\ErikaOS_1_ee_oo_internal.inc"
   1:Generated_Source\PSoC5/ErikaOS_1_ee_oo_internal.inc **** /* ###*B*###
   2:Generated_Source\PSoC5/ErikaOS_1_ee_oo_internal.inc ****  * ERIKA Enterprise - a tiny RTOS for small microcontrollers
   3:Generated_Source\PSoC5/ErikaOS_1_ee_oo_internal.inc ****  *
   4:Generated_Source\PSoC5/ErikaOS_1_ee_oo_internal.inc ****  * Copyright (C) 2002-2008  Evidence Srl
   5:Generated_Source\PSoC5/ErikaOS_1_ee_oo_internal.inc ****  *
   6:Generated_Source\PSoC5/ErikaOS_1_ee_oo_internal.inc ****  * This file is part of ERIKA Enterprise.
   7:Generated_Source\PSoC5/ErikaOS_1_ee_oo_internal.inc ****  *
   8:Generated_Source\PSoC5/ErikaOS_1_ee_oo_internal.inc ****  * ERIKA Enterprise is free software; you can redistribute it
   9:Generated_Source\PSoC5/ErikaOS_1_ee_oo_internal.inc ****  * and/or modify it under the terms of the GNU General Public License
  10:Generated_Source\PSoC5/ErikaOS_1_ee_oo_internal.inc ****  * version 2 as published by the Free Software Foundation, 
  11:Generated_Source\PSoC5/ErikaOS_1_ee_oo_internal.inc ****  * (with a special exception described below).
  12:Generated_Source\PSoC5/ErikaOS_1_ee_oo_internal.inc ****  *
  13:Generated_Source\PSoC5/ErikaOS_1_ee_oo_internal.inc ****  * Linking this code statically or dynamically with other modules is
  14:Generated_Source\PSoC5/ErikaOS_1_ee_oo_internal.inc ****  * making a combined work based on this code.  Thus, the terms and
  15:Generated_Source\PSoC5/ErikaOS_1_ee_oo_internal.inc ****  * conditions of the GNU General Public License cover the whole
  16:Generated_Source\PSoC5/ErikaOS_1_ee_oo_internal.inc ****  * combination.
  17:Generated_Source\PSoC5/ErikaOS_1_ee_oo_internal.inc ****  *
  18:Generated_Source\PSoC5/ErikaOS_1_ee_oo_internal.inc ****  * As a special exception, the copyright holders of this library give you
  19:Generated_Source\PSoC5/ErikaOS_1_ee_oo_internal.inc ****  * permission to link this code with independent modules to produce an
  20:Generated_Source\PSoC5/ErikaOS_1_ee_oo_internal.inc ****  * executable, regardless of the license terms of these independent
  21:Generated_Source\PSoC5/ErikaOS_1_ee_oo_internal.inc ****  * modules, and to copy and distribute the resulting executable under
  22:Generated_Source\PSoC5/ErikaOS_1_ee_oo_internal.inc ****  * terms of your choice, provided that you also meet, for each linked
  23:Generated_Source\PSoC5/ErikaOS_1_ee_oo_internal.inc ****  * independent module, the terms and conditions of the license of that
  24:Generated_Source\PSoC5/ErikaOS_1_ee_oo_internal.inc ****  * module.  An independent module is a module which is not derived from
  25:Generated_Source\PSoC5/ErikaOS_1_ee_oo_internal.inc ****  * or based on this library.  If you modify this code, you may extend
  26:Generated_Source\PSoC5/ErikaOS_1_ee_oo_internal.inc ****  * this exception to your version of the code, but you are not
  27:Generated_Source\PSoC5/ErikaOS_1_ee_oo_internal.inc ****  * obligated to do so.  If you do not wish to do so, delete this
  28:Generated_Source\PSoC5/ErikaOS_1_ee_oo_internal.inc ****  * exception statement from your version.
  29:Generated_Source\PSoC5/ErikaOS_1_ee_oo_internal.inc ****  *
  30:Generated_Source\PSoC5/ErikaOS_1_ee_oo_internal.inc ****  * ERIKA Enterprise is distributed in the hope that it will be
  31:Generated_Source\PSoC5/ErikaOS_1_ee_oo_internal.inc ****  * useful, but WITHOUT ANY WARRANTY; without even the implied warranty
  32:Generated_Source\PSoC5/ErikaOS_1_ee_oo_internal.inc ****  * of MERCHANTABILITY or FITNESS FOR A PARTICULAR PURPOSE.  See the
  33:Generated_Source\PSoC5/ErikaOS_1_ee_oo_internal.inc ****  * GNU General Public License version 2 for more details.
  34:Generated_Source\PSoC5/ErikaOS_1_ee_oo_internal.inc ****  *
  35:Generated_Source\PSoC5/ErikaOS_1_ee_oo_internal.inc ****  * You should have received a copy of the GNU General Public License
  36:Generated_Source\PSoC5/ErikaOS_1_ee_oo_internal.inc ****  * version 2 along with ERIKA Enterprise; if not, write to the
  37:Generated_Source\PSoC5/ErikaOS_1_ee_oo_internal.inc ****  * Free Software Foundation, Inc., 51 Franklin Street, Fifth Floor,
  38:Generated_Source\PSoC5/ErikaOS_1_ee_oo_internal.inc ****  * Boston, MA 02110-1301 USA.
  39:Generated_Source\PSoC5/ErikaOS_1_ee_oo_internal.inc ****  * ###*E*### */
  40:Generated_Source\PSoC5/ErikaOS_1_ee_oo_internal.inc **** 
  41:Generated_Source\PSoC5/ErikaOS_1_ee_oo_internal.inc **** /*
ARM GAS  C:\Users\zakis\AppData\Local\Temp\cch8osSG.s 			page 4


  42:Generated_Source\PSoC5/ErikaOS_1_ee_oo_internal.inc ****  * Author: 2002 Paolo Gai
  43:Generated_Source\PSoC5/ErikaOS_1_ee_oo_internal.inc ****  * CVS: $Id: ee_internal.h,v 1.6 2006/12/03 22:07:50 pj Exp $
  44:Generated_Source\PSoC5/ErikaOS_1_ee_oo_internal.inc ****  */
  45:Generated_Source\PSoC5/ErikaOS_1_ee_oo_internal.inc **** 
  46:Generated_Source\PSoC5/ErikaOS_1_ee_oo_internal.inc **** /*
  47:Generated_Source\PSoC5/ErikaOS_1_ee_oo_internal.inc ****  * PSoC Port and API Generation
  48:Generated_Source\PSoC5/ErikaOS_1_ee_oo_internal.inc ****  * Carlos Fernando Meier Martinez
  49:Generated_Source\PSoC5/ErikaOS_1_ee_oo_internal.inc ****  * Hochschule Darmstadt, Germany. 2017.
  50:Generated_Source\PSoC5/ErikaOS_1_ee_oo_internal.inc ****  */
  51:Generated_Source\PSoC5/ErikaOS_1_ee_oo_internal.inc **** 
  52:Generated_Source\PSoC5/ErikaOS_1_ee_oo_internal.inc **** #ifndef PKG_KERNEL_OO_INC_EE_OO_INTERNAL_H
  53:Generated_Source\PSoC5/ErikaOS_1_ee_oo_internal.inc **** #define PKG_KERNEL_OO_INC_EE_OO_INTERNAL_H
  54:Generated_Source\PSoC5/ErikaOS_1_ee_oo_internal.inc **** 
  55:Generated_Source\PSoC5/ErikaOS_1_ee_oo_internal.inc **** #include "ErikaOS_1_ee_oo_common.inc"
  56:Generated_Source\PSoC5/ErikaOS_1_ee_oo_internal.inc **** #include "ErikaOS_1_ee_oo_intfunc.inc"
  57:Generated_Source\PSoC5/ErikaOS_1_ee_oo_internal.inc **** #include "ErikaOS_1_ee_oo_irq.inc"
  58:Generated_Source\PSoC5/ErikaOS_1_ee_oo_internal.inc **** #if (__OO_configUSE_TRACE_FACILITY == 1)
  59:Generated_Source\PSoC5/ErikaOS_1_ee_oo_internal.inc **** #include "trcKernelPort.h" 
  60:Generated_Source\PSoC5/ErikaOS_1_ee_oo_internal.inc **** #endif
  61:Generated_Source\PSoC5/ErikaOS_1_ee_oo_internal.inc **** /*******************************************************************************
  62:Generated_Source\PSoC5/ErikaOS_1_ee_oo_internal.inc ****  *                    New Error Handling Internal Utilities
  63:Generated_Source\PSoC5/ErikaOS_1_ee_oo_internal.inc ****  ******************************************************************************/
  64:Generated_Source\PSoC5/ErikaOS_1_ee_oo_internal.inc **** 
  65:Generated_Source\PSoC5/ErikaOS_1_ee_oo_internal.inc **** /* Error Parameters Utilities Macros */
  66:Generated_Source\PSoC5/ErikaOS_1_ee_oo_internal.inc **** #define EE_OS_PARAM(param_name)   EE_os_param param_name
  67:Generated_Source\PSoC5/ErikaOS_1_ee_oo_internal.inc **** #define EE_OS_PARAM_VALUE(param_name, param_value)  \
  68:Generated_Source\PSoC5/ErikaOS_1_ee_oo_internal.inc ****   ((param_name).value_param = (param_value))
  69:Generated_Source\PSoC5/ErikaOS_1_ee_oo_internal.inc **** 
  70:Generated_Source\PSoC5/ErikaOS_1_ee_oo_internal.inc **** #define EE_OS_PARAM_REF(param_name, param_field, param_ref) \
  71:Generated_Source\PSoC5/ErikaOS_1_ee_oo_internal.inc ****   ((param_name).param_field = (param_ref))
  72:Generated_Source\PSoC5/ErikaOS_1_ee_oo_internal.inc **** 
  73:Generated_Source\PSoC5/ErikaOS_1_ee_oo_internal.inc **** #ifdef __OO_HAS_ERRORHOOK__
  74:Generated_Source\PSoC5/ErikaOS_1_ee_oo_internal.inc **** /* Error Parameters Data Structure Utilities Macros from user space */
  75:Generated_Source\PSoC5/ErikaOS_1_ee_oo_internal.inc **** #define EE_OS_ERROR_PARAMETERS()  EE_oo_ErrorHook_parameters error_parameters
  76:Generated_Source\PSoC5/ErikaOS_1_ee_oo_internal.inc **** 
  77:Generated_Source\PSoC5/ErikaOS_1_ee_oo_internal.inc **** #define EE_OS_ERROR_PARAMETERS_INIT(param1_in,param2_in,param3_in)  \
  78:Generated_Source\PSoC5/ErikaOS_1_ee_oo_internal.inc ****   EE_oo_ErrorHook_parameters error_parameters = { param1_in, param2_in, \
  79:Generated_Source\PSoC5/ErikaOS_1_ee_oo_internal.inc ****     param3_in }
  80:Generated_Source\PSoC5/ErikaOS_1_ee_oo_internal.inc **** 
  81:Generated_Source\PSoC5/ErikaOS_1_ee_oo_internal.inc **** #define EE_OS_ERROR_PARAMETERS_PARAM1_VALUE(param1_value) \
  82:Generated_Source\PSoC5/ErikaOS_1_ee_oo_internal.inc ****   (error_parameters.param1.value_param = param1_value)
  83:Generated_Source\PSoC5/ErikaOS_1_ee_oo_internal.inc **** #define EE_OS_ERROR_PARAMETERS_PARAM2_VALUE(param2_value) \
  84:Generated_Source\PSoC5/ErikaOS_1_ee_oo_internal.inc ****   (error_parameters.param2.value_param = param2_value)
  85:Generated_Source\PSoC5/ErikaOS_1_ee_oo_internal.inc **** #define EE_OS_ERROR_PARAMETERS_PARAM3_VALUE(param3_value) \
  86:Generated_Source\PSoC5/ErikaOS_1_ee_oo_internal.inc ****   (error_parameters.param3.value_param = param3_value)
  87:Generated_Source\PSoC5/ErikaOS_1_ee_oo_internal.inc **** 
  88:Generated_Source\PSoC5/ErikaOS_1_ee_oo_internal.inc **** #define EE_OS_ERROR_PARAMETERS_PARAM1_REF(param_field,param_ref)  \
  89:Generated_Source\PSoC5/ErikaOS_1_ee_oo_internal.inc ****   (error_parameters.param1.param_field = (param_ref))
  90:Generated_Source\PSoC5/ErikaOS_1_ee_oo_internal.inc **** #define EE_OS_ERROR_PARAMETERS_PARAM2_REF(param_field,param_ref)  \
  91:Generated_Source\PSoC5/ErikaOS_1_ee_oo_internal.inc ****   (error_parameters.param2.param_field = (param_ref))
  92:Generated_Source\PSoC5/ErikaOS_1_ee_oo_internal.inc **** #define EE_OS_ERROR_PARAMETERS_PARAM3_REF(param_field,param_ref)  \
  93:Generated_Source\PSoC5/ErikaOS_1_ee_oo_internal.inc ****   (error_parameters.param3.param_field = (param_ref))
  94:Generated_Source\PSoC5/ErikaOS_1_ee_oo_internal.inc **** #else /* __OO_HAS_ERRORHOOK__ */
  95:Generated_Source\PSoC5/ErikaOS_1_ee_oo_internal.inc **** #define EE_OS_ERROR_PARAMETERS()                                    ((void)0)
  96:Generated_Source\PSoC5/ErikaOS_1_ee_oo_internal.inc **** 
  97:Generated_Source\PSoC5/ErikaOS_1_ee_oo_internal.inc **** #define EE_OS_ERROR_PARAMETERS_INIT(param1_in,param2_in,param3_in)  ((void)0)
  98:Generated_Source\PSoC5/ErikaOS_1_ee_oo_internal.inc **** 
ARM GAS  C:\Users\zakis\AppData\Local\Temp\cch8osSG.s 			page 5


  99:Generated_Source\PSoC5/ErikaOS_1_ee_oo_internal.inc **** #define EE_OS_ERROR_PARAMETERS_PARAM1_VALUE(param1_value)           ((void)0)
 100:Generated_Source\PSoC5/ErikaOS_1_ee_oo_internal.inc **** #define EE_OS_ERROR_PARAMETERS_PARAM2_VALUE(param2_value)           ((void)0)
 101:Generated_Source\PSoC5/ErikaOS_1_ee_oo_internal.inc **** #define EE_OS_ERROR_PARAMETERS_PARAM3_VALUE(param3_value)           ((void)0)
 102:Generated_Source\PSoC5/ErikaOS_1_ee_oo_internal.inc **** 
 103:Generated_Source\PSoC5/ErikaOS_1_ee_oo_internal.inc **** #define EE_OS_ERROR_PARAMETERS_PARAM1_REF(param_field,param_ref)    ((void)0)
 104:Generated_Source\PSoC5/ErikaOS_1_ee_oo_internal.inc **** #define EE_OS_ERROR_PARAMETERS_PARAM2_REF(param_field,param_ref)    ((void)0)
 105:Generated_Source\PSoC5/ErikaOS_1_ee_oo_internal.inc **** #define EE_OS_ERROR_PARAMETERS_PARAM3_REF(param_field,param_ref)    ((void)0)
 106:Generated_Source\PSoC5/ErikaOS_1_ee_oo_internal.inc **** #endif /* __OO_HAS_ERRORHOOK__ */
 107:Generated_Source\PSoC5/ErikaOS_1_ee_oo_internal.inc **** 
 108:Generated_Source\PSoC5/ErikaOS_1_ee_oo_internal.inc **** /* Error Handling */
 109:Generated_Source\PSoC5/ErikaOS_1_ee_oo_internal.inc **** #ifdef __OO_HAS_ERRORHOOK__
 110:Generated_Source\PSoC5/ErikaOS_1_ee_oo_internal.inc **** #ifndef  __OO_ERRORHOOK_NOMACROS__
 111:Generated_Source\PSoC5/ErikaOS_1_ee_oo_internal.inc **** 
 112:Generated_Source\PSoC5/ErikaOS_1_ee_oo_internal.inc **** __INLINE__ void  EE_os_fill_error_data( OSServiceIdType
 113:Generated_Source\PSoC5/ErikaOS_1_ee_oo_internal.inc ****   ServiceID, EE_os_param param1, EE_os_param param2, EE_os_param param3 )
 114:Generated_Source\PSoC5/ErikaOS_1_ee_oo_internal.inc **** {
 115:Generated_Source\PSoC5/ErikaOS_1_ee_oo_internal.inc ****   register EE_oo_ErrorHook_parameters * const
 116:Generated_Source\PSoC5/ErikaOS_1_ee_oo_internal.inc ****     p_errorhook_parameter = EE_oo_get_errorhook_data();
 117:Generated_Source\PSoC5/ErikaOS_1_ee_oo_internal.inc ****   (*EE_oo_get_errorhook_service_id()) = ServiceID;
 118:Generated_Source\PSoC5/ErikaOS_1_ee_oo_internal.inc ****   p_errorhook_parameter->param1 = param1;
 119:Generated_Source\PSoC5/ErikaOS_1_ee_oo_internal.inc ****   p_errorhook_parameter->param2 = param2;
 120:Generated_Source\PSoC5/ErikaOS_1_ee_oo_internal.inc ****   p_errorhook_parameter->param3 = param3;
 121:Generated_Source\PSoC5/ErikaOS_1_ee_oo_internal.inc **** }
 122:Generated_Source\PSoC5/ErikaOS_1_ee_oo_internal.inc **** #else /* !__OO_ERRORHOOK_NOMACROS__ */
 123:Generated_Source\PSoC5/ErikaOS_1_ee_oo_internal.inc **** 
 124:Generated_Source\PSoC5/ErikaOS_1_ee_oo_internal.inc **** #define EE_os_fill_error_data(ServiceID,param1,param2,param3) ((void)0)
 125:Generated_Source\PSoC5/ErikaOS_1_ee_oo_internal.inc **** #endif /* !__OO_ERRORHOOK_NOMACROS__ */
 126:Generated_Source\PSoC5/ErikaOS_1_ee_oo_internal.inc **** 
 127:Generated_Source\PSoC5/ErikaOS_1_ee_oo_internal.inc **** __INLINE__ void  EE_os_notify_error( OSServiceIdType ServiceID,
 128:Generated_Source\PSoC5/ErikaOS_1_ee_oo_internal.inc ****   EE_os_param param1, EE_os_param param2, EE_os_param param3,
 129:Generated_Source\PSoC5/ErikaOS_1_ee_oo_internal.inc ****   StatusType Error )
 130:Generated_Source\PSoC5/ErikaOS_1_ee_oo_internal.inc **** {
 131:Generated_Source\PSoC5/ErikaOS_1_ee_oo_internal.inc ****   EE_ORTI_set_lasterror(Error);
 132:Generated_Source\PSoC5/ErikaOS_1_ee_oo_internal.inc ****   if ( EE_ErrorHook_nested_flag == 0U )
 133:Generated_Source\PSoC5/ErikaOS_1_ee_oo_internal.inc ****   {
 134:Generated_Source\PSoC5/ErikaOS_1_ee_oo_internal.inc ****     EE_os_fill_error_data(ServiceID, param1, param2, param3);
 135:Generated_Source\PSoC5/ErikaOS_1_ee_oo_internal.inc ****     EE_ErrorHook_nested_flag = 1U;
 136:Generated_Source\PSoC5/ErikaOS_1_ee_oo_internal.inc ****     EE_oo_call_ErrorHook(Error);
 137:Generated_Source\PSoC5/ErikaOS_1_ee_oo_internal.inc ****     EE_ErrorHook_nested_flag = 0U;
 138:Generated_Source\PSoC5/ErikaOS_1_ee_oo_internal.inc ****   }
 139:Generated_Source\PSoC5/ErikaOS_1_ee_oo_internal.inc **** }
 140:Generated_Source\PSoC5/ErikaOS_1_ee_oo_internal.inc **** 
 141:Generated_Source\PSoC5/ErikaOS_1_ee_oo_internal.inc **** #ifndef __EE_MEMORY_PROTECTION__
 142:Generated_Source\PSoC5/ErikaOS_1_ee_oo_internal.inc **** __INLINE__ void  EE_os_notify_error_from_us(
 143:Generated_Source\PSoC5/ErikaOS_1_ee_oo_internal.inc ****   OSServiceIdType ServiceID, const EE_oo_ErrorHook_parameters * const
 144:Generated_Source\PSoC5/ErikaOS_1_ee_oo_internal.inc ****     error_parameters_ref, StatusType Error )
 145:Generated_Source\PSoC5/ErikaOS_1_ee_oo_internal.inc **** {
 146:Generated_Source\PSoC5/ErikaOS_1_ee_oo_internal.inc ****   if ( error_parameters_ref != NULL ) {
 147:Generated_Source\PSoC5/ErikaOS_1_ee_oo_internal.inc ****     register EE_FREG const flag = EE_hal_begin_nested_primitive();
 148:Generated_Source\PSoC5/ErikaOS_1_ee_oo_internal.inc ****     EE_os_notify_error(ServiceID, error_parameters_ref->param1,
 149:Generated_Source\PSoC5/ErikaOS_1_ee_oo_internal.inc ****       error_parameters_ref->param2, error_parameters_ref->param3, Error);
 150:Generated_Source\PSoC5/ErikaOS_1_ee_oo_internal.inc ****     EE_hal_end_nested_primitive(flag);
 151:Generated_Source\PSoC5/ErikaOS_1_ee_oo_internal.inc ****   }
 152:Generated_Source\PSoC5/ErikaOS_1_ee_oo_internal.inc **** }
 153:Generated_Source\PSoC5/ErikaOS_1_ee_oo_internal.inc **** #else /* !__EE_MEMORY_PROTECTION__ */
 154:Generated_Source\PSoC5/ErikaOS_1_ee_oo_internal.inc **** /* If MemMap.h support is enabled (i.e. because memory protection): use it */
 155:Generated_Source\PSoC5/ErikaOS_1_ee_oo_internal.inc **** #ifdef EE_SUPPORT_MEMMAP_H
ARM GAS  C:\Users\zakis\AppData\Local\Temp\cch8osSG.s 			page 6


 156:Generated_Source\PSoC5/ErikaOS_1_ee_oo_internal.inc **** /* The following code belong to ERIKA API section ee_api_text */
 157:Generated_Source\PSoC5/ErikaOS_1_ee_oo_internal.inc **** #define API_START_SEC_CODE
 158:Generated_Source\PSoC5/ErikaOS_1_ee_oo_internal.inc **** #include "MemMap.inc"
 159:Generated_Source\PSoC5/ErikaOS_1_ee_oo_internal.inc **** #endif /* EE_SUPPORT_MEMMAP_H */
 160:Generated_Source\PSoC5/ErikaOS_1_ee_oo_internal.inc **** 
 161:Generated_Source\PSoC5/ErikaOS_1_ee_oo_internal.inc **** void EE_os_notify_error_from_us( OSServiceIdType ServiceID,
 162:Generated_Source\PSoC5/ErikaOS_1_ee_oo_internal.inc ****   const EE_oo_ErrorHook_parameters * const error_parameters_ref,
 163:Generated_Source\PSoC5/ErikaOS_1_ee_oo_internal.inc ****   StatusType Error );
 164:Generated_Source\PSoC5/ErikaOS_1_ee_oo_internal.inc **** 
 165:Generated_Source\PSoC5/ErikaOS_1_ee_oo_internal.inc **** #ifdef EE_SUPPORT_MEMMAP_H
 166:Generated_Source\PSoC5/ErikaOS_1_ee_oo_internal.inc **** #define API_STOP_SEC_CODE
 167:Generated_Source\PSoC5/ErikaOS_1_ee_oo_internal.inc **** #include "MemMap.inc"
 168:Generated_Source\PSoC5/ErikaOS_1_ee_oo_internal.inc **** #endif /* EE_SUPPORT_MEMMAP_H */
 169:Generated_Source\PSoC5/ErikaOS_1_ee_oo_internal.inc **** #endif /* !__EE_MEMORY_PROTECTION__ */
 170:Generated_Source\PSoC5/ErikaOS_1_ee_oo_internal.inc **** #else /* __OO_HAS_ERRORHOOK__ */
 171:Generated_Source\PSoC5/ErikaOS_1_ee_oo_internal.inc **** 
 172:Generated_Source\PSoC5/ErikaOS_1_ee_oo_internal.inc **** /* Macro used for remapping to prevent compiler warnings on unused parameters */
 173:Generated_Source\PSoC5/ErikaOS_1_ee_oo_internal.inc **** #define EE_os_notify_error(k,j,x,y,z) EE_os_notify_error_impl(z)
 174:Generated_Source\PSoC5/ErikaOS_1_ee_oo_internal.inc **** 
 175:Generated_Source\PSoC5/ErikaOS_1_ee_oo_internal.inc **** __INLINE__ void  EE_os_notify_error_impl(StatusType Error)
 176:Generated_Source\PSoC5/ErikaOS_1_ee_oo_internal.inc **** {
 177:Generated_Source\PSoC5/ErikaOS_1_ee_oo_internal.inc ****   EE_ORTI_set_lasterror(Error);
 178:Generated_Source\PSoC5/ErikaOS_1_ee_oo_internal.inc **** }
 179:Generated_Source\PSoC5/ErikaOS_1_ee_oo_internal.inc **** 
 180:Generated_Source\PSoC5/ErikaOS_1_ee_oo_internal.inc **** /* Macro used for remapping to prevent compiler warnings on unused parameters */
 181:Generated_Source\PSoC5/ErikaOS_1_ee_oo_internal.inc **** #define EE_os_notify_error_from_us(x,y,z) EE_os_notify_error_from_us_impl(z)
 182:Generated_Source\PSoC5/ErikaOS_1_ee_oo_internal.inc **** 
 183:Generated_Source\PSoC5/ErikaOS_1_ee_oo_internal.inc **** __INLINE__ void  EE_os_notify_error_from_us_impl(
 184:Generated_Source\PSoC5/ErikaOS_1_ee_oo_internal.inc ****   StatusType Error )
 185:Generated_Source\PSoC5/ErikaOS_1_ee_oo_internal.inc **** {
 186:Generated_Source\PSoC5/ErikaOS_1_ee_oo_internal.inc ****   EE_ORTI_set_lasterror(Error);
 187:Generated_Source\PSoC5/ErikaOS_1_ee_oo_internal.inc **** }
 188:Generated_Source\PSoC5/ErikaOS_1_ee_oo_internal.inc **** #endif /* __OO_HAS_ERRORHOOK__ */
 189:Generated_Source\PSoC5/ErikaOS_1_ee_oo_internal.inc **** 
 190:Generated_Source\PSoC5/ErikaOS_1_ee_oo_internal.inc **** /*******************************************************************************
 191:Generated_Source\PSoC5/ErikaOS_1_ee_oo_internal.inc ****  *                  Kernel Critical Section Utility Macros
 192:Generated_Source\PSoC5/ErikaOS_1_ee_oo_internal.inc ****  ******************************************************************************/
 193:Generated_Source\PSoC5/ErikaOS_1_ee_oo_internal.inc **** #ifndef __EE_MEMORY_PROTECTION__
 194:Generated_Source\PSoC5/ErikaOS_1_ee_oo_internal.inc **** 
 195:Generated_Source\PSoC5/ErikaOS_1_ee_oo_internal.inc **** #define EE_OS_DECLARE_CRITICAL_SECTION()  register EE_FREG flag
 196:Generated_Source\PSoC5/ErikaOS_1_ee_oo_internal.inc **** 
 197:Generated_Source\PSoC5/ErikaOS_1_ee_oo_internal.inc **** #define EE_OS_ENTER_CRITICAL_SECTION()          \
 198:Generated_Source\PSoC5/ErikaOS_1_ee_oo_internal.inc ****   do {                                          \
 199:Generated_Source\PSoC5/ErikaOS_1_ee_oo_internal.inc ****     flag = EE_hal_begin_nested_primitive();     \
 200:Generated_Source\PSoC5/ErikaOS_1_ee_oo_internal.inc ****     EE_as_tp_active_pause_and_update_budgets(); \
 201:Generated_Source\PSoC5/ErikaOS_1_ee_oo_internal.inc ****   } while ( 0 )
 202:Generated_Source\PSoC5/ErikaOS_1_ee_oo_internal.inc **** 
 203:Generated_Source\PSoC5/ErikaOS_1_ee_oo_internal.inc **** #define EE_OS_DECLARE_AND_ENTER_CRITICAL_SECTION()  \
 204:Generated_Source\PSoC5/ErikaOS_1_ee_oo_internal.inc ****   EE_OS_DECLARE_CRITICAL_SECTION();                 \
 205:Generated_Source\PSoC5/ErikaOS_1_ee_oo_internal.inc ****   EE_OS_ENTER_CRITICAL_SECTION()
 206:Generated_Source\PSoC5/ErikaOS_1_ee_oo_internal.inc **** 
 207:Generated_Source\PSoC5/ErikaOS_1_ee_oo_internal.inc **** #define EE_OS_EXIT_CRITICAL_SECTION()             \
 208:Generated_Source\PSoC5/ErikaOS_1_ee_oo_internal.inc ****   do {                                            \
 209:Generated_Source\PSoC5/ErikaOS_1_ee_oo_internal.inc ****     EE_as_tp_active_update_budgets_and_restart(); \
 210:Generated_Source\PSoC5/ErikaOS_1_ee_oo_internal.inc ****     EE_hal_end_nested_primitive(flag);            \
 211:Generated_Source\PSoC5/ErikaOS_1_ee_oo_internal.inc ****   } while ( 0 )
 212:Generated_Source\PSoC5/ErikaOS_1_ee_oo_internal.inc **** 
ARM GAS  C:\Users\zakis\AppData\Local\Temp\cch8osSG.s 			page 7


 213:Generated_Source\PSoC5/ErikaOS_1_ee_oo_internal.inc **** #define EE_OS_FOREVER_CRITICAL_SECTION()          \
 214:Generated_Source\PSoC5/ErikaOS_1_ee_oo_internal.inc ****   do {                                            \
 215:Generated_Source\PSoC5/ErikaOS_1_ee_oo_internal.inc ****     EE_hal_disableIRQ();                          \
 216:Generated_Source\PSoC5/ErikaOS_1_ee_oo_internal.inc ****     EE_as_tp_active_pause_and_update_budgets();   \
 217:Generated_Source\PSoC5/ErikaOS_1_ee_oo_internal.inc ****   } while ( 0 )
 218:Generated_Source\PSoC5/ErikaOS_1_ee_oo_internal.inc **** 
 219:Generated_Source\PSoC5/ErikaOS_1_ee_oo_internal.inc **** #else /* !__EE_MEMORY_PROTECTION__ */
 220:Generated_Source\PSoC5/ErikaOS_1_ee_oo_internal.inc **** /* TP in any case have to be handled in Service Implementation. Syscall
 221:Generated_Source\PSoC5/ErikaOS_1_ee_oo_internal.inc ****    mechanism can be implement in C language and, in that case, a function call
 222:Generated_Source\PSoC5/ErikaOS_1_ee_oo_internal.inc ****    cannot be done in syscall handler. */
 223:Generated_Source\PSoC5/ErikaOS_1_ee_oo_internal.inc **** #define EE_OS_DECLARE_CRITICAL_SECTION()            ((void)0)
 224:Generated_Source\PSoC5/ErikaOS_1_ee_oo_internal.inc **** #define EE_OS_ENTER_CRITICAL_SECTION()              \
 225:Generated_Source\PSoC5/ErikaOS_1_ee_oo_internal.inc ****   EE_as_tp_active_pause_and_update_budgets()
 226:Generated_Source\PSoC5/ErikaOS_1_ee_oo_internal.inc **** #define EE_OS_DECLARE_AND_ENTER_CRITICAL_SECTION()  \
 227:Generated_Source\PSoC5/ErikaOS_1_ee_oo_internal.inc ****   EE_as_tp_active_pause_and_update_budgets()
 228:Generated_Source\PSoC5/ErikaOS_1_ee_oo_internal.inc **** #define EE_OS_EXIT_CRITICAL_SECTION()               \
 229:Generated_Source\PSoC5/ErikaOS_1_ee_oo_internal.inc ****   EE_as_tp_active_update_budgets_and_restart()
 230:Generated_Source\PSoC5/ErikaOS_1_ee_oo_internal.inc **** #define EE_OS_FOREVER_CRITICAL_SECTION()			\
 231:Generated_Source\PSoC5/ErikaOS_1_ee_oo_internal.inc ****   EE_as_tp_active_pause_and_update_budgets()
 232:Generated_Source\PSoC5/ErikaOS_1_ee_oo_internal.inc **** #endif /* !__EE_MEMORY_PROTECTION__ */
 233:Generated_Source\PSoC5/ErikaOS_1_ee_oo_internal.inc **** 
 234:Generated_Source\PSoC5/ErikaOS_1_ee_oo_internal.inc **** /* return the first stacked task (the running task) without extracting it 
 235:Generated_Source\PSoC5/ErikaOS_1_ee_oo_internal.inc ****    we suppose that this function can be called ALSO at interrupt ENABLED!!!
 236:Generated_Source\PSoC5/ErikaOS_1_ee_oo_internal.inc ****    (see WaitEvent.c) */
 237:Generated_Source\PSoC5/ErikaOS_1_ee_oo_internal.inc **** #ifndef __PRIVATE_STK_QUERYFIRST__
 238:Generated_Source\PSoC5/ErikaOS_1_ee_oo_internal.inc **** __INLINE__ EE_TID  EE_stk_queryfirst(void)
 239:Generated_Source\PSoC5/ErikaOS_1_ee_oo_internal.inc **** {
 240:Generated_Source\PSoC5/ErikaOS_1_ee_oo_internal.inc ****     return EE_stkfirst;  
  39              		.loc 2 240 0
  40 0002 034A     		ldr	r2, .L4
  41 0004 1268     		ldr	r2, [r2]
  42              	.LBE17:
  43              	.LBE16:
  93:Generated_Source\PSoC5/ErikaOS_1_ee_gettaskid.c ****     ev = E_OS_PARAM_POINTER;
  94:Generated_Source\PSoC5/ErikaOS_1_ee_gettaskid.c ****   } else
  95:Generated_Source\PSoC5/ErikaOS_1_ee_gettaskid.c **** #if (defined(EE_AS_OSAPPLICATIONS__)) && (defined(EE_SERVICE_PROTECTION__)) \
  96:Generated_Source\PSoC5/ErikaOS_1_ee_gettaskid.c ****   && (defined(__EE_MEMORY_PROTECTION__))
  97:Generated_Source\PSoC5/ErikaOS_1_ee_gettaskid.c ****   /* [SWS_Os_00051]: If an invalid address (address is not writable by this
  98:Generated_Source\PSoC5/ErikaOS_1_ee_gettaskid.c ****       OS-Application) is passed as an out-parameter to an Operating System
  99:Generated_Source\PSoC5/ErikaOS_1_ee_gettaskid.c ****       service, the Operating System module shall return the status code
 100:Generated_Source\PSoC5/ErikaOS_1_ee_gettaskid.c ****       E_OS_ILLEGAL_ADDRESS. (SRS_Os_11009, SRS_Os_11013) */
 101:Generated_Source\PSoC5/ErikaOS_1_ee_gettaskid.c ****   if ( !OSMEMORY_IS_WRITEABLE(EE_hal_get_app_mem_access(EE_as_active_app,
 102:Generated_Source\PSoC5/ErikaOS_1_ee_gettaskid.c ****     TaskID, sizeof(*TaskID))) )
 103:Generated_Source\PSoC5/ErikaOS_1_ee_gettaskid.c ****   {
 104:Generated_Source\PSoC5/ErikaOS_1_ee_gettaskid.c ****     ev = E_OS_ILLEGAL_ADDRESS;  
 105:Generated_Source\PSoC5/ErikaOS_1_ee_gettaskid.c ****   } else
 106:Generated_Source\PSoC5/ErikaOS_1_ee_gettaskid.c **** #endif /* EE_AS_OSAPPLICATIONS__ && EE_SERVICE_PROTECTION__ &&
 107:Generated_Source\PSoC5/ErikaOS_1_ee_gettaskid.c ****   __EE_MEMORY_PROTECTION__ */
 108:Generated_Source\PSoC5/ErikaOS_1_ee_gettaskid.c ****   {
 109:Generated_Source\PSoC5/ErikaOS_1_ee_gettaskid.c ****     /* XXX: This SHALL be atomic. Check this architectures other than TriCore */
 110:Generated_Source\PSoC5/ErikaOS_1_ee_gettaskid.c ****     *TaskID = EE_stk_queryfirst();
  44              		.loc 1 110 0
  45 0006 0260     		str	r2, [r0]
  46              	.LVL1:
 111:Generated_Source\PSoC5/ErikaOS_1_ee_gettaskid.c ****     ev = E_OK;
  47              		.loc 1 111 0
  48 0008 0020     		movs	r0, #0
ARM GAS  C:\Users\zakis\AppData\Local\Temp\cch8osSG.s 			page 8


  49              	.LVL2:
  50 000a 7047     		bx	lr
  51              	.LVL3:
  52              	.L3:
  93:Generated_Source\PSoC5/ErikaOS_1_ee_gettaskid.c ****     ev = E_OS_PARAM_POINTER;
  53              		.loc 1 93 0
  54 000c 0E20     		movs	r0, #14
  55              	.LVL4:
 112:Generated_Source\PSoC5/ErikaOS_1_ee_gettaskid.c ****   }
 113:Generated_Source\PSoC5/ErikaOS_1_ee_gettaskid.c **** 
 114:Generated_Source\PSoC5/ErikaOS_1_ee_gettaskid.c ****   if ( ev != E_OK ) {
 115:Generated_Source\PSoC5/ErikaOS_1_ee_gettaskid.c ****     EE_OS_ERROR_PARAMETERS();
 116:Generated_Source\PSoC5/ErikaOS_1_ee_gettaskid.c ****     EE_OS_ERROR_PARAMETERS_PARAM1_REF(task_ref,TaskID);
 117:Generated_Source\PSoC5/ErikaOS_1_ee_gettaskid.c **** 
 118:Generated_Source\PSoC5/ErikaOS_1_ee_gettaskid.c ****     EE_os_notify_error_from_us(OSServiceId_GetTaskID, &error_parameters, ev);
 119:Generated_Source\PSoC5/ErikaOS_1_ee_gettaskid.c ****     EE_ORTI_set_service_out(EE_SERVICETRACE_GETTASKID);
 120:Generated_Source\PSoC5/ErikaOS_1_ee_gettaskid.c ****   } else {
 121:Generated_Source\PSoC5/ErikaOS_1_ee_gettaskid.c ****     EE_ORTI_set_service_out(EE_SERVICETRACE_GETTASKID);
 122:Generated_Source\PSoC5/ErikaOS_1_ee_gettaskid.c ****   }
 123:Generated_Source\PSoC5/ErikaOS_1_ee_gettaskid.c **** 
 124:Generated_Source\PSoC5/ErikaOS_1_ee_gettaskid.c ****   return ev;
 125:Generated_Source\PSoC5/ErikaOS_1_ee_gettaskid.c **** }
  56              		.loc 1 125 0
  57 000e 7047     		bx	lr
  58              	.L5:
  59              		.align	2
  60              	.L4:
  61 0010 00000000 		.word	EE_stkfirst
  62              		.cfi_endproc
  63              	.LFE59:
  64              		.size	EE_oo_GetTaskID, .-EE_oo_GetTaskID
  65              		.text
  66              	.Letext0:
  67              		.file 3 "Generated_Source\\PSoC5\\ErikaOS_1_common_ee_types.inc"
  68              		.file 4 "Generated_Source\\PSoC5\\ErikaOS_1_cortex_mx_ee_cpu.inc"
  69              		.file 5 "Generated_Source\\PSoC5\\ErikaOS_1_ee_oo_common.inc"
  70              		.file 6 "Generated_Source\\PSoC5\\ErikaOS_1_common_ee_primitives.inc"
  71              		.file 7 "Generated_Source\\PSoC5\\ErikaOS_1_cortex_mx_ee_context.inc"
  72              		.file 8 "Generated_Source\\PSoC5\\ErikaOS_1_ee_oo_intfunc.inc"
  73              		.section	.debug_info,"",%progbits
  74              	.Ldebug_info0:
  75 0000 D6020000 		.4byte	0x2d6
  76 0004 0400     		.2byte	0x4
  77 0006 00000000 		.4byte	.Ldebug_abbrev0
  78 000a 04       		.byte	0x4
  79 000b 01       		.uleb128 0x1
  80 000c B8020000 		.4byte	.LASF44
  81 0010 0C       		.byte	0xc
  82 0011 8D000000 		.4byte	.LASF45
  83 0015 76030000 		.4byte	.LASF46
  84 0019 00000000 		.4byte	.Ldebug_ranges0+0
  85 001d 00000000 		.4byte	0
  86 0021 00000000 		.4byte	.Ldebug_line0
  87 0025 02       		.uleb128 0x2
  88 0026 01       		.byte	0x1
  89 0027 06       		.byte	0x6
  90 0028 86010000 		.4byte	.LASF0
ARM GAS  C:\Users\zakis\AppData\Local\Temp\cch8osSG.s 			page 9


  91 002c 02       		.uleb128 0x2
  92 002d 01       		.byte	0x1
  93 002e 08       		.byte	0x8
  94 002f 78010000 		.4byte	.LASF1
  95 0033 02       		.uleb128 0x2
  96 0034 02       		.byte	0x2
  97 0035 05       		.byte	0x5
  98 0036 3E000000 		.4byte	.LASF2
  99 003a 02       		.uleb128 0x2
 100 003b 02       		.byte	0x2
 101 003c 07       		.byte	0x7
 102 003d 02020000 		.4byte	.LASF3
 103 0041 02       		.uleb128 0x2
 104 0042 04       		.byte	0x4
 105 0043 05       		.byte	0x5
 106 0044 39010000 		.4byte	.LASF4
 107 0048 02       		.uleb128 0x2
 108 0049 04       		.byte	0x4
 109 004a 07       		.byte	0x7
 110 004b 38020000 		.4byte	.LASF5
 111 004f 02       		.uleb128 0x2
 112 0050 08       		.byte	0x8
 113 0051 05       		.byte	0x5
 114 0052 FA000000 		.4byte	.LASF6
 115 0056 02       		.uleb128 0x2
 116 0057 08       		.byte	0x8
 117 0058 07       		.byte	0x7
 118 0059 92010000 		.4byte	.LASF7
 119 005d 03       		.uleb128 0x3
 120 005e 04       		.byte	0x4
 121 005f 05       		.byte	0x5
 122 0060 696E7400 		.ascii	"int\000"
 123 0064 02       		.uleb128 0x2
 124 0065 04       		.byte	0x4
 125 0066 07       		.byte	0x7
 126 0067 C7010000 		.4byte	.LASF8
 127 006b 02       		.uleb128 0x2
 128 006c 08       		.byte	0x8
 129 006d 04       		.byte	0x4
 130 006e 6C010000 		.4byte	.LASF9
 131 0072 04       		.uleb128 0x4
 132 0073 00000000 		.4byte	.LASF10
 133 0077 03       		.byte	0x3
 134 0078 3E       		.byte	0x3e
 135 0079 2C000000 		.4byte	0x2c
 136 007d 04       		.uleb128 0x4
 137 007e 08010000 		.4byte	.LASF11
 138 0082 03       		.byte	0x3
 139 0083 3F       		.byte	0x3f
 140 0084 25000000 		.4byte	0x25
 141 0088 04       		.uleb128 0x4
 142 0089 15020000 		.4byte	.LASF12
 143 008d 03       		.byte	0x3
 144 008e 52       		.byte	0x52
 145 008f 3A000000 		.4byte	0x3a
 146 0093 04       		.uleb128 0x4
 147 0094 F9010000 		.4byte	.LASF13
ARM GAS  C:\Users\zakis\AppData\Local\Temp\cch8osSG.s 			page 10


 148 0098 03       		.byte	0x3
 149 0099 53       		.byte	0x53
 150 009a 5D000000 		.4byte	0x5d
 151 009e 04       		.uleb128 0x4
 152 009f 5B000000 		.4byte	.LASF14
 153 00a3 03       		.byte	0x3
 154 00a4 54       		.byte	0x54
 155 00a5 64000000 		.4byte	0x64
 156 00a9 04       		.uleb128 0x4
 157 00aa 17000000 		.4byte	.LASF15
 158 00ae 04       		.byte	0x4
 159 00af 4D       		.byte	0x4d
 160 00b0 9E000000 		.4byte	0x9e
 161 00b4 04       		.uleb128 0x4
 162 00b5 53000000 		.4byte	.LASF16
 163 00b9 04       		.byte	0x4
 164 00ba 4F       		.byte	0x4f
 165 00bb 9E000000 		.4byte	0x9e
 166 00bf 04       		.uleb128 0x4
 167 00c0 4A020000 		.4byte	.LASF17
 168 00c4 04       		.byte	0x4
 169 00c5 54       		.byte	0x54
 170 00c6 A9000000 		.4byte	0xa9
 171 00ca 04       		.uleb128 0x4
 172 00cb 76000000 		.4byte	.LASF18
 173 00cf 04       		.byte	0x4
 174 00d0 78       		.byte	0x78
 175 00d1 93000000 		.4byte	0x93
 176 00d5 05       		.uleb128 0x5
 177 00d6 29010000 		.4byte	.LASF19
 178 00da 05       		.byte	0x5
 179 00db 1101     		.2byte	0x111
 180 00dd 88000000 		.4byte	0x88
 181 00e1 05       		.uleb128 0x5
 182 00e2 A9010000 		.4byte	.LASF20
 183 00e6 05       		.byte	0x5
 184 00e7 FA01     		.2byte	0x1fa
 185 00e9 ED000000 		.4byte	0xed
 186 00ed 06       		.uleb128 0x6
 187 00ee 04       		.byte	0x4
 188 00ef CA000000 		.4byte	0xca
 189 00f3 05       		.uleb128 0x5
 190 00f4 48000000 		.4byte	.LASF21
 191 00f8 05       		.byte	0x5
 192 00f9 2103     		.2byte	0x321
 193 00fb 2C000000 		.4byte	0x2c
 194 00ff 07       		.uleb128 0x7
 195 0100 42010000 		.4byte	.LASF22
 196 0104 05       		.byte	0x5
 197 0105 9703     		.2byte	0x397
 198 0107 03       		.byte	0x3
 199 0108 19010000 		.4byte	0x119
 200 010c 08       		.uleb128 0x8
 201 010d 73727600 		.ascii	"srv\000"
 202 0111 05       		.byte	0x5
 203 0112 9703     		.2byte	0x397
 204 0114 72000000 		.4byte	0x72
ARM GAS  C:\Users\zakis\AppData\Local\Temp\cch8osSG.s 			page 11


 205 0118 00       		.byte	0
 206 0119 07       		.uleb128 0x7
 207 011a E3000000 		.4byte	.LASF23
 208 011e 05       		.byte	0x5
 209 011f A303     		.2byte	0x3a3
 210 0121 03       		.byte	0x3
 211 0122 32010000 		.4byte	0x132
 212 0126 08       		.uleb128 0x8
 213 0127 696400   		.ascii	"id\000"
 214 012a 05       		.byte	0x5
 215 012b A303     		.2byte	0x3a3
 216 012d 72000000 		.4byte	0x72
 217 0131 00       		.byte	0
 218 0132 09       		.uleb128 0x9
 219 0133 B5010000 		.4byte	.LASF47
 220 0137 02       		.byte	0x2
 221 0138 EE       		.byte	0xee
 222 0139 CA000000 		.4byte	0xca
 223 013d 03       		.byte	0x3
 224 013e 07       		.uleb128 0x7
 225 013f 5E030000 		.4byte	.LASF24
 226 0143 05       		.byte	0x5
 227 0144 A803     		.2byte	0x3a8
 228 0146 03       		.byte	0x3
 229 0147 57010000 		.4byte	0x157
 230 014b 08       		.uleb128 0x8
 231 014c 696400   		.ascii	"id\000"
 232 014f 05       		.byte	0x5
 233 0150 A803     		.2byte	0x3a8
 234 0152 72000000 		.4byte	0x72
 235 0156 00       		.byte	0
 236 0157 0A       		.uleb128 0xa
 237 0158 56020000 		.4byte	.LASF25
 238 015c 02       		.byte	0x2
 239 015d B7       		.byte	0xb7
 240 015e 03       		.byte	0x3
 241 015f 6F010000 		.4byte	0x16f
 242 0163 0B       		.uleb128 0xb
 243 0164 1F020000 		.4byte	.LASF26
 244 0168 02       		.byte	0x2
 245 0169 B8       		.byte	0xb8
 246 016a F3000000 		.4byte	0xf3
 247 016e 00       		.byte	0
 248 016f 0C       		.uleb128 0xc
 249 0170 7D000000 		.4byte	.LASF48
 250 0174 01       		.byte	0x1
 251 0175 3E       		.byte	0x3e
 252 0176 F3000000 		.4byte	0xf3
 253 017a 00000000 		.4byte	.LFB59
 254 017e 14000000 		.4byte	.LFE59-.LFB59
 255 0182 01       		.uleb128 0x1
 256 0183 9C       		.byte	0x9c
 257 0184 B5010000 		.4byte	0x1b5
 258 0188 0D       		.uleb128 0xd
 259 0189 56010000 		.4byte	.LASF49
 260 018d 01       		.byte	0x1
 261 018e 3E       		.byte	0x3e
ARM GAS  C:\Users\zakis\AppData\Local\Temp\cch8osSG.s 			page 12


 262 018f E1000000 		.4byte	0xe1
 263 0193 00000000 		.4byte	.LLST0
 264 0197 0E       		.uleb128 0xe
 265 0198 657600   		.ascii	"ev\000"
 266 019b 01       		.byte	0x1
 267 019c 40       		.byte	0x40
 268 019d F3000000 		.4byte	0xf3
 269 01a1 3A000000 		.4byte	.LLST1
 270 01a5 0F       		.uleb128 0xf
 271 01a6 32010000 		.4byte	0x132
 272 01aa 02000000 		.4byte	.LBB16
 273 01ae 04000000 		.4byte	.LBE16-.LBB16
 274 01b2 01       		.byte	0x1
 275 01b3 6E       		.byte	0x6e
 276 01b4 00       		.byte	0
 277 01b5 10       		.uleb128 0x10
 278 01b6 CE000000 		.4byte	.LASF27
 279 01ba 06       		.byte	0x6
 280 01bb 44       		.byte	0x44
 281 01bc A9000000 		.4byte	0xa9
 282 01c0 10       		.uleb128 0x10
 283 01c1 E0010000 		.4byte	.LASF28
 284 01c5 07       		.byte	0x7
 285 01c6 48       		.byte	0x48
 286 01c7 CA000000 		.4byte	0xca
 287 01cb 11       		.uleb128 0x11
 288 01cc E2010000 		.4byte	0x1e2
 289 01d0 DB010000 		.4byte	0x1db
 290 01d4 12       		.uleb128 0x12
 291 01d5 DB010000 		.4byte	0x1db
 292 01d9 02       		.byte	0x2
 293 01da 00       		.byte	0
 294 01db 02       		.uleb128 0x2
 295 01dc 04       		.byte	0x4
 296 01dd 07       		.byte	0x7
 297 01de 76020000 		.4byte	.LASF29
 298 01e2 13       		.uleb128 0x13
 299 01e3 A9000000 		.4byte	0xa9
 300 01e7 10       		.uleb128 0x10
 301 01e8 65000000 		.4byte	.LASF30
 302 01ec 05       		.byte	0x5
 303 01ed B2       		.byte	0xb2
 304 01ee F2010000 		.4byte	0x1f2
 305 01f2 13       		.uleb128 0x13
 306 01f3 CB010000 		.4byte	0x1cb
 307 01f7 10       		.uleb128 0x10
 308 01f8 99020000 		.4byte	.LASF31
 309 01fc 05       		.byte	0x5
 310 01fd B3       		.byte	0xb3
 311 01fe 02020000 		.4byte	0x202
 312 0202 13       		.uleb128 0x13
 313 0203 CB010000 		.4byte	0x1cb
 314 0207 11       		.uleb128 0x11
 315 0208 A9000000 		.4byte	0xa9
 316 020c 17020000 		.4byte	0x217
 317 0210 12       		.uleb128 0x12
 318 0211 DB010000 		.4byte	0x1db
ARM GAS  C:\Users\zakis\AppData\Local\Temp\cch8osSG.s 			page 13


 319 0215 02       		.byte	0x2
 320 0216 00       		.byte	0
 321 0217 10       		.uleb128 0x10
 322 0218 8C020000 		.4byte	.LASF32
 323 021c 05       		.byte	0x5
 324 021d CA       		.byte	0xca
 325 021e 07020000 		.4byte	0x207
 326 0222 11       		.uleb128 0x11
 327 0223 CA000000 		.4byte	0xca
 328 0227 32020000 		.4byte	0x232
 329 022b 12       		.uleb128 0x12
 330 022c DB010000 		.4byte	0x1db
 331 0230 02       		.byte	0x2
 332 0231 00       		.byte	0
 333 0232 10       		.uleb128 0x10
 334 0233 AD020000 		.4byte	.LASF33
 335 0237 05       		.byte	0x5
 336 0238 D2       		.byte	0xd2
 337 0239 22020000 		.4byte	0x222
 338 023d 10       		.uleb128 0x10
 339 023e D4010000 		.4byte	.LASF34
 340 0242 05       		.byte	0x5
 341 0243 DA       		.byte	0xda
 342 0244 07020000 		.4byte	0x207
 343 0248 10       		.uleb128 0x10
 344 0249 32000000 		.4byte	.LASF35
 345 024d 05       		.byte	0x5
 346 024e E2       		.byte	0xe2
 347 024f CA000000 		.4byte	0xca
 348 0253 10       		.uleb128 0x10
 349 0254 5D010000 		.4byte	.LASF36
 350 0258 05       		.byte	0x5
 351 0259 F7       		.byte	0xf7
 352 025a A9000000 		.4byte	0xa9
 353 025e 14       		.uleb128 0x14
 354 025f 09000000 		.4byte	.LASF37
 355 0263 05       		.byte	0x5
 356 0264 3F01     		.2byte	0x13f
 357 0266 D5000000 		.4byte	0xd5
 358 026a 14       		.uleb128 0x14
 359 026b 1F000000 		.4byte	.LASF38
 360 026f 05       		.byte	0x5
 361 0270 5C01     		.2byte	0x15c
 362 0272 07020000 		.4byte	0x207
 363 0276 11       		.uleb128 0x11
 364 0277 BF000000 		.4byte	0xbf
 365 027b 86020000 		.4byte	0x286
 366 027f 12       		.uleb128 0x12
 367 0280 DB010000 		.4byte	0x1db
 368 0284 02       		.byte	0x2
 369 0285 00       		.byte	0
 370 0286 14       		.uleb128 0x14
 371 0287 BD000000 		.4byte	.LASF39
 372 028b 05       		.byte	0x5
 373 028c 6701     		.2byte	0x167
 374 028e 76020000 		.4byte	0x276
 375 0292 10       		.uleb128 0x10
ARM GAS  C:\Users\zakis\AppData\Local\Temp\cch8osSG.s 			page 14


 376 0293 46030000 		.4byte	.LASF40
 377 0297 08       		.byte	0x8
 378 0298 40       		.byte	0x40
 379 0299 A9000000 		.4byte	0xa9
 380 029d 10       		.uleb128 0x10
 381 029e 10010000 		.4byte	.LASF41
 382 02a2 08       		.byte	0x8
 383 02a3 47       		.byte	0x47
 384 02a4 B4000000 		.4byte	0xb4
 385 02a8 10       		.uleb128 0x10
 386 02a9 25020000 		.4byte	.LASF42
 387 02ad 08       		.byte	0x8
 388 02ae 4A       		.byte	0x4a
 389 02af A9000000 		.4byte	0xa9
 390 02b3 11       		.uleb128 0x11
 391 02b4 C3020000 		.4byte	0x2c3
 392 02b8 C3020000 		.4byte	0x2c3
 393 02bc 12       		.uleb128 0x12
 394 02bd DB010000 		.4byte	0x1db
 395 02c1 FF       		.byte	0xff
 396 02c2 00       		.byte	0
 397 02c3 13       		.uleb128 0x13
 398 02c4 7D000000 		.4byte	0x7d
 399 02c8 14       		.uleb128 0x14
 400 02c9 7F020000 		.4byte	.LASF43
 401 02cd 02       		.byte	0x2
 402 02ce AB01     		.2byte	0x1ab
 403 02d0 D4020000 		.4byte	0x2d4
 404 02d4 13       		.uleb128 0x13
 405 02d5 B3020000 		.4byte	0x2b3
 406 02d9 00       		.byte	0
 407              		.section	.debug_abbrev,"",%progbits
 408              	.Ldebug_abbrev0:
 409 0000 01       		.uleb128 0x1
 410 0001 11       		.uleb128 0x11
 411 0002 01       		.byte	0x1
 412 0003 25       		.uleb128 0x25
 413 0004 0E       		.uleb128 0xe
 414 0005 13       		.uleb128 0x13
 415 0006 0B       		.uleb128 0xb
 416 0007 03       		.uleb128 0x3
 417 0008 0E       		.uleb128 0xe
 418 0009 1B       		.uleb128 0x1b
 419 000a 0E       		.uleb128 0xe
 420 000b 55       		.uleb128 0x55
 421 000c 17       		.uleb128 0x17
 422 000d 11       		.uleb128 0x11
 423 000e 01       		.uleb128 0x1
 424 000f 10       		.uleb128 0x10
 425 0010 17       		.uleb128 0x17
 426 0011 00       		.byte	0
 427 0012 00       		.byte	0
 428 0013 02       		.uleb128 0x2
 429 0014 24       		.uleb128 0x24
 430 0015 00       		.byte	0
 431 0016 0B       		.uleb128 0xb
 432 0017 0B       		.uleb128 0xb
ARM GAS  C:\Users\zakis\AppData\Local\Temp\cch8osSG.s 			page 15


 433 0018 3E       		.uleb128 0x3e
 434 0019 0B       		.uleb128 0xb
 435 001a 03       		.uleb128 0x3
 436 001b 0E       		.uleb128 0xe
 437 001c 00       		.byte	0
 438 001d 00       		.byte	0
 439 001e 03       		.uleb128 0x3
 440 001f 24       		.uleb128 0x24
 441 0020 00       		.byte	0
 442 0021 0B       		.uleb128 0xb
 443 0022 0B       		.uleb128 0xb
 444 0023 3E       		.uleb128 0x3e
 445 0024 0B       		.uleb128 0xb
 446 0025 03       		.uleb128 0x3
 447 0026 08       		.uleb128 0x8
 448 0027 00       		.byte	0
 449 0028 00       		.byte	0
 450 0029 04       		.uleb128 0x4
 451 002a 16       		.uleb128 0x16
 452 002b 00       		.byte	0
 453 002c 03       		.uleb128 0x3
 454 002d 0E       		.uleb128 0xe
 455 002e 3A       		.uleb128 0x3a
 456 002f 0B       		.uleb128 0xb
 457 0030 3B       		.uleb128 0x3b
 458 0031 0B       		.uleb128 0xb
 459 0032 49       		.uleb128 0x49
 460 0033 13       		.uleb128 0x13
 461 0034 00       		.byte	0
 462 0035 00       		.byte	0
 463 0036 05       		.uleb128 0x5
 464 0037 16       		.uleb128 0x16
 465 0038 00       		.byte	0
 466 0039 03       		.uleb128 0x3
 467 003a 0E       		.uleb128 0xe
 468 003b 3A       		.uleb128 0x3a
 469 003c 0B       		.uleb128 0xb
 470 003d 3B       		.uleb128 0x3b
 471 003e 05       		.uleb128 0x5
 472 003f 49       		.uleb128 0x49
 473 0040 13       		.uleb128 0x13
 474 0041 00       		.byte	0
 475 0042 00       		.byte	0
 476 0043 06       		.uleb128 0x6
 477 0044 0F       		.uleb128 0xf
 478 0045 00       		.byte	0
 479 0046 0B       		.uleb128 0xb
 480 0047 0B       		.uleb128 0xb
 481 0048 49       		.uleb128 0x49
 482 0049 13       		.uleb128 0x13
 483 004a 00       		.byte	0
 484 004b 00       		.byte	0
 485 004c 07       		.uleb128 0x7
 486 004d 2E       		.uleb128 0x2e
 487 004e 01       		.byte	0x1
 488 004f 03       		.uleb128 0x3
 489 0050 0E       		.uleb128 0xe
ARM GAS  C:\Users\zakis\AppData\Local\Temp\cch8osSG.s 			page 16


 490 0051 3A       		.uleb128 0x3a
 491 0052 0B       		.uleb128 0xb
 492 0053 3B       		.uleb128 0x3b
 493 0054 05       		.uleb128 0x5
 494 0055 27       		.uleb128 0x27
 495 0056 19       		.uleb128 0x19
 496 0057 20       		.uleb128 0x20
 497 0058 0B       		.uleb128 0xb
 498 0059 01       		.uleb128 0x1
 499 005a 13       		.uleb128 0x13
 500 005b 00       		.byte	0
 501 005c 00       		.byte	0
 502 005d 08       		.uleb128 0x8
 503 005e 05       		.uleb128 0x5
 504 005f 00       		.byte	0
 505 0060 03       		.uleb128 0x3
 506 0061 08       		.uleb128 0x8
 507 0062 3A       		.uleb128 0x3a
 508 0063 0B       		.uleb128 0xb
 509 0064 3B       		.uleb128 0x3b
 510 0065 05       		.uleb128 0x5
 511 0066 49       		.uleb128 0x49
 512 0067 13       		.uleb128 0x13
 513 0068 00       		.byte	0
 514 0069 00       		.byte	0
 515 006a 09       		.uleb128 0x9
 516 006b 2E       		.uleb128 0x2e
 517 006c 00       		.byte	0
 518 006d 03       		.uleb128 0x3
 519 006e 0E       		.uleb128 0xe
 520 006f 3A       		.uleb128 0x3a
 521 0070 0B       		.uleb128 0xb
 522 0071 3B       		.uleb128 0x3b
 523 0072 0B       		.uleb128 0xb
 524 0073 27       		.uleb128 0x27
 525 0074 19       		.uleb128 0x19
 526 0075 49       		.uleb128 0x49
 527 0076 13       		.uleb128 0x13
 528 0077 20       		.uleb128 0x20
 529 0078 0B       		.uleb128 0xb
 530 0079 00       		.byte	0
 531 007a 00       		.byte	0
 532 007b 0A       		.uleb128 0xa
 533 007c 2E       		.uleb128 0x2e
 534 007d 01       		.byte	0x1
 535 007e 03       		.uleb128 0x3
 536 007f 0E       		.uleb128 0xe
 537 0080 3A       		.uleb128 0x3a
 538 0081 0B       		.uleb128 0xb
 539 0082 3B       		.uleb128 0x3b
 540 0083 0B       		.uleb128 0xb
 541 0084 27       		.uleb128 0x27
 542 0085 19       		.uleb128 0x19
 543 0086 20       		.uleb128 0x20
 544 0087 0B       		.uleb128 0xb
 545 0088 01       		.uleb128 0x1
 546 0089 13       		.uleb128 0x13
ARM GAS  C:\Users\zakis\AppData\Local\Temp\cch8osSG.s 			page 17


 547 008a 00       		.byte	0
 548 008b 00       		.byte	0
 549 008c 0B       		.uleb128 0xb
 550 008d 05       		.uleb128 0x5
 551 008e 00       		.byte	0
 552 008f 03       		.uleb128 0x3
 553 0090 0E       		.uleb128 0xe
 554 0091 3A       		.uleb128 0x3a
 555 0092 0B       		.uleb128 0xb
 556 0093 3B       		.uleb128 0x3b
 557 0094 0B       		.uleb128 0xb
 558 0095 49       		.uleb128 0x49
 559 0096 13       		.uleb128 0x13
 560 0097 00       		.byte	0
 561 0098 00       		.byte	0
 562 0099 0C       		.uleb128 0xc
 563 009a 2E       		.uleb128 0x2e
 564 009b 01       		.byte	0x1
 565 009c 3F       		.uleb128 0x3f
 566 009d 19       		.uleb128 0x19
 567 009e 03       		.uleb128 0x3
 568 009f 0E       		.uleb128 0xe
 569 00a0 3A       		.uleb128 0x3a
 570 00a1 0B       		.uleb128 0xb
 571 00a2 3B       		.uleb128 0x3b
 572 00a3 0B       		.uleb128 0xb
 573 00a4 27       		.uleb128 0x27
 574 00a5 19       		.uleb128 0x19
 575 00a6 49       		.uleb128 0x49
 576 00a7 13       		.uleb128 0x13
 577 00a8 11       		.uleb128 0x11
 578 00a9 01       		.uleb128 0x1
 579 00aa 12       		.uleb128 0x12
 580 00ab 06       		.uleb128 0x6
 581 00ac 40       		.uleb128 0x40
 582 00ad 18       		.uleb128 0x18
 583 00ae 9742     		.uleb128 0x2117
 584 00b0 19       		.uleb128 0x19
 585 00b1 01       		.uleb128 0x1
 586 00b2 13       		.uleb128 0x13
 587 00b3 00       		.byte	0
 588 00b4 00       		.byte	0
 589 00b5 0D       		.uleb128 0xd
 590 00b6 05       		.uleb128 0x5
 591 00b7 00       		.byte	0
 592 00b8 03       		.uleb128 0x3
 593 00b9 0E       		.uleb128 0xe
 594 00ba 3A       		.uleb128 0x3a
 595 00bb 0B       		.uleb128 0xb
 596 00bc 3B       		.uleb128 0x3b
 597 00bd 0B       		.uleb128 0xb
 598 00be 49       		.uleb128 0x49
 599 00bf 13       		.uleb128 0x13
 600 00c0 02       		.uleb128 0x2
 601 00c1 17       		.uleb128 0x17
 602 00c2 00       		.byte	0
 603 00c3 00       		.byte	0
ARM GAS  C:\Users\zakis\AppData\Local\Temp\cch8osSG.s 			page 18


 604 00c4 0E       		.uleb128 0xe
 605 00c5 34       		.uleb128 0x34
 606 00c6 00       		.byte	0
 607 00c7 03       		.uleb128 0x3
 608 00c8 08       		.uleb128 0x8
 609 00c9 3A       		.uleb128 0x3a
 610 00ca 0B       		.uleb128 0xb
 611 00cb 3B       		.uleb128 0x3b
 612 00cc 0B       		.uleb128 0xb
 613 00cd 49       		.uleb128 0x49
 614 00ce 13       		.uleb128 0x13
 615 00cf 02       		.uleb128 0x2
 616 00d0 17       		.uleb128 0x17
 617 00d1 00       		.byte	0
 618 00d2 00       		.byte	0
 619 00d3 0F       		.uleb128 0xf
 620 00d4 1D       		.uleb128 0x1d
 621 00d5 00       		.byte	0
 622 00d6 31       		.uleb128 0x31
 623 00d7 13       		.uleb128 0x13
 624 00d8 11       		.uleb128 0x11
 625 00d9 01       		.uleb128 0x1
 626 00da 12       		.uleb128 0x12
 627 00db 06       		.uleb128 0x6
 628 00dc 58       		.uleb128 0x58
 629 00dd 0B       		.uleb128 0xb
 630 00de 59       		.uleb128 0x59
 631 00df 0B       		.uleb128 0xb
 632 00e0 00       		.byte	0
 633 00e1 00       		.byte	0
 634 00e2 10       		.uleb128 0x10
 635 00e3 34       		.uleb128 0x34
 636 00e4 00       		.byte	0
 637 00e5 03       		.uleb128 0x3
 638 00e6 0E       		.uleb128 0xe
 639 00e7 3A       		.uleb128 0x3a
 640 00e8 0B       		.uleb128 0xb
 641 00e9 3B       		.uleb128 0x3b
 642 00ea 0B       		.uleb128 0xb
 643 00eb 49       		.uleb128 0x49
 644 00ec 13       		.uleb128 0x13
 645 00ed 3F       		.uleb128 0x3f
 646 00ee 19       		.uleb128 0x19
 647 00ef 3C       		.uleb128 0x3c
 648 00f0 19       		.uleb128 0x19
 649 00f1 00       		.byte	0
 650 00f2 00       		.byte	0
 651 00f3 11       		.uleb128 0x11
 652 00f4 01       		.uleb128 0x1
 653 00f5 01       		.byte	0x1
 654 00f6 49       		.uleb128 0x49
 655 00f7 13       		.uleb128 0x13
 656 00f8 01       		.uleb128 0x1
 657 00f9 13       		.uleb128 0x13
 658 00fa 00       		.byte	0
 659 00fb 00       		.byte	0
 660 00fc 12       		.uleb128 0x12
ARM GAS  C:\Users\zakis\AppData\Local\Temp\cch8osSG.s 			page 19


 661 00fd 21       		.uleb128 0x21
 662 00fe 00       		.byte	0
 663 00ff 49       		.uleb128 0x49
 664 0100 13       		.uleb128 0x13
 665 0101 2F       		.uleb128 0x2f
 666 0102 0B       		.uleb128 0xb
 667 0103 00       		.byte	0
 668 0104 00       		.byte	0
 669 0105 13       		.uleb128 0x13
 670 0106 26       		.uleb128 0x26
 671 0107 00       		.byte	0
 672 0108 49       		.uleb128 0x49
 673 0109 13       		.uleb128 0x13
 674 010a 00       		.byte	0
 675 010b 00       		.byte	0
 676 010c 14       		.uleb128 0x14
 677 010d 34       		.uleb128 0x34
 678 010e 00       		.byte	0
 679 010f 03       		.uleb128 0x3
 680 0110 0E       		.uleb128 0xe
 681 0111 3A       		.uleb128 0x3a
 682 0112 0B       		.uleb128 0xb
 683 0113 3B       		.uleb128 0x3b
 684 0114 05       		.uleb128 0x5
 685 0115 49       		.uleb128 0x49
 686 0116 13       		.uleb128 0x13
 687 0117 3F       		.uleb128 0x3f
 688 0118 19       		.uleb128 0x19
 689 0119 3C       		.uleb128 0x3c
 690 011a 19       		.uleb128 0x19
 691 011b 00       		.byte	0
 692 011c 00       		.byte	0
 693 011d 00       		.byte	0
 694              		.section	.debug_loc,"",%progbits
 695              	.Ldebug_loc0:
 696              	.LLST0:
 697 0000 00000000 		.4byte	.LVL0
 698 0004 0A000000 		.4byte	.LVL2
 699 0008 0100     		.2byte	0x1
 700 000a 50       		.byte	0x50
 701 000b 0A000000 		.4byte	.LVL2
 702 000f 0C000000 		.4byte	.LVL3
 703 0013 0400     		.2byte	0x4
 704 0015 F3       		.byte	0xf3
 705 0016 01       		.uleb128 0x1
 706 0017 50       		.byte	0x50
 707 0018 9F       		.byte	0x9f
 708 0019 0C000000 		.4byte	.LVL3
 709 001d 0E000000 		.4byte	.LVL4
 710 0021 0100     		.2byte	0x1
 711 0023 50       		.byte	0x50
 712 0024 0E000000 		.4byte	.LVL4
 713 0028 14000000 		.4byte	.LFE59
 714 002c 0400     		.2byte	0x4
 715 002e F3       		.byte	0xf3
 716 002f 01       		.uleb128 0x1
 717 0030 50       		.byte	0x50
ARM GAS  C:\Users\zakis\AppData\Local\Temp\cch8osSG.s 			page 20


 718 0031 9F       		.byte	0x9f
 719 0032 00000000 		.4byte	0
 720 0036 00000000 		.4byte	0
 721              	.LLST1:
 722 003a 08000000 		.4byte	.LVL1
 723 003e 0C000000 		.4byte	.LVL3
 724 0042 0200     		.2byte	0x2
 725 0044 30       		.byte	0x30
 726 0045 9F       		.byte	0x9f
 727 0046 0E000000 		.4byte	.LVL4
 728 004a 14000000 		.4byte	.LFE59
 729 004e 0100     		.2byte	0x1
 730 0050 50       		.byte	0x50
 731 0051 00000000 		.4byte	0
 732 0055 00000000 		.4byte	0
 733              		.section	.debug_aranges,"",%progbits
 734 0000 1C000000 		.4byte	0x1c
 735 0004 0200     		.2byte	0x2
 736 0006 00000000 		.4byte	.Ldebug_info0
 737 000a 04       		.byte	0x4
 738 000b 00       		.byte	0
 739 000c 0000     		.2byte	0
 740 000e 0000     		.2byte	0
 741 0010 00000000 		.4byte	.LFB59
 742 0014 14000000 		.4byte	.LFE59-.LFB59
 743 0018 00000000 		.4byte	0
 744 001c 00000000 		.4byte	0
 745              		.section	.debug_ranges,"",%progbits
 746              	.Ldebug_ranges0:
 747 0000 00000000 		.4byte	.LFB59
 748 0004 14000000 		.4byte	.LFE59
 749 0008 00000000 		.4byte	0
 750 000c 00000000 		.4byte	0
 751              		.section	.debug_line,"",%progbits
 752              	.Ldebug_line0:
 753 0000 5D010000 		.section	.debug_str,"MS",%progbits,1
 753      02003201 
 753      00000201 
 753      FB0E0D00 
 753      01010101 
 754              	.LASF10:
 755 0000 45455F55 		.ascii	"EE_UINT8\000"
 755      494E5438 
 755      00
 756              	.LASF37:
 757 0009 45455F72 		.ascii	"EE_rq_bitmask\000"
 757      715F6269 
 757      746D6173 
 757      6B00
 758              	.LASF15:
 759 0017 45455F55 		.ascii	"EE_UREG\000"
 759      52454700 
 760              	.LASF38:
 761 001f 45455F74 		.ascii	"EE_th_event_active\000"
 761      685F6576 
 761      656E745F 
 761      61637469 
ARM GAS  C:\Users\zakis\AppData\Local\Temp\cch8osSG.s 			page 21


 761      766500
 762              	.LASF35:
 763 0032 45455F73 		.ascii	"EE_stkfirst\000"
 763      746B6669 
 763      72737400 
 764              	.LASF2:
 765 003e 73686F72 		.ascii	"short int\000"
 765      7420696E 
 765      7400
 766              	.LASF21:
 767 0048 53746174 		.ascii	"StatusType\000"
 767      75735479 
 767      706500
 768              	.LASF16:
 769 0053 45455F46 		.ascii	"EE_FREG\000"
 769      52454700 
 770              	.LASF14:
 771 005b 45455F55 		.ascii	"EE_UINT32\000"
 771      494E5433 
 771      3200
 772              	.LASF30:
 773 0065 45455F74 		.ascii	"EE_th_ready_prio\000"
 773      685F7265 
 773      6164795F 
 773      7072696F 
 773      00
 774              	.LASF18:
 775 0076 45455F54 		.ascii	"EE_TID\000"
 775      494400
 776              	.LASF48:
 777 007d 45455F6F 		.ascii	"EE_oo_GetTaskID\000"
 777      6F5F4765 
 777      74546173 
 777      6B494400 
 778              	.LASF45:
 779 008d 47656E65 		.ascii	"Generated_Source\\PSoC5\\ErikaOS_1_ee_gettaskid.c\000"
 779      72617465 
 779      645F536F 
 779      75726365 
 779      5C50536F 
 780              	.LASF39:
 781 00bd 45455F74 		.ascii	"EE_th_waswaiting\000"
 781      685F7761 
 781      73776169 
 781      74696E67 
 781      00
 782              	.LASF27:
 783 00ce 45455F49 		.ascii	"EE_IRQ_nesting_level\000"
 783      52515F6E 
 783      65737469 
 783      6E675F6C 
 783      6576656C 
 784              	.LASF23:
 785 00e3 45455F4F 		.ascii	"EE_ORTI_set_service_in\000"
 785      5254495F 
 785      7365745F 
 785      73657276 
ARM GAS  C:\Users\zakis\AppData\Local\Temp\cch8osSG.s 			page 22


 785      6963655F 
 786              	.LASF6:
 787 00fa 6C6F6E67 		.ascii	"long long int\000"
 787      206C6F6E 
 787      6720696E 
 787      7400
 788              	.LASF11:
 789 0108 45455F49 		.ascii	"EE_INT8\000"
 789      4E543800 
 790              	.LASF41:
 791 0110 45455F6F 		.ascii	"EE_oo_IRQ_suspend_status\000"
 791      6F5F4952 
 791      515F7375 
 791      7370656E 
 791      645F7374 
 792              	.LASF19:
 793 0129 45455F54 		.ascii	"EE_TYPE_RQ_MASK\000"
 793      5950455F 
 793      52515F4D 
 793      41534B00 
 794              	.LASF4:
 795 0139 6C6F6E67 		.ascii	"long int\000"
 795      20696E74 
 795      00
 796              	.LASF22:
 797 0142 45455F4F 		.ascii	"EE_ORTI_set_service\000"
 797      5254495F 
 797      7365745F 
 797      73657276 
 797      69636500 
 798              	.LASF49:
 799 0156 5461736B 		.ascii	"TaskID\000"
 799      494400
 800              	.LASF36:
 801 015d 45455F73 		.ascii	"EE_sys_ceiling\000"
 801      79735F63 
 801      65696C69 
 801      6E6700
 802              	.LASF9:
 803 016c 6C6F6E67 		.ascii	"long double\000"
 803      20646F75 
 803      626C6500 
 804              	.LASF1:
 805 0178 756E7369 		.ascii	"unsigned char\000"
 805      676E6564 
 805      20636861 
 805      7200
 806              	.LASF0:
 807 0186 7369676E 		.ascii	"signed char\000"
 807      65642063 
 807      68617200 
 808              	.LASF7:
 809 0192 6C6F6E67 		.ascii	"long long unsigned int\000"
 809      206C6F6E 
 809      6720756E 
 809      7369676E 
 809      65642069 
ARM GAS  C:\Users\zakis\AppData\Local\Temp\cch8osSG.s 			page 23


 810              	.LASF20:
 811 01a9 5461736B 		.ascii	"TaskRefType\000"
 811      52656654 
 811      79706500 
 812              	.LASF47:
 813 01b5 45455F73 		.ascii	"EE_stk_queryfirst\000"
 813      746B5F71 
 813      75657279 
 813      66697273 
 813      7400
 814              	.LASF8:
 815 01c7 756E7369 		.ascii	"unsigned int\000"
 815      676E6564 
 815      20696E74 
 815      00
 816              	.LASF34:
 817 01d4 45455F74 		.ascii	"EE_th_rnact\000"
 817      685F726E 
 817      61637400 
 818              	.LASF28:
 819 01e0 45455F73 		.ascii	"EE_std_endcycle_next_tid\000"
 819      74645F65 
 819      6E646379 
 819      636C655F 
 819      6E657874 
 820              	.LASF13:
 821 01f9 45455F49 		.ascii	"EE_INT32\000"
 821      4E543332 
 821      00
 822              	.LASF3:
 823 0202 73686F72 		.ascii	"short unsigned int\000"
 823      7420756E 
 823      7369676E 
 823      65642069 
 823      6E7400
 824              	.LASF12:
 825 0215 45455F55 		.ascii	"EE_UINT16\000"
 825      494E5431 
 825      3600
 826              	.LASF26:
 827 021f 4572726F 		.ascii	"Error\000"
 827      7200
 828              	.LASF42:
 829 0225 45455F41 		.ascii	"EE_ApplicationMode\000"
 829      70706C69 
 829      63617469 
 829      6F6E4D6F 
 829      646500
 830              	.LASF5:
 831 0238 6C6F6E67 		.ascii	"long unsigned int\000"
 831      20756E73 
 831      69676E65 
 831      6420696E 
 831      7400
 832              	.LASF17:
 833 024a 45455F54 		.ascii	"EE_TYPEBOOL\000"
 833      59504542 
ARM GAS  C:\Users\zakis\AppData\Local\Temp\cch8osSG.s 			page 24


 833      4F4F4C00 
 834              	.LASF25:
 835 0256 45455F6F 		.ascii	"EE_os_notify_error_from_us_impl\000"
 835      735F6E6F 
 835      74696679 
 835      5F657272 
 835      6F725F66 
 836              	.LASF29:
 837 0276 73697A65 		.ascii	"sizetype\000"
 837      74797065 
 837      00
 838              	.LASF43:
 839 027f 45455F72 		.ascii	"EE_rq_lookup\000"
 839      715F6C6F 
 839      6F6B7570 
 839      00
 840              	.LASF32:
 841 028c 45455F74 		.ascii	"EE_th_status\000"
 841      685F7374 
 841      61747573 
 841      00
 842              	.LASF31:
 843 0299 45455F74 		.ascii	"EE_th_dispatch_prio\000"
 843      685F6469 
 843      73706174 
 843      63685F70 
 843      72696F00 
 844              	.LASF33:
 845 02ad 45455F74 		.ascii	"EE_th_next\000"
 845      685F6E65 
 845      787400
 846              	.LASF44:
 847 02b8 474E5520 		.ascii	"GNU C11 5.4.1 20160609 (release) [ARM/embedded-5-br"
 847      43313120 
 847      352E342E 
 847      31203230 
 847      31363036 
 848 02eb 616E6368 		.ascii	"anch revision 237715] -mcpu=cortex-m3 -mthumb -g -O"
 848      20726576 
 848      6973696F 
 848      6E203233 
 848      37373135 
 849 031e 67202D66 		.ascii	"g -ffunction-sections -ffat-lto-objects\000"
 849      66756E63 
 849      74696F6E 
 849      2D736563 
 849      74696F6E 
 850              	.LASF40:
 851 0346 45455F6F 		.ascii	"EE_oo_IRQ_disable_count\000"
 851      6F5F4952 
 851      515F6469 
 851      7361626C 
 851      655F636F 
 852              	.LASF24:
 853 035e 45455F4F 		.ascii	"EE_ORTI_set_service_out\000"
 853      5254495F 
 853      7365745F 
ARM GAS  C:\Users\zakis\AppData\Local\Temp\cch8osSG.s 			page 25


 853      73657276 
 853      6963655F 
 854              	.LASF46:
 855 0376 433A5C55 		.ascii	"C:\\Users\\zakis\\Documents\\EOS_Assignment_Two\\JS"
 855      73657273 
 855      5C7A616B 
 855      69735C44 
 855      6F63756D 
 856 03a4 4F4E5F50 		.ascii	"ON_Parser\\EOS_Assignment_Two\\JSON_Parser.cydsn\000"
 856      61727365 
 856      725C454F 
 856      535F4173 
 856      7369676E 
 857              		.ident	"GCC: (GNU Tools for ARM Embedded Processors) 5.4.1 20160609 (release) [ARM/embedded-5-bran
