ARM GAS  C:\Users\zakis\AppData\Local\Temp\ccKnOumt.s 			page 1


   1              		.syntax unified
   2              		.cpu cortex-m3
   3              		.fpu softvfp
   4              		.eabi_attribute 20, 1
   5              		.eabi_attribute 21, 1
   6              		.eabi_attribute 23, 3
   7              		.eabi_attribute 24, 1
   8              		.eabi_attribute 25, 1
   9              		.eabi_attribute 26, 1
  10              		.eabi_attribute 30, 1
  11              		.eabi_attribute 34, 1
  12              		.eabi_attribute 18, 4
  13              		.thumb
  14              		.syntax unified
  15              		.file	"ErikaOS_1_ee_alsetrel.c"
  16              		.text
  17              	.Ltext0:
  18              		.cfi_sections	.debug_frame
  19              	.Letext0:
  20              		.file 1 "Generated_Source\\PSoC5\\ErikaOS_1_common_ee_types.inc"
  21              		.file 2 "Generated_Source\\PSoC5\\ErikaOS_1_cortex_mx_ee_cpu.inc"
  22              		.file 3 "Generated_Source\\PSoC5\\ErikaOS_1_ee_oo_common.inc"
  23              		.file 4 "Generated_Source\\PSoC5\\ErikaOS_1_common_ee_primitives.inc"
  24              		.file 5 "Generated_Source\\PSoC5\\ErikaOS_1_cortex_mx_ee_context.inc"
  25              		.file 6 "Generated_Source\\PSoC5\\ErikaOS_1_ee_oo_intfunc.inc"
  26              		.file 7 "Generated_Source\\PSoC5\\ErikaOS_1_ee_oo_internal.inc"
  27              		.section	.debug_info,"",%progbits
  28              	.Ldebug_info0:
  29 0000 EF010000 		.4byte	0x1ef
  30 0004 0400     		.2byte	0x4
  31 0006 00000000 		.4byte	.Ldebug_abbrev0
  32 000a 04       		.byte	0x4
  33 000b 01       		.uleb128 0x1
  34 000c 1D020000 		.4byte	.LASF36
  35 0010 0C       		.byte	0xc
  36 0011 8C000000 		.4byte	.LASF37
  37 0015 C3020000 		.4byte	.LASF38
  38 0019 00000000 		.4byte	.Ldebug_line0
  39 001d 02       		.uleb128 0x2
  40 001e 01       		.byte	0x1
  41 001f 06       		.byte	0x6
  42 0020 2C010000 		.4byte	.LASF0
  43 0024 02       		.uleb128 0x2
  44 0025 01       		.byte	0x1
  45 0026 08       		.byte	0x8
  46 0027 1E010000 		.4byte	.LASF1
  47 002b 02       		.uleb128 0x2
  48 002c 02       		.byte	0x2
  49 002d 05       		.byte	0x5
  50 002e 3A000000 		.4byte	.LASF2
  51 0032 02       		.uleb128 0x2
  52 0033 02       		.byte	0x2
  53 0034 07       		.byte	0x7
  54 0035 8A010000 		.4byte	.LASF3
  55 0039 02       		.uleb128 0x2
  56 003a 04       		.byte	0x4
  57 003b 05       		.byte	0x5
ARM GAS  C:\Users\zakis\AppData\Local\Temp\ccKnOumt.s 			page 2


  58 003c E1000000 		.4byte	.LASF4
  59 0040 02       		.uleb128 0x2
  60 0041 04       		.byte	0x4
  61 0042 07       		.byte	0x7
  62 0043 BA010000 		.4byte	.LASF5
  63 0047 02       		.uleb128 0x2
  64 0048 08       		.byte	0x8
  65 0049 05       		.byte	0x5
  66 004a BB000000 		.4byte	.LASF6
  67 004e 02       		.uleb128 0x2
  68 004f 08       		.byte	0x8
  69 0050 07       		.byte	0x7
  70 0051 38010000 		.4byte	.LASF7
  71 0055 03       		.uleb128 0x3
  72 0056 04       		.byte	0x4
  73 0057 05       		.byte	0x5
  74 0058 696E7400 		.ascii	"int\000"
  75 005c 02       		.uleb128 0x2
  76 005d 04       		.byte	0x4
  77 005e 07       		.byte	0x7
  78 005f 4F010000 		.4byte	.LASF8
  79 0063 02       		.uleb128 0x2
  80 0064 08       		.byte	0x8
  81 0065 04       		.byte	0x4
  82 0066 12010000 		.4byte	.LASF9
  83 006a 04       		.uleb128 0x4
  84 006b C9000000 		.4byte	.LASF10
  85 006f 01       		.byte	0x1
  86 0070 3F       		.byte	0x3f
  87 0071 1D000000 		.4byte	0x1d
  88 0075 04       		.uleb128 0x4
  89 0076 9D010000 		.4byte	.LASF11
  90 007a 01       		.byte	0x1
  91 007b 52       		.byte	0x52
  92 007c 32000000 		.4byte	0x32
  93 0080 04       		.uleb128 0x4
  94 0081 81010000 		.4byte	.LASF12
  95 0085 01       		.byte	0x1
  96 0086 53       		.byte	0x53
  97 0087 55000000 		.4byte	0x55
  98 008b 04       		.uleb128 0x4
  99 008c 55000000 		.4byte	.LASF13
 100 0090 01       		.byte	0x1
 101 0091 54       		.byte	0x54
 102 0092 5C000000 		.4byte	0x5c
 103 0096 04       		.uleb128 0x4
 104 0097 0E000000 		.4byte	.LASF14
 105 009b 02       		.byte	0x2
 106 009c 4D       		.byte	0x4d
 107 009d 8B000000 		.4byte	0x8b
 108 00a1 04       		.uleb128 0x4
 109 00a2 4D000000 		.4byte	.LASF15
 110 00a6 02       		.byte	0x2
 111 00a7 4F       		.byte	0x4f
 112 00a8 8B000000 		.4byte	0x8b
 113 00ac 04       		.uleb128 0x4
 114 00ad CC010000 		.4byte	.LASF16
ARM GAS  C:\Users\zakis\AppData\Local\Temp\ccKnOumt.s 			page 3


 115 00b1 02       		.byte	0x2
 116 00b2 54       		.byte	0x54
 117 00b3 96000000 		.4byte	0x96
 118 00b7 04       		.uleb128 0x4
 119 00b8 70000000 		.4byte	.LASF17
 120 00bc 02       		.byte	0x2
 121 00bd 78       		.byte	0x78
 122 00be 80000000 		.4byte	0x80
 123 00c2 05       		.uleb128 0x5
 124 00c3 D1000000 		.4byte	.LASF18
 125 00c7 03       		.byte	0x3
 126 00c8 1101     		.2byte	0x111
 127 00ca 75000000 		.4byte	0x75
 128 00ce 06       		.uleb128 0x6
 129 00cf 77000000 		.4byte	.LASF19
 130 00d3 04       		.byte	0x4
 131 00d4 44       		.byte	0x44
 132 00d5 96000000 		.4byte	0x96
 133 00d9 06       		.uleb128 0x6
 134 00da 68010000 		.4byte	.LASF20
 135 00de 05       		.byte	0x5
 136 00df 48       		.byte	0x48
 137 00e0 B7000000 		.4byte	0xb7
 138 00e4 07       		.uleb128 0x7
 139 00e5 FB000000 		.4byte	0xfb
 140 00e9 F4000000 		.4byte	0xf4
 141 00ed 08       		.uleb128 0x8
 142 00ee F4000000 		.4byte	0xf4
 143 00f2 02       		.byte	0x2
 144 00f3 00       		.byte	0
 145 00f4 02       		.uleb128 0x2
 146 00f5 04       		.byte	0x4
 147 00f6 07       		.byte	0x7
 148 00f7 44000000 		.4byte	.LASF21
 149 00fb 09       		.uleb128 0x9
 150 00fc 96000000 		.4byte	0x96
 151 0100 06       		.uleb128 0x6
 152 0101 5F000000 		.4byte	.LASF22
 153 0105 03       		.byte	0x3
 154 0106 B2       		.byte	0xb2
 155 0107 0B010000 		.4byte	0x10b
 156 010b 09       		.uleb128 0x9
 157 010c E4000000 		.4byte	0xe4
 158 0110 06       		.uleb128 0x6
 159 0111 FE010000 		.4byte	.LASF23
 160 0115 03       		.byte	0x3
 161 0116 B3       		.byte	0xb3
 162 0117 1B010000 		.4byte	0x11b
 163 011b 09       		.uleb128 0x9
 164 011c E4000000 		.4byte	0xe4
 165 0120 07       		.uleb128 0x7
 166 0121 96000000 		.4byte	0x96
 167 0125 30010000 		.4byte	0x130
 168 0129 08       		.uleb128 0x8
 169 012a F4000000 		.4byte	0xf4
 170 012e 02       		.byte	0x2
 171 012f 00       		.byte	0
ARM GAS  C:\Users\zakis\AppData\Local\Temp\ccKnOumt.s 			page 4


 172 0130 06       		.uleb128 0x6
 173 0131 F1010000 		.4byte	.LASF24
 174 0135 03       		.byte	0x3
 175 0136 CA       		.byte	0xca
 176 0137 20010000 		.4byte	0x120
 177 013b 07       		.uleb128 0x7
 178 013c B7000000 		.4byte	0xb7
 179 0140 4B010000 		.4byte	0x14b
 180 0144 08       		.uleb128 0x8
 181 0145 F4000000 		.4byte	0xf4
 182 0149 02       		.byte	0x2
 183 014a 00       		.byte	0
 184 014b 06       		.uleb128 0x6
 185 014c 12020000 		.4byte	.LASF25
 186 0150 03       		.byte	0x3
 187 0151 D2       		.byte	0xd2
 188 0152 3B010000 		.4byte	0x13b
 189 0156 06       		.uleb128 0x6
 190 0157 5C010000 		.4byte	.LASF26
 191 015b 03       		.byte	0x3
 192 015c DA       		.byte	0xda
 193 015d 20010000 		.4byte	0x120
 194 0161 06       		.uleb128 0x6
 195 0162 D8010000 		.4byte	.LASF27
 196 0166 03       		.byte	0x3
 197 0167 E2       		.byte	0xe2
 198 0168 B7000000 		.4byte	0xb7
 199 016c 06       		.uleb128 0x6
 200 016d 03010000 		.4byte	.LASF28
 201 0171 03       		.byte	0x3
 202 0172 F7       		.byte	0xf7
 203 0173 96000000 		.4byte	0x96
 204 0177 0A       		.uleb128 0xa
 205 0178 00000000 		.4byte	.LASF29
 206 017c 03       		.byte	0x3
 207 017d 3F01     		.2byte	0x13f
 208 017f C2000000 		.4byte	0xc2
 209 0183 0A       		.uleb128 0xa
 210 0184 16000000 		.4byte	.LASF30
 211 0188 03       		.byte	0x3
 212 0189 5C01     		.2byte	0x15c
 213 018b 20010000 		.4byte	0x120
 214 018f 07       		.uleb128 0x7
 215 0190 AC000000 		.4byte	0xac
 216 0194 9F010000 		.4byte	0x19f
 217 0198 08       		.uleb128 0x8
 218 0199 F4000000 		.4byte	0xf4
 219 019d 02       		.byte	0x2
 220 019e 00       		.byte	0
 221 019f 0A       		.uleb128 0xa
 222 01a0 29000000 		.4byte	.LASF31
 223 01a4 03       		.byte	0x3
 224 01a5 6701     		.2byte	0x167
 225 01a7 8F010000 		.4byte	0x18f
 226 01ab 06       		.uleb128 0x6
 227 01ac AB020000 		.4byte	.LASF32
 228 01b0 06       		.byte	0x6
ARM GAS  C:\Users\zakis\AppData\Local\Temp\ccKnOumt.s 			page 5


 229 01b1 40       		.byte	0x40
 230 01b2 96000000 		.4byte	0x96
 231 01b6 06       		.uleb128 0x6
 232 01b7 EA000000 		.4byte	.LASF33
 233 01bb 06       		.byte	0x6
 234 01bc 47       		.byte	0x47
 235 01bd A1000000 		.4byte	0xa1
 236 01c1 06       		.uleb128 0x6
 237 01c2 A7010000 		.4byte	.LASF34
 238 01c6 06       		.byte	0x6
 239 01c7 4A       		.byte	0x4a
 240 01c8 96000000 		.4byte	0x96
 241 01cc 07       		.uleb128 0x7
 242 01cd DC010000 		.4byte	0x1dc
 243 01d1 DC010000 		.4byte	0x1dc
 244 01d5 08       		.uleb128 0x8
 245 01d6 F4000000 		.4byte	0xf4
 246 01da FF       		.byte	0xff
 247 01db 00       		.byte	0
 248 01dc 09       		.uleb128 0x9
 249 01dd 6A000000 		.4byte	0x6a
 250 01e1 0A       		.uleb128 0xa
 251 01e2 E4010000 		.4byte	.LASF35
 252 01e6 07       		.byte	0x7
 253 01e7 AB01     		.2byte	0x1ab
 254 01e9 ED010000 		.4byte	0x1ed
 255 01ed 09       		.uleb128 0x9
 256 01ee CC010000 		.4byte	0x1cc
 257 01f2 00       		.byte	0
 258              		.section	.debug_abbrev,"",%progbits
 259              	.Ldebug_abbrev0:
 260 0000 01       		.uleb128 0x1
 261 0001 11       		.uleb128 0x11
 262 0002 01       		.byte	0x1
 263 0003 25       		.uleb128 0x25
 264 0004 0E       		.uleb128 0xe
 265 0005 13       		.uleb128 0x13
 266 0006 0B       		.uleb128 0xb
 267 0007 03       		.uleb128 0x3
 268 0008 0E       		.uleb128 0xe
 269 0009 1B       		.uleb128 0x1b
 270 000a 0E       		.uleb128 0xe
 271 000b 10       		.uleb128 0x10
 272 000c 17       		.uleb128 0x17
 273 000d 00       		.byte	0
 274 000e 00       		.byte	0
 275 000f 02       		.uleb128 0x2
 276 0010 24       		.uleb128 0x24
 277 0011 00       		.byte	0
 278 0012 0B       		.uleb128 0xb
 279 0013 0B       		.uleb128 0xb
 280 0014 3E       		.uleb128 0x3e
 281 0015 0B       		.uleb128 0xb
 282 0016 03       		.uleb128 0x3
 283 0017 0E       		.uleb128 0xe
 284 0018 00       		.byte	0
 285 0019 00       		.byte	0
ARM GAS  C:\Users\zakis\AppData\Local\Temp\ccKnOumt.s 			page 6


 286 001a 03       		.uleb128 0x3
 287 001b 24       		.uleb128 0x24
 288 001c 00       		.byte	0
 289 001d 0B       		.uleb128 0xb
 290 001e 0B       		.uleb128 0xb
 291 001f 3E       		.uleb128 0x3e
 292 0020 0B       		.uleb128 0xb
 293 0021 03       		.uleb128 0x3
 294 0022 08       		.uleb128 0x8
 295 0023 00       		.byte	0
 296 0024 00       		.byte	0
 297 0025 04       		.uleb128 0x4
 298 0026 16       		.uleb128 0x16
 299 0027 00       		.byte	0
 300 0028 03       		.uleb128 0x3
 301 0029 0E       		.uleb128 0xe
 302 002a 3A       		.uleb128 0x3a
 303 002b 0B       		.uleb128 0xb
 304 002c 3B       		.uleb128 0x3b
 305 002d 0B       		.uleb128 0xb
 306 002e 49       		.uleb128 0x49
 307 002f 13       		.uleb128 0x13
 308 0030 00       		.byte	0
 309 0031 00       		.byte	0
 310 0032 05       		.uleb128 0x5
 311 0033 16       		.uleb128 0x16
 312 0034 00       		.byte	0
 313 0035 03       		.uleb128 0x3
 314 0036 0E       		.uleb128 0xe
 315 0037 3A       		.uleb128 0x3a
 316 0038 0B       		.uleb128 0xb
 317 0039 3B       		.uleb128 0x3b
 318 003a 05       		.uleb128 0x5
 319 003b 49       		.uleb128 0x49
 320 003c 13       		.uleb128 0x13
 321 003d 00       		.byte	0
 322 003e 00       		.byte	0
 323 003f 06       		.uleb128 0x6
 324 0040 34       		.uleb128 0x34
 325 0041 00       		.byte	0
 326 0042 03       		.uleb128 0x3
 327 0043 0E       		.uleb128 0xe
 328 0044 3A       		.uleb128 0x3a
 329 0045 0B       		.uleb128 0xb
 330 0046 3B       		.uleb128 0x3b
 331 0047 0B       		.uleb128 0xb
 332 0048 49       		.uleb128 0x49
 333 0049 13       		.uleb128 0x13
 334 004a 3F       		.uleb128 0x3f
 335 004b 19       		.uleb128 0x19
 336 004c 3C       		.uleb128 0x3c
 337 004d 19       		.uleb128 0x19
 338 004e 00       		.byte	0
 339 004f 00       		.byte	0
 340 0050 07       		.uleb128 0x7
 341 0051 01       		.uleb128 0x1
 342 0052 01       		.byte	0x1
ARM GAS  C:\Users\zakis\AppData\Local\Temp\ccKnOumt.s 			page 7


 343 0053 49       		.uleb128 0x49
 344 0054 13       		.uleb128 0x13
 345 0055 01       		.uleb128 0x1
 346 0056 13       		.uleb128 0x13
 347 0057 00       		.byte	0
 348 0058 00       		.byte	0
 349 0059 08       		.uleb128 0x8
 350 005a 21       		.uleb128 0x21
 351 005b 00       		.byte	0
 352 005c 49       		.uleb128 0x49
 353 005d 13       		.uleb128 0x13
 354 005e 2F       		.uleb128 0x2f
 355 005f 0B       		.uleb128 0xb
 356 0060 00       		.byte	0
 357 0061 00       		.byte	0
 358 0062 09       		.uleb128 0x9
 359 0063 26       		.uleb128 0x26
 360 0064 00       		.byte	0
 361 0065 49       		.uleb128 0x49
 362 0066 13       		.uleb128 0x13
 363 0067 00       		.byte	0
 364 0068 00       		.byte	0
 365 0069 0A       		.uleb128 0xa
 366 006a 34       		.uleb128 0x34
 367 006b 00       		.byte	0
 368 006c 03       		.uleb128 0x3
 369 006d 0E       		.uleb128 0xe
 370 006e 3A       		.uleb128 0x3a
 371 006f 0B       		.uleb128 0xb
 372 0070 3B       		.uleb128 0x3b
 373 0071 05       		.uleb128 0x5
 374 0072 49       		.uleb128 0x49
 375 0073 13       		.uleb128 0x13
 376 0074 3F       		.uleb128 0x3f
 377 0075 19       		.uleb128 0x19
 378 0076 3C       		.uleb128 0x3c
 379 0077 19       		.uleb128 0x19
 380 0078 00       		.byte	0
 381 0079 00       		.byte	0
 382 007a 00       		.byte	0
 383              		.section	.debug_aranges,"",%progbits
 384 0000 14000000 		.4byte	0x14
 385 0004 0200     		.2byte	0x2
 386 0006 00000000 		.4byte	.Ldebug_info0
 387 000a 04       		.byte	0x4
 388 000b 00       		.byte	0
 389 000c 0000     		.2byte	0
 390 000e 0000     		.2byte	0
 391 0010 00000000 		.4byte	0
 392 0014 00000000 		.4byte	0
 393              		.section	.debug_line,"",%progbits
 394              	.Ldebug_line0:
 395 0000 1C010000 		.section	.debug_str,"MS",%progbits,1
 395      02001601 
 395      00000201 
 395      FB0E0D00 
 395      01010101 
ARM GAS  C:\Users\zakis\AppData\Local\Temp\ccKnOumt.s 			page 8


 396              	.LASF29:
 397 0000 45455F72 		.ascii	"EE_rq_bitmask\000"
 397      715F6269 
 397      746D6173 
 397      6B00
 398              	.LASF14:
 399 000e 45455F55 		.ascii	"EE_UREG\000"
 399      52454700 
 400              	.LASF30:
 401 0016 45455F74 		.ascii	"EE_th_event_active\000"
 401      685F6576 
 401      656E745F 
 401      61637469 
 401      766500
 402              	.LASF31:
 403 0029 45455F74 		.ascii	"EE_th_waswaiting\000"
 403      685F7761 
 403      73776169 
 403      74696E67 
 403      00
 404              	.LASF2:
 405 003a 73686F72 		.ascii	"short int\000"
 405      7420696E 
 405      7400
 406              	.LASF21:
 407 0044 73697A65 		.ascii	"sizetype\000"
 407      74797065 
 407      00
 408              	.LASF15:
 409 004d 45455F46 		.ascii	"EE_FREG\000"
 409      52454700 
 410              	.LASF13:
 411 0055 45455F55 		.ascii	"EE_UINT32\000"
 411      494E5433 
 411      3200
 412              	.LASF22:
 413 005f 45455F74 		.ascii	"EE_th_ready_prio\000"
 413      685F7265 
 413      6164795F 
 413      7072696F 
 413      00
 414              	.LASF17:
 415 0070 45455F54 		.ascii	"EE_TID\000"
 415      494400
 416              	.LASF19:
 417 0077 45455F49 		.ascii	"EE_IRQ_nesting_level\000"
 417      52515F6E 
 417      65737469 
 417      6E675F6C 
 417      6576656C 
 418              	.LASF37:
 419 008c 47656E65 		.ascii	"Generated_Source\\PSoC5\\ErikaOS_1_ee_alsetrel.c\000"
 419      72617465 
 419      645F536F 
 419      75726365 
 419      5C50536F 
 420              	.LASF6:
ARM GAS  C:\Users\zakis\AppData\Local\Temp\ccKnOumt.s 			page 9


 421 00bb 6C6F6E67 		.ascii	"long long int\000"
 421      206C6F6E 
 421      6720696E 
 421      7400
 422              	.LASF10:
 423 00c9 45455F49 		.ascii	"EE_INT8\000"
 423      4E543800 
 424              	.LASF18:
 425 00d1 45455F54 		.ascii	"EE_TYPE_RQ_MASK\000"
 425      5950455F 
 425      52515F4D 
 425      41534B00 
 426              	.LASF4:
 427 00e1 6C6F6E67 		.ascii	"long int\000"
 427      20696E74 
 427      00
 428              	.LASF33:
 429 00ea 45455F6F 		.ascii	"EE_oo_IRQ_suspend_status\000"
 429      6F5F4952 
 429      515F7375 
 429      7370656E 
 429      645F7374 
 430              	.LASF28:
 431 0103 45455F73 		.ascii	"EE_sys_ceiling\000"
 431      79735F63 
 431      65696C69 
 431      6E6700
 432              	.LASF9:
 433 0112 6C6F6E67 		.ascii	"long double\000"
 433      20646F75 
 433      626C6500 
 434              	.LASF1:
 435 011e 756E7369 		.ascii	"unsigned char\000"
 435      676E6564 
 435      20636861 
 435      7200
 436              	.LASF0:
 437 012c 7369676E 		.ascii	"signed char\000"
 437      65642063 
 437      68617200 
 438              	.LASF7:
 439 0138 6C6F6E67 		.ascii	"long long unsigned int\000"
 439      206C6F6E 
 439      6720756E 
 439      7369676E 
 439      65642069 
 440              	.LASF8:
 441 014f 756E7369 		.ascii	"unsigned int\000"
 441      676E6564 
 441      20696E74 
 441      00
 442              	.LASF26:
 443 015c 45455F74 		.ascii	"EE_th_rnact\000"
 443      685F726E 
 443      61637400 
 444              	.LASF20:
 445 0168 45455F73 		.ascii	"EE_std_endcycle_next_tid\000"
ARM GAS  C:\Users\zakis\AppData\Local\Temp\ccKnOumt.s 			page 10


 445      74645F65 
 445      6E646379 
 445      636C655F 
 445      6E657874 
 446              	.LASF12:
 447 0181 45455F49 		.ascii	"EE_INT32\000"
 447      4E543332 
 447      00
 448              	.LASF3:
 449 018a 73686F72 		.ascii	"short unsigned int\000"
 449      7420756E 
 449      7369676E 
 449      65642069 
 449      6E7400
 450              	.LASF11:
 451 019d 45455F55 		.ascii	"EE_UINT16\000"
 451      494E5431 
 451      3600
 452              	.LASF34:
 453 01a7 45455F41 		.ascii	"EE_ApplicationMode\000"
 453      70706C69 
 453      63617469 
 453      6F6E4D6F 
 453      646500
 454              	.LASF5:
 455 01ba 6C6F6E67 		.ascii	"long unsigned int\000"
 455      20756E73 
 455      69676E65 
 455      6420696E 
 455      7400
 456              	.LASF16:
 457 01cc 45455F54 		.ascii	"EE_TYPEBOOL\000"
 457      59504542 
 457      4F4F4C00 
 458              	.LASF27:
 459 01d8 45455F73 		.ascii	"EE_stkfirst\000"
 459      746B6669 
 459      72737400 
 460              	.LASF35:
 461 01e4 45455F72 		.ascii	"EE_rq_lookup\000"
 461      715F6C6F 
 461      6F6B7570 
 461      00
 462              	.LASF24:
 463 01f1 45455F74 		.ascii	"EE_th_status\000"
 463      685F7374 
 463      61747573 
 463      00
 464              	.LASF23:
 465 01fe 45455F74 		.ascii	"EE_th_dispatch_prio\000"
 465      685F6469 
 465      73706174 
 465      63685F70 
 465      72696F00 
 466              	.LASF25:
 467 0212 45455F74 		.ascii	"EE_th_next\000"
 467      685F6E65 
ARM GAS  C:\Users\zakis\AppData\Local\Temp\ccKnOumt.s 			page 11


 467      787400
 468              	.LASF36:
 469 021d 474E5520 		.ascii	"GNU C11 5.4.1 20160609 (release) [ARM/embedded-5-br"
 469      43313120 
 469      352E342E 
 469      31203230 
 469      31363036 
 470 0250 616E6368 		.ascii	"anch revision 237715] -mcpu=cortex-m3 -mthumb -g -O"
 470      20726576 
 470      6973696F 
 470      6E203233 
 470      37373135 
 471 0283 67202D66 		.ascii	"g -ffunction-sections -ffat-lto-objects\000"
 471      66756E63 
 471      74696F6E 
 471      2D736563 
 471      74696F6E 
 472              	.LASF32:
 473 02ab 45455F6F 		.ascii	"EE_oo_IRQ_disable_count\000"
 473      6F5F4952 
 473      515F6469 
 473      7361626C 
 473      655F636F 
 474              	.LASF38:
 475 02c3 433A5C55 		.ascii	"C:\\Users\\zakis\\Documents\\EOS_Assignment_Two\\JS"
 475      73657273 
 475      5C7A616B 
 475      69735C44 
 475      6F63756D 
 476 02f1 4F4E5F50 		.ascii	"ON_Parser\\EOS_Assignment_Two\\JSON_Parser.cydsn\000"
 476      61727365 
 476      725C454F 
 476      535F4173 
 476      7369676E 
 477              		.ident	"GCC: (GNU Tools for ARM Embedded Processors) 5.4.1 20160609 (release) [ARM/embedded-5-bran
