ARM GAS  C:\Users\zakis\AppData\Local\Temp\ccrRu09X.s 			page 1


   1              		.syntax unified
   2              		.cpu cortex-m3
   3              		.fpu softvfp
   4              		.eabi_attribute 20, 1
   5              		.eabi_attribute 21, 1
   6              		.eabi_attribute 23, 3
   7              		.eabi_attribute 24, 1
   8              		.eabi_attribute 25, 1
   9              		.eabi_attribute 26, 1
  10              		.eabi_attribute 30, 1
  11              		.eabi_attribute 34, 1
  12              		.eabi_attribute 18, 4
  13              		.thumb
  14              		.syntax unified
  15              		.file	"ErikaOS_eecfg.c"
  16              		.text
  17              	.Ltext0:
  18              		.cfi_sections	.debug_frame
  19              		.global	EE_oo_autostart_task_data
  20              		.comm	EE_ApplicationMode,4,4
  21              		.global	EE_oo_action_ROM
  22              		.comm	EE_oo_counter_object_RAM,16,4
  23              		.global	EE_oo_counter_object_ROM
  24              		.global	EE_ALARM_ID
  25              		.global	EE_ALARM_NAME
  26              		.global	EE_alarm_ROM
  27              		.global	EE_counter_RAM
  28              		.global	EE_counter_ROM
  29              		.comm	EE_resource_oldceiling,8,4
  30              		.global	EE_resource_ceiling
  31              		.global	EE_resource_locked
  32              		.global	EE_resource_stack
  33              		.global	EE_th_resource_last
  34              		.global	EE_th_is_extended
  35              		.global	EE_th_waswaiting
  36              		.global	EE_th_event_waitmask
  37              		.global	EE_th_event_active
  38              		.global	EE_th_terminate_nextask
  39              		.global	EE_rq_free
  40              		.comm	EE_rq_pairs_tid,12,4
  41              		.global	EE_rq_pairs_next
  42              		.global	EE_rq_link
  43              		.global	EE_th_rnact_max
  44              		.global	EE_th_rnact
  45              		.global	EE_rq_bitmask
  46              		.global	EE_rq_queues_tail
  47              		.global	EE_rq_queues_head
  48              		.global	EE_sys_ceiling
  49              		.global	EE_stkfirst
  50              		.global	EE_th_next
  51              		.global	EE_th_status
  52              		.global	EE_th_dispatch_prio
  53              		.global	EE_EVENT_ID
  54              		.global	EE_EVENT_NAME
  55              		.global	EE_RESOURCE_ID
  56              		.global	EE_RESOURCE_NAME
  57              		.global	EE_TASK_NAME
ARM GAS  C:\Users\zakis\AppData\Local\Temp\ccrRu09X.s 			page 2


  58              		.global	EE_th_ready_prio
  59              		.global	EE_terminate_real_th_body
  60              		.comm	EE_terminate_data,12,4
  61              		.global	EE_hal_thread_body
  62              		.global	EE_cortex_mx_IRQ_tos
  63              		.global	EE_cortex_mx_active_tos
  64              		.global	EE_cortex_mx_system_tos
  65              		.global	EE_std_thread_tos
  66              		.comm	EE_cortex_mx_stack_9,512,4
  67              		.comm	EE_cortex_mx_stack_3,2000,4
  68              		.section	.rodata
  69              		.align	2
  70              		.type	EE_oo_autostart_task_data, %object
  71              		.size	EE_oo_autostart_task_data, 8
  72              	EE_oo_autostart_task_data:
  73 0000 01000000 		.word	1
  74 0004 08000000 		.word	EE_oo_autostart_task_mode_OSDEFAULTAPPMODE
  75              		.type	EE_oo_autostart_task_mode_OSDEFAULTAPPMODE, %object
  76              		.size	EE_oo_autostart_task_mode_OSDEFAULTAPPMODE, 4
  77              	EE_oo_autostart_task_mode_OSDEFAULTAPPMODE:
  78 0008 00000000 		.space	4
  79              		.type	EE_oo_action_ROM, %object
  80              		.size	EE_oo_action_ROM, 20
  81              	EE_oo_action_ROM:
  82 000c 00       		.byte	0
  83 000d 000000   		.space	3
  84 0010 00000000 		.word	0
  85 0014 00000000 		.word	0
  86 0018 00000000 		.word	0
  87 001c FFFFFFFF 		.word	-1
  88              		.type	EE_oo_counter_object_ROM, %object
  89              		.size	EE_oo_counter_object_ROM, 12
  90              	EE_oo_counter_object_ROM:
  91 0020 00000000 		.space	12
  91      00000000 
  91      00000000 
  92              		.type	EE_ALARM_ID, %object
  93              		.size	EE_ALARM_ID, 4
  94              	EE_ALARM_ID:
  95 002c 00000000 		.space	4
  96              		.type	EE_alarm_ROM, %object
  97              		.size	EE_alarm_ROM, 4
  98              	EE_alarm_ROM:
  99 0030 00000000 		.space	4
 100              		.type	EE_counter_ROM, %object
 101              		.size	EE_counter_ROM, 12
 102              	EE_counter_ROM:
 103 0034 10270000 		.word	10000
 104 0038 00000000 		.word	0
 105 003c 00000000 		.word	0
 106              		.type	EE_resource_ceiling, %object
 107              		.size	EE_resource_ceiling, 8
 108              	EE_resource_ceiling:
 109 0040 10000000 		.word	16
 110 0044 10000000 		.word	16
 111              		.type	EE_th_is_extended, %object
 112              		.size	EE_th_is_extended, 12
ARM GAS  C:\Users\zakis\AppData\Local\Temp\ccrRu09X.s 			page 3


 113              	EE_th_is_extended:
 114 0048 00000000 		.word	0
 115 004c 00000000 		.word	0
 116 0050 01000000 		.word	1
 117              		.type	EE_th_rnact_max, %object
 118              		.size	EE_th_rnact_max, 12
 119              	EE_th_rnact_max:
 120 0054 01000000 		.word	1
 121 0058 01000000 		.word	1
 122 005c 01000000 		.word	1
 123              		.type	EE_th_dispatch_prio, %object
 124              		.size	EE_th_dispatch_prio, 12
 125              	EE_th_dispatch_prio:
 126 0060 80000000 		.word	128
 127 0064 02000000 		.word	2
 128 0068 10000000 		.word	16
 129              		.type	EE_EVENT_ID, %object
 130              		.size	EE_EVENT_ID, 8
 131              	EE_EVENT_ID:
 132 006c 01000000 		.word	1
 133 0070 02000000 		.word	2
 134              		.type	EE_RESOURCE_ID, %object
 135              		.size	EE_RESOURCE_ID, 8
 136              	EE_RESOURCE_ID:
 137 0074 00000000 		.word	0
 138 0078 01000000 		.word	1
 139              		.type	EE_th_ready_prio, %object
 140              		.size	EE_th_ready_prio, 12
 141              	EE_th_ready_prio:
 142 007c 01000000 		.word	1
 143 0080 02000000 		.word	2
 144 0084 10000000 		.word	16
 145              		.type	EE_terminate_real_th_body, %object
 146              		.size	EE_terminate_real_th_body, 12
 147              	EE_terminate_real_th_body:
 148 0088 00000000 		.word	Functsk_auto
 149 008c 00000000 		.word	Functsk_background
 150 0090 00000000 		.word	Functsk_handleEvents
 151              		.type	EE_hal_thread_body, %object
 152              		.size	EE_hal_thread_body, 12
 153              	EE_hal_thread_body:
 154 0094 00000000 		.word	EE_oo_thread_stub
 155 0098 00000000 		.word	EE_oo_thread_stub
 156 009c 00000000 		.word	EE_oo_thread_stub
 157              		.type	EE_std_thread_tos, %object
 158              		.size	EE_std_thread_tos, 16
 159              	EE_std_thread_tos:
 160 00a0 00000000 		.word	0
 161 00a4 00000000 		.word	0
 162 00a8 00000000 		.word	0
 163 00ac 01000000 		.word	1
 164              		.data
 165              		.align	2
 166              		.type	EE_ALARM_NAME, %object
 167              		.size	EE_ALARM_NAME, 4
 168              	EE_ALARM_NAME:
 169 0000 00000000 		.word	.LC0
ARM GAS  C:\Users\zakis\AppData\Local\Temp\ccrRu09X.s 			page 4


 170              		.type	EE_counter_RAM, %object
 171              		.size	EE_counter_RAM, 8
 172              	EE_counter_RAM:
 173 0004 00000000 		.word	0
 174 0008 FFFFFFFF 		.word	-1
 175              		.type	EE_resource_stack, %object
 176              		.size	EE_resource_stack, 8
 177              	EE_resource_stack:
 178 000c FFFFFFFF 		.word	-1
 179 0010 FFFFFFFF 		.word	-1
 180              		.type	EE_th_resource_last, %object
 181              		.size	EE_th_resource_last, 12
 182              	EE_th_resource_last:
 183 0014 FFFFFFFF 		.word	-1
 184 0018 FFFFFFFF 		.word	-1
 185 001c FFFFFFFF 		.word	-1
 186              		.type	EE_th_terminate_nextask, %object
 187              		.size	EE_th_terminate_nextask, 12
 188              	EE_th_terminate_nextask:
 189 0020 FFFFFFFF 		.word	-1
 190 0024 FFFFFFFF 		.word	-1
 191 0028 FFFFFFFF 		.word	-1
 192              		.type	EE_rq_pairs_next, %object
 193              		.size	EE_rq_pairs_next, 12
 194              	EE_rq_pairs_next:
 195 002c 01000000 		.word	1
 196 0030 02000000 		.word	2
 197 0034 FFFFFFFF 		.word	-1
 198              		.type	EE_rq_link, %object
 199              		.size	EE_rq_link, 12
 200              	EE_rq_link:
 201 0038 00000000 		.word	0
 202 003c 01000000 		.word	1
 203 0040 04000000 		.word	4
 204              		.type	EE_th_rnact, %object
 205              		.size	EE_th_rnact, 12
 206              	EE_th_rnact:
 207 0044 01000000 		.word	1
 208 0048 01000000 		.word	1
 209 004c 01000000 		.word	1
 210              		.type	EE_rq_queues_tail, %object
 211              		.size	EE_rq_queues_tail, 64
 212              	EE_rq_queues_tail:
 213 0050 FFFFFFFF 		.word	-1
 214 0054 FFFFFFFF 		.word	-1
 215 0058 FFFFFFFF 		.word	-1
 216 005c FFFFFFFF 		.word	-1
 217 0060 FFFFFFFF 		.word	-1
 218 0064 FFFFFFFF 		.word	-1
 219 0068 FFFFFFFF 		.word	-1
 220 006c FFFFFFFF 		.word	-1
 221 0070 FFFFFFFF 		.word	-1
 222 0074 FFFFFFFF 		.word	-1
 223 0078 FFFFFFFF 		.word	-1
 224 007c FFFFFFFF 		.word	-1
 225 0080 FFFFFFFF 		.word	-1
 226 0084 FFFFFFFF 		.word	-1
ARM GAS  C:\Users\zakis\AppData\Local\Temp\ccrRu09X.s 			page 5


 227 0088 FFFFFFFF 		.word	-1
 228 008c FFFFFFFF 		.word	-1
 229              		.type	EE_rq_queues_head, %object
 230              		.size	EE_rq_queues_head, 64
 231              	EE_rq_queues_head:
 232 0090 FFFFFFFF 		.word	-1
 233 0094 FFFFFFFF 		.word	-1
 234 0098 FFFFFFFF 		.word	-1
 235 009c FFFFFFFF 		.word	-1
 236 00a0 FFFFFFFF 		.word	-1
 237 00a4 FFFFFFFF 		.word	-1
 238 00a8 FFFFFFFF 		.word	-1
 239 00ac FFFFFFFF 		.word	-1
 240 00b0 FFFFFFFF 		.word	-1
 241 00b4 FFFFFFFF 		.word	-1
 242 00b8 FFFFFFFF 		.word	-1
 243 00bc FFFFFFFF 		.word	-1
 244 00c0 FFFFFFFF 		.word	-1
 245 00c4 FFFFFFFF 		.word	-1
 246 00c8 FFFFFFFF 		.word	-1
 247 00cc FFFFFFFF 		.word	-1
 248              		.type	EE_stkfirst, %object
 249              		.size	EE_stkfirst, 4
 250              	EE_stkfirst:
 251 00d0 FFFFFFFF 		.word	-1
 252              		.type	EE_th_next, %object
 253              		.size	EE_th_next, 12
 254              	EE_th_next:
 255 00d4 FFFFFFFF 		.word	-1
 256 00d8 FFFFFFFF 		.word	-1
 257 00dc FFFFFFFF 		.word	-1
 258              		.type	EE_th_status, %object
 259              		.size	EE_th_status, 12
 260              	EE_th_status:
 261 00e0 03000000 		.word	3
 262 00e4 03000000 		.word	3
 263 00e8 03000000 		.word	3
 264              		.type	EE_EVENT_NAME, %object
 265              		.size	EE_EVENT_NAME, 8
 266              	EE_EVENT_NAME:
 267 00ec 0C000000 		.word	.LC1
 268 00f0 1C000000 		.word	.LC2
 269              		.type	EE_RESOURCE_NAME, %object
 270              		.size	EE_RESOURCE_NAME, 8
 271              	EE_RESOURCE_NAME:
 272 00f4 2C000000 		.word	.LC3
 273 00f8 38000000 		.word	.LC4
 274              		.type	EE_TASK_NAME, %object
 275              		.size	EE_TASK_NAME, 12
 276              	EE_TASK_NAME:
 277 00fc 4C000000 		.word	.LC5
 278 0100 58000000 		.word	.LC6
 279 0104 68000000 		.word	.LC7
 280              		.type	EE_cortex_mx_IRQ_tos, %object
 281              		.size	EE_cortex_mx_IRQ_tos, 4
 282              	EE_cortex_mx_IRQ_tos:
 283 0108 00020000 		.word	EE_cortex_mx_stack_9+512
ARM GAS  C:\Users\zakis\AppData\Local\Temp\ccrRu09X.s 			page 6


 284              		.type	EE_cortex_mx_system_tos, %object
 285              		.size	EE_cortex_mx_system_tos, 8
 286              	EE_cortex_mx_system_tos:
 287 010c 00000000 		.word	0
 288 0110 A8070000 		.word	EE_cortex_mx_stack_3+1960
 289              		.section	.rodata.str1.4,"aMS",%progbits,1
 290              		.align	2
 291              	.LC0:
 292 0000 616C726D 		.ascii	"alrm_dummy\000"
 292      5F64756D 
 292      6D7900
 293 000b 00       		.space	1
 294              	.LC1:
 295 000c 65765F63 		.ascii	"ev_centralEvent\000"
 295      656E7472 
 295      616C4576 
 295      656E7400 
 296              	.LC2:
 297 001c 65765F6A 		.ascii	"ev_jsonParse\000"
 297      736F6E50 
 297      61727365 
 297      00
 298 0029 000000   		.space	3
 299              	.LC3:
 300 002c 7265735F 		.ascii	"res_buffer\000"
 300      62756666 
 300      657200
 301 0037 00       		.space	1
 302              	.LC4:
 303 0038 7265735F 		.ascii	"res_drawingBuffer\000"
 303      64726177 
 303      696E6742 
 303      75666665 
 303      7200
 304 004a 0000     		.space	2
 305              	.LC5:
 306 004c 74736B5F 		.ascii	"tsk_auto\000"
 306      6175746F 
 306      00
 307 0055 000000   		.space	3
 308              	.LC6:
 309 0058 74736B5F 		.ascii	"tsk_background\000"
 309      6261636B 
 309      67726F75 
 309      6E6400
 310 0067 00       		.space	1
 311              	.LC7:
 312 0068 74736B5F 		.ascii	"tsk_handleEvents\000"
 312      68616E64 
 312      6C654576 
 312      656E7473 
 312      00
 313              		.bss
 314              		.align	2
 315              		.type	EE_resource_locked, %object
 316              		.size	EE_resource_locked, 8
 317              	EE_resource_locked:
ARM GAS  C:\Users\zakis\AppData\Local\Temp\ccrRu09X.s 			page 7


 318 0000 00000000 		.space	8
 318      00000000 
 319              		.type	EE_th_waswaiting, %object
 320              		.size	EE_th_waswaiting, 12
 321              	EE_th_waswaiting:
 322 0008 00000000 		.space	12
 322      00000000 
 322      00000000 
 323              		.type	EE_th_event_waitmask, %object
 324              		.size	EE_th_event_waitmask, 12
 325              	EE_th_event_waitmask:
 326 0014 00000000 		.space	12
 326      00000000 
 326      00000000 
 327              		.type	EE_th_event_active, %object
 328              		.size	EE_th_event_active, 12
 329              	EE_th_event_active:
 330 0020 00000000 		.space	12
 330      00000000 
 330      00000000 
 331              		.type	EE_rq_free, %object
 332              		.size	EE_rq_free, 4
 333              	EE_rq_free:
 334 002c 00000000 		.space	4
 335              		.type	EE_rq_bitmask, %object
 336              		.size	EE_rq_bitmask, 2
 337              	EE_rq_bitmask:
 338 0030 0000     		.space	2
 339 0032 0000     		.space	2
 340              		.type	EE_sys_ceiling, %object
 341              		.size	EE_sys_ceiling, 4
 342              	EE_sys_ceiling:
 343 0034 00000000 		.space	4
 344              		.type	EE_cortex_mx_active_tos, %object
 345              		.size	EE_cortex_mx_active_tos, 4
 346              	EE_cortex_mx_active_tos:
 347 0038 00000000 		.space	4
 348              		.text
 349              	.Letext0:
 350              		.file 1 "Generated_Source\\PSoC5\\ErikaOS_common_ee_types.inc"
 351              		.file 2 "Generated_Source\\PSoC5\\ErikaOS_cortex_mx_ee_cpu.inc"
 352              		.file 3 "Generated_Source\\PSoC5\\ErikaOS_ee_oo_common.inc"
 353              		.file 4 "Generated_Source\\PSoC5\\ErikaOS_common_ee_hal_structs.inc"
 354              		.file 5 "Generated_Source\\PSoC5\\ErikaOS_eecfg.c"
 355              		.file 6 "Generated_Source\\PSoC5\\ErikaOS_ee_oo_intfunc.inc"
 356              		.file 7 "Generated_Source\\PSoC5\\ErikaOS_cortex_mx_ee_context.inc"
 357              		.file 8 "Generated_Source\\PSoC5\\ErikaOS_common_ee_primitives.inc"
 358              		.section	.debug_info,"",%progbits
 359              	.Ldebug_info0:
 360 0000 6B090000 		.4byte	0x96b
 361 0004 0400     		.2byte	0x4
 362 0006 00000000 		.4byte	.Ldebug_abbrev0
 363 000a 04       		.byte	0x4
 364 000b 01       		.uleb128 0x1
 365 000c 61050000 		.4byte	.LASF119
 366 0010 0C       		.byte	0xc
 367 0011 AF000000 		.4byte	.LASF120
ARM GAS  C:\Users\zakis\AppData\Local\Temp\ccrRu09X.s 			page 8


 368 0015 2D060000 		.4byte	.LASF121
 369 0019 00000000 		.4byte	.Ldebug_line0
 370 001d 02       		.uleb128 0x2
 371 001e 01       		.byte	0x1
 372 001f 06       		.byte	0x6
 373 0020 6A010000 		.4byte	.LASF0
 374 0024 02       		.uleb128 0x2
 375 0025 01       		.byte	0x1
 376 0026 08       		.byte	0x8
 377 0027 AA040000 		.4byte	.LASF1
 378 002b 02       		.uleb128 0x2
 379 002c 02       		.byte	0x2
 380 002d 05       		.byte	0x5
 381 002e EF040000 		.4byte	.LASF2
 382 0032 02       		.uleb128 0x2
 383 0033 02       		.byte	0x2
 384 0034 07       		.byte	0x7
 385 0035 E5020000 		.4byte	.LASF3
 386 0039 02       		.uleb128 0x2
 387 003a 04       		.byte	0x4
 388 003b 05       		.byte	0x5
 389 003c 08020000 		.4byte	.LASF4
 390 0040 02       		.uleb128 0x2
 391 0041 04       		.byte	0x4
 392 0042 07       		.byte	0x7
 393 0043 A3020000 		.4byte	.LASF5
 394 0047 02       		.uleb128 0x2
 395 0048 08       		.byte	0x8
 396 0049 05       		.byte	0x5
 397 004a 5C010000 		.4byte	.LASF6
 398 004e 02       		.uleb128 0x2
 399 004f 08       		.byte	0x8
 400 0050 07       		.byte	0x7
 401 0051 92000000 		.4byte	.LASF7
 402 0055 03       		.uleb128 0x3
 403 0056 04       		.byte	0x4
 404 0057 05       		.byte	0x5
 405 0058 696E7400 		.ascii	"int\000"
 406 005c 02       		.uleb128 0x2
 407 005d 04       		.byte	0x4
 408 005e 07       		.byte	0x7
 409 005f 6B020000 		.4byte	.LASF8
 410 0063 02       		.uleb128 0x2
 411 0064 08       		.byte	0x8
 412 0065 04       		.byte	0x4
 413 0066 F8030000 		.4byte	.LASF9
 414 006a 04       		.uleb128 0x4
 415 006b 77040000 		.4byte	.LASF10
 416 006f 01       		.byte	0x1
 417 0070 52       		.byte	0x52
 418 0071 32000000 		.4byte	0x32
 419 0075 04       		.uleb128 0x4
 420 0076 D9070000 		.4byte	.LASF11
 421 007a 01       		.byte	0x1
 422 007b 53       		.byte	0x53
 423 007c 55000000 		.4byte	0x55
 424 0080 04       		.uleb128 0x4
ARM GAS  C:\Users\zakis\AppData\Local\Temp\ccrRu09X.s 			page 9


 425 0081 CF070000 		.4byte	.LASF12
 426 0085 01       		.byte	0x1
 427 0086 54       		.byte	0x54
 428 0087 5C000000 		.4byte	0x5c
 429 008b 04       		.uleb128 0x4
 430 008c 37080000 		.4byte	.LASF13
 431 0090 01       		.byte	0x1
 432 0091 64       		.byte	0x64
 433 0092 96000000 		.4byte	0x96
 434 0096 05       		.uleb128 0x5
 435 0097 04       		.byte	0x4
 436 0098 06       		.uleb128 0x6
 437 0099 04       		.byte	0x4
 438 009a 9E000000 		.4byte	0x9e
 439 009e 07       		.uleb128 0x7
 440 009f 04       		.uleb128 0x4
 441 00a0 7B030000 		.4byte	.LASF14
 442 00a4 01       		.byte	0x1
 443 00a5 70       		.byte	0x70
 444 00a6 98000000 		.4byte	0x98
 445 00aa 04       		.uleb128 0x4
 446 00ab FB050000 		.4byte	.LASF15
 447 00af 01       		.byte	0x1
 448 00b0 73       		.byte	0x73
 449 00b1 98000000 		.4byte	0x98
 450 00b5 04       		.uleb128 0x4
 451 00b6 78020000 		.4byte	.LASF16
 452 00ba 02       		.byte	0x2
 453 00bb 4D       		.byte	0x4d
 454 00bc 80000000 		.4byte	0x80
 455 00c0 04       		.uleb128 0x4
 456 00c1 1A040000 		.4byte	.LASF17
 457 00c5 02       		.byte	0x2
 458 00c6 4E       		.byte	0x4e
 459 00c7 75000000 		.4byte	0x75
 460 00cb 04       		.uleb128 0x4
 461 00cc 51080000 		.4byte	.LASF18
 462 00d0 02       		.byte	0x2
 463 00d1 4F       		.byte	0x4f
 464 00d2 80000000 		.4byte	0x80
 465 00d6 04       		.uleb128 0x4
 466 00d7 71000000 		.4byte	.LASF19
 467 00db 02       		.byte	0x2
 468 00dc 54       		.byte	0x54
 469 00dd B5000000 		.4byte	0xb5
 470 00e1 04       		.uleb128 0x4
 471 00e2 5E020000 		.4byte	.LASF20
 472 00e6 02       		.byte	0x2
 473 00e7 78       		.byte	0x78
 474 00e8 75000000 		.4byte	0x75
 475 00ec 08       		.uleb128 0x8
 476 00ed 0E010000 		.4byte	.LASF61
 477 00f1 04       		.byte	0x4
 478 00f2 04       		.byte	0x4
 479 00f3 4D       		.byte	0x4d
 480 00f4 05010000 		.4byte	0x105
 481 00f8 09       		.uleb128 0x9
ARM GAS  C:\Users\zakis\AppData\Local\Temp\ccrRu09X.s 			page 10


 482 00f9 10080000 		.4byte	.LASF28
 483 00fd 04       		.byte	0x4
 484 00fe 4E       		.byte	0x4e
 485 00ff 8B000000 		.4byte	0x8b
 486 0103 00       		.byte	0
 487 0104 00       		.byte	0
 488 0105 0A       		.uleb128 0xa
 489 0106 DF030000 		.4byte	.LASF21
 490 010a 03       		.byte	0x3
 491 010b 1101     		.2byte	0x111
 492 010d 6A000000 		.4byte	0x6a
 493 0111 0A       		.uleb128 0xa
 494 0112 05010000 		.4byte	.LASF22
 495 0116 03       		.byte	0x3
 496 0117 F701     		.2byte	0x1f7
 497 0119 E1000000 		.4byte	0xe1
 498 011d 0A       		.uleb128 0xa
 499 011e 8D010000 		.4byte	.LASF23
 500 0122 03       		.byte	0x3
 501 0123 2C02     		.2byte	0x22c
 502 0125 B5000000 		.4byte	0xb5
 503 0129 0A       		.uleb128 0xa
 504 012a 42000000 		.4byte	.LASF24
 505 012e 03       		.byte	0x3
 506 012f 3502     		.2byte	0x235
 507 0131 B5000000 		.4byte	0xb5
 508 0135 0A       		.uleb128 0xa
 509 0136 C3060000 		.4byte	.LASF25
 510 013a 03       		.byte	0x3
 511 013b 5D02     		.2byte	0x25d
 512 013d B5000000 		.4byte	0xb5
 513 0141 0A       		.uleb128 0xa
 514 0142 66000000 		.4byte	.LASF26
 515 0146 03       		.byte	0x3
 516 0147 6302     		.2byte	0x263
 517 0149 B5000000 		.4byte	0xb5
 518 014d 0A       		.uleb128 0xa
 519 014e 8C030000 		.4byte	.LASF27
 520 0152 03       		.byte	0x3
 521 0153 6C02     		.2byte	0x26c
 522 0155 B5000000 		.4byte	0xb5
 523 0159 0B       		.uleb128 0xb
 524 015a 0C       		.byte	0xc
 525 015b 03       		.byte	0x3
 526 015c 7202     		.2byte	0x272
 527 015e 8A010000 		.4byte	0x18a
 528 0162 0C       		.uleb128 0xc
 529 0163 15010000 		.4byte	.LASF29
 530 0167 03       		.byte	0x3
 531 0168 7302     		.2byte	0x273
 532 016a 29010000 		.4byte	0x129
 533 016e 00       		.byte	0
 534 016f 0C       		.uleb128 0xc
 535 0170 22040000 		.4byte	.LASF30
 536 0174 03       		.byte	0x3
 537 0175 7402     		.2byte	0x274
 538 0177 29010000 		.4byte	0x129
ARM GAS  C:\Users\zakis\AppData\Local\Temp\ccrRu09X.s 			page 11


 539 017b 04       		.byte	0x4
 540 017c 0C       		.uleb128 0xc
 541 017d 55020000 		.4byte	.LASF31
 542 0181 03       		.byte	0x3
 543 0182 7502     		.2byte	0x275
 544 0184 29010000 		.4byte	0x129
 545 0188 08       		.byte	0x8
 546 0189 00       		.byte	0
 547 018a 0A       		.uleb128 0xa
 548 018b 4A050000 		.4byte	.LASF32
 549 018f 03       		.byte	0x3
 550 0190 7A02     		.2byte	0x27a
 551 0192 59010000 		.4byte	0x159
 552 0196 0B       		.uleb128 0xb
 553 0197 08       		.byte	0x8
 554 0198 03       		.byte	0x3
 555 0199 7D02     		.2byte	0x27d
 556 019b BA010000 		.4byte	0x1ba
 557 019f 0C       		.uleb128 0xc
 558 01a0 65020000 		.4byte	.LASF33
 559 01a4 03       		.byte	0x3
 560 01a5 7E02     		.2byte	0x27e
 561 01a7 29010000 		.4byte	0x129
 562 01ab 00       		.byte	0
 563 01ac 0C       		.uleb128 0xc
 564 01ad BD060000 		.4byte	.LASF34
 565 01b1 03       		.byte	0x3
 566 01b2 7F02     		.2byte	0x27f
 567 01b4 35010000 		.4byte	0x135
 568 01b8 04       		.byte	0x4
 569 01b9 00       		.byte	0
 570 01ba 0A       		.uleb128 0xa
 571 01bb CE010000 		.4byte	.LASF35
 572 01bf 03       		.byte	0x3
 573 01c0 8002     		.2byte	0x280
 574 01c2 96010000 		.4byte	0x196
 575 01c6 0D       		.uleb128 0xd
 576 01c7 01       		.byte	0x1
 577 01c8 24000000 		.4byte	0x24
 578 01cc 03       		.byte	0x3
 579 01cd 8A02     		.2byte	0x28a
 580 01cf E0010000 		.4byte	0x1e0
 581 01d3 0E       		.uleb128 0xe
 582 01d4 B8040000 		.4byte	.LASF36
 583 01d8 00       		.byte	0
 584 01d9 0E       		.uleb128 0xe
 585 01da 81040000 		.4byte	.LASF37
 586 01de 01       		.byte	0x1
 587 01df 00       		.byte	0
 588 01e0 0A       		.uleb128 0xa
 589 01e1 10030000 		.4byte	.LASF38
 590 01e5 03       		.byte	0x3
 591 01e6 8D02     		.2byte	0x28d
 592 01e8 C6010000 		.4byte	0x1c6
 593 01ec 0A       		.uleb128 0xa
 594 01ed 3C030000 		.4byte	.LASF39
 595 01f1 03       		.byte	0x3
ARM GAS  C:\Users\zakis\AppData\Local\Temp\ccrRu09X.s 			page 12


 596 01f2 9002     		.2byte	0x290
 597 01f4 E0010000 		.4byte	0x1e0
 598 01f8 0B       		.uleb128 0xb
 599 01f9 0C       		.byte	0xc
 600 01fa 03       		.byte	0x3
 601 01fb 9402     		.2byte	0x294
 602 01fd 27020000 		.4byte	0x227
 603 0201 0F       		.uleb128 0xf
 604 0202 6300     		.ascii	"c\000"
 605 0204 03       		.byte	0x3
 606 0205 9602     		.2byte	0x296
 607 0207 4D010000 		.4byte	0x14d
 608 020b 00       		.byte	0
 609 020c 0C       		.uleb128 0xc
 610 020d 1A070000 		.4byte	.LASF40
 611 0211 03       		.byte	0x3
 612 0212 9802     		.2byte	0x298
 613 0214 35010000 		.4byte	0x135
 614 0218 04       		.byte	0x4
 615 0219 0C       		.uleb128 0xc
 616 021a E0020000 		.4byte	.LASF41
 617 021e 03       		.byte	0x3
 618 021f 9A02     		.2byte	0x29a
 619 0221 EC010000 		.4byte	0x1ec
 620 0225 08       		.byte	0x8
 621 0226 00       		.byte	0
 622 0227 0A       		.uleb128 0xa
 623 0228 D6000000 		.4byte	.LASF42
 624 022c 03       		.byte	0x3
 625 022d 9B02     		.2byte	0x29b
 626 022f F8010000 		.4byte	0x1f8
 627 0233 0B       		.uleb128 0xb
 628 0234 10       		.byte	0x10
 629 0235 03       		.byte	0x3
 630 0236 9F02     		.2byte	0x29f
 631 0238 71020000 		.4byte	0x271
 632 023c 0C       		.uleb128 0xc
 633 023d 2F040000 		.4byte	.LASF43
 634 0241 03       		.byte	0x3
 635 0242 A002     		.2byte	0x2a0
 636 0244 D6000000 		.4byte	0xd6
 637 0248 00       		.byte	0
 638 0249 0C       		.uleb128 0xc
 639 024a 07080000 		.4byte	.LASF44
 640 024e 03       		.byte	0x3
 641 024f A102     		.2byte	0x2a1
 642 0251 29010000 		.4byte	0x129
 643 0255 04       		.byte	0x4
 644 0256 0C       		.uleb128 0xc
 645 0257 A9000000 		.4byte	.LASF45
 646 025b 03       		.byte	0x3
 647 025c A202     		.2byte	0x2a2
 648 025e 29010000 		.4byte	0x129
 649 0262 08       		.byte	0x8
 650 0263 0C       		.uleb128 0xc
 651 0264 25000000 		.4byte	.LASF46
 652 0268 03       		.byte	0x3
ARM GAS  C:\Users\zakis\AppData\Local\Temp\ccrRu09X.s 			page 13


 653 0269 A302     		.2byte	0x2a3
 654 026b 35010000 		.4byte	0x135
 655 026f 0C       		.byte	0xc
 656 0270 00       		.byte	0
 657 0271 0A       		.uleb128 0xa
 658 0272 34040000 		.4byte	.LASF47
 659 0276 03       		.byte	0x3
 660 0277 A402     		.2byte	0x2a4
 661 0279 33020000 		.4byte	0x233
 662 027d 0D       		.uleb128 0xd
 663 027e 01       		.byte	0x1
 664 027f 24000000 		.4byte	0x24
 665 0283 03       		.byte	0x3
 666 0284 A702     		.2byte	0x2a7
 667 0286 A3020000 		.4byte	0x2a3
 668 028a 0E       		.uleb128 0xe
 669 028b DA060000 		.4byte	.LASF48
 670 028f 00       		.byte	0
 671 0290 0E       		.uleb128 0xe
 672 0291 22070000 		.4byte	.LASF49
 673 0295 01       		.byte	0x1
 674 0296 0E       		.uleb128 0xe
 675 0297 F9060000 		.4byte	.LASF50
 676 029b 02       		.byte	0x2
 677 029c 0E       		.uleb128 0xe
 678 029d 8A060000 		.4byte	.LASF51
 679 02a1 03       		.byte	0x3
 680 02a2 00       		.byte	0
 681 02a3 0A       		.uleb128 0xa
 682 02a4 76010000 		.4byte	.LASF52
 683 02a8 03       		.byte	0x3
 684 02a9 AC02     		.2byte	0x2ac
 685 02ab 7D020000 		.4byte	0x27d
 686 02af 0A       		.uleb128 0xa
 687 02b0 7E070000 		.4byte	.LASF53
 688 02b4 03       		.byte	0x3
 689 02b5 AF02     		.2byte	0x2af
 690 02b7 A3020000 		.4byte	0x2a3
 691 02bb 0B       		.uleb128 0xb
 692 02bc 14       		.byte	0x14
 693 02bd 03       		.byte	0x3
 694 02be B202     		.2byte	0x2b2
 695 02c0 04030000 		.4byte	0x304
 696 02c4 0C       		.uleb128 0xc
 697 02c5 54070000 		.4byte	.LASF54
 698 02c9 03       		.byte	0x3
 699 02ca B302     		.2byte	0x2b3
 700 02cc AF020000 		.4byte	0x2af
 701 02d0 00       		.byte	0
 702 02d1 0C       		.uleb128 0xc
 703 02d2 18080000 		.4byte	.LASF55
 704 02d6 03       		.byte	0x3
 705 02d7 B402     		.2byte	0x2b4
 706 02d9 11010000 		.4byte	0x111
 707 02dd 04       		.byte	0x4
 708 02de 0C       		.uleb128 0xc
 709 02df EF050000 		.4byte	.LASF56
ARM GAS  C:\Users\zakis\AppData\Local\Temp\ccrRu09X.s 			page 14


 710 02e3 03       		.byte	0x3
 711 02e4 B602     		.2byte	0x2b6
 712 02e6 1D010000 		.4byte	0x11d
 713 02ea 08       		.byte	0x8
 714 02eb 0F       		.uleb128 0xf
 715 02ec 6600     		.ascii	"f\000"
 716 02ee 03       		.byte	0x3
 717 02ef B802     		.2byte	0x2b8
 718 02f1 9F000000 		.4byte	0x9f
 719 02f5 0C       		.byte	0xc
 720 02f6 0C       		.uleb128 0xc
 721 02f7 E6040000 		.4byte	.LASF57
 722 02fb 03       		.byte	0x3
 723 02fc BA02     		.2byte	0x2ba
 724 02fe 4D010000 		.4byte	0x14d
 725 0302 10       		.byte	0x10
 726 0303 00       		.byte	0
 727 0304 0A       		.uleb128 0xa
 728 0305 61040000 		.4byte	.LASF58
 729 0309 03       		.byte	0x3
 730 030a BB02     		.2byte	0x2bb
 731 030c BB020000 		.4byte	0x2bb
 732 0310 0B       		.uleb128 0xb
 733 0311 04       		.byte	0x4
 734 0312 03       		.byte	0x3
 735 0313 BD02     		.2byte	0x2bd
 736 0315 27030000 		.4byte	0x327
 737 0319 0C       		.uleb128 0xc
 738 031a B1030000 		.4byte	.LASF59
 739 031e 03       		.byte	0x3
 740 031f BF02     		.2byte	0x2bf
 741 0321 41010000 		.4byte	0x141
 742 0325 00       		.byte	0
 743 0326 00       		.byte	0
 744 0327 0A       		.uleb128 0xa
 745 0328 80020000 		.4byte	.LASF60
 746 032c 03       		.byte	0x3
 747 032d C402     		.2byte	0x2c4
 748 032f 10030000 		.4byte	0x310
 749 0333 10       		.uleb128 0x10
 750 0334 C6020000 		.4byte	.LASF62
 751 0338 08       		.byte	0x8
 752 0339 03       		.byte	0x3
 753 033a 0E04     		.2byte	0x40e
 754 033c 5A030000 		.4byte	0x35a
 755 0340 0F       		.uleb128 0xf
 756 0341 6E7400   		.ascii	"nt\000"
 757 0344 03       		.byte	0x3
 758 0345 0F04     		.2byte	0x40f
 759 0347 B5000000 		.4byte	0xb5
 760 034b 00       		.byte	0
 761 034c 0C       		.uleb128 0xc
 762 034d 60070000 		.4byte	.LASF63
 763 0351 03       		.byte	0x3
 764 0352 1004     		.2byte	0x410
 765 0354 6A030000 		.4byte	0x36a
 766 0358 04       		.byte	0x4
ARM GAS  C:\Users\zakis\AppData\Local\Temp\ccrRu09X.s 			page 15


 767 0359 00       		.byte	0
 768 035a 11       		.uleb128 0x11
 769 035b 65030000 		.4byte	0x365
 770 035f 65030000 		.4byte	0x365
 771 0363 12       		.uleb128 0x12
 772 0364 00       		.byte	0
 773 0365 13       		.uleb128 0x13
 774 0366 E1000000 		.4byte	0xe1
 775 036a 06       		.uleb128 0x6
 776 036b 04       		.byte	0x4
 777 036c 5A030000 		.4byte	0x35a
 778 0370 11       		.uleb128 0x11
 779 0371 65030000 		.4byte	0x365
 780 0375 80030000 		.4byte	0x380
 781 0379 14       		.uleb128 0x14
 782 037a 80030000 		.4byte	0x380
 783 037e 00       		.byte	0
 784 037f 00       		.byte	0
 785 0380 02       		.uleb128 0x2
 786 0381 04       		.byte	0x4
 787 0382 07       		.byte	0x7
 788 0383 EF030000 		.4byte	.LASF64
 789 0387 15       		.uleb128 0x15
 790 0388 25010000 		.4byte	.LASF122
 791 038c 05       		.byte	0x5
 792 038d 6507     		.2byte	0x765
 793 038f 99030000 		.4byte	0x399
 794 0393 05       		.uleb128 0x5
 795 0394 03       		.byte	0x3
 796 0395 08000000 		.4byte	EE_oo_autostart_task_mode_OSDEFAULTAPPMODE
 797 0399 13       		.uleb128 0x13
 798 039a 70030000 		.4byte	0x370
 799 039e 11       		.uleb128 0x11
 800 039f AE030000 		.4byte	0x3ae
 801 03a3 AE030000 		.4byte	0x3ae
 802 03a7 14       		.uleb128 0x14
 803 03a8 80030000 		.4byte	0x380
 804 03ac 02       		.byte	0x2
 805 03ad 00       		.byte	0
 806 03ae 13       		.uleb128 0x13
 807 03af AA000000 		.4byte	0xaa
 808 03b3 16       		.uleb128 0x16
 809 03b4 32070000 		.4byte	.LASF65
 810 03b8 05       		.byte	0x5
 811 03b9 D2       		.byte	0xd2
 812 03ba C4030000 		.4byte	0x3c4
 813 03be 05       		.uleb128 0x5
 814 03bf 03       		.byte	0x3
 815 03c0 00000000 		.4byte	EE_hal_thread_body
 816 03c4 13       		.uleb128 0x13
 817 03c5 9E030000 		.4byte	0x39e
 818 03c9 11       		.uleb128 0x11
 819 03ca D9030000 		.4byte	0x3d9
 820 03ce D9030000 		.4byte	0x3d9
 821 03d2 14       		.uleb128 0x14
 822 03d3 80030000 		.4byte	0x380
 823 03d7 03       		.byte	0x3
ARM GAS  C:\Users\zakis\AppData\Local\Temp\ccrRu09X.s 			page 16


 824 03d8 00       		.byte	0
 825 03d9 13       		.uleb128 0x13
 826 03da B5000000 		.4byte	0xb5
 827 03de 16       		.uleb128 0x16
 828 03df 1B060000 		.4byte	.LASF66
 829 03e3 05       		.byte	0x5
 830 03e4 71       		.byte	0x71
 831 03e5 EF030000 		.4byte	0x3ef
 832 03e9 05       		.uleb128 0x5
 833 03ea 03       		.byte	0x3
 834 03eb 00000000 		.4byte	EE_std_thread_tos
 835 03ef 13       		.uleb128 0x13
 836 03f0 C9030000 		.4byte	0x3c9
 837 03f4 11       		.uleb128 0x11
 838 03f5 80000000 		.4byte	0x80
 839 03f9 04040000 		.4byte	0x404
 840 03fd 14       		.uleb128 0x14
 841 03fe 80030000 		.4byte	0x380
 842 0402 02       		.byte	0x2
 843 0403 00       		.byte	0
 844 0404 16       		.uleb128 0x16
 845 0405 E2070000 		.4byte	.LASF67
 846 0409 05       		.byte	0x5
 847 040a ED       		.byte	0xed
 848 040b F4030000 		.4byte	0x3f4
 849 040f 05       		.uleb128 0x5
 850 0410 03       		.byte	0x3
 851 0411 00000000 		.4byte	EE_terminate_data
 852 0415 16       		.uleb128 0x16
 853 0416 CC040000 		.4byte	.LASF68
 854 041a 05       		.byte	0x5
 855 041b F0       		.byte	0xf0
 856 041c 26040000 		.4byte	0x426
 857 0420 05       		.uleb128 0x5
 858 0421 03       		.byte	0x3
 859 0422 00000000 		.4byte	EE_terminate_real_th_body
 860 0426 13       		.uleb128 0x13
 861 0427 9E030000 		.4byte	0x39e
 862 042b 11       		.uleb128 0x11
 863 042c EC000000 		.4byte	0xec
 864 0430 3B040000 		.4byte	0x43b
 865 0434 14       		.uleb128 0x14
 866 0435 80030000 		.4byte	0x380
 867 0439 01       		.byte	0x1
 868 043a 00       		.byte	0
 869 043b 16       		.uleb128 0x16
 870 043c 92040000 		.4byte	.LASF69
 871 0440 05       		.byte	0x5
 872 0441 8D       		.byte	0x8d
 873 0442 2B040000 		.4byte	0x42b
 874 0446 05       		.uleb128 0x5
 875 0447 03       		.byte	0x3
 876 0448 00000000 		.4byte	EE_cortex_mx_system_tos
 877 044c 16       		.uleb128 0x16
 878 044d B6010000 		.4byte	.LASF70
 879 0451 05       		.byte	0x5
 880 0452 A9       		.byte	0xa9
ARM GAS  C:\Users\zakis\AppData\Local\Temp\ccrRu09X.s 			page 17


 881 0453 B5000000 		.4byte	0xb5
 882 0457 05       		.uleb128 0x5
 883 0458 03       		.byte	0x3
 884 0459 00000000 		.4byte	EE_cortex_mx_active_tos
 885 045d 11       		.uleb128 0x11
 886 045e D9030000 		.4byte	0x3d9
 887 0462 6D040000 		.4byte	0x46d
 888 0466 14       		.uleb128 0x14
 889 0467 80030000 		.4byte	0x380
 890 046b 02       		.byte	0x2
 891 046c 00       		.byte	0
 892 046d 17       		.uleb128 0x17
 893 046e E9060000 		.4byte	.LASF71
 894 0472 05       		.byte	0x5
 895 0473 E202     		.2byte	0x2e2
 896 0475 7F040000 		.4byte	0x47f
 897 0479 05       		.uleb128 0x5
 898 047a 03       		.byte	0x3
 899 047b 00000000 		.4byte	EE_th_rnact_max
 900 047f 13       		.uleb128 0x13
 901 0480 5D040000 		.4byte	0x45d
 902 0484 17       		.uleb128 0x17
 903 0485 8D070000 		.4byte	.LASF72
 904 0489 05       		.byte	0x5
 905 048a 0C01     		.2byte	0x10c
 906 048c 96040000 		.4byte	0x496
 907 0490 05       		.uleb128 0x5
 908 0491 03       		.byte	0x3
 909 0492 00000000 		.4byte	EE_th_ready_prio
 910 0496 13       		.uleb128 0x13
 911 0497 5D040000 		.4byte	0x45d
 912 049b 17       		.uleb128 0x17
 913 049c 52030000 		.4byte	.LASF73
 914 04a0 05       		.byte	0x5
 915 04a1 4502     		.2byte	0x245
 916 04a3 AD040000 		.4byte	0x4ad
 917 04a7 05       		.uleb128 0x5
 918 04a8 03       		.byte	0x3
 919 04a9 00000000 		.4byte	EE_th_dispatch_prio
 920 04ad 13       		.uleb128 0x13
 921 04ae 5D040000 		.4byte	0x45d
 922 04b2 11       		.uleb128 0x11
 923 04b3 C2040000 		.4byte	0x4c2
 924 04b7 C2040000 		.4byte	0x4c2
 925 04bb 14       		.uleb128 0x14
 926 04bc 80030000 		.4byte	0x380
 927 04c0 02       		.byte	0x2
 928 04c1 00       		.byte	0
 929 04c2 06       		.uleb128 0x6
 930 04c3 04       		.byte	0x4
 931 04c4 CF040000 		.4byte	0x4cf
 932 04c8 02       		.uleb128 0x2
 933 04c9 01       		.byte	0x1
 934 04ca 08       		.byte	0x8
 935 04cb D5060000 		.4byte	.LASF74
 936 04cf 13       		.uleb128 0x13
 937 04d0 C8040000 		.4byte	0x4c8
ARM GAS  C:\Users\zakis\AppData\Local\Temp\ccrRu09X.s 			page 18


 938 04d4 17       		.uleb128 0x17
 939 04d5 3D050000 		.4byte	.LASF75
 940 04d9 05       		.byte	0x5
 941 04da 2801     		.2byte	0x128
 942 04dc B2040000 		.4byte	0x4b2
 943 04e0 05       		.uleb128 0x5
 944 04e1 03       		.byte	0x3
 945 04e2 00000000 		.4byte	EE_TASK_NAME
 946 04e6 11       		.uleb128 0x11
 947 04e7 C2040000 		.4byte	0x4c2
 948 04eb F6040000 		.4byte	0x4f6
 949 04ef 14       		.uleb128 0x14
 950 04f0 80030000 		.4byte	0x380
 951 04f4 01       		.byte	0x1
 952 04f5 00       		.byte	0
 953 04f6 17       		.uleb128 0x17
 954 04f7 9B010000 		.4byte	.LASF76
 955 04fb 05       		.byte	0x5
 956 04fc 8101     		.2byte	0x181
 957 04fe E6040000 		.4byte	0x4e6
 958 0502 05       		.uleb128 0x5
 959 0503 03       		.byte	0x3
 960 0504 00000000 		.4byte	EE_EVENT_NAME
 961 0508 11       		.uleb128 0x11
 962 0509 C2040000 		.4byte	0x4c2
 963 050d 18050000 		.4byte	0x518
 964 0511 14       		.uleb128 0x14
 965 0512 80030000 		.4byte	0x380
 966 0516 00       		.byte	0
 967 0517 00       		.byte	0
 968 0518 17       		.uleb128 0x17
 969 0519 95020000 		.4byte	.LASF77
 970 051d 05       		.byte	0x5
 971 051e 3D06     		.2byte	0x63d
 972 0520 08050000 		.4byte	0x508
 973 0524 05       		.uleb128 0x5
 974 0525 03       		.byte	0x3
 975 0526 00000000 		.4byte	EE_ALARM_NAME
 976 052a 17       		.uleb128 0x17
 977 052b 00000000 		.4byte	.LASF78
 978 052f 05       		.byte	0x5
 979 0530 4601     		.2byte	0x146
 980 0532 E6040000 		.4byte	0x4e6
 981 0536 05       		.uleb128 0x5
 982 0537 03       		.byte	0x3
 983 0538 00000000 		.4byte	EE_RESOURCE_NAME
 984 053c 11       		.uleb128 0x11
 985 053d 4C050000 		.4byte	0x54c
 986 0541 4C050000 		.4byte	0x54c
 987 0545 14       		.uleb128 0x14
 988 0546 80030000 		.4byte	0x380
 989 054a 01       		.byte	0x1
 990 054b 00       		.byte	0
 991 054c 13       		.uleb128 0x13
 992 054d 40000000 		.4byte	0x40
 993 0551 17       		.uleb128 0x17
 994 0552 4B000000 		.4byte	.LASF79
ARM GAS  C:\Users\zakis\AppData\Local\Temp\ccrRu09X.s 			page 19


 995 0556 05       		.byte	0x5
 996 0557 6201     		.2byte	0x162
 997 0559 63050000 		.4byte	0x563
 998 055d 05       		.uleb128 0x5
 999 055e 03       		.byte	0x3
 1000 055f 00000000 		.4byte	EE_RESOURCE_ID
 1001 0563 13       		.uleb128 0x13
 1002 0564 3C050000 		.4byte	0x53c
 1003 0568 17       		.uleb128 0x17
 1004 0569 FC010000 		.4byte	.LASF80
 1005 056d 05       		.byte	0x5
 1006 056e E201     		.2byte	0x1e2
 1007 0570 7A050000 		.4byte	0x57a
 1008 0574 05       		.uleb128 0x5
 1009 0575 03       		.byte	0x3
 1010 0576 00000000 		.4byte	EE_EVENT_ID
 1011 057a 13       		.uleb128 0x13
 1012 057b 3C050000 		.4byte	0x53c
 1013 057f 11       		.uleb128 0x11
 1014 0580 4C050000 		.4byte	0x54c
 1015 0584 8F050000 		.4byte	0x58f
 1016 0588 14       		.uleb128 0x14
 1017 0589 80030000 		.4byte	0x380
 1018 058d 00       		.byte	0
 1019 058e 00       		.byte	0
 1020 058f 17       		.uleb128 0x17
 1021 0590 50010000 		.4byte	.LASF81
 1022 0594 05       		.byte	0x5
 1023 0595 5906     		.2byte	0x659
 1024 0597 A1050000 		.4byte	0x5a1
 1025 059b 05       		.uleb128 0x5
 1026 059c 03       		.byte	0x3
 1027 059d 00000000 		.4byte	EE_ALARM_ID
 1028 05a1 13       		.uleb128 0x13
 1029 05a2 7F050000 		.4byte	0x57f
 1030 05a6 11       		.uleb128 0x11
 1031 05a7 B5000000 		.4byte	0xb5
 1032 05ab B6050000 		.4byte	0x5b6
 1033 05af 14       		.uleb128 0x14
 1034 05b0 80030000 		.4byte	0x380
 1035 05b4 02       		.byte	0x2
 1036 05b5 00       		.byte	0
 1037 05b6 17       		.uleb128 0x17
 1038 05b7 2F030000 		.4byte	.LASF82
 1039 05bb 05       		.byte	0x5
 1040 05bc 8102     		.2byte	0x281
 1041 05be A6050000 		.4byte	0x5a6
 1042 05c2 05       		.uleb128 0x5
 1043 05c3 03       		.byte	0x3
 1044 05c4 00000000 		.4byte	EE_th_status
 1045 05c8 11       		.uleb128 0x11
 1046 05c9 E1000000 		.4byte	0xe1
 1047 05cd D8050000 		.4byte	0x5d8
 1048 05d1 14       		.uleb128 0x14
 1049 05d2 80030000 		.4byte	0x380
 1050 05d6 02       		.byte	0x2
 1051 05d7 00       		.byte	0
ARM GAS  C:\Users\zakis\AppData\Local\Temp\ccrRu09X.s 			page 20


 1052 05d8 17       		.uleb128 0x17
 1053 05d9 C1040000 		.4byte	.LASF83
 1054 05dd 05       		.byte	0x5
 1055 05de 9D02     		.2byte	0x29d
 1056 05e0 C8050000 		.4byte	0x5c8
 1057 05e4 05       		.uleb128 0x5
 1058 05e5 03       		.byte	0x3
 1059 05e6 00000000 		.4byte	EE_th_next
 1060 05ea 17       		.uleb128 0x17
 1061 05eb 9E070000 		.4byte	.LASF84
 1062 05ef 05       		.byte	0x5
 1063 05f0 C702     		.2byte	0x2c7
 1064 05f2 A6050000 		.4byte	0x5a6
 1065 05f6 05       		.uleb128 0x5
 1066 05f7 03       		.byte	0x3
 1067 05f8 00000000 		.4byte	EE_th_rnact
 1068 05fc 17       		.uleb128 0x17
 1069 05fd 2A000000 		.4byte	.LASF85
 1070 0601 05       		.byte	0x5
 1071 0602 7703     		.2byte	0x377
 1072 0604 C8050000 		.4byte	0x5c8
 1073 0608 05       		.uleb128 0x5
 1074 0609 03       		.byte	0x3
 1075 060a 00000000 		.4byte	EE_th_terminate_nextask
 1076 060e 17       		.uleb128 0x17
 1077 060f 5A000000 		.4byte	.LASF86
 1078 0613 05       		.byte	0x5
 1079 0614 B902     		.2byte	0x2b9
 1080 0616 E1000000 		.4byte	0xe1
 1081 061a 05       		.uleb128 0x5
 1082 061b 03       		.byte	0x3
 1083 061c 00000000 		.4byte	EE_stkfirst
 1084 0620 17       		.uleb128 0x17
 1085 0621 45070000 		.4byte	.LASF87
 1086 0625 05       		.byte	0x5
 1087 0626 BC02     		.2byte	0x2bc
 1088 0628 B5000000 		.4byte	0xb5
 1089 062c 05       		.uleb128 0x5
 1090 062d 03       		.byte	0x3
 1091 062e 00000000 		.4byte	EE_sys_ceiling
 1092 0632 17       		.uleb128 0x17
 1093 0633 0F040000 		.4byte	.LASF88
 1094 0637 05       		.byte	0x5
 1095 0638 FD02     		.2byte	0x2fd
 1096 063a A6050000 		.4byte	0x5a6
 1097 063e 05       		.uleb128 0x5
 1098 063f 03       		.byte	0x3
 1099 0640 00000000 		.4byte	EE_rq_link
 1100 0644 11       		.uleb128 0x11
 1101 0645 C0000000 		.4byte	0xc0
 1102 0649 54060000 		.4byte	0x654
 1103 064d 14       		.uleb128 0x14
 1104 064e 80030000 		.4byte	0x380
 1105 0652 0F       		.byte	0xf
 1106 0653 00       		.byte	0
 1107 0654 17       		.uleb128 0x17
 1108 0655 11020000 		.4byte	.LASF89
ARM GAS  C:\Users\zakis\AppData\Local\Temp\ccrRu09X.s 			page 21


 1109 0659 05       		.byte	0x5
 1110 065a BF02     		.2byte	0x2bf
 1111 065c 44060000 		.4byte	0x644
 1112 0660 05       		.uleb128 0x5
 1113 0661 03       		.byte	0x3
 1114 0662 00000000 		.4byte	EE_rq_queues_head
 1115 0666 17       		.uleb128 0x17
 1116 0667 09060000 		.4byte	.LASF90
 1117 066b 05       		.byte	0x5
 1118 066c C102     		.2byte	0x2c1
 1119 066e 44060000 		.4byte	0x644
 1120 0672 05       		.uleb128 0x5
 1121 0673 03       		.byte	0x3
 1122 0674 00000000 		.4byte	EE_rq_queues_tail
 1123 0678 11       		.uleb128 0x11
 1124 0679 C0000000 		.4byte	0xc0
 1125 067d 88060000 		.4byte	0x688
 1126 0681 14       		.uleb128 0x14
 1127 0682 80030000 		.4byte	0x380
 1128 0686 02       		.byte	0x2
 1129 0687 00       		.byte	0
 1130 0688 17       		.uleb128 0x17
 1131 0689 F4000000 		.4byte	.LASF91
 1132 068d 05       		.byte	0x5
 1133 068e 1B03     		.2byte	0x31b
 1134 0690 78060000 		.4byte	0x678
 1135 0694 05       		.uleb128 0x5
 1136 0695 03       		.byte	0x3
 1137 0696 00000000 		.4byte	EE_rq_pairs_next
 1138 069a 17       		.uleb128 0x17
 1139 069b AA070000 		.4byte	.LASF92
 1140 069f 05       		.byte	0x5
 1141 06a0 7003     		.2byte	0x370
 1142 06a2 C8050000 		.4byte	0x5c8
 1143 06a6 05       		.uleb128 0x5
 1144 06a7 03       		.byte	0x3
 1145 06a8 00000000 		.4byte	EE_rq_pairs_tid
 1146 06ac 17       		.uleb128 0x17
 1147 06ad 9D060000 		.4byte	.LASF93
 1148 06b1 05       		.byte	0x5
 1149 06b2 C402     		.2byte	0x2c4
 1150 06b4 05010000 		.4byte	0x105
 1151 06b8 05       		.uleb128 0x5
 1152 06b9 03       		.byte	0x3
 1153 06ba 00000000 		.4byte	EE_rq_bitmask
 1154 06be 17       		.uleb128 0x17
 1155 06bf 04040000 		.4byte	.LASF94
 1156 06c3 05       		.byte	0x5
 1157 06c4 7303     		.2byte	0x373
 1158 06c6 C0000000 		.4byte	0xc0
 1159 06ca 05       		.uleb128 0x5
 1160 06cb 03       		.byte	0x3
 1161 06cc 00000000 		.4byte	EE_rq_free
 1162 06d0 17       		.uleb128 0x17
 1163 06d1 F4070000 		.4byte	.LASF95
 1164 06d5 05       		.byte	0x5
 1165 06d6 9A03     		.2byte	0x39a
ARM GAS  C:\Users\zakis\AppData\Local\Temp\ccrRu09X.s 			page 22


 1166 06d8 A6050000 		.4byte	0x5a6
 1167 06dc 05       		.uleb128 0x5
 1168 06dd 03       		.byte	0x3
 1169 06de 00000000 		.4byte	EE_th_event_active
 1170 06e2 17       		.uleb128 0x17
 1171 06e3 F9040000 		.4byte	.LASF96
 1172 06e7 05       		.byte	0x5
 1173 06e8 B603     		.2byte	0x3b6
 1174 06ea A6050000 		.4byte	0x5a6
 1175 06ee 05       		.uleb128 0x5
 1176 06ef 03       		.byte	0x3
 1177 06f0 00000000 		.4byte	EE_th_event_waitmask
 1178 06f4 11       		.uleb128 0x11
 1179 06f5 D6000000 		.4byte	0xd6
 1180 06f9 04070000 		.4byte	0x704
 1181 06fd 14       		.uleb128 0x14
 1182 06fe 80030000 		.4byte	0x380
 1183 0702 02       		.byte	0x2
 1184 0703 00       		.byte	0
 1185 0704 17       		.uleb128 0x17
 1186 0705 B5020000 		.4byte	.LASF97
 1187 0709 05       		.byte	0x5
 1188 070a D203     		.2byte	0x3d2
 1189 070c F4060000 		.4byte	0x6f4
 1190 0710 05       		.uleb128 0x5
 1191 0711 03       		.byte	0x3
 1192 0712 00000000 		.4byte	EE_th_waswaiting
 1193 0716 17       		.uleb128 0x17
 1194 0717 3F080000 		.4byte	.LASF98
 1195 071b 05       		.byte	0x5
 1196 071c EE03     		.2byte	0x3ee
 1197 071e 28070000 		.4byte	0x728
 1198 0722 05       		.uleb128 0x5
 1199 0723 03       		.byte	0x3
 1200 0724 00000000 		.4byte	EE_th_is_extended
 1201 0728 13       		.uleb128 0x13
 1202 0729 5D040000 		.4byte	0x45d
 1203 072d 11       		.uleb128 0x11
 1204 072e D9030000 		.4byte	0x3d9
 1205 0732 3D070000 		.4byte	0x73d
 1206 0736 14       		.uleb128 0x14
 1207 0737 80030000 		.4byte	0x380
 1208 073b 01       		.byte	0x1
 1209 073c 00       		.byte	0
 1210 073d 17       		.uleb128 0x17
 1211 073e 59080000 		.4byte	.LASF99
 1212 0742 05       		.byte	0x5
 1213 0743 B504     		.2byte	0x4b5
 1214 0745 4F070000 		.4byte	0x74f
 1215 0749 05       		.uleb128 0x5
 1216 074a 03       		.byte	0x3
 1217 074b 00000000 		.4byte	EE_resource_ceiling
 1218 074f 13       		.uleb128 0x13
 1219 0750 2D070000 		.4byte	0x72d
 1220 0754 11       		.uleb128 0x11
 1221 0755 B5000000 		.4byte	0xb5
 1222 0759 64070000 		.4byte	0x764
ARM GAS  C:\Users\zakis\AppData\Local\Temp\ccrRu09X.s 			page 23


 1223 075d 14       		.uleb128 0x14
 1224 075e 80030000 		.4byte	0x380
 1225 0762 01       		.byte	0x1
 1226 0763 00       		.byte	0
 1227 0764 17       		.uleb128 0x17
 1228 0765 E5010000 		.4byte	.LASF100
 1229 0769 05       		.byte	0x5
 1230 076a F404     		.2byte	0x4f4
 1231 076c 54070000 		.4byte	0x754
 1232 0770 05       		.uleb128 0x5
 1233 0771 03       		.byte	0x3
 1234 0772 00000000 		.4byte	EE_resource_oldceiling
 1235 0776 11       		.uleb128 0x11
 1236 0777 D6000000 		.4byte	0xd6
 1237 077b 86070000 		.4byte	0x786
 1238 077f 14       		.uleb128 0x14
 1239 0780 80030000 		.4byte	0x380
 1240 0784 01       		.byte	0x1
 1241 0785 00       		.byte	0
 1242 0786 17       		.uleb128 0x17
 1243 0787 24080000 		.4byte	.LASF101
 1244 078b 05       		.byte	0x5
 1245 078c 9404     		.2byte	0x494
 1246 078e 76070000 		.4byte	0x776
 1247 0792 05       		.uleb128 0x5
 1248 0793 03       		.byte	0x3
 1249 0794 00000000 		.4byte	EE_resource_locked
 1250 0798 17       		.uleb128 0x17
 1251 0799 11000000 		.4byte	.LASF102
 1252 079d 05       		.byte	0x5
 1253 079e 3704     		.2byte	0x437
 1254 07a0 A6050000 		.4byte	0x5a6
 1255 07a4 05       		.uleb128 0x5
 1256 07a5 03       		.byte	0x3
 1257 07a6 00000000 		.4byte	EE_th_resource_last
 1258 07aa 17       		.uleb128 0x17
 1259 07ab AB060000 		.4byte	.LASF103
 1260 07af 05       		.byte	0x5
 1261 07b0 7004     		.2byte	0x470
 1262 07b2 54070000 		.4byte	0x754
 1263 07b6 05       		.uleb128 0x5
 1264 07b7 03       		.byte	0x3
 1265 07b8 00000000 		.4byte	EE_resource_stack
 1266 07bc 11       		.uleb128 0x11
 1267 07bd CC070000 		.4byte	0x7cc
 1268 07c1 CC070000 		.4byte	0x7cc
 1269 07c5 14       		.uleb128 0x14
 1270 07c6 80030000 		.4byte	0x380
 1271 07ca 00       		.byte	0
 1272 07cb 00       		.byte	0
 1273 07cc 13       		.uleb128 0x13
 1274 07cd 8A010000 		.4byte	0x18a
 1275 07d1 17       		.uleb128 0x17
 1276 07d2 52040000 		.4byte	.LASF104
 1277 07d6 05       		.byte	0x5
 1278 07d7 FF05     		.2byte	0x5ff
 1279 07d9 E3070000 		.4byte	0x7e3
ARM GAS  C:\Users\zakis\AppData\Local\Temp\ccrRu09X.s 			page 24


 1280 07dd 05       		.uleb128 0x5
 1281 07de 03       		.byte	0x3
 1282 07df 00000000 		.4byte	EE_counter_ROM
 1283 07e3 13       		.uleb128 0x13
 1284 07e4 BC070000 		.4byte	0x7bc
 1285 07e8 11       		.uleb128 0x11
 1286 07e9 F8070000 		.4byte	0x7f8
 1287 07ed F8070000 		.4byte	0x7f8
 1288 07f1 14       		.uleb128 0x14
 1289 07f2 80030000 		.4byte	0x380
 1290 07f6 00       		.byte	0
 1291 07f7 00       		.byte	0
 1292 07f8 13       		.uleb128 0x13
 1293 07f9 27020000 		.4byte	0x227
 1294 07fd 17       		.uleb128 0x17
 1295 07fe 98030000 		.4byte	.LASF105
 1296 0802 05       		.byte	0x5
 1297 0803 9606     		.2byte	0x696
 1298 0805 0F080000 		.4byte	0x80f
 1299 0809 05       		.uleb128 0x5
 1300 080a 03       		.byte	0x3
 1301 080b 00000000 		.4byte	EE_oo_counter_object_ROM
 1302 080f 13       		.uleb128 0x13
 1303 0810 E8070000 		.4byte	0x7e8
 1304 0814 11       		.uleb128 0x11
 1305 0815 24080000 		.4byte	0x824
 1306 0819 24080000 		.4byte	0x824
 1307 081d 14       		.uleb128 0x14
 1308 081e 80030000 		.4byte	0x380
 1309 0822 00       		.byte	0
 1310 0823 00       		.byte	0
 1311 0824 13       		.uleb128 0x13
 1312 0825 04030000 		.4byte	0x304
 1313 0829 17       		.uleb128 0x17
 1314 082a CE030000 		.4byte	.LASF106
 1315 082e 05       		.byte	0x5
 1316 082f BA06     		.2byte	0x6ba
 1317 0831 3B080000 		.4byte	0x83b
 1318 0835 05       		.uleb128 0x5
 1319 0836 03       		.byte	0x3
 1320 0837 00000000 		.4byte	EE_oo_action_ROM
 1321 083b 13       		.uleb128 0x13
 1322 083c 14080000 		.4byte	0x814
 1323 0840 11       		.uleb128 0x11
 1324 0841 50080000 		.4byte	0x850
 1325 0845 50080000 		.4byte	0x850
 1326 0849 14       		.uleb128 0x14
 1327 084a 80030000 		.4byte	0x380
 1328 084e 00       		.byte	0
 1329 084f 00       		.byte	0
 1330 0850 13       		.uleb128 0x13
 1331 0851 27030000 		.4byte	0x327
 1332 0855 17       		.uleb128 0x17
 1333 0856 A9010000 		.4byte	.LASF107
 1334 085a 05       		.byte	0x5
 1335 085b 2006     		.2byte	0x620
 1336 085d 67080000 		.4byte	0x867
ARM GAS  C:\Users\zakis\AppData\Local\Temp\ccrRu09X.s 			page 25


 1337 0861 05       		.uleb128 0x5
 1338 0862 03       		.byte	0x3
 1339 0863 00000000 		.4byte	EE_alarm_ROM
 1340 0867 13       		.uleb128 0x13
 1341 0868 40080000 		.4byte	0x840
 1342 086c 11       		.uleb128 0x11
 1343 086d BA010000 		.4byte	0x1ba
 1344 0871 7C080000 		.4byte	0x87c
 1345 0875 14       		.uleb128 0x14
 1346 0876 80030000 		.4byte	0x380
 1347 087a 00       		.byte	0
 1348 087b 00       		.byte	0
 1349 087c 17       		.uleb128 0x17
 1350 087d 0B070000 		.4byte	.LASF108
 1351 0881 05       		.byte	0x5
 1352 0882 0C06     		.2byte	0x60c
 1353 0884 6C080000 		.4byte	0x86c
 1354 0888 05       		.uleb128 0x5
 1355 0889 03       		.byte	0x3
 1356 088a 00000000 		.4byte	EE_counter_RAM
 1357 088e 11       		.uleb128 0x11
 1358 088f 71020000 		.4byte	0x271
 1359 0893 9E080000 		.4byte	0x89e
 1360 0897 14       		.uleb128 0x14
 1361 0898 80030000 		.4byte	0x380
 1362 089c 00       		.byte	0
 1363 089d 00       		.byte	0
 1364 089e 17       		.uleb128 0x17
 1365 089f 65070000 		.4byte	.LASF109
 1366 08a3 05       		.byte	0x5
 1367 08a4 B106     		.2byte	0x6b1
 1368 08a6 8E080000 		.4byte	0x88e
 1369 08aa 05       		.uleb128 0x5
 1370 08ab 03       		.byte	0x3
 1371 08ac 00000000 		.4byte	EE_oo_counter_object_RAM
 1372 08b0 11       		.uleb128 0x11
 1373 08b1 C0080000 		.4byte	0x8c0
 1374 08b5 C0080000 		.4byte	0x8c0
 1375 08b9 14       		.uleb128 0x14
 1376 08ba 80030000 		.4byte	0x380
 1377 08be 00       		.byte	0
 1378 08bf 00       		.byte	0
 1379 08c0 13       		.uleb128 0x13
 1380 08c1 33030000 		.4byte	0x333
 1381 08c5 17       		.uleb128 0x17
 1382 08c6 0E050000 		.4byte	.LASF110
 1383 08ca 05       		.byte	0x5
 1384 08cb 9607     		.2byte	0x796
 1385 08cd D7080000 		.4byte	0x8d7
 1386 08d1 05       		.uleb128 0x5
 1387 08d2 03       		.byte	0x3
 1388 08d3 00000000 		.4byte	EE_oo_autostart_task_data
 1389 08d7 13       		.uleb128 0x13
 1390 08d8 B0080000 		.4byte	0x8b0
 1391 08dc 18       		.uleb128 0x18
 1392 08dd F8020000 		.4byte	.LASF111
 1393 08e1 06       		.byte	0x6
ARM GAS  C:\Users\zakis\AppData\Local\Temp\ccrRu09X.s 			page 26


 1394 08e2 40       		.byte	0x40
 1395 08e3 B5000000 		.4byte	0xb5
 1396 08e7 18       		.uleb128 0x18
 1397 08e8 23020000 		.4byte	.LASF112
 1398 08ec 06       		.byte	0x6
 1399 08ed 47       		.byte	0x47
 1400 08ee CB000000 		.4byte	0xcb
 1401 08f2 17       		.uleb128 0x17
 1402 08f3 BB030000 		.4byte	.LASF113
 1403 08f7 05       		.byte	0x5
 1404 08f8 5C07     		.2byte	0x75c
 1405 08fa B5000000 		.4byte	0xb5
 1406 08fe 05       		.uleb128 0x5
 1407 08ff 03       		.byte	0x3
 1408 0900 00000000 		.4byte	EE_ApplicationMode
 1409 0904 18       		.uleb128 0x18
 1410 0905 3C020000 		.4byte	.LASF114
 1411 0909 07       		.byte	0x7
 1412 090a 48       		.byte	0x48
 1413 090b E1000000 		.4byte	0xe1
 1414 090f 18       		.uleb128 0x18
 1415 0910 BA070000 		.4byte	.LASF115
 1416 0914 08       		.byte	0x8
 1417 0915 44       		.byte	0x44
 1418 0916 B5000000 		.4byte	0xb5
 1419 091a 16       		.uleb128 0x16
 1420 091b 7D000000 		.4byte	.LASF116
 1421 091f 05       		.byte	0x5
 1422 0920 AD       		.byte	0xad
 1423 0921 EC000000 		.4byte	0xec
 1424 0925 05       		.uleb128 0x5
 1425 0926 03       		.byte	0x3
 1426 0927 00000000 		.4byte	EE_cortex_mx_IRQ_tos
 1427 092b 11       		.uleb128 0x11
 1428 092c 55000000 		.4byte	0x55
 1429 0930 3C090000 		.4byte	0x93c
 1430 0934 19       		.uleb128 0x19
 1431 0935 80030000 		.4byte	0x380
 1432 0939 F301     		.2byte	0x1f3
 1433 093b 00       		.byte	0
 1434 093c 16       		.uleb128 0x16
 1435 093d 28050000 		.4byte	.LASF117
 1436 0941 05       		.byte	0x5
 1437 0942 19       		.byte	0x19
 1438 0943 2B090000 		.4byte	0x92b
 1439 0947 05       		.uleb128 0x5
 1440 0948 03       		.byte	0x3
 1441 0949 00000000 		.4byte	EE_cortex_mx_stack_3
 1442 094d 11       		.uleb128 0x11
 1443 094e 55000000 		.4byte	0x55
 1444 0952 5D090000 		.4byte	0x95d
 1445 0956 14       		.uleb128 0x14
 1446 0957 80030000 		.4byte	0x380
 1447 095b 7F       		.byte	0x7f
 1448 095c 00       		.byte	0
 1449 095d 16       		.uleb128 0x16
 1450 095e 66030000 		.4byte	.LASF118
ARM GAS  C:\Users\zakis\AppData\Local\Temp\ccrRu09X.s 			page 27


 1451 0962 05       		.byte	0x5
 1452 0963 32       		.byte	0x32
 1453 0964 4D090000 		.4byte	0x94d
 1454 0968 05       		.uleb128 0x5
 1455 0969 03       		.byte	0x3
 1456 096a 00000000 		.4byte	EE_cortex_mx_stack_9
 1457 096e 00       		.byte	0
 1458              		.section	.debug_abbrev,"",%progbits
 1459              	.Ldebug_abbrev0:
 1460 0000 01       		.uleb128 0x1
 1461 0001 11       		.uleb128 0x11
 1462 0002 01       		.byte	0x1
 1463 0003 25       		.uleb128 0x25
 1464 0004 0E       		.uleb128 0xe
 1465 0005 13       		.uleb128 0x13
 1466 0006 0B       		.uleb128 0xb
 1467 0007 03       		.uleb128 0x3
 1468 0008 0E       		.uleb128 0xe
 1469 0009 1B       		.uleb128 0x1b
 1470 000a 0E       		.uleb128 0xe
 1471 000b 10       		.uleb128 0x10
 1472 000c 17       		.uleb128 0x17
 1473 000d 00       		.byte	0
 1474 000e 00       		.byte	0
 1475 000f 02       		.uleb128 0x2
 1476 0010 24       		.uleb128 0x24
 1477 0011 00       		.byte	0
 1478 0012 0B       		.uleb128 0xb
 1479 0013 0B       		.uleb128 0xb
 1480 0014 3E       		.uleb128 0x3e
 1481 0015 0B       		.uleb128 0xb
 1482 0016 03       		.uleb128 0x3
 1483 0017 0E       		.uleb128 0xe
 1484 0018 00       		.byte	0
 1485 0019 00       		.byte	0
 1486 001a 03       		.uleb128 0x3
 1487 001b 24       		.uleb128 0x24
 1488 001c 00       		.byte	0
 1489 001d 0B       		.uleb128 0xb
 1490 001e 0B       		.uleb128 0xb
 1491 001f 3E       		.uleb128 0x3e
 1492 0020 0B       		.uleb128 0xb
 1493 0021 03       		.uleb128 0x3
 1494 0022 08       		.uleb128 0x8
 1495 0023 00       		.byte	0
 1496 0024 00       		.byte	0
 1497 0025 04       		.uleb128 0x4
 1498 0026 16       		.uleb128 0x16
 1499 0027 00       		.byte	0
 1500 0028 03       		.uleb128 0x3
 1501 0029 0E       		.uleb128 0xe
 1502 002a 3A       		.uleb128 0x3a
 1503 002b 0B       		.uleb128 0xb
 1504 002c 3B       		.uleb128 0x3b
 1505 002d 0B       		.uleb128 0xb
 1506 002e 49       		.uleb128 0x49
 1507 002f 13       		.uleb128 0x13
ARM GAS  C:\Users\zakis\AppData\Local\Temp\ccrRu09X.s 			page 28


 1508 0030 00       		.byte	0
 1509 0031 00       		.byte	0
 1510 0032 05       		.uleb128 0x5
 1511 0033 0F       		.uleb128 0xf
 1512 0034 00       		.byte	0
 1513 0035 0B       		.uleb128 0xb
 1514 0036 0B       		.uleb128 0xb
 1515 0037 00       		.byte	0
 1516 0038 00       		.byte	0
 1517 0039 06       		.uleb128 0x6
 1518 003a 0F       		.uleb128 0xf
 1519 003b 00       		.byte	0
 1520 003c 0B       		.uleb128 0xb
 1521 003d 0B       		.uleb128 0xb
 1522 003e 49       		.uleb128 0x49
 1523 003f 13       		.uleb128 0x13
 1524 0040 00       		.byte	0
 1525 0041 00       		.byte	0
 1526 0042 07       		.uleb128 0x7
 1527 0043 15       		.uleb128 0x15
 1528 0044 00       		.byte	0
 1529 0045 27       		.uleb128 0x27
 1530 0046 19       		.uleb128 0x19
 1531 0047 00       		.byte	0
 1532 0048 00       		.byte	0
 1533 0049 08       		.uleb128 0x8
 1534 004a 13       		.uleb128 0x13
 1535 004b 01       		.byte	0x1
 1536 004c 03       		.uleb128 0x3
 1537 004d 0E       		.uleb128 0xe
 1538 004e 0B       		.uleb128 0xb
 1539 004f 0B       		.uleb128 0xb
 1540 0050 3A       		.uleb128 0x3a
 1541 0051 0B       		.uleb128 0xb
 1542 0052 3B       		.uleb128 0x3b
 1543 0053 0B       		.uleb128 0xb
 1544 0054 01       		.uleb128 0x1
 1545 0055 13       		.uleb128 0x13
 1546 0056 00       		.byte	0
 1547 0057 00       		.byte	0
 1548 0058 09       		.uleb128 0x9
 1549 0059 0D       		.uleb128 0xd
 1550 005a 00       		.byte	0
 1551 005b 03       		.uleb128 0x3
 1552 005c 0E       		.uleb128 0xe
 1553 005d 3A       		.uleb128 0x3a
 1554 005e 0B       		.uleb128 0xb
 1555 005f 3B       		.uleb128 0x3b
 1556 0060 0B       		.uleb128 0xb
 1557 0061 49       		.uleb128 0x49
 1558 0062 13       		.uleb128 0x13
 1559 0063 38       		.uleb128 0x38
 1560 0064 0B       		.uleb128 0xb
 1561 0065 00       		.byte	0
 1562 0066 00       		.byte	0
 1563 0067 0A       		.uleb128 0xa
 1564 0068 16       		.uleb128 0x16
ARM GAS  C:\Users\zakis\AppData\Local\Temp\ccrRu09X.s 			page 29


 1565 0069 00       		.byte	0
 1566 006a 03       		.uleb128 0x3
 1567 006b 0E       		.uleb128 0xe
 1568 006c 3A       		.uleb128 0x3a
 1569 006d 0B       		.uleb128 0xb
 1570 006e 3B       		.uleb128 0x3b
 1571 006f 05       		.uleb128 0x5
 1572 0070 49       		.uleb128 0x49
 1573 0071 13       		.uleb128 0x13
 1574 0072 00       		.byte	0
 1575 0073 00       		.byte	0
 1576 0074 0B       		.uleb128 0xb
 1577 0075 13       		.uleb128 0x13
 1578 0076 01       		.byte	0x1
 1579 0077 0B       		.uleb128 0xb
 1580 0078 0B       		.uleb128 0xb
 1581 0079 3A       		.uleb128 0x3a
 1582 007a 0B       		.uleb128 0xb
 1583 007b 3B       		.uleb128 0x3b
 1584 007c 05       		.uleb128 0x5
 1585 007d 01       		.uleb128 0x1
 1586 007e 13       		.uleb128 0x13
 1587 007f 00       		.byte	0
 1588 0080 00       		.byte	0
 1589 0081 0C       		.uleb128 0xc
 1590 0082 0D       		.uleb128 0xd
 1591 0083 00       		.byte	0
 1592 0084 03       		.uleb128 0x3
 1593 0085 0E       		.uleb128 0xe
 1594 0086 3A       		.uleb128 0x3a
 1595 0087 0B       		.uleb128 0xb
 1596 0088 3B       		.uleb128 0x3b
 1597 0089 05       		.uleb128 0x5
 1598 008a 49       		.uleb128 0x49
 1599 008b 13       		.uleb128 0x13
 1600 008c 38       		.uleb128 0x38
 1601 008d 0B       		.uleb128 0xb
 1602 008e 00       		.byte	0
 1603 008f 00       		.byte	0
 1604 0090 0D       		.uleb128 0xd
 1605 0091 04       		.uleb128 0x4
 1606 0092 01       		.byte	0x1
 1607 0093 0B       		.uleb128 0xb
 1608 0094 0B       		.uleb128 0xb
 1609 0095 49       		.uleb128 0x49
 1610 0096 13       		.uleb128 0x13
 1611 0097 3A       		.uleb128 0x3a
 1612 0098 0B       		.uleb128 0xb
 1613 0099 3B       		.uleb128 0x3b
 1614 009a 05       		.uleb128 0x5
 1615 009b 01       		.uleb128 0x1
 1616 009c 13       		.uleb128 0x13
 1617 009d 00       		.byte	0
 1618 009e 00       		.byte	0
 1619 009f 0E       		.uleb128 0xe
 1620 00a0 28       		.uleb128 0x28
 1621 00a1 00       		.byte	0
ARM GAS  C:\Users\zakis\AppData\Local\Temp\ccrRu09X.s 			page 30


 1622 00a2 03       		.uleb128 0x3
 1623 00a3 0E       		.uleb128 0xe
 1624 00a4 1C       		.uleb128 0x1c
 1625 00a5 0B       		.uleb128 0xb
 1626 00a6 00       		.byte	0
 1627 00a7 00       		.byte	0
 1628 00a8 0F       		.uleb128 0xf
 1629 00a9 0D       		.uleb128 0xd
 1630 00aa 00       		.byte	0
 1631 00ab 03       		.uleb128 0x3
 1632 00ac 08       		.uleb128 0x8
 1633 00ad 3A       		.uleb128 0x3a
 1634 00ae 0B       		.uleb128 0xb
 1635 00af 3B       		.uleb128 0x3b
 1636 00b0 05       		.uleb128 0x5
 1637 00b1 49       		.uleb128 0x49
 1638 00b2 13       		.uleb128 0x13
 1639 00b3 38       		.uleb128 0x38
 1640 00b4 0B       		.uleb128 0xb
 1641 00b5 00       		.byte	0
 1642 00b6 00       		.byte	0
 1643 00b7 10       		.uleb128 0x10
 1644 00b8 13       		.uleb128 0x13
 1645 00b9 01       		.byte	0x1
 1646 00ba 03       		.uleb128 0x3
 1647 00bb 0E       		.uleb128 0xe
 1648 00bc 0B       		.uleb128 0xb
 1649 00bd 0B       		.uleb128 0xb
 1650 00be 3A       		.uleb128 0x3a
 1651 00bf 0B       		.uleb128 0xb
 1652 00c0 3B       		.uleb128 0x3b
 1653 00c1 05       		.uleb128 0x5
 1654 00c2 01       		.uleb128 0x1
 1655 00c3 13       		.uleb128 0x13
 1656 00c4 00       		.byte	0
 1657 00c5 00       		.byte	0
 1658 00c6 11       		.uleb128 0x11
 1659 00c7 01       		.uleb128 0x1
 1660 00c8 01       		.byte	0x1
 1661 00c9 49       		.uleb128 0x49
 1662 00ca 13       		.uleb128 0x13
 1663 00cb 01       		.uleb128 0x1
 1664 00cc 13       		.uleb128 0x13
 1665 00cd 00       		.byte	0
 1666 00ce 00       		.byte	0
 1667 00cf 12       		.uleb128 0x12
 1668 00d0 21       		.uleb128 0x21
 1669 00d1 00       		.byte	0
 1670 00d2 00       		.byte	0
 1671 00d3 00       		.byte	0
 1672 00d4 13       		.uleb128 0x13
 1673 00d5 26       		.uleb128 0x26
 1674 00d6 00       		.byte	0
 1675 00d7 49       		.uleb128 0x49
 1676 00d8 13       		.uleb128 0x13
 1677 00d9 00       		.byte	0
 1678 00da 00       		.byte	0
ARM GAS  C:\Users\zakis\AppData\Local\Temp\ccrRu09X.s 			page 31


 1679 00db 14       		.uleb128 0x14
 1680 00dc 21       		.uleb128 0x21
 1681 00dd 00       		.byte	0
 1682 00de 49       		.uleb128 0x49
 1683 00df 13       		.uleb128 0x13
 1684 00e0 2F       		.uleb128 0x2f
 1685 00e1 0B       		.uleb128 0xb
 1686 00e2 00       		.byte	0
 1687 00e3 00       		.byte	0
 1688 00e4 15       		.uleb128 0x15
 1689 00e5 34       		.uleb128 0x34
 1690 00e6 00       		.byte	0
 1691 00e7 03       		.uleb128 0x3
 1692 00e8 0E       		.uleb128 0xe
 1693 00e9 3A       		.uleb128 0x3a
 1694 00ea 0B       		.uleb128 0xb
 1695 00eb 3B       		.uleb128 0x3b
 1696 00ec 05       		.uleb128 0x5
 1697 00ed 49       		.uleb128 0x49
 1698 00ee 13       		.uleb128 0x13
 1699 00ef 02       		.uleb128 0x2
 1700 00f0 18       		.uleb128 0x18
 1701 00f1 00       		.byte	0
 1702 00f2 00       		.byte	0
 1703 00f3 16       		.uleb128 0x16
 1704 00f4 34       		.uleb128 0x34
 1705 00f5 00       		.byte	0
 1706 00f6 03       		.uleb128 0x3
 1707 00f7 0E       		.uleb128 0xe
 1708 00f8 3A       		.uleb128 0x3a
 1709 00f9 0B       		.uleb128 0xb
 1710 00fa 3B       		.uleb128 0x3b
 1711 00fb 0B       		.uleb128 0xb
 1712 00fc 49       		.uleb128 0x49
 1713 00fd 13       		.uleb128 0x13
 1714 00fe 3F       		.uleb128 0x3f
 1715 00ff 19       		.uleb128 0x19
 1716 0100 02       		.uleb128 0x2
 1717 0101 18       		.uleb128 0x18
 1718 0102 00       		.byte	0
 1719 0103 00       		.byte	0
 1720 0104 17       		.uleb128 0x17
 1721 0105 34       		.uleb128 0x34
 1722 0106 00       		.byte	0
 1723 0107 03       		.uleb128 0x3
 1724 0108 0E       		.uleb128 0xe
 1725 0109 3A       		.uleb128 0x3a
 1726 010a 0B       		.uleb128 0xb
 1727 010b 3B       		.uleb128 0x3b
 1728 010c 05       		.uleb128 0x5
 1729 010d 49       		.uleb128 0x49
 1730 010e 13       		.uleb128 0x13
 1731 010f 3F       		.uleb128 0x3f
 1732 0110 19       		.uleb128 0x19
 1733 0111 02       		.uleb128 0x2
 1734 0112 18       		.uleb128 0x18
 1735 0113 00       		.byte	0
ARM GAS  C:\Users\zakis\AppData\Local\Temp\ccrRu09X.s 			page 32


 1736 0114 00       		.byte	0
 1737 0115 18       		.uleb128 0x18
 1738 0116 34       		.uleb128 0x34
 1739 0117 00       		.byte	0
 1740 0118 03       		.uleb128 0x3
 1741 0119 0E       		.uleb128 0xe
 1742 011a 3A       		.uleb128 0x3a
 1743 011b 0B       		.uleb128 0xb
 1744 011c 3B       		.uleb128 0x3b
 1745 011d 0B       		.uleb128 0xb
 1746 011e 49       		.uleb128 0x49
 1747 011f 13       		.uleb128 0x13
 1748 0120 3F       		.uleb128 0x3f
 1749 0121 19       		.uleb128 0x19
 1750 0122 3C       		.uleb128 0x3c
 1751 0123 19       		.uleb128 0x19
 1752 0124 00       		.byte	0
 1753 0125 00       		.byte	0
 1754 0126 19       		.uleb128 0x19
 1755 0127 21       		.uleb128 0x21
 1756 0128 00       		.byte	0
 1757 0129 49       		.uleb128 0x49
 1758 012a 13       		.uleb128 0x13
 1759 012b 2F       		.uleb128 0x2f
 1760 012c 05       		.uleb128 0x5
 1761 012d 00       		.byte	0
 1762 012e 00       		.byte	0
 1763 012f 00       		.byte	0
 1764              		.section	.debug_aranges,"",%progbits
 1765 0000 14000000 		.4byte	0x14
 1766 0004 0200     		.2byte	0x2
 1767 0006 00000000 		.4byte	.Ldebug_info0
 1768 000a 04       		.byte	0x4
 1769 000b 00       		.byte	0
 1770 000c 0000     		.2byte	0
 1771 000e 0000     		.2byte	0
 1772 0010 00000000 		.4byte	0
 1773 0014 00000000 		.4byte	0
 1774              		.section	.debug_line,"",%progbits
 1775              	.Ldebug_line0:
 1776 0000 28010000 		.section	.debug_str,"MS",%progbits,1
 1776      02002201 
 1776      00000201 
 1776      FB0E0D00 
 1776      01010101 
 1777              	.LASF78:
 1778 0000 45455F52 		.ascii	"EE_RESOURCE_NAME\000"
 1778      45534F55 
 1778      5243455F 
 1778      4E414D45 
 1778      00
 1779              	.LASF102:
 1780 0011 45455F74 		.ascii	"EE_th_resource_last\000"
 1780      685F7265 
 1780      736F7572 
 1780      63655F6C 
 1780      61737400 
ARM GAS  C:\Users\zakis\AppData\Local\Temp\ccrRu09X.s 			page 33


 1781              	.LASF46:
 1782 0025 6E657874 		.ascii	"next\000"
 1782      00
 1783              	.LASF85:
 1784 002a 45455F74 		.ascii	"EE_th_terminate_nextask\000"
 1784      685F7465 
 1784      726D696E 
 1784      6174655F 
 1784      6E657874 
 1785              	.LASF24:
 1786 0042 5469636B 		.ascii	"TickType\000"
 1786      54797065 
 1786      00
 1787              	.LASF79:
 1788 004b 45455F52 		.ascii	"EE_RESOURCE_ID\000"
 1788      45534F55 
 1788      5243455F 
 1788      494400
 1789              	.LASF86:
 1790 005a 45455F73 		.ascii	"EE_stkfirst\000"
 1790      746B6669 
 1790      72737400 
 1791              	.LASF26:
 1792 0066 41637469 		.ascii	"ActionType\000"
 1792      6F6E5479 
 1792      706500
 1793              	.LASF19:
 1794 0071 45455F54 		.ascii	"EE_TYPEBOOL\000"
 1794      59504542 
 1794      4F4F4C00 
 1795              	.LASF116:
 1796 007d 45455F63 		.ascii	"EE_cortex_mx_IRQ_tos\000"
 1796      6F727465 
 1796      785F6D78 
 1796      5F495251 
 1796      5F746F73 
 1797              	.LASF7:
 1798 0092 6C6F6E67 		.ascii	"long long unsigned int\000"
 1798      206C6F6E 
 1798      6720756E 
 1798      7369676E 
 1798      65642069 
 1799              	.LASF45:
 1800 00a9 64656C74 		.ascii	"delta\000"
 1800      6100
 1801              	.LASF120:
 1802 00af 47656E65 		.ascii	"Generated_Source\\PSoC5\\ErikaOS_eecfg.c\000"
 1802      72617465 
 1802      645F536F 
 1802      75726365 
 1802      5C50536F 
 1803              	.LASF42:
 1804 00d6 45455F6F 		.ascii	"EE_oo_counter_object_ROM_type\000"
 1804      6F5F636F 
 1804      756E7465 
 1804      725F6F62 
 1804      6A656374 
ARM GAS  C:\Users\zakis\AppData\Local\Temp\ccrRu09X.s 			page 34


 1805              	.LASF91:
 1806 00f4 45455F72 		.ascii	"EE_rq_pairs_next\000"
 1806      715F7061 
 1806      6972735F 
 1806      6E657874 
 1806      00
 1807              	.LASF22:
 1808 0105 5461736B 		.ascii	"TaskType\000"
 1808      54797065 
 1808      00
 1809              	.LASF61:
 1810 010e 45455F54 		.ascii	"EE_TOS\000"
 1810      4F5300
 1811              	.LASF29:
 1812 0115 6D617861 		.ascii	"maxallowedvalue\000"
 1812      6C6C6F77 
 1812      65647661 
 1812      6C756500 
 1813              	.LASF122:
 1814 0125 45455F6F 		.ascii	"EE_oo_autostart_task_mode_OSDEFAULTAPPMODE\000"
 1814      6F5F6175 
 1814      746F7374 
 1814      6172745F 
 1814      7461736B 
 1815              	.LASF81:
 1816 0150 45455F41 		.ascii	"EE_ALARM_ID\000"
 1816      4C41524D 
 1816      5F494400 
 1817              	.LASF6:
 1818 015c 6C6F6E67 		.ascii	"long long int\000"
 1818      206C6F6E 
 1818      6720696E 
 1818      7400
 1819              	.LASF0:
 1820 016a 7369676E 		.ascii	"signed char\000"
 1820      65642063 
 1820      68617200 
 1821              	.LASF52:
 1822 0176 45455F6F 		.ascii	"EE_oo_action_kind_type\000"
 1822      6F5F6163 
 1822      74696F6E 
 1822      5F6B696E 
 1822      645F7479 
 1823              	.LASF23:
 1824 018d 4576656E 		.ascii	"EventMaskType\000"
 1824      744D6173 
 1824      6B547970 
 1824      6500
 1825              	.LASF76:
 1826 019b 45455F45 		.ascii	"EE_EVENT_NAME\000"
 1826      56454E54 
 1826      5F4E414D 
 1826      4500
 1827              	.LASF107:
 1828 01a9 45455F61 		.ascii	"EE_alarm_ROM\000"
 1828      6C61726D 
 1828      5F524F4D 
ARM GAS  C:\Users\zakis\AppData\Local\Temp\ccrRu09X.s 			page 35


 1828      00
 1829              	.LASF70:
 1830 01b6 45455F63 		.ascii	"EE_cortex_mx_active_tos\000"
 1830      6F727465 
 1830      785F6D78 
 1830      5F616374 
 1830      6976655F 
 1831              	.LASF35:
 1832 01ce 45455F6F 		.ascii	"EE_oo_counter_RAM_type\000"
 1832      6F5F636F 
 1832      756E7465 
 1832      725F5241 
 1832      4D5F7479 
 1833              	.LASF100:
 1834 01e5 45455F72 		.ascii	"EE_resource_oldceiling\000"
 1834      65736F75 
 1834      7263655F 
 1834      6F6C6463 
 1834      65696C69 
 1835              	.LASF80:
 1836 01fc 45455F45 		.ascii	"EE_EVENT_ID\000"
 1836      56454E54 
 1836      5F494400 
 1837              	.LASF4:
 1838 0208 6C6F6E67 		.ascii	"long int\000"
 1838      20696E74 
 1838      00
 1839              	.LASF89:
 1840 0211 45455F72 		.ascii	"EE_rq_queues_head\000"
 1840      715F7175 
 1840      65756573 
 1840      5F686561 
 1840      6400
 1841              	.LASF112:
 1842 0223 45455F6F 		.ascii	"EE_oo_IRQ_suspend_status\000"
 1842      6F5F4952 
 1842      515F7375 
 1842      7370656E 
 1842      645F7374 
 1843              	.LASF114:
 1844 023c 45455F73 		.ascii	"EE_std_endcycle_next_tid\000"
 1844      74645F65 
 1844      6E646379 
 1844      636C655F 
 1844      6E657874 
 1845              	.LASF31:
 1846 0255 6D696E63 		.ascii	"mincycle\000"
 1846      79636C65 
 1846      00
 1847              	.LASF20:
 1848 025e 45455F54 		.ascii	"EE_TID\000"
 1848      494400
 1849              	.LASF33:
 1850 0265 76616C75 		.ascii	"value\000"
 1850      6500
 1851              	.LASF8:
 1852 026b 756E7369 		.ascii	"unsigned int\000"
ARM GAS  C:\Users\zakis\AppData\Local\Temp\ccrRu09X.s 			page 36


 1852      676E6564 
 1852      20696E74 
 1852      00
 1853              	.LASF16:
 1854 0278 45455F55 		.ascii	"EE_UREG\000"
 1854      52454700 
 1855              	.LASF60:
 1856 0280 45455F6F 		.ascii	"EE_oo_alarm_ROM_type\000"
 1856      6F5F616C 
 1856      61726D5F 
 1856      524F4D5F 
 1856      74797065 
 1857              	.LASF77:
 1858 0295 45455F41 		.ascii	"EE_ALARM_NAME\000"
 1858      4C41524D 
 1858      5F4E414D 
 1858      4500
 1859              	.LASF5:
 1860 02a3 6C6F6E67 		.ascii	"long unsigned int\000"
 1860      20756E73 
 1860      69676E65 
 1860      6420696E 
 1860      7400
 1861              	.LASF97:
 1862 02b5 45455F74 		.ascii	"EE_th_waswaiting\000"
 1862      685F7761 
 1862      73776169 
 1862      74696E67 
 1862      00
 1863              	.LASF62:
 1864 02c6 45455F6F 		.ascii	"EE_oo_autostart_task_type\000"
 1864      6F5F6175 
 1864      746F7374 
 1864      6172745F 
 1864      7461736B 
 1865              	.LASF41:
 1866 02e0 6B696E64 		.ascii	"kind\000"
 1866      00
 1867              	.LASF3:
 1868 02e5 73686F72 		.ascii	"short unsigned int\000"
 1868      7420756E 
 1868      7369676E 
 1868      65642069 
 1868      6E7400
 1869              	.LASF111:
 1870 02f8 45455F6F 		.ascii	"EE_oo_IRQ_disable_count\000"
 1870      6F5F4952 
 1870      515F6469 
 1870      7361626C 
 1870      655F636F 
 1871              	.LASF38:
 1872 0310 45455F6F 		.ascii	"EE_oo_counter_object_kind_type\000"
 1872      6F5F636F 
 1872      756E7465 
 1872      725F6F62 
 1872      6A656374 
 1873              	.LASF82:
ARM GAS  C:\Users\zakis\AppData\Local\Temp\ccrRu09X.s 			page 37


 1874 032f 45455F74 		.ascii	"EE_th_status\000"
 1874      685F7374 
 1874      61747573 
 1874      00
 1875              	.LASF39:
 1876 033c 436F756E 		.ascii	"CounterObjectKindType\000"
 1876      7465724F 
 1876      626A6563 
 1876      744B696E 
 1876      64547970 
 1877              	.LASF73:
 1878 0352 45455F74 		.ascii	"EE_th_dispatch_prio\000"
 1878      685F6469 
 1878      73706174 
 1878      63685F70 
 1878      72696F00 
 1879              	.LASF118:
 1880 0366 45455F63 		.ascii	"EE_cortex_mx_stack_9\000"
 1880      6F727465 
 1880      785F6D78 
 1880      5F737461 
 1880      636B5F39 
 1881              	.LASF14:
 1882 037b 45455F56 		.ascii	"EE_VOID_CALLBACK\000"
 1882      4F49445F 
 1882      43414C4C 
 1882      4241434B 
 1882      00
 1883              	.LASF27:
 1884 038c 436F756E 		.ascii	"CounterType\000"
 1884      74657254 
 1884      79706500 
 1885              	.LASF105:
 1886 0398 45455F6F 		.ascii	"EE_oo_counter_object_ROM\000"
 1886      6F5F636F 
 1886      756E7465 
 1886      725F6F62 
 1886      6A656374 
 1887              	.LASF59:
 1888 03b1 61637469 		.ascii	"action_id\000"
 1888      6F6E5F69 
 1888      6400
 1889              	.LASF113:
 1890 03bb 45455F41 		.ascii	"EE_ApplicationMode\000"
 1890      70706C69 
 1890      63617469 
 1890      6F6E4D6F 
 1890      646500
 1891              	.LASF106:
 1892 03ce 45455F6F 		.ascii	"EE_oo_action_ROM\000"
 1892      6F5F6163 
 1892      74696F6E 
 1892      5F524F4D 
 1892      00
 1893              	.LASF21:
 1894 03df 45455F54 		.ascii	"EE_TYPE_RQ_MASK\000"
 1894      5950455F 
ARM GAS  C:\Users\zakis\AppData\Local\Temp\ccrRu09X.s 			page 38


 1894      52515F4D 
 1894      41534B00 
 1895              	.LASF64:
 1896 03ef 73697A65 		.ascii	"sizetype\000"
 1896      74797065 
 1896      00
 1897              	.LASF9:
 1898 03f8 6C6F6E67 		.ascii	"long double\000"
 1898      20646F75 
 1898      626C6500 
 1899              	.LASF94:
 1900 0404 45455F72 		.ascii	"EE_rq_free\000"
 1900      715F6672 
 1900      656500
 1901              	.LASF88:
 1902 040f 45455F72 		.ascii	"EE_rq_link\000"
 1902      715F6C69 
 1902      6E6B00
 1903              	.LASF17:
 1904 041a 45455F53 		.ascii	"EE_SREG\000"
 1904      52454700 
 1905              	.LASF30:
 1906 0422 7469636B 		.ascii	"ticksperbase\000"
 1906      73706572 
 1906      62617365 
 1906      00
 1907              	.LASF43:
 1908 042f 75736564 		.ascii	"used\000"
 1908      00
 1909              	.LASF47:
 1910 0434 45455F6F 		.ascii	"EE_oo_counter_object_RAM_type\000"
 1910      6F5F636F 
 1910      756E7465 
 1910      725F6F62 
 1910      6A656374 
 1911              	.LASF104:
 1912 0452 45455F63 		.ascii	"EE_counter_ROM\000"
 1912      6F756E74 
 1912      65725F52 
 1912      4F4D00
 1913              	.LASF58:
 1914 0461 45455F6F 		.ascii	"EE_oo_action_ROM_type\000"
 1914      6F5F6163 
 1914      74696F6E 
 1914      5F524F4D 
 1914      5F747970 
 1915              	.LASF10:
 1916 0477 45455F55 		.ascii	"EE_UINT16\000"
 1916      494E5431 
 1916      3600
 1917              	.LASF37:
 1918 0481 45455F53 		.ascii	"EE_SCHEDULETABLE\000"
 1918      43484544 
 1918      554C4554 
 1918      41424C45 
 1918      00
 1919              	.LASF69:
ARM GAS  C:\Users\zakis\AppData\Local\Temp\ccrRu09X.s 			page 39


 1920 0492 45455F63 		.ascii	"EE_cortex_mx_system_tos\000"
 1920      6F727465 
 1920      785F6D78 
 1920      5F737973 
 1920      74656D5F 
 1921              	.LASF1:
 1922 04aa 756E7369 		.ascii	"unsigned char\000"
 1922      676E6564 
 1922      20636861 
 1922      7200
 1923              	.LASF36:
 1924 04b8 45455F41 		.ascii	"EE_ALARM\000"
 1924      4C41524D 
 1924      00
 1925              	.LASF83:
 1926 04c1 45455F74 		.ascii	"EE_th_next\000"
 1926      685F6E65 
 1926      787400
 1927              	.LASF68:
 1928 04cc 45455F74 		.ascii	"EE_terminate_real_th_body\000"
 1928      65726D69 
 1928      6E617465 
 1928      5F726561 
 1928      6C5F7468 
 1929              	.LASF57:
 1930 04e6 696E6363 		.ascii	"inccount\000"
 1930      6F756E74 
 1930      00
 1931              	.LASF2:
 1932 04ef 73686F72 		.ascii	"short int\000"
 1932      7420696E 
 1932      7400
 1933              	.LASF96:
 1934 04f9 45455F74 		.ascii	"EE_th_event_waitmask\000"
 1934      685F6576 
 1934      656E745F 
 1934      77616974 
 1934      6D61736B 
 1935              	.LASF110:
 1936 050e 45455F6F 		.ascii	"EE_oo_autostart_task_data\000"
 1936      6F5F6175 
 1936      746F7374 
 1936      6172745F 
 1936      7461736B 
 1937              	.LASF117:
 1938 0528 45455F63 		.ascii	"EE_cortex_mx_stack_3\000"
 1938      6F727465 
 1938      785F6D78 
 1938      5F737461 
 1938      636B5F33 
 1939              	.LASF75:
 1940 053d 45455F54 		.ascii	"EE_TASK_NAME\000"
 1940      41534B5F 
 1940      4E414D45 
 1940      00
 1941              	.LASF32:
 1942 054a 45455F6F 		.ascii	"EE_oo_counter_ROM_type\000"
ARM GAS  C:\Users\zakis\AppData\Local\Temp\ccrRu09X.s 			page 40


 1942      6F5F636F 
 1942      756E7465 
 1942      725F524F 
 1942      4D5F7479 
 1943              	.LASF119:
 1944 0561 474E5520 		.ascii	"GNU C11 5.4.1 20160609 (release) [ARM/embedded-5-br"
 1944      43313120 
 1944      352E342E 
 1944      31203230 
 1944      31363036 
 1945 0594 616E6368 		.ascii	"anch revision 237715] -mcpu=cortex-m3 -mthumb -g -O"
 1945      20726576 
 1945      6973696F 
 1945      6E203233 
 1945      37373135 
 1946 05c7 67202D66 		.ascii	"g -ffunction-sections -ffat-lto-objects\000"
 1946      66756E63 
 1946      74696F6E 
 1946      2D736563 
 1946      74696F6E 
 1947              	.LASF56:
 1948 05ef 61637469 		.ascii	"action_mask\000"
 1948      6F6E5F6D 
 1948      61736B00 
 1949              	.LASF15:
 1950 05fb 45455F54 		.ascii	"EE_THREAD_PTR\000"
 1950      48524541 
 1950      445F5054 
 1950      5200
 1951              	.LASF90:
 1952 0609 45455F72 		.ascii	"EE_rq_queues_tail\000"
 1952      715F7175 
 1952      65756573 
 1952      5F746169 
 1952      6C00
 1953              	.LASF66:
 1954 061b 45455F73 		.ascii	"EE_std_thread_tos\000"
 1954      74645F74 
 1954      68726561 
 1954      645F746F 
 1954      7300
 1955              	.LASF121:
 1956 062d 433A5C55 		.ascii	"C:\\Users\\zakis\\Documents\\EOS_Assignment_Two\\JS"
 1956      73657273 
 1956      5C7A616B 
 1956      69735C44 
 1956      6F63756D 
 1957 065b 4F4E5F50 		.ascii	"ON_Parser\\EOS_Assignment_Two\\JSON_Parser.cydsn\000"
 1957      61727365 
 1957      725C454F 
 1957      535F4173 
 1957      7369676E 
 1958              	.LASF51:
 1959 068a 45455F41 		.ascii	"EE_ACTION_CALLBACK\000"
 1959      4354494F 
 1959      4E5F4341 
 1959      4C4C4241 
ARM GAS  C:\Users\zakis\AppData\Local\Temp\ccrRu09X.s 			page 41


 1959      434B00
 1960              	.LASF93:
 1961 069d 45455F72 		.ascii	"EE_rq_bitmask\000"
 1961      715F6269 
 1961      746D6173 
 1961      6B00
 1962              	.LASF103:
 1963 06ab 45455F72 		.ascii	"EE_resource_stack\000"
 1963      65736F75 
 1963      7263655F 
 1963      73746163 
 1963      6B00
 1964              	.LASF34:
 1965 06bd 66697273 		.ascii	"first\000"
 1965      7400
 1966              	.LASF25:
 1967 06c3 436F756E 		.ascii	"CounterObjectType\000"
 1967      7465724F 
 1967      626A6563 
 1967      74547970 
 1967      6500
 1968              	.LASF74:
 1969 06d5 63686172 		.ascii	"char\000"
 1969      00
 1970              	.LASF48:
 1971 06da 45455F41 		.ascii	"EE_ACTION_TASK\000"
 1971      4354494F 
 1971      4E5F5441 
 1971      534B00
 1972              	.LASF71:
 1973 06e9 45455F74 		.ascii	"EE_th_rnact_max\000"
 1973      685F726E 
 1973      6163745F 
 1973      6D617800 
 1974              	.LASF50:
 1975 06f9 45455F41 		.ascii	"EE_ACTION_COUNTER\000"
 1975      4354494F 
 1975      4E5F434F 
 1975      554E5445 
 1975      5200
 1976              	.LASF108:
 1977 070b 45455F63 		.ascii	"EE_counter_RAM\000"
 1977      6F756E74 
 1977      65725F52 
 1977      414D00
 1978              	.LASF40:
 1979 071a 73706563 		.ascii	"spec_id\000"
 1979      5F696400 
 1980              	.LASF49:
 1981 0722 45455F41 		.ascii	"EE_ACTION_EVENT\000"
 1981      4354494F 
 1981      4E5F4556 
 1981      454E5400 
 1982              	.LASF65:
 1983 0732 45455F68 		.ascii	"EE_hal_thread_body\000"
 1983      616C5F74 
 1983      68726561 
ARM GAS  C:\Users\zakis\AppData\Local\Temp\ccrRu09X.s 			page 42


 1983      645F626F 
 1983      647900
 1984              	.LASF87:
 1985 0745 45455F73 		.ascii	"EE_sys_ceiling\000"
 1985      79735F63 
 1985      65696C69 
 1985      6E6700
 1986              	.LASF54:
 1987 0754 61637469 		.ascii	"action_kind\000"
 1987      6F6E5F6B 
 1987      696E6400 
 1988              	.LASF63:
 1989 0760 7461736B 		.ascii	"task\000"
 1989      00
 1990              	.LASF109:
 1991 0765 45455F6F 		.ascii	"EE_oo_counter_object_RAM\000"
 1991      6F5F636F 
 1991      756E7465 
 1991      725F6F62 
 1991      6A656374 
 1992              	.LASF53:
 1993 077e 41637469 		.ascii	"ActionKindType\000"
 1993      6F6E4B69 
 1993      6E645479 
 1993      706500
 1994              	.LASF72:
 1995 078d 45455F74 		.ascii	"EE_th_ready_prio\000"
 1995      685F7265 
 1995      6164795F 
 1995      7072696F 
 1995      00
 1996              	.LASF84:
 1997 079e 45455F74 		.ascii	"EE_th_rnact\000"
 1997      685F726E 
 1997      61637400 
 1998              	.LASF92:
 1999 07aa 45455F72 		.ascii	"EE_rq_pairs_tid\000"
 1999      715F7061 
 1999      6972735F 
 1999      74696400 
 2000              	.LASF115:
 2001 07ba 45455F49 		.ascii	"EE_IRQ_nesting_level\000"
 2001      52515F6E 
 2001      65737469 
 2001      6E675F6C 
 2001      6576656C 
 2002              	.LASF12:
 2003 07cf 45455F55 		.ascii	"EE_UINT32\000"
 2003      494E5433 
 2003      3200
 2004              	.LASF11:
 2005 07d9 45455F49 		.ascii	"EE_INT32\000"
 2005      4E543332 
 2005      00
 2006              	.LASF67:
 2007 07e2 45455F74 		.ascii	"EE_terminate_data\000"
 2007      65726D69 
ARM GAS  C:\Users\zakis\AppData\Local\Temp\ccrRu09X.s 			page 43


 2007      6E617465 
 2007      5F646174 
 2007      6100
 2008              	.LASF95:
 2009 07f4 45455F74 		.ascii	"EE_th_event_active\000"
 2009      685F6576 
 2009      656E745F 
 2009      61637469 
 2009      766500
 2010              	.LASF44:
 2011 0807 636E7463 		.ascii	"cntcycle\000"
 2011      79636C65 
 2011      00
 2012              	.LASF28:
 2013 0810 5359535F 		.ascii	"SYS_tos\000"
 2013      746F7300 
 2014              	.LASF55:
 2015 0818 61637469 		.ascii	"action_task\000"
 2015      6F6E5F74 
 2015      61736B00 
 2016              	.LASF101:
 2017 0824 45455F72 		.ascii	"EE_resource_locked\000"
 2017      65736F75 
 2017      7263655F 
 2017      6C6F636B 
 2017      656400
 2018              	.LASF13:
 2019 0837 45455F41 		.ascii	"EE_ADDR\000"
 2019      44445200 
 2020              	.LASF98:
 2021 083f 45455F74 		.ascii	"EE_th_is_extended\000"
 2021      685F6973 
 2021      5F657874 
 2021      656E6465 
 2021      6400
 2022              	.LASF18:
 2023 0851 45455F46 		.ascii	"EE_FREG\000"
 2023      52454700 
 2024              	.LASF99:
 2025 0859 45455F72 		.ascii	"EE_resource_ceiling\000"
 2025      65736F75 
 2025      7263655F 
 2025      6365696C 
 2025      696E6700 
 2026              		.ident	"GCC: (GNU Tools for ARM Embedded Processors) 5.4.1 20160609 (release) [ARM/embedded-5-bran
