ARM GAS  C:\Users\zakis\AppData\Local\Temp\ccRQ23tn.s 			page 1


   1              		.syntax unified
   2              		.cpu cortex-m3
   3              		.fpu softvfp
   4              		.eabi_attribute 20, 1
   5              		.eabi_attribute 21, 1
   6              		.eabi_attribute 23, 3
   7              		.eabi_attribute 24, 1
   8              		.eabi_attribute 25, 1
   9              		.eabi_attribute 26, 1
  10              		.eabi_attribute 30, 1
  11              		.eabi_attribute 34, 1
  12              		.eabi_attribute 18, 4
  13              		.thumb
  14              		.syntax unified
  15              		.file	"events.c"
  16              		.text
  17              	.Ltext0:
  18              		.cfi_sections	.debug_frame
  19              		.section	.text.EVENT_init,"ax",%progbits
  20              		.align	2
  21              		.global	EVENT_init
  22              		.thumb
  23              		.thumb_func
  24              		.type	EVENT_init, %function
  25              	EVENT_init:
  26              	.LFB0:
  27              		.file 1 "source\\bsw\\cdd\\events.c"
   1:source\bsw\cdd/events.c **** /**
   2:source\bsw\cdd/events.c **** * \file <filename>
   3:source\bsw\cdd/events.c **** * \author <author-name>
   4:source\bsw\cdd/events.c **** * \date <date>
   5:source\bsw\cdd/events.c **** *
   6:source\bsw\cdd/events.c **** * \brief <Symbolic File name>
   7:source\bsw\cdd/events.c **** *
   8:source\bsw\cdd/events.c **** * \copyright Copyright ©2016
   9:source\bsw\cdd/events.c **** * Department of electrical engineering and information technology, Hochschule Darmstadt - Universit
  10:source\bsw\cdd/events.c **** * Permission to use, copy, modify, and distribute this software and its documentation for education
  11:source\bsw\cdd/events.c **** * (unless permitted by h_da) and official h_da projects, is hereby granted for enrolled students of
  12:source\bsw\cdd/events.c **** * this paragraph and the following paragraph appear in all copies, modifications, and distributions
  13:source\bsw\cdd/events.c **** * Contact Prof.Dr.-Ing. Peter Fromm, peter.fromm@h-da.de, Birkenweg 8 64295 Darmstadt - GERMANY for
  14:source\bsw\cdd/events.c **** *
  15:source\bsw\cdd/events.c **** * \warning This software is a PROTOTYPE version and is not designed or intended for use in producti
  16:source\bsw\cdd/events.c **** * The user represents and warrants that it will NOT use or redistribute the Software for such purpo
  17:source\bsw\cdd/events.c **** * This prototype is for research purposes only. This software is provided "AS IS," without a warran
  18:source\bsw\cdd/events.c **** */
  19:source\bsw\cdd/events.c **** 
  20:source\bsw\cdd/events.c **** /*****************************************************************************/
  21:source\bsw\cdd/events.c **** /* Include files                                                             */
  22:source\bsw\cdd/events.c **** /*****************************************************************************/
  23:source\bsw\cdd/events.c **** #include <stdlib.h>
  24:source\bsw\cdd/events.c **** #include "events.h"
  25:source\bsw\cdd/events.c **** 
  26:source\bsw\cdd/events.c **** /*****************************************************************************/
  27:source\bsw\cdd/events.c **** /* Local pre-processor symbols/macros ('#define')                            */
  28:source\bsw\cdd/events.c **** /*****************************************************************************/
  29:source\bsw\cdd/events.c **** 
  30:source\bsw\cdd/events.c **** /*****************************************************************************/
ARM GAS  C:\Users\zakis\AppData\Local\Temp\ccRQ23tn.s 			page 2


  31:source\bsw\cdd/events.c **** /* Global variable definitions (declared in header file with 'extern')       */
  32:source\bsw\cdd/events.c **** /*****************************************************************************/
  33:source\bsw\cdd/events.c **** 
  34:source\bsw\cdd/events.c **** /*****************************************************************************/
  35:source\bsw\cdd/events.c **** /* Local type definitions ('typedef')                                        */
  36:source\bsw\cdd/events.c **** /*****************************************************************************/
  37:source\bsw\cdd/events.c **** 
  38:source\bsw\cdd/events.c **** /*****************************************************************************/
  39:source\bsw\cdd/events.c **** /* Local variable definitions ('static')                                     */
  40:source\bsw\cdd/events.c **** /*****************************************************************************/
  41:source\bsw\cdd/events.c **** 
  42:source\bsw\cdd/events.c **** 
  43:source\bsw\cdd/events.c **** 
  44:source\bsw\cdd/events.c **** /*****************************************************************************/
  45:source\bsw\cdd/events.c **** /* Local function prototypes ('static')                                      */
  46:source\bsw\cdd/events.c **** /*****************************************************************************/
  47:source\bsw\cdd/events.c **** 
  48:source\bsw\cdd/events.c **** 
  49:source\bsw\cdd/events.c **** /*****************************************************************************/
  50:source\bsw\cdd/events.c **** /* Function implementation - global ('extern') and local ('static')          */
  51:source\bsw\cdd/events.c **** /*****************************************************************************/
  52:source\bsw\cdd/events.c **** 
  53:source\bsw\cdd/events.c **** RC_t EVENT_init(EVENT_t *const me){
  28              		.loc 1 53 0
  29              		.cfi_startproc
  30              		@ args = 0, pretend = 0, frame = 0
  31              		@ frame_needed = 0, uses_anonymous_args = 0
  32              	.LVL0:
  33 0000 08B5     		push	{r3, lr}
  34              		.cfi_def_cfa_offset 8
  35              		.cfi_offset 3, -8
  36              		.cfi_offset 14, -4
  54:source\bsw\cdd/events.c ****     RB_EV_init(&me -> m_evBuffer);
  37              		.loc 1 54 0
  38 0002 FFF7FEFF 		bl	RB_EV_init
  39              	.LVL1:
  55:source\bsw\cdd/events.c ****     return RC_SUCCESS;
  56:source\bsw\cdd/events.c **** }
  40              		.loc 1 56 0
  41 0006 0020     		movs	r0, #0
  42 0008 08BD     		pop	{r3, pc}
  43              		.cfi_endproc
  44              	.LFE0:
  45              		.size	EVENT_init, .-EVENT_init
  46 000a 00BF     		.section	.text.EVENT_add,"ax",%progbits
  47              		.align	2
  48              		.global	EVENT_add
  49              		.thumb
  50              		.thumb_func
  51              		.type	EVENT_add, %function
  52              	EVENT_add:
  53              	.LFB1:
  57:source\bsw\cdd/events.c **** 
  58:source\bsw\cdd/events.c **** RC_t EVENT_add(EVENT_t *const me, const eEvent_t event){
  54              		.loc 1 58 0
  55              		.cfi_startproc
  56              		@ args = 0, pretend = 0, frame = 8
ARM GAS  C:\Users\zakis\AppData\Local\Temp\ccRQ23tn.s 			page 3


  57              		@ frame_needed = 0, uses_anonymous_args = 0
  58              	.LVL2:
  59 0000 00B5     		push	{lr}
  60              		.cfi_def_cfa_offset 4
  61              		.cfi_offset 14, -4
  62 0002 83B0     		sub	sp, sp, #12
  63              		.cfi_def_cfa_offset 16
  64 0004 02AB     		add	r3, sp, #8
  65 0006 03F8011D 		strb	r1, [r3, #-1]!
  59:source\bsw\cdd/events.c ****     if (RB_EV_write (&me -> m_evBuffer, &event) == RC_SUCCESS){
  66              		.loc 1 59 0
  67 000a 1946     		mov	r1, r3
  68              	.LVL3:
  69 000c FFF7FEFF 		bl	RB_EV_write
  70              	.LVL4:
  71 0010 0346     		mov	r3, r0
  72 0012 08B1     		cbz	r0, .L4
  60:source\bsw\cdd/events.c ****         return RC_SUCCESS;
  61:source\bsw\cdd/events.c ****     } else {
  62:source\bsw\cdd/events.c ****         return RC_ERROR;
  73              		.loc 1 62 0
  74 0014 4FF0FF33 		mov	r3, #-1
  75              	.L4:
  63:source\bsw\cdd/events.c ****     }
  64:source\bsw\cdd/events.c **** }
  76              		.loc 1 64 0
  77 0018 1846     		mov	r0, r3
  78 001a 03B0     		add	sp, sp, #12
  79              		.cfi_def_cfa_offset 4
  80              		@ sp needed
  81 001c 5DF804FB 		ldr	pc, [sp], #4
  82              		.cfi_endproc
  83              	.LFE1:
  84              		.size	EVENT_add, .-EVENT_add
  85              		.section	.text.EVENT_read,"ax",%progbits
  86              		.align	2
  87              		.global	EVENT_read
  88              		.thumb
  89              		.thumb_func
  90              		.type	EVENT_read, %function
  91              	EVENT_read:
  92              	.LFB2:
  65:source\bsw\cdd/events.c **** 
  66:source\bsw\cdd/events.c **** RC_t EVENT_read(EVENT_t *const me, eEvent_t* const event){
  93              		.loc 1 66 0
  94              		.cfi_startproc
  95              		@ args = 0, pretend = 0, frame = 0
  96              		@ frame_needed = 0, uses_anonymous_args = 0
  97              	.LVL5:
  98 0000 08B5     		push	{r3, lr}
  99              		.cfi_def_cfa_offset 8
 100              		.cfi_offset 3, -8
 101              		.cfi_offset 14, -4
  67:source\bsw\cdd/events.c **** if (RB_EV_read (&me -> m_evBuffer, event) == RC_SUCCESS){
 102              		.loc 1 67 0
 103 0002 FFF7FEFF 		bl	RB_EV_read
 104              	.LVL6:
ARM GAS  C:\Users\zakis\AppData\Local\Temp\ccRQ23tn.s 			page 4


 105 0006 0346     		mov	r3, r0
 106 0008 08B1     		cbz	r0, .L8
  68:source\bsw\cdd/events.c ****         return RC_SUCCESS;
  69:source\bsw\cdd/events.c ****     } else {
  70:source\bsw\cdd/events.c ****         return RC_ERROR;
 107              		.loc 1 70 0
 108 000a 4FF0FF33 		mov	r3, #-1
 109              	.L8:
  71:source\bsw\cdd/events.c ****     }
  72:source\bsw\cdd/events.c **** 
  73:source\bsw\cdd/events.c **** }
 110              		.loc 1 73 0
 111 000e 1846     		mov	r0, r3
 112 0010 08BD     		pop	{r3, pc}
 113              		.cfi_endproc
 114              	.LFE2:
 115              		.size	EVENT_read, .-EVENT_read
 116 0012 00BF     		.section	.text.EVENT_clear,"ax",%progbits
 117              		.align	2
 118              		.global	EVENT_clear
 119              		.thumb
 120              		.thumb_func
 121              		.type	EVENT_clear, %function
 122              	EVENT_clear:
 123              	.LFB3:
  74:source\bsw\cdd/events.c **** 
  75:source\bsw\cdd/events.c **** RC_t EVENT_clear (EVENT_t *const me){
 124              		.loc 1 75 0
 125              		.cfi_startproc
 126              		@ args = 0, pretend = 0, frame = 0
 127              		@ frame_needed = 0, uses_anonymous_args = 0
 128              	.LVL7:
 129 0000 08B5     		push	{r3, lr}
 130              		.cfi_def_cfa_offset 8
 131              		.cfi_offset 3, -8
 132              		.cfi_offset 14, -4
  76:source\bsw\cdd/events.c ****     RB_EV_init(&me -> m_evBuffer);
 133              		.loc 1 76 0
 134 0002 FFF7FEFF 		bl	RB_EV_init
 135              	.LVL8:
  77:source\bsw\cdd/events.c ****     return RC_SUCCESS;
  78:source\bsw\cdd/events.c **** }...
 136              		.loc 1 78 0
 137 0006 0020     		movs	r0, #0
 138 0008 08BD     		pop	{r3, pc}
 139              		.cfi_endproc
 140              	.LFE3:
 141              		.size	EVENT_clear, .-EVENT_clear
 142 000a 00BF     		.text
 143              	.Letext0:
 144              		.file 2 ".\\source\\bsw/global.h"
 145              		.file 3 "source\\bsw\\cdd\\ringBufferEV.h"
 146              		.file 4 "source\\bsw\\cdd\\events.h"
 147              		.section	.debug_info,"",%progbits
 148              	.Ldebug_info0:
 149 0000 4E030000 		.4byte	0x34e
 150 0004 0400     		.2byte	0x4
ARM GAS  C:\Users\zakis\AppData\Local\Temp\ccRQ23tn.s 			page 5


 151 0006 00000000 		.4byte	.Ldebug_abbrev0
 152 000a 04       		.byte	0x4
 153 000b 01       		.uleb128 0x1
 154 000c C0020000 		.4byte	.LASF64
 155 0010 0C       		.byte	0xc
 156 0011 B9030000 		.4byte	.LASF65
 157 0015 E2030000 		.4byte	.LASF66
 158 0019 00000000 		.4byte	.Ldebug_ranges0+0
 159 001d 00000000 		.4byte	0
 160 0021 00000000 		.4byte	.Ldebug_line0
 161 0025 02       		.uleb128 0x2
 162 0026 04       		.byte	0x4
 163 0027 07       		.byte	0x7
 164 0028 04010000 		.4byte	.LASF0
 165 002c 03       		.uleb128 0x3
 166 002d 04       		.byte	0x4
 167 002e 05       		.byte	0x5
 168 002f 696E7400 		.ascii	"int\000"
 169 0033 02       		.uleb128 0x2
 170 0034 08       		.byte	0x8
 171 0035 05       		.byte	0x5
 172 0036 70000000 		.4byte	.LASF1
 173 003a 02       		.uleb128 0x2
 174 003b 08       		.byte	0x8
 175 003c 04       		.byte	0x4
 176 003d 04020000 		.4byte	.LASF2
 177 0041 02       		.uleb128 0x2
 178 0042 01       		.byte	0x1
 179 0043 06       		.byte	0x6
 180 0044 7E000000 		.4byte	.LASF3
 181 0048 02       		.uleb128 0x2
 182 0049 01       		.byte	0x1
 183 004a 08       		.byte	0x8
 184 004b 92020000 		.4byte	.LASF4
 185 004f 02       		.uleb128 0x2
 186 0050 02       		.byte	0x2
 187 0051 05       		.byte	0x5
 188 0052 AB020000 		.4byte	.LASF5
 189 0056 02       		.uleb128 0x2
 190 0057 02       		.byte	0x2
 191 0058 07       		.byte	0x7
 192 0059 84010000 		.4byte	.LASF6
 193 005d 02       		.uleb128 0x2
 194 005e 04       		.byte	0x4
 195 005f 05       		.byte	0x5
 196 0060 B0000000 		.4byte	.LASF7
 197 0064 02       		.uleb128 0x2
 198 0065 04       		.byte	0x4
 199 0066 07       		.byte	0x7
 200 0067 53010000 		.4byte	.LASF8
 201 006b 02       		.uleb128 0x2
 202 006c 08       		.byte	0x8
 203 006d 07       		.byte	0x7
 204 006e 2F000000 		.4byte	.LASF9
 205 0072 02       		.uleb128 0x2
 206 0073 04       		.byte	0x4
 207 0074 07       		.byte	0x7
ARM GAS  C:\Users\zakis\AppData\Local\Temp\ccRQ23tn.s 			page 6


 208 0075 FB010000 		.4byte	.LASF10
 209 0079 02       		.uleb128 0x2
 210 007a 01       		.byte	0x1
 211 007b 08       		.byte	0x8
 212 007c 8E030000 		.4byte	.LASF11
 213 0080 04       		.uleb128 0x4
 214 0081 CB000000 		.4byte	.LASF41
 215 0085 02       		.byte	0x2
 216 0086 93       		.byte	0x93
 217 0087 56000000 		.4byte	0x56
 218 008b 02       		.uleb128 0x2
 219 008c 04       		.byte	0x4
 220 008d 04       		.byte	0x4
 221 008e 5D020000 		.4byte	.LASF12
 222 0092 02       		.uleb128 0x2
 223 0093 08       		.byte	0x8
 224 0094 04       		.byte	0x4
 225 0095 D4000000 		.4byte	.LASF13
 226 0099 05       		.uleb128 0x5
 227 009a 01       		.byte	0x1
 228 009b 41000000 		.4byte	0x41
 229 009f 02       		.byte	0x2
 230 00a0 CF       		.byte	0xcf
 231 00a1 48010000 		.4byte	0x148
 232 00a5 06       		.uleb128 0x6
 233 00a6 73010000 		.4byte	.LASF14
 234 00aa 00       		.byte	0
 235 00ab 07       		.uleb128 0x7
 236 00ac 97010000 		.4byte	.LASF15
 237 00b0 7F       		.sleb128 -1
 238 00b1 07       		.uleb128 0x7
 239 00b2 65010000 		.4byte	.LASF16
 240 00b6 7E       		.sleb128 -2
 241 00b7 07       		.uleb128 0x7
 242 00b8 4E030000 		.4byte	.LASF17
 243 00bc 7D       		.sleb128 -3
 244 00bd 07       		.uleb128 0x7
 245 00be 8A000000 		.4byte	.LASF18
 246 00c2 7C       		.sleb128 -4
 247 00c3 07       		.uleb128 0x7
 248 00c4 74040000 		.4byte	.LASF19
 249 00c8 7B       		.sleb128 -5
 250 00c9 07       		.uleb128 0x7
 251 00ca D1030000 		.4byte	.LASF20
 252 00ce 7A       		.sleb128 -6
 253 00cf 07       		.uleb128 0x7
 254 00d0 2E020000 		.4byte	.LASF21
 255 00d4 79       		.sleb128 -7
 256 00d5 07       		.uleb128 0x7
 257 00d6 A0010000 		.4byte	.LASF22
 258 00da 78       		.sleb128 -8
 259 00db 07       		.uleb128 0x7
 260 00dc 9A000000 		.4byte	.LASF23
 261 00e0 77       		.sleb128 -9
 262 00e1 07       		.uleb128 0x7
 263 00e2 70020000 		.4byte	.LASF24
 264 00e6 76       		.sleb128 -10
ARM GAS  C:\Users\zakis\AppData\Local\Temp\ccRQ23tn.s 			page 7


 265 00e7 07       		.uleb128 0x7
 266 00e8 00000000 		.4byte	.LASF25
 267 00ec 75       		.sleb128 -11
 268 00ed 07       		.uleb128 0x7
 269 00ee E5010000 		.4byte	.LASF26
 270 00f2 74       		.sleb128 -12
 271 00f3 07       		.uleb128 0x7
 272 00f4 41010000 		.4byte	.LASF27
 273 00f8 73       		.sleb128 -13
 274 00f9 07       		.uleb128 0x7
 275 00fa 7B030000 		.4byte	.LASF28
 276 00fe 72       		.sleb128 -14
 277 00ff 07       		.uleb128 0x7
 278 0100 7E020000 		.4byte	.LASF29
 279 0104 71       		.sleb128 -15
 280 0105 07       		.uleb128 0x7
 281 0106 63040000 		.4byte	.LASF30
 282 010a 70       		.sleb128 -16
 283 010b 07       		.uleb128 0x7
 284 010c 40020000 		.4byte	.LASF31
 285 0110 6F       		.sleb128 -17
 286 0111 07       		.uleb128 0x7
 287 0112 BD010000 		.4byte	.LASF32
 288 0116 6E       		.sleb128 -18
 289 0117 07       		.uleb128 0x7
 290 0118 D2010000 		.4byte	.LASF33
 291 011c 6D       		.sleb128 -19
 292 011d 07       		.uleb128 0x7
 293 011e 68030000 		.4byte	.LASF34
 294 0122 6C       		.sleb128 -20
 295 0123 07       		.uleb128 0x7
 296 0124 46000000 		.4byte	.LASF35
 297 0128 6B       		.sleb128 -21
 298 0129 07       		.uleb128 0x7
 299 012a 1C020000 		.4byte	.LASF36
 300 012e 6A       		.sleb128 -22
 301 012f 07       		.uleb128 0x7
 302 0130 ED000000 		.4byte	.LASF37
 303 0134 69       		.sleb128 -23
 304 0135 07       		.uleb128 0x7
 305 0136 29010000 		.4byte	.LASF38
 306 013a 68       		.sleb128 -24
 307 013b 07       		.uleb128 0x7
 308 013c A0030000 		.4byte	.LASF39
 309 0140 67       		.sleb128 -25
 310 0141 06       		.uleb128 0x6
 311 0142 1E010000 		.4byte	.LASF40
 312 0146 01       		.byte	0x1
 313 0147 00       		.byte	0
 314 0148 04       		.uleb128 0x4
 315 0149 12000000 		.4byte	.LASF42
 316 014d 02       		.byte	0x2
 317 014e EB       		.byte	0xeb
 318 014f 99000000 		.4byte	0x99
 319 0153 05       		.uleb128 0x5
 320 0154 01       		.byte	0x1
 321 0155 41000000 		.4byte	0x41
ARM GAS  C:\Users\zakis\AppData\Local\Temp\ccRQ23tn.s 			page 8


 322 0159 03       		.byte	0x3
 323 015a 5C       		.byte	0x5c
 324 015b 78010000 		.4byte	0x178
 325 015f 07       		.uleb128 0x7
 326 0160 B5010000 		.4byte	.LASF43
 327 0164 7F       		.sleb128 -1
 328 0165 06       		.uleb128 0x6
 329 0166 17000000 		.4byte	.LASF44
 330 016a 00       		.byte	0
 331 016b 06       		.uleb128 0x6
 332 016c 11010000 		.4byte	.LASF45
 333 0170 01       		.byte	0x1
 334 0171 06       		.uleb128 0x6
 335 0172 58000000 		.4byte	.LASF46
 336 0176 02       		.byte	0x2
 337 0177 00       		.byte	0
 338 0178 04       		.uleb128 0x4
 339 0179 54020000 		.4byte	.LASF47
 340 017d 03       		.byte	0x3
 341 017e 61       		.byte	0x61
 342 017f 53010000 		.4byte	0x153
 343 0183 04       		.uleb128 0x4
 344 0184 63020000 		.4byte	.LASF48
 345 0188 03       		.byte	0x3
 346 0189 6B       		.byte	0x6b
 347 018a 78010000 		.4byte	0x178
 348 018e 08       		.uleb128 0x8
 349 018f CE       		.byte	0xce
 350 0190 03       		.byte	0x3
 351 0191 75       		.byte	0x75
 352 0192 C7010000 		.4byte	0x1c7
 353 0196 09       		.uleb128 0x9
 354 0197 E6000000 		.4byte	.LASF49
 355 019b 03       		.byte	0x3
 356 019c 76       		.byte	0x76
 357 019d C7010000 		.4byte	0x1c7
 358 01a1 00       		.byte	0
 359 01a2 09       		.uleb128 0x9
 360 01a3 8F040000 		.4byte	.LASF50
 361 01a7 03       		.byte	0x3
 362 01a8 77       		.byte	0x77
 363 01a9 80000000 		.4byte	0x80
 364 01ad C8       		.byte	0xc8
 365 01ae 09       		.uleb128 0x9
 366 01af 93030000 		.4byte	.LASF51
 367 01b3 03       		.byte	0x3
 368 01b4 78       		.byte	0x78
 369 01b5 80000000 		.4byte	0x80
 370 01b9 CA       		.byte	0xca
 371 01ba 09       		.uleb128 0x9
 372 01bb 5C030000 		.4byte	.LASF52
 373 01bf 03       		.byte	0x3
 374 01c0 79       		.byte	0x79
 375 01c1 80000000 		.4byte	0x80
 376 01c5 CC       		.byte	0xcc
 377 01c6 00       		.byte	0
 378 01c7 0A       		.uleb128 0xa
ARM GAS  C:\Users\zakis\AppData\Local\Temp\ccRQ23tn.s 			page 9


 379 01c8 83010000 		.4byte	0x183
 380 01cc D7010000 		.4byte	0x1d7
 381 01d0 0B       		.uleb128 0xb
 382 01d1 72000000 		.4byte	0x72
 383 01d5 C7       		.byte	0xc7
 384 01d6 00       		.byte	0
 385 01d7 04       		.uleb128 0x4
 386 01d8 C3000000 		.4byte	.LASF53
 387 01dc 03       		.byte	0x3
 388 01dd 7A       		.byte	0x7a
 389 01de 8E010000 		.4byte	0x18e
 390 01e2 0C       		.uleb128 0xc
 391 01e3 3A010000 		.4byte	.LASF67
 392 01e7 CE       		.byte	0xce
 393 01e8 04       		.byte	0x4
 394 01e9 6A       		.byte	0x6a
 395 01ea FB010000 		.4byte	0x1fb
 396 01ee 09       		.uleb128 0x9
 397 01ef 24000000 		.4byte	.LASF54
 398 01f3 04       		.byte	0x4
 399 01f4 6B       		.byte	0x6b
 400 01f5 D7010000 		.4byte	0x1d7
 401 01f9 00       		.byte	0
 402 01fa 00       		.byte	0
 403 01fb 04       		.uleb128 0x4
 404 01fc F3010000 		.4byte	.LASF55
 405 0200 04       		.byte	0x4
 406 0201 6D       		.byte	0x6d
 407 0202 E2010000 		.4byte	0x1e2
 408 0206 0D       		.uleb128 0xd
 409 0207 B5020000 		.4byte	.LASF56
 410 020b 01       		.byte	0x1
 411 020c 35       		.byte	0x35
 412 020d 48010000 		.4byte	0x148
 413 0211 00000000 		.4byte	.LFB0
 414 0215 0A000000 		.4byte	.LFE0-.LFB0
 415 0219 01       		.uleb128 0x1
 416 021a 9C       		.byte	0x9c
 417 021b 3F020000 		.4byte	0x23f
 418 021f 0E       		.uleb128 0xe
 419 0220 6D6500   		.ascii	"me\000"
 420 0223 01       		.byte	0x1
 421 0224 35       		.byte	0x35
 422 0225 45020000 		.4byte	0x245
 423 0229 00000000 		.4byte	.LLST0
 424 022d 0F       		.uleb128 0xf
 425 022e 06000000 		.4byte	.LVL1
 426 0232 30030000 		.4byte	0x330
 427 0236 10       		.uleb128 0x10
 428 0237 01       		.uleb128 0x1
 429 0238 50       		.byte	0x50
 430 0239 03       		.uleb128 0x3
 431 023a F3       		.byte	0xf3
 432 023b 01       		.uleb128 0x1
 433 023c 50       		.byte	0x50
 434 023d 00       		.byte	0
 435 023e 00       		.byte	0
ARM GAS  C:\Users\zakis\AppData\Local\Temp\ccRQ23tn.s 			page 10


 436 023f 11       		.uleb128 0x11
 437 0240 04       		.byte	0x4
 438 0241 FB010000 		.4byte	0x1fb
 439 0245 12       		.uleb128 0x12
 440 0246 3F020000 		.4byte	0x23f
 441 024a 0D       		.uleb128 0xd
 442 024b B9000000 		.4byte	.LASF57
 443 024f 01       		.byte	0x1
 444 0250 3A       		.byte	0x3a
 445 0251 48010000 		.4byte	0x148
 446 0255 00000000 		.4byte	.LFB1
 447 0259 20000000 		.4byte	.LFE1-.LFB1
 448 025d 01       		.uleb128 0x1
 449 025e 9C       		.byte	0x9c
 450 025f 98020000 		.4byte	0x298
 451 0263 0E       		.uleb128 0xe
 452 0264 6D6500   		.ascii	"me\000"
 453 0267 01       		.byte	0x1
 454 0268 3A       		.byte	0x3a
 455 0269 45020000 		.4byte	0x245
 456 026d 21000000 		.4byte	.LLST1
 457 0271 13       		.uleb128 0x13
 458 0272 7E010000 		.4byte	.LASF58
 459 0276 01       		.byte	0x1
 460 0277 3A       		.byte	0x3a
 461 0278 98020000 		.4byte	0x298
 462 027c 42000000 		.4byte	.LLST2
 463 0280 0F       		.uleb128 0xf
 464 0281 10000000 		.4byte	.LVL4
 465 0285 3B030000 		.4byte	0x33b
 466 0289 10       		.uleb128 0x10
 467 028a 01       		.uleb128 0x1
 468 028b 50       		.byte	0x50
 469 028c 03       		.uleb128 0x3
 470 028d F3       		.byte	0xf3
 471 028e 01       		.uleb128 0x1
 472 028f 50       		.byte	0x50
 473 0290 10       		.uleb128 0x10
 474 0291 01       		.uleb128 0x1
 475 0292 51       		.byte	0x51
 476 0293 02       		.uleb128 0x2
 477 0294 91       		.byte	0x91
 478 0295 77       		.sleb128 -9
 479 0296 00       		.byte	0
 480 0297 00       		.byte	0
 481 0298 12       		.uleb128 0x12
 482 0299 78010000 		.4byte	0x178
 483 029d 0D       		.uleb128 0xd
 484 029e DB000000 		.4byte	.LASF59
 485 02a2 01       		.byte	0x1
 486 02a3 42       		.byte	0x42
 487 02a4 48010000 		.4byte	0x148
 488 02a8 00000000 		.4byte	.LFB2
 489 02ac 12000000 		.4byte	.LFE2-.LFB2
 490 02b0 01       		.uleb128 0x1
 491 02b1 9C       		.byte	0x9c
 492 02b2 EC020000 		.4byte	0x2ec
ARM GAS  C:\Users\zakis\AppData\Local\Temp\ccRQ23tn.s 			page 11


 493 02b6 0E       		.uleb128 0xe
 494 02b7 6D6500   		.ascii	"me\000"
 495 02ba 01       		.byte	0x1
 496 02bb 42       		.byte	0x42
 497 02bc 45020000 		.4byte	0x245
 498 02c0 6D000000 		.4byte	.LLST3
 499 02c4 13       		.uleb128 0x13
 500 02c5 7E010000 		.4byte	.LASF58
 501 02c9 01       		.byte	0x1
 502 02ca 42       		.byte	0x42
 503 02cb F2020000 		.4byte	0x2f2
 504 02cf 8E000000 		.4byte	.LLST4
 505 02d3 0F       		.uleb128 0xf
 506 02d4 06000000 		.4byte	.LVL6
 507 02d8 46030000 		.4byte	0x346
 508 02dc 10       		.uleb128 0x10
 509 02dd 01       		.uleb128 0x1
 510 02de 50       		.byte	0x50
 511 02df 03       		.uleb128 0x3
 512 02e0 F3       		.byte	0xf3
 513 02e1 01       		.uleb128 0x1
 514 02e2 50       		.byte	0x50
 515 02e3 10       		.uleb128 0x10
 516 02e4 01       		.uleb128 0x1
 517 02e5 51       		.byte	0x51
 518 02e6 03       		.uleb128 0x3
 519 02e7 F3       		.byte	0xf3
 520 02e8 01       		.uleb128 0x1
 521 02e9 51       		.byte	0x51
 522 02ea 00       		.byte	0
 523 02eb 00       		.byte	0
 524 02ec 11       		.uleb128 0x11
 525 02ed 04       		.byte	0x4
 526 02ee 78010000 		.4byte	0x178
 527 02f2 12       		.uleb128 0x12
 528 02f3 EC020000 		.4byte	0x2ec
 529 02f7 0D       		.uleb128 0xd
 530 02f8 83040000 		.4byte	.LASF60
 531 02fc 01       		.byte	0x1
 532 02fd 4B       		.byte	0x4b
 533 02fe 48010000 		.4byte	0x148
 534 0302 00000000 		.4byte	.LFB3
 535 0306 0A000000 		.4byte	.LFE3-.LFB3
 536 030a 01       		.uleb128 0x1
 537 030b 9C       		.byte	0x9c
 538 030c 30030000 		.4byte	0x330
 539 0310 0E       		.uleb128 0xe
 540 0311 6D6500   		.ascii	"me\000"
 541 0314 01       		.byte	0x1
 542 0315 4B       		.byte	0x4b
 543 0316 45020000 		.4byte	0x245
 544 031a AF000000 		.4byte	.LLST5
 545 031e 0F       		.uleb128 0xf
 546 031f 06000000 		.4byte	.LVL8
 547 0323 30030000 		.4byte	0x330
 548 0327 10       		.uleb128 0x10
 549 0328 01       		.uleb128 0x1
ARM GAS  C:\Users\zakis\AppData\Local\Temp\ccRQ23tn.s 			page 12


 550 0329 50       		.byte	0x50
 551 032a 03       		.uleb128 0x3
 552 032b F3       		.byte	0xf3
 553 032c 01       		.uleb128 0x1
 554 032d 50       		.byte	0x50
 555 032e 00       		.byte	0
 556 032f 00       		.byte	0
 557 0330 14       		.uleb128 0x14
 558 0331 65000000 		.4byte	.LASF61
 559 0335 65000000 		.4byte	.LASF61
 560 0339 03       		.byte	0x3
 561 033a 99       		.byte	0x99
 562 033b 14       		.uleb128 0x14
 563 033c 10020000 		.4byte	.LASF62
 564 0340 10020000 		.4byte	.LASF62
 565 0344 03       		.byte	0x3
 566 0345 A8       		.byte	0xa8
 567 0346 14       		.uleb128 0x14
 568 0347 A0020000 		.4byte	.LASF63
 569 034b A0020000 		.4byte	.LASF63
 570 034f 03       		.byte	0x3
 571 0350 B0       		.byte	0xb0
 572 0351 00       		.byte	0
 573              		.section	.debug_abbrev,"",%progbits
 574              	.Ldebug_abbrev0:
 575 0000 01       		.uleb128 0x1
 576 0001 11       		.uleb128 0x11
 577 0002 01       		.byte	0x1
 578 0003 25       		.uleb128 0x25
 579 0004 0E       		.uleb128 0xe
 580 0005 13       		.uleb128 0x13
 581 0006 0B       		.uleb128 0xb
 582 0007 03       		.uleb128 0x3
 583 0008 0E       		.uleb128 0xe
 584 0009 1B       		.uleb128 0x1b
 585 000a 0E       		.uleb128 0xe
 586 000b 55       		.uleb128 0x55
 587 000c 17       		.uleb128 0x17
 588 000d 11       		.uleb128 0x11
 589 000e 01       		.uleb128 0x1
 590 000f 10       		.uleb128 0x10
 591 0010 17       		.uleb128 0x17
 592 0011 00       		.byte	0
 593 0012 00       		.byte	0
 594 0013 02       		.uleb128 0x2
 595 0014 24       		.uleb128 0x24
 596 0015 00       		.byte	0
 597 0016 0B       		.uleb128 0xb
 598 0017 0B       		.uleb128 0xb
 599 0018 3E       		.uleb128 0x3e
 600 0019 0B       		.uleb128 0xb
 601 001a 03       		.uleb128 0x3
 602 001b 0E       		.uleb128 0xe
 603 001c 00       		.byte	0
 604 001d 00       		.byte	0
 605 001e 03       		.uleb128 0x3
 606 001f 24       		.uleb128 0x24
ARM GAS  C:\Users\zakis\AppData\Local\Temp\ccRQ23tn.s 			page 13


 607 0020 00       		.byte	0
 608 0021 0B       		.uleb128 0xb
 609 0022 0B       		.uleb128 0xb
 610 0023 3E       		.uleb128 0x3e
 611 0024 0B       		.uleb128 0xb
 612 0025 03       		.uleb128 0x3
 613 0026 08       		.uleb128 0x8
 614 0027 00       		.byte	0
 615 0028 00       		.byte	0
 616 0029 04       		.uleb128 0x4
 617 002a 16       		.uleb128 0x16
 618 002b 00       		.byte	0
 619 002c 03       		.uleb128 0x3
 620 002d 0E       		.uleb128 0xe
 621 002e 3A       		.uleb128 0x3a
 622 002f 0B       		.uleb128 0xb
 623 0030 3B       		.uleb128 0x3b
 624 0031 0B       		.uleb128 0xb
 625 0032 49       		.uleb128 0x49
 626 0033 13       		.uleb128 0x13
 627 0034 00       		.byte	0
 628 0035 00       		.byte	0
 629 0036 05       		.uleb128 0x5
 630 0037 04       		.uleb128 0x4
 631 0038 01       		.byte	0x1
 632 0039 0B       		.uleb128 0xb
 633 003a 0B       		.uleb128 0xb
 634 003b 49       		.uleb128 0x49
 635 003c 13       		.uleb128 0x13
 636 003d 3A       		.uleb128 0x3a
 637 003e 0B       		.uleb128 0xb
 638 003f 3B       		.uleb128 0x3b
 639 0040 0B       		.uleb128 0xb
 640 0041 01       		.uleb128 0x1
 641 0042 13       		.uleb128 0x13
 642 0043 00       		.byte	0
 643 0044 00       		.byte	0
 644 0045 06       		.uleb128 0x6
 645 0046 28       		.uleb128 0x28
 646 0047 00       		.byte	0
 647 0048 03       		.uleb128 0x3
 648 0049 0E       		.uleb128 0xe
 649 004a 1C       		.uleb128 0x1c
 650 004b 0B       		.uleb128 0xb
 651 004c 00       		.byte	0
 652 004d 00       		.byte	0
 653 004e 07       		.uleb128 0x7
 654 004f 28       		.uleb128 0x28
 655 0050 00       		.byte	0
 656 0051 03       		.uleb128 0x3
 657 0052 0E       		.uleb128 0xe
 658 0053 1C       		.uleb128 0x1c
 659 0054 0D       		.uleb128 0xd
 660 0055 00       		.byte	0
 661 0056 00       		.byte	0
 662 0057 08       		.uleb128 0x8
 663 0058 13       		.uleb128 0x13
ARM GAS  C:\Users\zakis\AppData\Local\Temp\ccRQ23tn.s 			page 14


 664 0059 01       		.byte	0x1
 665 005a 0B       		.uleb128 0xb
 666 005b 0B       		.uleb128 0xb
 667 005c 3A       		.uleb128 0x3a
 668 005d 0B       		.uleb128 0xb
 669 005e 3B       		.uleb128 0x3b
 670 005f 0B       		.uleb128 0xb
 671 0060 01       		.uleb128 0x1
 672 0061 13       		.uleb128 0x13
 673 0062 00       		.byte	0
 674 0063 00       		.byte	0
 675 0064 09       		.uleb128 0x9
 676 0065 0D       		.uleb128 0xd
 677 0066 00       		.byte	0
 678 0067 03       		.uleb128 0x3
 679 0068 0E       		.uleb128 0xe
 680 0069 3A       		.uleb128 0x3a
 681 006a 0B       		.uleb128 0xb
 682 006b 3B       		.uleb128 0x3b
 683 006c 0B       		.uleb128 0xb
 684 006d 49       		.uleb128 0x49
 685 006e 13       		.uleb128 0x13
 686 006f 38       		.uleb128 0x38
 687 0070 0B       		.uleb128 0xb
 688 0071 00       		.byte	0
 689 0072 00       		.byte	0
 690 0073 0A       		.uleb128 0xa
 691 0074 01       		.uleb128 0x1
 692 0075 01       		.byte	0x1
 693 0076 49       		.uleb128 0x49
 694 0077 13       		.uleb128 0x13
 695 0078 01       		.uleb128 0x1
 696 0079 13       		.uleb128 0x13
 697 007a 00       		.byte	0
 698 007b 00       		.byte	0
 699 007c 0B       		.uleb128 0xb
 700 007d 21       		.uleb128 0x21
 701 007e 00       		.byte	0
 702 007f 49       		.uleb128 0x49
 703 0080 13       		.uleb128 0x13
 704 0081 2F       		.uleb128 0x2f
 705 0082 0B       		.uleb128 0xb
 706 0083 00       		.byte	0
 707 0084 00       		.byte	0
 708 0085 0C       		.uleb128 0xc
 709 0086 13       		.uleb128 0x13
 710 0087 01       		.byte	0x1
 711 0088 03       		.uleb128 0x3
 712 0089 0E       		.uleb128 0xe
 713 008a 0B       		.uleb128 0xb
 714 008b 0B       		.uleb128 0xb
 715 008c 3A       		.uleb128 0x3a
 716 008d 0B       		.uleb128 0xb
 717 008e 3B       		.uleb128 0x3b
 718 008f 0B       		.uleb128 0xb
 719 0090 01       		.uleb128 0x1
 720 0091 13       		.uleb128 0x13
ARM GAS  C:\Users\zakis\AppData\Local\Temp\ccRQ23tn.s 			page 15


 721 0092 00       		.byte	0
 722 0093 00       		.byte	0
 723 0094 0D       		.uleb128 0xd
 724 0095 2E       		.uleb128 0x2e
 725 0096 01       		.byte	0x1
 726 0097 3F       		.uleb128 0x3f
 727 0098 19       		.uleb128 0x19
 728 0099 03       		.uleb128 0x3
 729 009a 0E       		.uleb128 0xe
 730 009b 3A       		.uleb128 0x3a
 731 009c 0B       		.uleb128 0xb
 732 009d 3B       		.uleb128 0x3b
 733 009e 0B       		.uleb128 0xb
 734 009f 27       		.uleb128 0x27
 735 00a0 19       		.uleb128 0x19
 736 00a1 49       		.uleb128 0x49
 737 00a2 13       		.uleb128 0x13
 738 00a3 11       		.uleb128 0x11
 739 00a4 01       		.uleb128 0x1
 740 00a5 12       		.uleb128 0x12
 741 00a6 06       		.uleb128 0x6
 742 00a7 40       		.uleb128 0x40
 743 00a8 18       		.uleb128 0x18
 744 00a9 9742     		.uleb128 0x2117
 745 00ab 19       		.uleb128 0x19
 746 00ac 01       		.uleb128 0x1
 747 00ad 13       		.uleb128 0x13
 748 00ae 00       		.byte	0
 749 00af 00       		.byte	0
 750 00b0 0E       		.uleb128 0xe
 751 00b1 05       		.uleb128 0x5
 752 00b2 00       		.byte	0
 753 00b3 03       		.uleb128 0x3
 754 00b4 08       		.uleb128 0x8
 755 00b5 3A       		.uleb128 0x3a
 756 00b6 0B       		.uleb128 0xb
 757 00b7 3B       		.uleb128 0x3b
 758 00b8 0B       		.uleb128 0xb
 759 00b9 49       		.uleb128 0x49
 760 00ba 13       		.uleb128 0x13
 761 00bb 02       		.uleb128 0x2
 762 00bc 17       		.uleb128 0x17
 763 00bd 00       		.byte	0
 764 00be 00       		.byte	0
 765 00bf 0F       		.uleb128 0xf
 766 00c0 898201   		.uleb128 0x4109
 767 00c3 01       		.byte	0x1
 768 00c4 11       		.uleb128 0x11
 769 00c5 01       		.uleb128 0x1
 770 00c6 31       		.uleb128 0x31
 771 00c7 13       		.uleb128 0x13
 772 00c8 00       		.byte	0
 773 00c9 00       		.byte	0
 774 00ca 10       		.uleb128 0x10
 775 00cb 8A8201   		.uleb128 0x410a
 776 00ce 00       		.byte	0
 777 00cf 02       		.uleb128 0x2
ARM GAS  C:\Users\zakis\AppData\Local\Temp\ccRQ23tn.s 			page 16


 778 00d0 18       		.uleb128 0x18
 779 00d1 9142     		.uleb128 0x2111
 780 00d3 18       		.uleb128 0x18
 781 00d4 00       		.byte	0
 782 00d5 00       		.byte	0
 783 00d6 11       		.uleb128 0x11
 784 00d7 0F       		.uleb128 0xf
 785 00d8 00       		.byte	0
 786 00d9 0B       		.uleb128 0xb
 787 00da 0B       		.uleb128 0xb
 788 00db 49       		.uleb128 0x49
 789 00dc 13       		.uleb128 0x13
 790 00dd 00       		.byte	0
 791 00de 00       		.byte	0
 792 00df 12       		.uleb128 0x12
 793 00e0 26       		.uleb128 0x26
 794 00e1 00       		.byte	0
 795 00e2 49       		.uleb128 0x49
 796 00e3 13       		.uleb128 0x13
 797 00e4 00       		.byte	0
 798 00e5 00       		.byte	0
 799 00e6 13       		.uleb128 0x13
 800 00e7 05       		.uleb128 0x5
 801 00e8 00       		.byte	0
 802 00e9 03       		.uleb128 0x3
 803 00ea 0E       		.uleb128 0xe
 804 00eb 3A       		.uleb128 0x3a
 805 00ec 0B       		.uleb128 0xb
 806 00ed 3B       		.uleb128 0x3b
 807 00ee 0B       		.uleb128 0xb
 808 00ef 49       		.uleb128 0x49
 809 00f0 13       		.uleb128 0x13
 810 00f1 02       		.uleb128 0x2
 811 00f2 17       		.uleb128 0x17
 812 00f3 00       		.byte	0
 813 00f4 00       		.byte	0
 814 00f5 14       		.uleb128 0x14
 815 00f6 2E       		.uleb128 0x2e
 816 00f7 00       		.byte	0
 817 00f8 3F       		.uleb128 0x3f
 818 00f9 19       		.uleb128 0x19
 819 00fa 3C       		.uleb128 0x3c
 820 00fb 19       		.uleb128 0x19
 821 00fc 6E       		.uleb128 0x6e
 822 00fd 0E       		.uleb128 0xe
 823 00fe 03       		.uleb128 0x3
 824 00ff 0E       		.uleb128 0xe
 825 0100 3A       		.uleb128 0x3a
 826 0101 0B       		.uleb128 0xb
 827 0102 3B       		.uleb128 0x3b
 828 0103 0B       		.uleb128 0xb
 829 0104 00       		.byte	0
 830 0105 00       		.byte	0
 831 0106 00       		.byte	0
 832              		.section	.debug_loc,"",%progbits
 833              	.Ldebug_loc0:
 834              	.LLST0:
ARM GAS  C:\Users\zakis\AppData\Local\Temp\ccRQ23tn.s 			page 17


 835 0000 00000000 		.4byte	.LVL0
 836 0004 05000000 		.4byte	.LVL1-1
 837 0008 0100     		.2byte	0x1
 838 000a 50       		.byte	0x50
 839 000b 05000000 		.4byte	.LVL1-1
 840 000f 0A000000 		.4byte	.LFE0
 841 0013 0400     		.2byte	0x4
 842 0015 F3       		.byte	0xf3
 843 0016 01       		.uleb128 0x1
 844 0017 50       		.byte	0x50
 845 0018 9F       		.byte	0x9f
 846 0019 00000000 		.4byte	0
 847 001d 00000000 		.4byte	0
 848              	.LLST1:
 849 0021 00000000 		.4byte	.LVL2
 850 0025 0F000000 		.4byte	.LVL4-1
 851 0029 0100     		.2byte	0x1
 852 002b 50       		.byte	0x50
 853 002c 0F000000 		.4byte	.LVL4-1
 854 0030 20000000 		.4byte	.LFE1
 855 0034 0400     		.2byte	0x4
 856 0036 F3       		.byte	0xf3
 857 0037 01       		.uleb128 0x1
 858 0038 50       		.byte	0x50
 859 0039 9F       		.byte	0x9f
 860 003a 00000000 		.4byte	0
 861 003e 00000000 		.4byte	0
 862              	.LLST2:
 863 0042 00000000 		.4byte	.LVL2
 864 0046 0C000000 		.4byte	.LVL3
 865 004a 0100     		.2byte	0x1
 866 004c 51       		.byte	0x51
 867 004d 0C000000 		.4byte	.LVL3
 868 0051 0F000000 		.4byte	.LVL4-1
 869 0055 0200     		.2byte	0x2
 870 0057 71       		.byte	0x71
 871 0058 00       		.sleb128 0
 872 0059 0F000000 		.4byte	.LVL4-1
 873 005d 20000000 		.4byte	.LFE1
 874 0061 0200     		.2byte	0x2
 875 0063 91       		.byte	0x91
 876 0064 77       		.sleb128 -9
 877 0065 00000000 		.4byte	0
 878 0069 00000000 		.4byte	0
 879              	.LLST3:
 880 006d 00000000 		.4byte	.LVL5
 881 0071 05000000 		.4byte	.LVL6-1
 882 0075 0100     		.2byte	0x1
 883 0077 50       		.byte	0x50
 884 0078 05000000 		.4byte	.LVL6-1
 885 007c 12000000 		.4byte	.LFE2
 886 0080 0400     		.2byte	0x4
 887 0082 F3       		.byte	0xf3
 888 0083 01       		.uleb128 0x1
 889 0084 50       		.byte	0x50
 890 0085 9F       		.byte	0x9f
 891 0086 00000000 		.4byte	0
ARM GAS  C:\Users\zakis\AppData\Local\Temp\ccRQ23tn.s 			page 18


 892 008a 00000000 		.4byte	0
 893              	.LLST4:
 894 008e 00000000 		.4byte	.LVL5
 895 0092 05000000 		.4byte	.LVL6-1
 896 0096 0100     		.2byte	0x1
 897 0098 51       		.byte	0x51
 898 0099 05000000 		.4byte	.LVL6-1
 899 009d 12000000 		.4byte	.LFE2
 900 00a1 0400     		.2byte	0x4
 901 00a3 F3       		.byte	0xf3
 902 00a4 01       		.uleb128 0x1
 903 00a5 51       		.byte	0x51
 904 00a6 9F       		.byte	0x9f
 905 00a7 00000000 		.4byte	0
 906 00ab 00000000 		.4byte	0
 907              	.LLST5:
 908 00af 00000000 		.4byte	.LVL7
 909 00b3 05000000 		.4byte	.LVL8-1
 910 00b7 0100     		.2byte	0x1
 911 00b9 50       		.byte	0x50
 912 00ba 05000000 		.4byte	.LVL8-1
 913 00be 0A000000 		.4byte	.LFE3
 914 00c2 0400     		.2byte	0x4
 915 00c4 F3       		.byte	0xf3
 916 00c5 01       		.uleb128 0x1
 917 00c6 50       		.byte	0x50
 918 00c7 9F       		.byte	0x9f
 919 00c8 00000000 		.4byte	0
 920 00cc 00000000 		.4byte	0
 921              		.section	.debug_aranges,"",%progbits
 922 0000 34000000 		.4byte	0x34
 923 0004 0200     		.2byte	0x2
 924 0006 00000000 		.4byte	.Ldebug_info0
 925 000a 04       		.byte	0x4
 926 000b 00       		.byte	0
 927 000c 0000     		.2byte	0
 928 000e 0000     		.2byte	0
 929 0010 00000000 		.4byte	.LFB0
 930 0014 0A000000 		.4byte	.LFE0-.LFB0
 931 0018 00000000 		.4byte	.LFB1
 932 001c 20000000 		.4byte	.LFE1-.LFB1
 933 0020 00000000 		.4byte	.LFB2
 934 0024 12000000 		.4byte	.LFE2-.LFB2
 935 0028 00000000 		.4byte	.LFB3
 936 002c 0A000000 		.4byte	.LFE3-.LFB3
 937 0030 00000000 		.4byte	0
 938 0034 00000000 		.4byte	0
 939              		.section	.debug_ranges,"",%progbits
 940              	.Ldebug_ranges0:
 941 0000 00000000 		.4byte	.LFB0
 942 0004 0A000000 		.4byte	.LFE0
 943 0008 00000000 		.4byte	.LFB1
 944 000c 20000000 		.4byte	.LFE1
 945 0010 00000000 		.4byte	.LFB2
 946 0014 12000000 		.4byte	.LFE2
 947 0018 00000000 		.4byte	.LFB3
 948 001c 0A000000 		.4byte	.LFE3
ARM GAS  C:\Users\zakis\AppData\Local\Temp\ccRQ23tn.s 			page 19


 949 0020 00000000 		.4byte	0
 950 0024 00000000 		.4byte	0
 951              		.section	.debug_line,"",%progbits
 952              	.Ldebug_line0:
 953 0000 B3000000 		.section	.debug_str,"MS",%progbits,1
 953      02006500 
 953      00000201 
 953      FB0E0D00 
 953      01010101 
 954              	.LASF25:
 955 0000 52435F45 		.ascii	"RC_ERROR_TIME_OUT\000"
 955      52524F52 
 955      5F54494D 
 955      455F4F55 
 955      5400
 956              	.LASF42:
 957 0012 52435F74 		.ascii	"RC_t\000"
 957      00
 958              	.LASF44:
 959 0017 65765F70 		.ascii	"ev_parseJSON\000"
 959      61727365 
 959      4A534F4E 
 959      00
 960              	.LASF54:
 961 0024 6D5F6576 		.ascii	"m_evBuffer\000"
 961      42756666 
 961      657200
 962              	.LASF9:
 963 002f 6C6F6E67 		.ascii	"long long unsigned int\000"
 963      206C6F6E 
 963      6720756E 
 963      7369676E 
 963      65642069 
 964              	.LASF35:
 965 0046 52435F45 		.ascii	"RC_ERROR_BAD_DATA\000"
 965      52524F52 
 965      5F424144 
 965      5F444154 
 965      4100
 966              	.LASF46:
 967 0058 65765F75 		.ascii	"ev_uartError\000"
 967      61727445 
 967      72726F72 
 967      00
 968              	.LASF61:
 969 0065 52425F45 		.ascii	"RB_EV_init\000"
 969      565F696E 
 969      697400
 970              	.LASF1:
 971 0070 6C6F6E67 		.ascii	"long long int\000"
 971      206C6F6E 
 971      6720696E 
 971      7400
 972              	.LASF3:
 973 007e 7369676E 		.ascii	"signed char\000"
 973      65642063 
 973      68617200 
ARM GAS  C:\Users\zakis\AppData\Local\Temp\ccRQ23tn.s 			page 20


 974              	.LASF18:
 975 008a 52435F45 		.ascii	"RC_ERROR_MEMORY\000"
 975      52524F52 
 975      5F4D454D 
 975      4F525900 
 976              	.LASF23:
 977 009a 52435F45 		.ascii	"RC_ERROR_BUFFER_EMTPY\000"
 977      52524F52 
 977      5F425546 
 977      4645525F 
 977      454D5450 
 978              	.LASF7:
 979 00b0 6C6F6E67 		.ascii	"long int\000"
 979      20696E74 
 979      00
 980              	.LASF57:
 981 00b9 4556454E 		.ascii	"EVENT_add\000"
 981      545F6164 
 981      6400
 982              	.LASF53:
 983 00c3 52425F45 		.ascii	"RB_EV_t\000"
 983      565F7400 
 984              	.LASF41:
 985 00cb 75696E74 		.ascii	"uint16_t\000"
 985      31365F74 
 985      00
 986              	.LASF13:
 987 00d4 646F7562 		.ascii	"double\000"
 987      6C6500
 988              	.LASF59:
 989 00db 4556454E 		.ascii	"EVENT_read\000"
 989      545F7265 
 989      616400
 990              	.LASF49:
 991 00e6 6D5F6461 		.ascii	"m_data\000"
 991      746100
 992              	.LASF37:
 993 00ed 52435F45 		.ascii	"RC_ERROR_INVALID_STATE\000"
 993      52524F52 
 993      5F494E56 
 993      414C4944 
 993      5F535441 
 994              	.LASF0:
 995 0104 756E7369 		.ascii	"unsigned int\000"
 995      676E6564 
 995      20696E74 
 995      00
 996              	.LASF45:
 997 0111 65765F64 		.ascii	"ev_drawOnTFT\000"
 997      7261774F 
 997      6E544654 
 997      00
 998              	.LASF40:
 999 011e 52435F54 		.ascii	"RC_TRIGGER\000"
 999      52494747 
 999      455200
 1000              	.LASF38:
ARM GAS  C:\Users\zakis\AppData\Local\Temp\ccRQ23tn.s 			page 21


 1001 0129 52435F45 		.ascii	"RC_ERROR_UNKNOWN\000"
 1001      52524F52 
 1001      5F554E4B 
 1001      4E4F574E 
 1001      00
 1002              	.LASF67:
 1003 013a 73457665 		.ascii	"sEvent\000"
 1003      6E7400
 1004              	.LASF27:
 1005 0141 52435F45 		.ascii	"RC_ERROR_CHECKSUM\000"
 1005      52524F52 
 1005      5F434845 
 1005      434B5355 
 1005      4D00
 1006              	.LASF8:
 1007 0153 6C6F6E67 		.ascii	"long unsigned int\000"
 1007      20756E73 
 1007      69676E65 
 1007      6420696E 
 1007      7400
 1008              	.LASF16:
 1009 0165 52435F45 		.ascii	"RC_ERROR_NULL\000"
 1009      52524F52 
 1009      5F4E554C 
 1009      4C00
 1010              	.LASF14:
 1011 0173 52435F53 		.ascii	"RC_SUCCESS\000"
 1011      55434345 
 1011      535300
 1012              	.LASF58:
 1013 017e 6576656E 		.ascii	"event\000"
 1013      7400
 1014              	.LASF6:
 1015 0184 73686F72 		.ascii	"short unsigned int\000"
 1015      7420756E 
 1015      7369676E 
 1015      65642069 
 1015      6E7400
 1016              	.LASF15:
 1017 0197 52435F45 		.ascii	"RC_ERROR\000"
 1017      52524F52 
 1017      00
 1018              	.LASF22:
 1019 01a0 52435F45 		.ascii	"RC_ERROR_BUFFER_FULL\000"
 1019      52524F52 
 1019      5F425546 
 1019      4645525F 
 1019      46554C4C 
 1020              	.LASF43:
 1021 01b5 65765F4E 		.ascii	"ev_NONE\000"
 1021      4F4E4500 
 1022              	.LASF32:
 1023 01bd 52435F45 		.ascii	"RC_ERROR_WRITE_FAILS\000"
 1023      52524F52 
 1023      5F575249 
 1023      54455F46 
 1023      41494C53 
ARM GAS  C:\Users\zakis\AppData\Local\Temp\ccRQ23tn.s 			page 22


 1024              	.LASF33:
 1025 01d2 52435F45 		.ascii	"RC_ERROR_NOT_MATCH\000"
 1025      52524F52 
 1025      5F4E4F54 
 1025      5F4D4154 
 1025      434800
 1026              	.LASF26:
 1027 01e5 52435F45 		.ascii	"RC_ERROR_OPEN\000"
 1027      52524F52 
 1027      5F4F5045 
 1027      4E00
 1028              	.LASF55:
 1029 01f3 4556454E 		.ascii	"EVENT_t\000"
 1029      545F7400 
 1030              	.LASF10:
 1031 01fb 73697A65 		.ascii	"sizetype\000"
 1031      74797065 
 1031      00
 1032              	.LASF2:
 1033 0204 6C6F6E67 		.ascii	"long double\000"
 1033      20646F75 
 1033      626C6500 
 1034              	.LASF62:
 1035 0210 52425F45 		.ascii	"RB_EV_write\000"
 1035      565F7772 
 1035      69746500 
 1036              	.LASF36:
 1037 021c 52435F45 		.ascii	"RC_ERROR_CANCELED\000"
 1037      52524F52 
 1037      5F43414E 
 1037      43454C45 
 1037      4400
 1038              	.LASF21:
 1039 022e 52435F45 		.ascii	"RC_ERROR_UNDERRUN\000"
 1039      52524F52 
 1039      5F554E44 
 1039      45525255 
 1039      4E00
 1040              	.LASF31:
 1041 0240 52435F45 		.ascii	"RC_ERROR_READ_FAILS\000"
 1041      52524F52 
 1041      5F524541 
 1041      445F4641 
 1041      494C5300 
 1042              	.LASF47:
 1043 0254 65457665 		.ascii	"eEvent_t\000"
 1043      6E745F74 
 1043      00
 1044              	.LASF12:
 1045 025d 666C6F61 		.ascii	"float\000"
 1045      7400
 1046              	.LASF48:
 1047 0263 52425F45 		.ascii	"RB_EV_data_t\000"
 1047      565F6461 
 1047      74615F74 
 1047      00
 1048              	.LASF24:
ARM GAS  C:\Users\zakis\AppData\Local\Temp\ccRQ23tn.s 			page 23


 1049 0270 52435F45 		.ascii	"RC_ERROR_BUSY\000"
 1049      52524F52 
 1049      5F425553 
 1049      5900
 1050              	.LASF29:
 1051 027e 52435F45 		.ascii	"RC_ERROR_WRITE_ONLY\000"
 1051      52524F52 
 1051      5F575249 
 1051      54455F4F 
 1051      4E4C5900 
 1052              	.LASF4:
 1053 0292 756E7369 		.ascii	"unsigned char\000"
 1053      676E6564 
 1053      20636861 
 1053      7200
 1054              	.LASF63:
 1055 02a0 52425F45 		.ascii	"RB_EV_read\000"
 1055      565F7265 
 1055      616400
 1056              	.LASF5:
 1057 02ab 73686F72 		.ascii	"short int\000"
 1057      7420696E 
 1057      7400
 1058              	.LASF56:
 1059 02b5 4556454E 		.ascii	"EVENT_init\000"
 1059      545F696E 
 1059      697400
 1060              	.LASF64:
 1061 02c0 474E5520 		.ascii	"GNU C11 5.4.1 20160609 (release) [ARM/embedded-5-br"
 1061      43313120 
 1061      352E342E 
 1061      31203230 
 1061      31363036 
 1062 02f3 616E6368 		.ascii	"anch revision 237715] -mcpu=cortex-m3 -mthumb -g -O"
 1062      20726576 
 1062      6973696F 
 1062      6E203233 
 1062      37373135 
 1063 0326 67202D66 		.ascii	"g -ffunction-sections -ffat-lto-objects\000"
 1063      66756E63 
 1063      74696F6E 
 1063      2D736563 
 1063      74696F6E 
 1064              	.LASF17:
 1065 034e 52435F45 		.ascii	"RC_ERROR_ZERO\000"
 1065      52524F52 
 1065      5F5A4552 
 1065      4F00
 1066              	.LASF52:
 1067 035c 6D5F6669 		.ascii	"m_fillLevel\000"
 1067      6C6C4C65 
 1067      76656C00 
 1068              	.LASF34:
 1069 0368 52435F45 		.ascii	"RC_ERROR_BAD_PARAM\000"
 1069      52524F52 
 1069      5F424144 
 1069      5F504152 
ARM GAS  C:\Users\zakis\AppData\Local\Temp\ccRQ23tn.s 			page 24


 1069      414D00
 1070              	.LASF28:
 1071 037b 52435F45 		.ascii	"RC_ERROR_READ_ONLY\000"
 1071      52524F52 
 1071      5F524541 
 1071      445F4F4E 
 1071      4C5900
 1072              	.LASF11:
 1073 038e 63686172 		.ascii	"char\000"
 1073      00
 1074              	.LASF51:
 1075 0393 6D5F7772 		.ascii	"m_writeIndex\000"
 1075      69746549 
 1075      6E646578 
 1075      00
 1076              	.LASF39:
 1077 03a0 52435F45 		.ascii	"RC_ERROR_NOT_IMPLEMENTED\000"
 1077      52524F52 
 1077      5F4E4F54 
 1077      5F494D50 
 1077      4C454D45 
 1078              	.LASF65:
 1079 03b9 736F7572 		.ascii	"source\\bsw\\cdd\\events.c\000"
 1079      63655C62 
 1079      73775C63 
 1079      64645C65 
 1079      76656E74 
 1080              	.LASF20:
 1081 03d1 52435F45 		.ascii	"RC_ERROR_OVERRUN\000"
 1081      52524F52 
 1081      5F4F5645 
 1081      5252554E 
 1081      00
 1082              	.LASF66:
 1083 03e2 433A5C55 		.ascii	"C:\\Users\\zakis\\Documents\\EOS_Assignment_Two\\JS"
 1083      73657273 
 1083      5C7A616B 
 1083      69735C44 
 1083      6F63756D 
 1084 0410 4F4E5F50 		.ascii	"ON_Parser\\EOS_Assignment_Two\\Archive\\JSON_Parser"
 1084      61727365 
 1084      725C454F 
 1084      535F4173 
 1084      7369676E 
 1085 0440 2E637970 		.ascii	".cyprj.Archive02\\JSON_Parser.cydsn\000"
 1085      726A2E41 
 1085      72636869 
 1085      76653032 
 1085      5C4A534F 
 1086              	.LASF30:
 1087 0463 52435F45 		.ascii	"RC_ERROR_INVALID\000"
 1087      52524F52 
 1087      5F494E56 
 1087      414C4944 
 1087      00
 1088              	.LASF19:
 1089 0474 52435F45 		.ascii	"RC_ERROR_RANGE\000"
ARM GAS  C:\Users\zakis\AppData\Local\Temp\ccRQ23tn.s 			page 25


 1089      52524F52 
 1089      5F52414E 
 1089      474500
 1090              	.LASF60:
 1091 0483 4556454E 		.ascii	"EVENT_clear\000"
 1091      545F636C 
 1091      65617200 
 1092              	.LASF50:
 1093 048f 6D5F7265 		.ascii	"m_readIndex\000"
 1093      6164496E 
 1093      64657800 
 1094              		.ident	"GCC: (GNU Tools for ARM Embedded Processors) 5.4.1 20160609 (release) [ARM/embedded-5-bran
