ARM GAS  C:\Users\zakis\AppData\Local\Temp\cc8jF9eS.s 			page 1


   1              		.syntax unified
   2              		.cpu cortex-m3
   3              		.fpu softvfp
   4              		.eabi_attribute 20, 1
   5              		.eabi_attribute 21, 1
   6              		.eabi_attribute 23, 3
   7              		.eabi_attribute 24, 1
   8              		.eabi_attribute 25, 1
   9              		.eabi_attribute 26, 1
  10              		.eabi_attribute 30, 1
  11              		.eabi_attribute 34, 1
  12              		.eabi_attribute 18, 4
  13              		.thumb
  14              		.syntax unified
  15              		.file	"parser.c"
  16              		.text
  17              	.Ltext0:
  18              		.cfi_sections	.debug_frame
  19              		.section	.text.PARSER_init,"ax",%progbits
  20              		.align	2
  21              		.global	PARSER_init
  22              		.thumb
  23              		.thumb_func
  24              		.type	PARSER_init, %function
  25              	PARSER_init:
  26              	.LFB0:
  27              		.file 1 "source\\bsw\\cdd\\parser.c"
   1:source\bsw\cdd/parser.c **** /**
   2:source\bsw\cdd/parser.c **** * \file uart.c
   3:source\bsw\cdd/parser.c **** * \author P. Fromm
   4:source\bsw\cdd/parser.c **** * \date 8.12.19
   5:source\bsw\cdd/parser.c **** *
   6:source\bsw\cdd/parser.c **** * \brief UART wrapper
   7:source\bsw\cdd/parser.c **** *
   8:source\bsw\cdd/parser.c **** * \copyright Copyright ©2016
   9:source\bsw\cdd/parser.c **** * Department of electrical engineering and information technology, Hochschule Darmstadt - Universit
  10:source\bsw\cdd/parser.c **** * Permission to use, copy, modify, and distribute this software and its documentation for education
  11:source\bsw\cdd/parser.c **** * (unless permitted by h_da) and official h_da projects, is hereby granted for enrolled students of
  12:source\bsw\cdd/parser.c **** * this paragraph and the following paragraph appear in all copies, modifications, and distributions
  13:source\bsw\cdd/parser.c **** * Contact Prof.Dr.-Ing. Peter Fromm, peter.fromm@h-da.de, Birkenweg 8 64295 Darmstadt - GERMANY for
  14:source\bsw\cdd/parser.c **** *
  15:source\bsw\cdd/parser.c **** * \warning This software is a PROTOTYPE version and is not designed or intended for use in producti
  16:source\bsw\cdd/parser.c **** * The user represents and warrants that it will NOT use or redistribute the Software for such purpo
  17:source\bsw\cdd/parser.c **** * This prototype is for research purposes only. This software is provided "AS IS," without a warran
  18:source\bsw\cdd/parser.c **** */
  19:source\bsw\cdd/parser.c **** 
  20:source\bsw\cdd/parser.c **** /*****************************************************************************/
  21:source\bsw\cdd/parser.c **** /* Include files                                                             */
  22:source\bsw\cdd/parser.c **** /*****************************************************************************/
  23:source\bsw\cdd/parser.c **** #include "string.h"
  24:source\bsw\cdd/parser.c **** #include "parser.h"
  25:source\bsw\cdd/parser.c **** 
  26:source\bsw\cdd/parser.c **** /*****************************************************************************/
  27:source\bsw\cdd/parser.c **** /* Local pre-processor symbols/macros ('#define')                            */
  28:source\bsw\cdd/parser.c **** /*****************************************************************************/
  29:source\bsw\cdd/parser.c **** 
  30:source\bsw\cdd/parser.c **** /*****************************************************************************/
ARM GAS  C:\Users\zakis\AppData\Local\Temp\cc8jF9eS.s 			page 2


  31:source\bsw\cdd/parser.c **** /* Global variable definitions (declared in header file with 'extern')       */
  32:source\bsw\cdd/parser.c **** /*****************************************************************************/
  33:source\bsw\cdd/parser.c **** 
  34:source\bsw\cdd/parser.c **** /*****************************************************************************/
  35:source\bsw\cdd/parser.c **** /* Local type definitions ('typedef')                                        */
  36:source\bsw\cdd/parser.c **** /*****************************************************************************/
  37:source\bsw\cdd/parser.c **** 
  38:source\bsw\cdd/parser.c **** /*****************************************************************************/
  39:source\bsw\cdd/parser.c **** /* Local variable definitions ('static')                                     */
  40:source\bsw\cdd/parser.c **** /*****************************************************************************/
  41:source\bsw\cdd/parser.c **** 
  42:source\bsw\cdd/parser.c **** 
  43:source\bsw\cdd/parser.c **** 
  44:source\bsw\cdd/parser.c **** /*****************************************************************************/
  45:source\bsw\cdd/parser.c **** /* Local function prototypes ('static')                                      */
  46:source\bsw\cdd/parser.c **** /*****************************************************************************/
  47:source\bsw\cdd/parser.c **** 
  48:source\bsw\cdd/parser.c **** 
  49:source\bsw\cdd/parser.c **** /*****************************************************************************/
  50:source\bsw\cdd/parser.c **** /* Function implementation - global ('extern') and local ('static')          */
  51:source\bsw\cdd/parser.c **** /*****************************************************************************/
  52:source\bsw\cdd/parser.c **** RC_t PARSER_init(PARSER_t *const me){
  28              		.loc 1 52 0
  29              		.cfi_startproc
  30              		@ args = 0, pretend = 0, frame = 0
  31              		@ frame_needed = 0, uses_anonymous_args = 0
  32              	.LVL0:
  33 0000 10B5     		push	{r4, lr}
  34              		.cfi_def_cfa_offset 8
  35              		.cfi_offset 4, -8
  36              		.cfi_offset 14, -4
  37 0002 0446     		mov	r4, r0
  53:source\bsw\cdd/parser.c ****     jsmn_init(&me -> parser);
  38              		.loc 1 53 0
  39 0004 00F54970 		add	r0, r0, #804
  40              	.LVL1:
  41 0008 FFF7FEFF 		bl	jsmn_init
  42              	.LVL2:
  54:source\bsw\cdd/parser.c ****     me -> nextTokenNum = 0;
  43              		.loc 1 54 0
  44 000c 0020     		movs	r0, #0
  45 000e 84F83403 		strb	r0, [r4, #820]
  55:source\bsw\cdd/parser.c ****     me -> jsonStringBuffer = NULL;
  46              		.loc 1 55 0
  47 0012 C4F83003 		str	r0, [r4, #816]
  56:source\bsw\cdd/parser.c ****     me -> numTokens = 0;
  48              		.loc 1 56 0
  49 0016 84F82003 		strb	r0, [r4, #800]
  57:source\bsw\cdd/parser.c ****     return RC_SUCCESS;
  58:source\bsw\cdd/parser.c **** }
  50              		.loc 1 58 0
  51 001a 10BD     		pop	{r4, pc}
  52              		.cfi_endproc
  53              	.LFE0:
  54              		.size	PARSER_init, .-PARSER_init
  55              		.section	.text.PARSER_setJsonString,"ax",%progbits
  56              		.align	2
ARM GAS  C:\Users\zakis\AppData\Local\Temp\cc8jF9eS.s 			page 3


  57              		.global	PARSER_setJsonString
  58              		.thumb
  59              		.thumb_func
  60              		.type	PARSER_setJsonString, %function
  61              	PARSER_setJsonString:
  62              	.LFB1:
  59:source\bsw\cdd/parser.c **** 
  60:source\bsw\cdd/parser.c **** RC_t PARSER_setJsonString(PARSER_t *const me, uint8_t *jsonStringBuffer){
  63              		.loc 1 60 0
  64              		.cfi_startproc
  65              		@ args = 0, pretend = 0, frame = 0
  66              		@ frame_needed = 0, uses_anonymous_args = 0
  67              	.LVL3:
  68 0000 38B5     		push	{r3, r4, r5, lr}
  69              		.cfi_def_cfa_offset 16
  70              		.cfi_offset 3, -16
  71              		.cfi_offset 4, -12
  72              		.cfi_offset 5, -8
  73              		.cfi_offset 14, -4
  74 0002 0446     		mov	r4, r0
  75 0004 0D46     		mov	r5, r1
  61:source\bsw\cdd/parser.c ****     PARSER_init(me);
  76              		.loc 1 61 0
  77 0006 FFF7FEFF 		bl	PARSER_init
  78              	.LVL4:
  62:source\bsw\cdd/parser.c ****     me -> jsonStringBuffer = jsonStringBuffer;
  79              		.loc 1 62 0
  80 000a C4F83053 		str	r5, [r4, #816]
  63:source\bsw\cdd/parser.c ****     return RC_SUCCESS;
  64:source\bsw\cdd/parser.c **** }
  81              		.loc 1 64 0
  82 000e 0020     		movs	r0, #0
  83 0010 38BD     		pop	{r3, r4, r5, pc}
  84              		.cfi_endproc
  85              	.LFE1:
  86              		.size	PARSER_setJsonString, .-PARSER_setJsonString
  87 0012 00BF     		.section	.text.PARSER_parseJSON,"ax",%progbits
  88              		.align	2
  89              		.global	PARSER_parseJSON
  90              		.thumb
  91              		.thumb_func
  92              		.type	PARSER_parseJSON, %function
  93              	PARSER_parseJSON:
  94              	.LFB2:
  65:source\bsw\cdd/parser.c **** 
  66:source\bsw\cdd/parser.c **** RC_t PARSER_parseJSON(PARSER_t *const me){       
  95              		.loc 1 66 0
  96              		.cfi_startproc
  97              		@ args = 0, pretend = 0, frame = 0
  98              		@ frame_needed = 0, uses_anonymous_args = 0
  99              	.LVL5:
 100 0000 30B5     		push	{r4, r5, lr}
 101              		.cfi_def_cfa_offset 12
 102              		.cfi_offset 4, -12
 103              		.cfi_offset 5, -8
 104              		.cfi_offset 14, -4
 105 0002 83B0     		sub	sp, sp, #12
ARM GAS  C:\Users\zakis\AppData\Local\Temp\cc8jF9eS.s 			page 4


 106              		.cfi_def_cfa_offset 24
 107 0004 0446     		mov	r4, r0
  67:source\bsw\cdd/parser.c ****     me -> numTokens = jsmn_parse(&me -> parser, (const char *)me -> jsonStringBuffer, strlen((const
 108              		.loc 1 67 0
 109 0006 D0F83053 		ldr	r5, [r0, #816]
 110 000a 2846     		mov	r0, r5
 111              	.LVL6:
 112 000c FFF7FEFF 		bl	strlen
 113              	.LVL7:
 114 0010 3223     		movs	r3, #50
 115 0012 0093     		str	r3, [sp]
 116 0014 2346     		mov	r3, r4
 117 0016 0246     		mov	r2, r0
 118 0018 2946     		mov	r1, r5
 119 001a 04F54970 		add	r0, r4, #804
 120 001e FFF7FEFF 		bl	jsmn_parse
 121              	.LVL8:
 122 0022 C0B2     		uxtb	r0, r0
 123 0024 84F82003 		strb	r0, [r4, #800]
  68:source\bsw\cdd/parser.c ****     if (me -> numTokens > 0 && me -> numTokens <= MAX_JSMN_TOKENS){
 124              		.loc 1 68 0
 125 0028 0138     		subs	r0, r0, #1
 126 002a C0B2     		uxtb	r0, r0
 127 002c 3128     		cmp	r0, #49
 128 002e 01D8     		bhi	.L7
  69:source\bsw\cdd/parser.c ****         return RC_SUCCESS;
 129              		.loc 1 69 0
 130 0030 0020     		movs	r0, #0
 131 0032 01E0     		b	.L6
 132              	.L7:
  70:source\bsw\cdd/parser.c ****     }
  71:source\bsw\cdd/parser.c ****     return RC_ERROR;
 133              		.loc 1 71 0
 134 0034 4FF0FF30 		mov	r0, #-1
 135              	.L6:
  72:source\bsw\cdd/parser.c **** }
 136              		.loc 1 72 0
 137 0038 03B0     		add	sp, sp, #12
 138              		.cfi_def_cfa_offset 12
 139              		@ sp needed
 140 003a 30BD     		pop	{r4, r5, pc}
 141              		.cfi_endproc
 142              	.LFE2:
 143              		.size	PARSER_parseJSON, .-PARSER_parseJSON
 144              		.section	.text.PARSER_getToken,"ax",%progbits
 145              		.align	2
 146              		.global	PARSER_getToken
 147              		.thumb
 148              		.thumb_func
 149              		.type	PARSER_getToken, %function
 150              	PARSER_getToken:
 151              	.LFB3:
  73:source\bsw\cdd/parser.c **** RC_t PARSER_getToken(PARSER_t *const me, jsmntok_t *const token){
 152              		.loc 1 73 0
 153              		.cfi_startproc
 154              		@ args = 0, pretend = 0, frame = 0
 155              		@ frame_needed = 0, uses_anonymous_args = 0
ARM GAS  C:\Users\zakis\AppData\Local\Temp\cc8jF9eS.s 			page 5


 156              		@ link register save eliminated.
 157              	.LVL9:
  74:source\bsw\cdd/parser.c ****     if (me ->nextTokenNum <= me -> numTokens){
 158              		.loc 1 74 0
 159 0000 90F83433 		ldrb	r3, [r0, #820]	@ zero_extendqisi2
 160 0004 90F82023 		ldrb	r2, [r0, #800]	@ zero_extendqisi2
 161 0008 9342     		cmp	r3, r2
 162 000a 0BD8     		bhi	.L11
  73:source\bsw\cdd/parser.c **** RC_t PARSER_getToken(PARSER_t *const me, jsmntok_t *const token){
 163              		.loc 1 73 0
 164 000c 10B4     		push	{r4}
 165              		.cfi_def_cfa_offset 4
 166              		.cfi_offset 4, -4
 167 000e 0C46     		mov	r4, r1
  75:source\bsw\cdd/parser.c ****         *token = me ->tokens[me ->nextTokenNum++];
 168              		.loc 1 75 0
 169 0010 5A1C     		adds	r2, r3, #1
 170 0012 80F83423 		strb	r2, [r0, #820]
 171 0016 00EB0310 		add	r0, r0, r3, lsl #4
 172              	.LVL10:
 173 001a 0FC8     		ldmia	r0, {r0, r1, r2, r3}
 174              	.LVL11:
 175 001c 84E80F00 		stmia	r4, {r0, r1, r2, r3}
  76:source\bsw\cdd/parser.c ****         return RC_SUCCESS;
 176              		.loc 1 76 0
 177 0020 0020     		movs	r0, #0
 178 0022 02E0     		b	.L10
 179              	.LVL12:
 180              	.L11:
 181              		.cfi_def_cfa_offset 0
 182              		.cfi_restore 4
  77:source\bsw\cdd/parser.c ****     }    
  78:source\bsw\cdd/parser.c ****     return RC_ERROR;
 183              		.loc 1 78 0
 184 0024 4FF0FF30 		mov	r0, #-1
 185              	.LVL13:
 186 0028 7047     		bx	lr
 187              	.LVL14:
 188              	.L10:
 189              		.cfi_def_cfa_offset 4
 190              		.cfi_offset 4, -4
  79:source\bsw\cdd/parser.c **** }...
 191              		.loc 1 79 0
 192 002a 10BC     		pop	{r4}
 193              		.cfi_restore 4
 194              		.cfi_def_cfa_offset 0
 195              	.LVL15:
 196 002c 7047     		bx	lr
 197              		.cfi_endproc
 198              	.LFE3:
 199              		.size	PARSER_getToken, .-PARSER_getToken
 200 002e 00BF     		.text
 201              	.Letext0:
 202              		.file 2 ".\\source\\bsw/global.h"
 203              		.file 3 "source\\bsw\\cdd\\jasmin.h"
 204              		.file 4 "source\\bsw\\cdd\\parser.h"
 205              		.file 5 "c:\\program files (x86)\\cypress\\psoc creator\\4.4\\psoc creator\\import\\gnu\\arm\\5.4.
ARM GAS  C:\Users\zakis\AppData\Local\Temp\cc8jF9eS.s 			page 6


 206              		.section	.debug_info,"",%progbits
 207              	.Ldebug_info0:
 208 0000 C7030000 		.4byte	0x3c7
 209 0004 0400     		.2byte	0x4
 210 0006 00000000 		.4byte	.Ldebug_abbrev0
 211 000a 04       		.byte	0x4
 212 000b 01       		.uleb128 0x1
 213 000c E5020000 		.4byte	.LASF72
 214 0010 0C       		.byte	0xc
 215 0011 CA010000 		.4byte	.LASF73
 216 0015 F0030000 		.4byte	.LASF74
 217 0019 00000000 		.4byte	.Ldebug_ranges0+0
 218 001d 00000000 		.4byte	0
 219 0021 00000000 		.4byte	.Ldebug_line0
 220 0025 02       		.uleb128 0x2
 221 0026 04       		.byte	0x4
 222 0027 05       		.byte	0x5
 223 0028 696E7400 		.ascii	"int\000"
 224 002c 03       		.uleb128 0x3
 225 002d 04       		.byte	0x4
 226 002e 07       		.byte	0x7
 227 002f 08010000 		.4byte	.LASF0
 228 0033 03       		.uleb128 0x3
 229 0034 08       		.byte	0x8
 230 0035 05       		.byte	0x5
 231 0036 5D000000 		.4byte	.LASF1
 232 003a 03       		.uleb128 0x3
 233 003b 08       		.byte	0x8
 234 003c 04       		.byte	0x4
 235 003d 1E020000 		.4byte	.LASF2
 236 0041 03       		.uleb128 0x3
 237 0042 01       		.byte	0x1
 238 0043 06       		.byte	0x6
 239 0044 6B000000 		.4byte	.LASF3
 240 0048 03       		.uleb128 0x3
 241 0049 01       		.byte	0x1
 242 004a 08       		.byte	0x8
 243 004b C5020000 		.4byte	.LASF4
 244 004f 03       		.uleb128 0x3
 245 0050 02       		.byte	0x2
 246 0051 05       		.byte	0x5
 247 0052 DB020000 		.4byte	.LASF5
 248 0056 03       		.uleb128 0x3
 249 0057 02       		.byte	0x2
 250 0058 07       		.byte	0x7
 251 0059 7D010000 		.4byte	.LASF6
 252 005d 03       		.uleb128 0x3
 253 005e 04       		.byte	0x4
 254 005f 05       		.byte	0x5
 255 0060 BE000000 		.4byte	.LASF7
 256 0064 03       		.uleb128 0x3
 257 0065 04       		.byte	0x4
 258 0066 07       		.byte	0x7
 259 0067 43010000 		.4byte	.LASF8
 260 006b 03       		.uleb128 0x3
 261 006c 08       		.byte	0x8
 262 006d 07       		.byte	0x7
ARM GAS  C:\Users\zakis\AppData\Local\Temp\cc8jF9eS.s 			page 7


 263 006e 29000000 		.4byte	.LASF9
 264 0072 03       		.uleb128 0x3
 265 0073 04       		.byte	0x4
 266 0074 07       		.byte	0x7
 267 0075 15020000 		.4byte	.LASF10
 268 0079 03       		.uleb128 0x3
 269 007a 01       		.byte	0x1
 270 007b 08       		.byte	0x8
 271 007c A7030000 		.4byte	.LASF11
 272 0080 04       		.uleb128 0x4
 273 0081 BE040000 		.4byte	.LASF41
 274 0085 02       		.byte	0x2
 275 0086 91       		.byte	0x91
 276 0087 48000000 		.4byte	0x48
 277 008b 03       		.uleb128 0x3
 278 008c 04       		.byte	0x4
 279 008d 04       		.byte	0x4
 280 008e 82020000 		.4byte	.LASF12
 281 0092 03       		.uleb128 0x3
 282 0093 08       		.byte	0x8
 283 0094 04       		.byte	0x4
 284 0095 DF000000 		.4byte	.LASF13
 285 0099 05       		.uleb128 0x5
 286 009a 01       		.byte	0x1
 287 009b 41000000 		.4byte	0x41
 288 009f 02       		.byte	0x2
 289 00a0 CF       		.byte	0xcf
 290 00a1 48010000 		.4byte	0x148
 291 00a5 06       		.uleb128 0x6
 292 00a6 63010000 		.4byte	.LASF14
 293 00aa 00       		.byte	0
 294 00ab 07       		.uleb128 0x7
 295 00ac 90010000 		.4byte	.LASF15
 296 00b0 7F       		.sleb128 -1
 297 00b1 07       		.uleb128 0x7
 298 00b2 55010000 		.4byte	.LASF16
 299 00b6 7E       		.sleb128 -2
 300 00b7 07       		.uleb128 0x7
 301 00b8 73030000 		.4byte	.LASF17
 302 00bc 7D       		.sleb128 -3
 303 00bd 07       		.uleb128 0x7
 304 00be 8C000000 		.4byte	.LASF18
 305 00c2 7C       		.sleb128 -4
 306 00c3 07       		.uleb128 0x7
 307 00c4 AF040000 		.4byte	.LASF19
 308 00c8 7B       		.sleb128 -5
 309 00c9 07       		.uleb128 0x7
 310 00ca DF030000 		.4byte	.LASF20
 311 00ce 7A       		.sleb128 -6
 312 00cf 07       		.uleb128 0x7
 313 00d0 4B020000 		.4byte	.LASF21
 314 00d4 79       		.sleb128 -7
 315 00d5 07       		.uleb128 0x7
 316 00d6 99010000 		.4byte	.LASF22
 317 00da 78       		.sleb128 -8
 318 00db 07       		.uleb128 0x7
 319 00dc A8000000 		.4byte	.LASF23
ARM GAS  C:\Users\zakis\AppData\Local\Temp\cc8jF9eS.s 			page 8


 320 00e0 77       		.sleb128 -9
 321 00e1 07       		.uleb128 0x7
 322 00e2 A3020000 		.4byte	.LASF24
 323 00e6 76       		.sleb128 -10
 324 00e7 07       		.uleb128 0x7
 325 00e8 00000000 		.4byte	.LASF25
 326 00ec 75       		.sleb128 -11
 327 00ed 07       		.uleb128 0x7
 328 00ee D1000000 		.4byte	.LASF26
 329 00f2 74       		.sleb128 -12
 330 00f3 07       		.uleb128 0x7
 331 00f4 31010000 		.4byte	.LASF27
 332 00f8 73       		.sleb128 -13
 333 00f9 07       		.uleb128 0x7
 334 00fa 94030000 		.4byte	.LASF28
 335 00fe 72       		.sleb128 -14
 336 00ff 07       		.uleb128 0x7
 337 0100 B1020000 		.4byte	.LASF29
 338 0104 71       		.sleb128 -15
 339 0105 07       		.uleb128 0x7
 340 0106 9E040000 		.4byte	.LASF30
 341 010a 70       		.sleb128 -16
 342 010b 07       		.uleb128 0x7
 343 010c 5D020000 		.4byte	.LASF31
 344 0110 6F       		.sleb128 -17
 345 0111 07       		.uleb128 0x7
 346 0112 B5010000 		.4byte	.LASF32
 347 0116 6E       		.sleb128 -18
 348 0117 07       		.uleb128 0x7
 349 0118 E2010000 		.4byte	.LASF33
 350 011c 6D       		.sleb128 -19
 351 011d 07       		.uleb128 0x7
 352 011e 81030000 		.4byte	.LASF34
 353 0122 6C       		.sleb128 -20
 354 0123 07       		.uleb128 0x7
 355 0124 40000000 		.4byte	.LASF35
 356 0128 6B       		.sleb128 -21
 357 0129 07       		.uleb128 0x7
 358 012a 39020000 		.4byte	.LASF36
 359 012e 6A       		.sleb128 -22
 360 012f 07       		.uleb128 0x7
 361 0130 F1000000 		.4byte	.LASF37
 362 0134 69       		.sleb128 -23
 363 0135 07       		.uleb128 0x7
 364 0136 20010000 		.4byte	.LASF38
 365 013a 68       		.sleb128 -24
 366 013b 07       		.uleb128 0x7
 367 013c C6030000 		.4byte	.LASF39
 368 0140 67       		.sleb128 -25
 369 0141 06       		.uleb128 0x6
 370 0142 15010000 		.4byte	.LASF40
 371 0146 01       		.byte	0x1
 372 0147 00       		.byte	0
 373 0148 04       		.uleb128 0x4
 374 0149 1F000000 		.4byte	.LASF42
 375 014d 02       		.byte	0x2
 376 014e EB       		.byte	0xeb
ARM GAS  C:\Users\zakis\AppData\Local\Temp\cc8jF9eS.s 			page 9


 377 014f 99000000 		.4byte	0x99
 378 0153 05       		.uleb128 0x5
 379 0154 01       		.byte	0x1
 380 0155 48000000 		.4byte	0x48
 381 0159 03       		.byte	0x3
 382 015a 62       		.byte	0x62
 383 015b 7E010000 		.4byte	0x17e
 384 015f 06       		.uleb128 0x6
 385 0160 06020000 		.4byte	.LASF43
 386 0164 00       		.byte	0
 387 0165 06       		.uleb128 0x6
 388 0166 C6040000 		.4byte	.LASF44
 389 016a 01       		.byte	0x1
 390 016b 06       		.uleb128 0x6
 391 016c BB030000 		.4byte	.LASF45
 392 0170 02       		.byte	0x2
 393 0171 06       		.uleb128 0x6
 394 0172 92040000 		.4byte	.LASF46
 395 0176 04       		.byte	0x4
 396 0177 06       		.uleb128 0x6
 397 0178 AC030000 		.4byte	.LASF47
 398 017c 08       		.byte	0x8
 399 017d 00       		.byte	0
 400 017e 04       		.uleb128 0x4
 401 017f E6000000 		.4byte	.LASF48
 402 0183 03       		.byte	0x3
 403 0184 68       		.byte	0x68
 404 0185 53010000 		.4byte	0x153
 405 0189 08       		.uleb128 0x8
 406 018a 2A020000 		.4byte	.LASF53
 407 018e 10       		.byte	0x10
 408 018f 03       		.byte	0x3
 409 0190 7A       		.byte	0x7a
 410 0191 C6010000 		.4byte	0x1c6
 411 0195 09       		.uleb128 0x9
 412 0196 24000000 		.4byte	.LASF49
 413 019a 03       		.byte	0x3
 414 019b 7B       		.byte	0x7b
 415 019c 7E010000 		.4byte	0x17e
 416 01a0 00       		.byte	0
 417 01a1 09       		.uleb128 0x9
 418 01a2 D2040000 		.4byte	.LASF50
 419 01a6 03       		.byte	0x3
 420 01a7 7C       		.byte	0x7c
 421 01a8 25000000 		.4byte	0x25
 422 01ac 04       		.byte	0x4
 423 01ad 0A       		.uleb128 0xa
 424 01ae 656E6400 		.ascii	"end\000"
 425 01b2 03       		.byte	0x3
 426 01b3 7D       		.byte	0x7d
 427 01b4 25000000 		.4byte	0x25
 428 01b8 08       		.byte	0x8
 429 01b9 09       		.uleb128 0x9
 430 01ba 78010000 		.4byte	.LASF51
 431 01be 03       		.byte	0x3
 432 01bf 7E       		.byte	0x7e
 433 01c0 25000000 		.4byte	0x25
ARM GAS  C:\Users\zakis\AppData\Local\Temp\cc8jF9eS.s 			page 10


 434 01c4 0C       		.byte	0xc
 435 01c5 00       		.byte	0
 436 01c6 04       		.uleb128 0x4
 437 01c7 F5010000 		.4byte	.LASF52
 438 01cb 03       		.byte	0x3
 439 01cc 82       		.byte	0x82
 440 01cd 89010000 		.4byte	0x189
 441 01d1 08       		.uleb128 0x8
 442 01d2 9C000000 		.4byte	.LASF54
 443 01d6 0C       		.byte	0xc
 444 01d7 03       		.byte	0x3
 445 01d8 88       		.byte	0x88
 446 01d9 02020000 		.4byte	0x202
 447 01dd 0A       		.uleb128 0xa
 448 01de 706F7300 		.ascii	"pos\000"
 449 01e2 03       		.byte	0x3
 450 01e3 89       		.byte	0x89
 451 01e4 2C000000 		.4byte	0x2c
 452 01e8 00       		.byte	0
 453 01e9 09       		.uleb128 0x9
 454 01ea D3020000 		.4byte	.LASF55
 455 01ee 03       		.byte	0x3
 456 01ef 8A       		.byte	0x8a
 457 01f0 2C000000 		.4byte	0x2c
 458 01f4 04       		.byte	0x4
 459 01f5 09       		.uleb128 0x9
 460 01f6 77000000 		.4byte	.LASF56
 461 01fa 03       		.byte	0x3
 462 01fb 8B       		.byte	0x8b
 463 01fc 25000000 		.4byte	0x25
 464 0200 08       		.byte	0x8
 465 0201 00       		.byte	0
 466 0202 04       		.uleb128 0x4
 467 0203 9C000000 		.4byte	.LASF54
 468 0207 03       		.byte	0x3
 469 0208 8C       		.byte	0x8c
 470 0209 D1010000 		.4byte	0x1d1
 471 020d 0B       		.uleb128 0xb
 472 020e 71020000 		.4byte	.LASF57
 473 0212 3803     		.2byte	0x338
 474 0214 04       		.byte	0x4
 475 0215 34       		.byte	0x34
 476 0216 5B020000 		.4byte	0x25b
 477 021a 09       		.uleb128 0x9
 478 021b 32020000 		.4byte	.LASF58
 479 021f 04       		.byte	0x4
 480 0220 35       		.byte	0x35
 481 0221 5B020000 		.4byte	0x25b
 482 0225 00       		.byte	0
 483 0226 0C       		.uleb128 0xc
 484 0227 C7000000 		.4byte	.LASF59
 485 022b 04       		.byte	0x4
 486 022c 36       		.byte	0x36
 487 022d 80000000 		.4byte	0x80
 488 0231 2003     		.2byte	0x320
 489 0233 0C       		.uleb128 0xc
 490 0234 FF010000 		.4byte	.LASF60
ARM GAS  C:\Users\zakis\AppData\Local\Temp\cc8jF9eS.s 			page 11


 491 0238 04       		.byte	0x4
 492 0239 37       		.byte	0x37
 493 023a 02020000 		.4byte	0x202
 494 023e 2403     		.2byte	0x324
 495 0240 0C       		.uleb128 0xc
 496 0241 D8040000 		.4byte	.LASF61
 497 0245 04       		.byte	0x4
 498 0246 38       		.byte	0x38
 499 0247 6B020000 		.4byte	0x26b
 500 024b 3003     		.2byte	0x330
 501 024d 0C       		.uleb128 0xc
 502 024e 12000000 		.4byte	.LASF62
 503 0252 04       		.byte	0x4
 504 0253 39       		.byte	0x39
 505 0254 80000000 		.4byte	0x80
 506 0258 3403     		.2byte	0x334
 507 025a 00       		.byte	0
 508 025b 0D       		.uleb128 0xd
 509 025c C6010000 		.4byte	0x1c6
 510 0260 6B020000 		.4byte	0x26b
 511 0264 0E       		.uleb128 0xe
 512 0265 72000000 		.4byte	0x72
 513 0269 31       		.byte	0x31
 514 026a 00       		.byte	0
 515 026b 0F       		.uleb128 0xf
 516 026c 04       		.byte	0x4
 517 026d 80000000 		.4byte	0x80
 518 0271 04       		.uleb128 0x4
 519 0272 79020000 		.4byte	.LASF63
 520 0276 04       		.byte	0x4
 521 0277 3B       		.byte	0x3b
 522 0278 0D020000 		.4byte	0x20d
 523 027c 10       		.uleb128 0x10
 524 027d 80000000 		.4byte	.LASF64
 525 0281 01       		.byte	0x1
 526 0282 34       		.byte	0x34
 527 0283 48010000 		.4byte	0x148
 528 0287 00000000 		.4byte	.LFB0
 529 028b 1C000000 		.4byte	.LFE0-.LFB0
 530 028f 01       		.uleb128 0x1
 531 0290 9C       		.byte	0x9c
 532 0291 B5020000 		.4byte	0x2b5
 533 0295 11       		.uleb128 0x11
 534 0296 6D6500   		.ascii	"me\000"
 535 0299 01       		.byte	0x1
 536 029a 34       		.byte	0x34
 537 029b BB020000 		.4byte	0x2bb
 538 029f 00000000 		.4byte	.LLST0
 539 02a3 12       		.uleb128 0x12
 540 02a4 0C000000 		.4byte	.LVL2
 541 02a8 A9030000 		.4byte	0x3a9
 542 02ac 13       		.uleb128 0x13
 543 02ad 01       		.uleb128 0x1
 544 02ae 50       		.byte	0x50
 545 02af 03       		.uleb128 0x3
 546 02b0 74       		.byte	0x74
 547 02b1 A406     		.sleb128 804
ARM GAS  C:\Users\zakis\AppData\Local\Temp\cc8jF9eS.s 			page 12


 548 02b3 00       		.byte	0
 549 02b4 00       		.byte	0
 550 02b5 0F       		.uleb128 0xf
 551 02b6 04       		.byte	0x4
 552 02b7 71020000 		.4byte	0x271
 553 02bb 14       		.uleb128 0x14
 554 02bc B5020000 		.4byte	0x2b5
 555 02c0 10       		.uleb128 0x10
 556 02c1 8E020000 		.4byte	.LASF65
 557 02c5 01       		.byte	0x1
 558 02c6 3C       		.byte	0x3c
 559 02c7 48010000 		.4byte	0x148
 560 02cb 00000000 		.4byte	.LFB1
 561 02cf 12000000 		.4byte	.LFE1-.LFB1
 562 02d3 01       		.uleb128 0x1
 563 02d4 9C       		.byte	0x9c
 564 02d5 07030000 		.4byte	0x307
 565 02d9 11       		.uleb128 0x11
 566 02da 6D6500   		.ascii	"me\000"
 567 02dd 01       		.byte	0x1
 568 02de 3C       		.byte	0x3c
 569 02df BB020000 		.4byte	0x2bb
 570 02e3 1E000000 		.4byte	.LLST1
 571 02e7 15       		.uleb128 0x15
 572 02e8 D8040000 		.4byte	.LASF61
 573 02ec 01       		.byte	0x1
 574 02ed 3C       		.byte	0x3c
 575 02ee 6B020000 		.4byte	0x26b
 576 02f2 3C000000 		.4byte	.LLST2
 577 02f6 12       		.uleb128 0x12
 578 02f7 0A000000 		.4byte	.LVL4
 579 02fb 7C020000 		.4byte	0x27c
 580 02ff 13       		.uleb128 0x13
 581 0300 01       		.uleb128 0x1
 582 0301 50       		.byte	0x50
 583 0302 02       		.uleb128 0x2
 584 0303 74       		.byte	0x74
 585 0304 00       		.sleb128 0
 586 0305 00       		.byte	0
 587 0306 00       		.byte	0
 588 0307 10       		.uleb128 0x10
 589 0308 71040000 		.4byte	.LASF66
 590 030c 01       		.byte	0x1
 591 030d 42       		.byte	0x42
 592 030e 48010000 		.4byte	0x148
 593 0312 00000000 		.4byte	.LFB2
 594 0316 3C000000 		.4byte	.LFE2-.LFB2
 595 031a 01       		.uleb128 0x1
 596 031b 9C       		.byte	0x9c
 597 031c 67030000 		.4byte	0x367
 598 0320 11       		.uleb128 0x11
 599 0321 6D6500   		.ascii	"me\000"
 600 0324 01       		.byte	0x1
 601 0325 42       		.byte	0x42
 602 0326 BB020000 		.4byte	0x2bb
 603 032a 5A000000 		.4byte	.LLST3
 604 032e 16       		.uleb128 0x16
ARM GAS  C:\Users\zakis\AppData\Local\Temp\cc8jF9eS.s 			page 13


 605 032f 10000000 		.4byte	.LVL7
 606 0333 B4030000 		.4byte	0x3b4
 607 0337 42030000 		.4byte	0x342
 608 033b 13       		.uleb128 0x13
 609 033c 01       		.uleb128 0x1
 610 033d 50       		.byte	0x50
 611 033e 02       		.uleb128 0x2
 612 033f 75       		.byte	0x75
 613 0340 00       		.sleb128 0
 614 0341 00       		.byte	0
 615 0342 12       		.uleb128 0x12
 616 0343 22000000 		.4byte	.LVL8
 617 0347 BF030000 		.4byte	0x3bf
 618 034b 13       		.uleb128 0x13
 619 034c 01       		.uleb128 0x1
 620 034d 50       		.byte	0x50
 621 034e 03       		.uleb128 0x3
 622 034f 74       		.byte	0x74
 623 0350 A406     		.sleb128 804
 624 0352 13       		.uleb128 0x13
 625 0353 01       		.uleb128 0x1
 626 0354 51       		.byte	0x51
 627 0355 02       		.uleb128 0x2
 628 0356 75       		.byte	0x75
 629 0357 00       		.sleb128 0
 630 0358 13       		.uleb128 0x13
 631 0359 01       		.uleb128 0x1
 632 035a 53       		.byte	0x53
 633 035b 02       		.uleb128 0x2
 634 035c 74       		.byte	0x74
 635 035d 00       		.sleb128 0
 636 035e 13       		.uleb128 0x13
 637 035f 02       		.uleb128 0x2
 638 0360 7D       		.byte	0x7d
 639 0361 00       		.sleb128 0
 640 0362 02       		.uleb128 0x2
 641 0363 08       		.byte	0x8
 642 0364 32       		.byte	0x32
 643 0365 00       		.byte	0
 644 0366 00       		.byte	0
 645 0367 10       		.uleb128 0x10
 646 0368 82040000 		.4byte	.LASF67
 647 036c 01       		.byte	0x1
 648 036d 49       		.byte	0x49
 649 036e 48010000 		.4byte	0x148
 650 0372 00000000 		.4byte	.LFB3
 651 0376 2E000000 		.4byte	.LFE3-.LFB3
 652 037a 01       		.uleb128 0x1
 653 037b 9C       		.byte	0x9c
 654 037c 9E030000 		.4byte	0x39e
 655 0380 11       		.uleb128 0x11
 656 0381 6D6500   		.ascii	"me\000"
 657 0384 01       		.byte	0x1
 658 0385 49       		.byte	0x49
 659 0386 BB020000 		.4byte	0x2bb
 660 038a 78000000 		.4byte	.LLST4
 661 038e 15       		.uleb128 0x15
ARM GAS  C:\Users\zakis\AppData\Local\Temp\cc8jF9eS.s 			page 14


 662 038f 88020000 		.4byte	.LASF68
 663 0393 01       		.byte	0x1
 664 0394 49       		.byte	0x49
 665 0395 A4030000 		.4byte	0x3a4
 666 0399 B2000000 		.4byte	.LLST5
 667 039d 00       		.byte	0
 668 039e 0F       		.uleb128 0xf
 669 039f 04       		.byte	0x4
 670 03a0 C6010000 		.4byte	0x1c6
 671 03a4 14       		.uleb128 0x14
 672 03a5 9E030000 		.4byte	0x39e
 673 03a9 17       		.uleb128 0x17
 674 03aa 6E010000 		.4byte	.LASF69
 675 03ae 6E010000 		.4byte	.LASF69
 676 03b2 03       		.byte	0x3
 677 03b3 96       		.byte	0x96
 678 03b4 17       		.uleb128 0x17
 679 03b5 AE010000 		.4byte	.LASF70
 680 03b9 AE010000 		.4byte	.LASF70
 681 03bd 05       		.byte	0x5
 682 03be 21       		.byte	0x21
 683 03bf 17       		.uleb128 0x17
 684 03c0 52000000 		.4byte	.LASF71
 685 03c4 52000000 		.4byte	.LASF71
 686 03c8 03       		.byte	0x3
 687 03c9 97       		.byte	0x97
 688 03ca 00       		.byte	0
 689              		.section	.debug_abbrev,"",%progbits
 690              	.Ldebug_abbrev0:
 691 0000 01       		.uleb128 0x1
 692 0001 11       		.uleb128 0x11
 693 0002 01       		.byte	0x1
 694 0003 25       		.uleb128 0x25
 695 0004 0E       		.uleb128 0xe
 696 0005 13       		.uleb128 0x13
 697 0006 0B       		.uleb128 0xb
 698 0007 03       		.uleb128 0x3
 699 0008 0E       		.uleb128 0xe
 700 0009 1B       		.uleb128 0x1b
 701 000a 0E       		.uleb128 0xe
 702 000b 55       		.uleb128 0x55
 703 000c 17       		.uleb128 0x17
 704 000d 11       		.uleb128 0x11
 705 000e 01       		.uleb128 0x1
 706 000f 10       		.uleb128 0x10
 707 0010 17       		.uleb128 0x17
 708 0011 00       		.byte	0
 709 0012 00       		.byte	0
 710 0013 02       		.uleb128 0x2
 711 0014 24       		.uleb128 0x24
 712 0015 00       		.byte	0
 713 0016 0B       		.uleb128 0xb
 714 0017 0B       		.uleb128 0xb
 715 0018 3E       		.uleb128 0x3e
 716 0019 0B       		.uleb128 0xb
 717 001a 03       		.uleb128 0x3
 718 001b 08       		.uleb128 0x8
ARM GAS  C:\Users\zakis\AppData\Local\Temp\cc8jF9eS.s 			page 15


 719 001c 00       		.byte	0
 720 001d 00       		.byte	0
 721 001e 03       		.uleb128 0x3
 722 001f 24       		.uleb128 0x24
 723 0020 00       		.byte	0
 724 0021 0B       		.uleb128 0xb
 725 0022 0B       		.uleb128 0xb
 726 0023 3E       		.uleb128 0x3e
 727 0024 0B       		.uleb128 0xb
 728 0025 03       		.uleb128 0x3
 729 0026 0E       		.uleb128 0xe
 730 0027 00       		.byte	0
 731 0028 00       		.byte	0
 732 0029 04       		.uleb128 0x4
 733 002a 16       		.uleb128 0x16
 734 002b 00       		.byte	0
 735 002c 03       		.uleb128 0x3
 736 002d 0E       		.uleb128 0xe
 737 002e 3A       		.uleb128 0x3a
 738 002f 0B       		.uleb128 0xb
 739 0030 3B       		.uleb128 0x3b
 740 0031 0B       		.uleb128 0xb
 741 0032 49       		.uleb128 0x49
 742 0033 13       		.uleb128 0x13
 743 0034 00       		.byte	0
 744 0035 00       		.byte	0
 745 0036 05       		.uleb128 0x5
 746 0037 04       		.uleb128 0x4
 747 0038 01       		.byte	0x1
 748 0039 0B       		.uleb128 0xb
 749 003a 0B       		.uleb128 0xb
 750 003b 49       		.uleb128 0x49
 751 003c 13       		.uleb128 0x13
 752 003d 3A       		.uleb128 0x3a
 753 003e 0B       		.uleb128 0xb
 754 003f 3B       		.uleb128 0x3b
 755 0040 0B       		.uleb128 0xb
 756 0041 01       		.uleb128 0x1
 757 0042 13       		.uleb128 0x13
 758 0043 00       		.byte	0
 759 0044 00       		.byte	0
 760 0045 06       		.uleb128 0x6
 761 0046 28       		.uleb128 0x28
 762 0047 00       		.byte	0
 763 0048 03       		.uleb128 0x3
 764 0049 0E       		.uleb128 0xe
 765 004a 1C       		.uleb128 0x1c
 766 004b 0B       		.uleb128 0xb
 767 004c 00       		.byte	0
 768 004d 00       		.byte	0
 769 004e 07       		.uleb128 0x7
 770 004f 28       		.uleb128 0x28
 771 0050 00       		.byte	0
 772 0051 03       		.uleb128 0x3
 773 0052 0E       		.uleb128 0xe
 774 0053 1C       		.uleb128 0x1c
 775 0054 0D       		.uleb128 0xd
ARM GAS  C:\Users\zakis\AppData\Local\Temp\cc8jF9eS.s 			page 16


 776 0055 00       		.byte	0
 777 0056 00       		.byte	0
 778 0057 08       		.uleb128 0x8
 779 0058 13       		.uleb128 0x13
 780 0059 01       		.byte	0x1
 781 005a 03       		.uleb128 0x3
 782 005b 0E       		.uleb128 0xe
 783 005c 0B       		.uleb128 0xb
 784 005d 0B       		.uleb128 0xb
 785 005e 3A       		.uleb128 0x3a
 786 005f 0B       		.uleb128 0xb
 787 0060 3B       		.uleb128 0x3b
 788 0061 0B       		.uleb128 0xb
 789 0062 01       		.uleb128 0x1
 790 0063 13       		.uleb128 0x13
 791 0064 00       		.byte	0
 792 0065 00       		.byte	0
 793 0066 09       		.uleb128 0x9
 794 0067 0D       		.uleb128 0xd
 795 0068 00       		.byte	0
 796 0069 03       		.uleb128 0x3
 797 006a 0E       		.uleb128 0xe
 798 006b 3A       		.uleb128 0x3a
 799 006c 0B       		.uleb128 0xb
 800 006d 3B       		.uleb128 0x3b
 801 006e 0B       		.uleb128 0xb
 802 006f 49       		.uleb128 0x49
 803 0070 13       		.uleb128 0x13
 804 0071 38       		.uleb128 0x38
 805 0072 0B       		.uleb128 0xb
 806 0073 00       		.byte	0
 807 0074 00       		.byte	0
 808 0075 0A       		.uleb128 0xa
 809 0076 0D       		.uleb128 0xd
 810 0077 00       		.byte	0
 811 0078 03       		.uleb128 0x3
 812 0079 08       		.uleb128 0x8
 813 007a 3A       		.uleb128 0x3a
 814 007b 0B       		.uleb128 0xb
 815 007c 3B       		.uleb128 0x3b
 816 007d 0B       		.uleb128 0xb
 817 007e 49       		.uleb128 0x49
 818 007f 13       		.uleb128 0x13
 819 0080 38       		.uleb128 0x38
 820 0081 0B       		.uleb128 0xb
 821 0082 00       		.byte	0
 822 0083 00       		.byte	0
 823 0084 0B       		.uleb128 0xb
 824 0085 13       		.uleb128 0x13
 825 0086 01       		.byte	0x1
 826 0087 03       		.uleb128 0x3
 827 0088 0E       		.uleb128 0xe
 828 0089 0B       		.uleb128 0xb
 829 008a 05       		.uleb128 0x5
 830 008b 3A       		.uleb128 0x3a
 831 008c 0B       		.uleb128 0xb
 832 008d 3B       		.uleb128 0x3b
ARM GAS  C:\Users\zakis\AppData\Local\Temp\cc8jF9eS.s 			page 17


 833 008e 0B       		.uleb128 0xb
 834 008f 01       		.uleb128 0x1
 835 0090 13       		.uleb128 0x13
 836 0091 00       		.byte	0
 837 0092 00       		.byte	0
 838 0093 0C       		.uleb128 0xc
 839 0094 0D       		.uleb128 0xd
 840 0095 00       		.byte	0
 841 0096 03       		.uleb128 0x3
 842 0097 0E       		.uleb128 0xe
 843 0098 3A       		.uleb128 0x3a
 844 0099 0B       		.uleb128 0xb
 845 009a 3B       		.uleb128 0x3b
 846 009b 0B       		.uleb128 0xb
 847 009c 49       		.uleb128 0x49
 848 009d 13       		.uleb128 0x13
 849 009e 38       		.uleb128 0x38
 850 009f 05       		.uleb128 0x5
 851 00a0 00       		.byte	0
 852 00a1 00       		.byte	0
 853 00a2 0D       		.uleb128 0xd
 854 00a3 01       		.uleb128 0x1
 855 00a4 01       		.byte	0x1
 856 00a5 49       		.uleb128 0x49
 857 00a6 13       		.uleb128 0x13
 858 00a7 01       		.uleb128 0x1
 859 00a8 13       		.uleb128 0x13
 860 00a9 00       		.byte	0
 861 00aa 00       		.byte	0
 862 00ab 0E       		.uleb128 0xe
 863 00ac 21       		.uleb128 0x21
 864 00ad 00       		.byte	0
 865 00ae 49       		.uleb128 0x49
 866 00af 13       		.uleb128 0x13
 867 00b0 2F       		.uleb128 0x2f
 868 00b1 0B       		.uleb128 0xb
 869 00b2 00       		.byte	0
 870 00b3 00       		.byte	0
 871 00b4 0F       		.uleb128 0xf
 872 00b5 0F       		.uleb128 0xf
 873 00b6 00       		.byte	0
 874 00b7 0B       		.uleb128 0xb
 875 00b8 0B       		.uleb128 0xb
 876 00b9 49       		.uleb128 0x49
 877 00ba 13       		.uleb128 0x13
 878 00bb 00       		.byte	0
 879 00bc 00       		.byte	0
 880 00bd 10       		.uleb128 0x10
 881 00be 2E       		.uleb128 0x2e
 882 00bf 01       		.byte	0x1
 883 00c0 3F       		.uleb128 0x3f
 884 00c1 19       		.uleb128 0x19
 885 00c2 03       		.uleb128 0x3
 886 00c3 0E       		.uleb128 0xe
 887 00c4 3A       		.uleb128 0x3a
 888 00c5 0B       		.uleb128 0xb
 889 00c6 3B       		.uleb128 0x3b
ARM GAS  C:\Users\zakis\AppData\Local\Temp\cc8jF9eS.s 			page 18


 890 00c7 0B       		.uleb128 0xb
 891 00c8 27       		.uleb128 0x27
 892 00c9 19       		.uleb128 0x19
 893 00ca 49       		.uleb128 0x49
 894 00cb 13       		.uleb128 0x13
 895 00cc 11       		.uleb128 0x11
 896 00cd 01       		.uleb128 0x1
 897 00ce 12       		.uleb128 0x12
 898 00cf 06       		.uleb128 0x6
 899 00d0 40       		.uleb128 0x40
 900 00d1 18       		.uleb128 0x18
 901 00d2 9742     		.uleb128 0x2117
 902 00d4 19       		.uleb128 0x19
 903 00d5 01       		.uleb128 0x1
 904 00d6 13       		.uleb128 0x13
 905 00d7 00       		.byte	0
 906 00d8 00       		.byte	0
 907 00d9 11       		.uleb128 0x11
 908 00da 05       		.uleb128 0x5
 909 00db 00       		.byte	0
 910 00dc 03       		.uleb128 0x3
 911 00dd 08       		.uleb128 0x8
 912 00de 3A       		.uleb128 0x3a
 913 00df 0B       		.uleb128 0xb
 914 00e0 3B       		.uleb128 0x3b
 915 00e1 0B       		.uleb128 0xb
 916 00e2 49       		.uleb128 0x49
 917 00e3 13       		.uleb128 0x13
 918 00e4 02       		.uleb128 0x2
 919 00e5 17       		.uleb128 0x17
 920 00e6 00       		.byte	0
 921 00e7 00       		.byte	0
 922 00e8 12       		.uleb128 0x12
 923 00e9 898201   		.uleb128 0x4109
 924 00ec 01       		.byte	0x1
 925 00ed 11       		.uleb128 0x11
 926 00ee 01       		.uleb128 0x1
 927 00ef 31       		.uleb128 0x31
 928 00f0 13       		.uleb128 0x13
 929 00f1 00       		.byte	0
 930 00f2 00       		.byte	0
 931 00f3 13       		.uleb128 0x13
 932 00f4 8A8201   		.uleb128 0x410a
 933 00f7 00       		.byte	0
 934 00f8 02       		.uleb128 0x2
 935 00f9 18       		.uleb128 0x18
 936 00fa 9142     		.uleb128 0x2111
 937 00fc 18       		.uleb128 0x18
 938 00fd 00       		.byte	0
 939 00fe 00       		.byte	0
 940 00ff 14       		.uleb128 0x14
 941 0100 26       		.uleb128 0x26
 942 0101 00       		.byte	0
 943 0102 49       		.uleb128 0x49
 944 0103 13       		.uleb128 0x13
 945 0104 00       		.byte	0
 946 0105 00       		.byte	0
ARM GAS  C:\Users\zakis\AppData\Local\Temp\cc8jF9eS.s 			page 19


 947 0106 15       		.uleb128 0x15
 948 0107 05       		.uleb128 0x5
 949 0108 00       		.byte	0
 950 0109 03       		.uleb128 0x3
 951 010a 0E       		.uleb128 0xe
 952 010b 3A       		.uleb128 0x3a
 953 010c 0B       		.uleb128 0xb
 954 010d 3B       		.uleb128 0x3b
 955 010e 0B       		.uleb128 0xb
 956 010f 49       		.uleb128 0x49
 957 0110 13       		.uleb128 0x13
 958 0111 02       		.uleb128 0x2
 959 0112 17       		.uleb128 0x17
 960 0113 00       		.byte	0
 961 0114 00       		.byte	0
 962 0115 16       		.uleb128 0x16
 963 0116 898201   		.uleb128 0x4109
 964 0119 01       		.byte	0x1
 965 011a 11       		.uleb128 0x11
 966 011b 01       		.uleb128 0x1
 967 011c 31       		.uleb128 0x31
 968 011d 13       		.uleb128 0x13
 969 011e 01       		.uleb128 0x1
 970 011f 13       		.uleb128 0x13
 971 0120 00       		.byte	0
 972 0121 00       		.byte	0
 973 0122 17       		.uleb128 0x17
 974 0123 2E       		.uleb128 0x2e
 975 0124 00       		.byte	0
 976 0125 3F       		.uleb128 0x3f
 977 0126 19       		.uleb128 0x19
 978 0127 3C       		.uleb128 0x3c
 979 0128 19       		.uleb128 0x19
 980 0129 6E       		.uleb128 0x6e
 981 012a 0E       		.uleb128 0xe
 982 012b 03       		.uleb128 0x3
 983 012c 0E       		.uleb128 0xe
 984 012d 3A       		.uleb128 0x3a
 985 012e 0B       		.uleb128 0xb
 986 012f 3B       		.uleb128 0x3b
 987 0130 0B       		.uleb128 0xb
 988 0131 00       		.byte	0
 989 0132 00       		.byte	0
 990 0133 00       		.byte	0
 991              		.section	.debug_loc,"",%progbits
 992              	.Ldebug_loc0:
 993              	.LLST0:
 994 0000 00000000 		.4byte	.LVL0
 995 0004 08000000 		.4byte	.LVL1
 996 0008 0100     		.2byte	0x1
 997 000a 50       		.byte	0x50
 998 000b 08000000 		.4byte	.LVL1
 999 000f 1C000000 		.4byte	.LFE0
 1000 0013 0100     		.2byte	0x1
 1001 0015 54       		.byte	0x54
 1002 0016 00000000 		.4byte	0
 1003 001a 00000000 		.4byte	0
ARM GAS  C:\Users\zakis\AppData\Local\Temp\cc8jF9eS.s 			page 20


 1004              	.LLST1:
 1005 001e 00000000 		.4byte	.LVL3
 1006 0022 09000000 		.4byte	.LVL4-1
 1007 0026 0100     		.2byte	0x1
 1008 0028 50       		.byte	0x50
 1009 0029 09000000 		.4byte	.LVL4-1
 1010 002d 12000000 		.4byte	.LFE1
 1011 0031 0100     		.2byte	0x1
 1012 0033 54       		.byte	0x54
 1013 0034 00000000 		.4byte	0
 1014 0038 00000000 		.4byte	0
 1015              	.LLST2:
 1016 003c 00000000 		.4byte	.LVL3
 1017 0040 09000000 		.4byte	.LVL4-1
 1018 0044 0100     		.2byte	0x1
 1019 0046 51       		.byte	0x51
 1020 0047 09000000 		.4byte	.LVL4-1
 1021 004b 12000000 		.4byte	.LFE1
 1022 004f 0100     		.2byte	0x1
 1023 0051 55       		.byte	0x55
 1024 0052 00000000 		.4byte	0
 1025 0056 00000000 		.4byte	0
 1026              	.LLST3:
 1027 005a 00000000 		.4byte	.LVL5
 1028 005e 0C000000 		.4byte	.LVL6
 1029 0062 0100     		.2byte	0x1
 1030 0064 50       		.byte	0x50
 1031 0065 0C000000 		.4byte	.LVL6
 1032 0069 3C000000 		.4byte	.LFE2
 1033 006d 0100     		.2byte	0x1
 1034 006f 54       		.byte	0x54
 1035 0070 00000000 		.4byte	0
 1036 0074 00000000 		.4byte	0
 1037              	.LLST4:
 1038 0078 00000000 		.4byte	.LVL9
 1039 007c 1A000000 		.4byte	.LVL10
 1040 0080 0100     		.2byte	0x1
 1041 0082 50       		.byte	0x50
 1042 0083 1A000000 		.4byte	.LVL10
 1043 0087 24000000 		.4byte	.LVL12
 1044 008b 0400     		.2byte	0x4
 1045 008d F3       		.byte	0xf3
 1046 008e 01       		.uleb128 0x1
 1047 008f 50       		.byte	0x50
 1048 0090 9F       		.byte	0x9f
 1049 0091 24000000 		.4byte	.LVL12
 1050 0095 28000000 		.4byte	.LVL13
 1051 0099 0100     		.2byte	0x1
 1052 009b 50       		.byte	0x50
 1053 009c 28000000 		.4byte	.LVL13
 1054 00a0 2E000000 		.4byte	.LFE3
 1055 00a4 0400     		.2byte	0x4
 1056 00a6 F3       		.byte	0xf3
 1057 00a7 01       		.uleb128 0x1
 1058 00a8 50       		.byte	0x50
 1059 00a9 9F       		.byte	0x9f
 1060 00aa 00000000 		.4byte	0
ARM GAS  C:\Users\zakis\AppData\Local\Temp\cc8jF9eS.s 			page 21


 1061 00ae 00000000 		.4byte	0
 1062              	.LLST5:
 1063 00b2 00000000 		.4byte	.LVL9
 1064 00b6 1C000000 		.4byte	.LVL11
 1065 00ba 0100     		.2byte	0x1
 1066 00bc 51       		.byte	0x51
 1067 00bd 1C000000 		.4byte	.LVL11
 1068 00c1 24000000 		.4byte	.LVL12
 1069 00c5 0100     		.2byte	0x1
 1070 00c7 54       		.byte	0x54
 1071 00c8 24000000 		.4byte	.LVL12
 1072 00cc 2A000000 		.4byte	.LVL14
 1073 00d0 0100     		.2byte	0x1
 1074 00d2 51       		.byte	0x51
 1075 00d3 2A000000 		.4byte	.LVL14
 1076 00d7 2C000000 		.4byte	.LVL15
 1077 00db 0100     		.2byte	0x1
 1078 00dd 54       		.byte	0x54
 1079 00de 2C000000 		.4byte	.LVL15
 1080 00e2 2E000000 		.4byte	.LFE3
 1081 00e6 0400     		.2byte	0x4
 1082 00e8 F3       		.byte	0xf3
 1083 00e9 01       		.uleb128 0x1
 1084 00ea 51       		.byte	0x51
 1085 00eb 9F       		.byte	0x9f
 1086 00ec 00000000 		.4byte	0
 1087 00f0 00000000 		.4byte	0
 1088              		.section	.debug_aranges,"",%progbits
 1089 0000 34000000 		.4byte	0x34
 1090 0004 0200     		.2byte	0x2
 1091 0006 00000000 		.4byte	.Ldebug_info0
 1092 000a 04       		.byte	0x4
 1093 000b 00       		.byte	0
 1094 000c 0000     		.2byte	0
 1095 000e 0000     		.2byte	0
 1096 0010 00000000 		.4byte	.LFB0
 1097 0014 1C000000 		.4byte	.LFE0-.LFB0
 1098 0018 00000000 		.4byte	.LFB1
 1099 001c 12000000 		.4byte	.LFE1-.LFB1
 1100 0020 00000000 		.4byte	.LFB2
 1101 0024 3C000000 		.4byte	.LFE2-.LFB2
 1102 0028 00000000 		.4byte	.LFB3
 1103 002c 2E000000 		.4byte	.LFE3-.LFB3
 1104 0030 00000000 		.4byte	0
 1105 0034 00000000 		.4byte	0
 1106              		.section	.debug_ranges,"",%progbits
 1107              	.Ldebug_ranges0:
 1108 0000 00000000 		.4byte	.LFB0
 1109 0004 1C000000 		.4byte	.LFE0
 1110 0008 00000000 		.4byte	.LFB1
 1111 000c 12000000 		.4byte	.LFE1
 1112 0010 00000000 		.4byte	.LFB2
 1113 0014 3C000000 		.4byte	.LFE2
 1114 0018 00000000 		.4byte	.LFB3
 1115 001c 2E000000 		.4byte	.LFE3
 1116 0020 00000000 		.4byte	0
 1117 0024 00000000 		.4byte	0
ARM GAS  C:\Users\zakis\AppData\Local\Temp\cc8jF9eS.s 			page 22


 1118              		.section	.debug_line,"",%progbits
 1119              	.Ldebug_line0:
 1120 0000 2B010000 		.section	.debug_str,"MS",%progbits,1
 1120      0200D300 
 1120      00000201 
 1120      FB0E0D00 
 1120      01010101 
 1121              	.LASF25:
 1122 0000 52435F45 		.ascii	"RC_ERROR_TIME_OUT\000"
 1122      52524F52 
 1122      5F54494D 
 1122      455F4F55 
 1122      5400
 1123              	.LASF62:
 1124 0012 6E657874 		.ascii	"nextTokenNum\000"
 1124      546F6B65 
 1124      6E4E756D 
 1124      00
 1125              	.LASF42:
 1126 001f 52435F74 		.ascii	"RC_t\000"
 1126      00
 1127              	.LASF49:
 1128 0024 74797065 		.ascii	"type\000"
 1128      00
 1129              	.LASF9:
 1130 0029 6C6F6E67 		.ascii	"long long unsigned int\000"
 1130      206C6F6E 
 1130      6720756E 
 1130      7369676E 
 1130      65642069 
 1131              	.LASF35:
 1132 0040 52435F45 		.ascii	"RC_ERROR_BAD_DATA\000"
 1132      52524F52 
 1132      5F424144 
 1132      5F444154 
 1132      4100
 1133              	.LASF71:
 1134 0052 6A736D6E 		.ascii	"jsmn_parse\000"
 1134      5F706172 
 1134      736500
 1135              	.LASF1:
 1136 005d 6C6F6E67 		.ascii	"long long int\000"
 1136      206C6F6E 
 1136      6720696E 
 1136      7400
 1137              	.LASF3:
 1138 006b 7369676E 		.ascii	"signed char\000"
 1138      65642063 
 1138      68617200 
 1139              	.LASF56:
 1140 0077 746F6B73 		.ascii	"toksuper\000"
 1140      75706572 
 1140      00
 1141              	.LASF64:
 1142 0080 50415253 		.ascii	"PARSER_init\000"
 1142      45525F69 
 1142      6E697400 
ARM GAS  C:\Users\zakis\AppData\Local\Temp\cc8jF9eS.s 			page 23


 1143              	.LASF18:
 1144 008c 52435F45 		.ascii	"RC_ERROR_MEMORY\000"
 1144      52524F52 
 1144      5F4D454D 
 1144      4F525900 
 1145              	.LASF54:
 1146 009c 6A736D6E 		.ascii	"jsmn_parser\000"
 1146      5F706172 
 1146      73657200 
 1147              	.LASF23:
 1148 00a8 52435F45 		.ascii	"RC_ERROR_BUFFER_EMTPY\000"
 1148      52524F52 
 1148      5F425546 
 1148      4645525F 
 1148      454D5450 
 1149              	.LASF7:
 1150 00be 6C6F6E67 		.ascii	"long int\000"
 1150      20696E74 
 1150      00
 1151              	.LASF59:
 1152 00c7 6E756D54 		.ascii	"numTokens\000"
 1152      6F6B656E 
 1152      7300
 1153              	.LASF26:
 1154 00d1 52435F45 		.ascii	"RC_ERROR_OPEN\000"
 1154      52524F52 
 1154      5F4F5045 
 1154      4E00
 1155              	.LASF13:
 1156 00df 646F7562 		.ascii	"double\000"
 1156      6C6500
 1157              	.LASF48:
 1158 00e6 6A736D6E 		.ascii	"jsmntype_t\000"
 1158      74797065 
 1158      5F7400
 1159              	.LASF37:
 1160 00f1 52435F45 		.ascii	"RC_ERROR_INVALID_STATE\000"
 1160      52524F52 
 1160      5F494E56 
 1160      414C4944 
 1160      5F535441 
 1161              	.LASF0:
 1162 0108 756E7369 		.ascii	"unsigned int\000"
 1162      676E6564 
 1162      20696E74 
 1162      00
 1163              	.LASF40:
 1164 0115 52435F54 		.ascii	"RC_TRIGGER\000"
 1164      52494747 
 1164      455200
 1165              	.LASF38:
 1166 0120 52435F45 		.ascii	"RC_ERROR_UNKNOWN\000"
 1166      52524F52 
 1166      5F554E4B 
 1166      4E4F574E 
 1166      00
 1167              	.LASF27:
ARM GAS  C:\Users\zakis\AppData\Local\Temp\cc8jF9eS.s 			page 24


 1168 0131 52435F45 		.ascii	"RC_ERROR_CHECKSUM\000"
 1168      52524F52 
 1168      5F434845 
 1168      434B5355 
 1168      4D00
 1169              	.LASF8:
 1170 0143 6C6F6E67 		.ascii	"long unsigned int\000"
 1170      20756E73 
 1170      69676E65 
 1170      6420696E 
 1170      7400
 1171              	.LASF16:
 1172 0155 52435F45 		.ascii	"RC_ERROR_NULL\000"
 1172      52524F52 
 1172      5F4E554C 
 1172      4C00
 1173              	.LASF14:
 1174 0163 52435F53 		.ascii	"RC_SUCCESS\000"
 1174      55434345 
 1174      535300
 1175              	.LASF69:
 1176 016e 6A736D6E 		.ascii	"jsmn_init\000"
 1176      5F696E69 
 1176      7400
 1177              	.LASF51:
 1178 0178 73697A65 		.ascii	"size\000"
 1178      00
 1179              	.LASF6:
 1180 017d 73686F72 		.ascii	"short unsigned int\000"
 1180      7420756E 
 1180      7369676E 
 1180      65642069 
 1180      6E7400
 1181              	.LASF15:
 1182 0190 52435F45 		.ascii	"RC_ERROR\000"
 1182      52524F52 
 1182      00
 1183              	.LASF22:
 1184 0199 52435F45 		.ascii	"RC_ERROR_BUFFER_FULL\000"
 1184      52524F52 
 1184      5F425546 
 1184      4645525F 
 1184      46554C4C 
 1185              	.LASF70:
 1186 01ae 7374726C 		.ascii	"strlen\000"
 1186      656E00
 1187              	.LASF32:
 1188 01b5 52435F45 		.ascii	"RC_ERROR_WRITE_FAILS\000"
 1188      52524F52 
 1188      5F575249 
 1188      54455F46 
 1188      41494C53 
 1189              	.LASF73:
 1190 01ca 736F7572 		.ascii	"source\\bsw\\cdd\\parser.c\000"
 1190      63655C62 
 1190      73775C63 
 1190      64645C70 
ARM GAS  C:\Users\zakis\AppData\Local\Temp\cc8jF9eS.s 			page 25


 1190      61727365 
 1191              	.LASF33:
 1192 01e2 52435F45 		.ascii	"RC_ERROR_NOT_MATCH\000"
 1192      52524F52 
 1192      5F4E4F54 
 1192      5F4D4154 
 1192      434800
 1193              	.LASF52:
 1194 01f5 6A736D6E 		.ascii	"jsmntok_t\000"
 1194      746F6B5F 
 1194      7400
 1195              	.LASF60:
 1196 01ff 70617273 		.ascii	"parser\000"
 1196      657200
 1197              	.LASF43:
 1198 0206 4A534D4E 		.ascii	"JSMN_UNDEFINED\000"
 1198      5F554E44 
 1198      4546494E 
 1198      454400
 1199              	.LASF10:
 1200 0215 73697A65 		.ascii	"sizetype\000"
 1200      74797065 
 1200      00
 1201              	.LASF2:
 1202 021e 6C6F6E67 		.ascii	"long double\000"
 1202      20646F75 
 1202      626C6500 
 1203              	.LASF53:
 1204 022a 6A736D6E 		.ascii	"jsmntok\000"
 1204      746F6B00 
 1205              	.LASF58:
 1206 0232 746F6B65 		.ascii	"tokens\000"
 1206      6E7300
 1207              	.LASF36:
 1208 0239 52435F45 		.ascii	"RC_ERROR_CANCELED\000"
 1208      52524F52 
 1208      5F43414E 
 1208      43454C45 
 1208      4400
 1209              	.LASF21:
 1210 024b 52435F45 		.ascii	"RC_ERROR_UNDERRUN\000"
 1210      52524F52 
 1210      5F554E44 
 1210      45525255 
 1210      4E00
 1211              	.LASF31:
 1212 025d 52435F45 		.ascii	"RC_ERROR_READ_FAILS\000"
 1212      52524F52 
 1212      5F524541 
 1212      445F4641 
 1212      494C5300 
 1213              	.LASF57:
 1214 0271 73506172 		.ascii	"sParser\000"
 1214      73657200 
 1215              	.LASF63:
 1216 0279 50415253 		.ascii	"PARSER_t\000"
 1216      45525F74 
ARM GAS  C:\Users\zakis\AppData\Local\Temp\cc8jF9eS.s 			page 26


 1216      00
 1217              	.LASF12:
 1218 0282 666C6F61 		.ascii	"float\000"
 1218      7400
 1219              	.LASF68:
 1220 0288 746F6B65 		.ascii	"token\000"
 1220      6E00
 1221              	.LASF65:
 1222 028e 50415253 		.ascii	"PARSER_setJsonString\000"
 1222      45525F73 
 1222      65744A73 
 1222      6F6E5374 
 1222      72696E67 
 1223              	.LASF24:
 1224 02a3 52435F45 		.ascii	"RC_ERROR_BUSY\000"
 1224      52524F52 
 1224      5F425553 
 1224      5900
 1225              	.LASF29:
 1226 02b1 52435F45 		.ascii	"RC_ERROR_WRITE_ONLY\000"
 1226      52524F52 
 1226      5F575249 
 1226      54455F4F 
 1226      4E4C5900 
 1227              	.LASF4:
 1228 02c5 756E7369 		.ascii	"unsigned char\000"
 1228      676E6564 
 1228      20636861 
 1228      7200
 1229              	.LASF55:
 1230 02d3 746F6B6E 		.ascii	"toknext\000"
 1230      65787400 
 1231              	.LASF5:
 1232 02db 73686F72 		.ascii	"short int\000"
 1232      7420696E 
 1232      7400
 1233              	.LASF72:
 1234 02e5 474E5520 		.ascii	"GNU C11 5.4.1 20160609 (release) [ARM/embedded-5-br"
 1234      43313120 
 1234      352E342E 
 1234      31203230 
 1234      31363036 
 1235 0318 616E6368 		.ascii	"anch revision 237715] -mcpu=cortex-m3 -mthumb -g -O"
 1235      20726576 
 1235      6973696F 
 1235      6E203233 
 1235      37373135 
 1236 034b 67202D66 		.ascii	"g -ffunction-sections -ffat-lto-objects\000"
 1236      66756E63 
 1236      74696F6E 
 1236      2D736563 
 1236      74696F6E 
 1237              	.LASF17:
 1238 0373 52435F45 		.ascii	"RC_ERROR_ZERO\000"
 1238      52524F52 
 1238      5F5A4552 
 1238      4F00
ARM GAS  C:\Users\zakis\AppData\Local\Temp\cc8jF9eS.s 			page 27


 1239              	.LASF34:
 1240 0381 52435F45 		.ascii	"RC_ERROR_BAD_PARAM\000"
 1240      52524F52 
 1240      5F424144 
 1240      5F504152 
 1240      414D00
 1241              	.LASF28:
 1242 0394 52435F45 		.ascii	"RC_ERROR_READ_ONLY\000"
 1242      52524F52 
 1242      5F524541 
 1242      445F4F4E 
 1242      4C5900
 1243              	.LASF11:
 1244 03a7 63686172 		.ascii	"char\000"
 1244      00
 1245              	.LASF47:
 1246 03ac 4A534D4E 		.ascii	"JSMN_PRIMITIVE\000"
 1246      5F505249 
 1246      4D495449 
 1246      564500
 1247              	.LASF45:
 1248 03bb 4A534D4E 		.ascii	"JSMN_ARRAY\000"
 1248      5F415252 
 1248      415900
 1249              	.LASF39:
 1250 03c6 52435F45 		.ascii	"RC_ERROR_NOT_IMPLEMENTED\000"
 1250      52524F52 
 1250      5F4E4F54 
 1250      5F494D50 
 1250      4C454D45 
 1251              	.LASF20:
 1252 03df 52435F45 		.ascii	"RC_ERROR_OVERRUN\000"
 1252      52524F52 
 1252      5F4F5645 
 1252      5252554E 
 1252      00
 1253              	.LASF74:
 1254 03f0 433A5C55 		.ascii	"C:\\Users\\zakis\\Documents\\EOS_Assignment_Two\\JS"
 1254      73657273 
 1254      5C7A616B 
 1254      69735C44 
 1254      6F63756D 
 1255 041e 4F4E5F50 		.ascii	"ON_Parser\\EOS_Assignment_Two\\Archive\\JSON_Parser"
 1255      61727365 
 1255      725C454F 
 1255      535F4173 
 1255      7369676E 
 1256 044e 2E637970 		.ascii	".cyprj.Archive02\\JSON_Parser.cydsn\000"
 1256      726A2E41 
 1256      72636869 
 1256      76653032 
 1256      5C4A534F 
 1257              	.LASF66:
 1258 0471 50415253 		.ascii	"PARSER_parseJSON\000"
 1258      45525F70 
 1258      61727365 
 1258      4A534F4E 
ARM GAS  C:\Users\zakis\AppData\Local\Temp\cc8jF9eS.s 			page 28


 1258      00
 1259              	.LASF67:
 1260 0482 50415253 		.ascii	"PARSER_getToken\000"
 1260      45525F67 
 1260      6574546F 
 1260      6B656E00 
 1261              	.LASF46:
 1262 0492 4A534D4E 		.ascii	"JSMN_STRING\000"
 1262      5F535452 
 1262      494E4700 
 1263              	.LASF30:
 1264 049e 52435F45 		.ascii	"RC_ERROR_INVALID\000"
 1264      52524F52 
 1264      5F494E56 
 1264      414C4944 
 1264      00
 1265              	.LASF19:
 1266 04af 52435F45 		.ascii	"RC_ERROR_RANGE\000"
 1266      52524F52 
 1266      5F52414E 
 1266      474500
 1267              	.LASF41:
 1268 04be 75696E74 		.ascii	"uint8_t\000"
 1268      385F7400 
 1269              	.LASF44:
 1270 04c6 4A534D4E 		.ascii	"JSMN_OBJECT\000"
 1270      5F4F424A 
 1270      45435400 
 1271              	.LASF50:
 1272 04d2 73746172 		.ascii	"start\000"
 1272      7400
 1273              	.LASF61:
 1274 04d8 6A736F6E 		.ascii	"jsonStringBuffer\000"
 1274      53747269 
 1274      6E674275 
 1274      66666572 
 1274      00
 1275              		.ident	"GCC: (GNU Tools for ARM Embedded Processors) 5.4.1 20160609 (release) [ARM/embedded-5-bran
