ARM GAS  C:\Users\zakis\AppData\Local\Temp\ccFIOqwe.s 			page 1


   1              		.syntax unified
   2              		.cpu cortex-m3
   3              		.fpu softvfp
   4              		.eabi_attribute 20, 1
   5              		.eabi_attribute 21, 1
   6              		.eabi_attribute 23, 3
   7              		.eabi_attribute 24, 1
   8              		.eabi_attribute 25, 1
   9              		.eabi_attribute 26, 1
  10              		.eabi_attribute 30, 1
  11              		.eabi_attribute 34, 1
  12              		.eabi_attribute 18, 4
  13              		.thumb
  14              		.syntax unified
  15              		.file	"uart.c"
  16              		.text
  17              	.Ltext0:
  18              		.cfi_sections	.debug_frame
  19              		.section	.text.UART_init,"ax",%progbits
  20              		.align	2
  21              		.global	UART_init
  22              		.thumb
  23              		.thumb_func
  24              		.type	UART_init, %function
  25              	UART_init:
  26              	.LFB0:
  27              		.file 1 "source\\bsw\\cdd\\uart.c"
   1:source\bsw\cdd/uart.c **** /**
   2:source\bsw\cdd/uart.c **** * \file uart.c
   3:source\bsw\cdd/uart.c **** * \author P. Fromm
   4:source\bsw\cdd/uart.c **** * \date 8.12.19
   5:source\bsw\cdd/uart.c **** *
   6:source\bsw\cdd/uart.c **** * \brief UART wrapper
   7:source\bsw\cdd/uart.c **** *
   8:source\bsw\cdd/uart.c **** * \copyright Copyright ©2016
   9:source\bsw\cdd/uart.c **** * Department of electrical engineering and information technology, Hochschule Darmstadt - Universit
  10:source\bsw\cdd/uart.c **** * Permission to use, copy, modify, and distribute this software and its documentation for education
  11:source\bsw\cdd/uart.c **** * (unless permitted by h_da) and official h_da projects, is hereby granted for enrolled students of
  12:source\bsw\cdd/uart.c **** * this paragraph and the following paragraph appear in all copies, modifications, and distributions
  13:source\bsw\cdd/uart.c **** * Contact Prof.Dr.-Ing. Peter Fromm, peter.fromm@h-da.de, Birkenweg 8 64295 Darmstadt - GERMANY for
  14:source\bsw\cdd/uart.c **** *
  15:source\bsw\cdd/uart.c **** * \warning This software is a PROTOTYPE version and is not designed or intended for use in producti
  16:source\bsw\cdd/uart.c **** * The user represents and warrants that it will NOT use or redistribute the Software for such purpo
  17:source\bsw\cdd/uart.c **** * This prototype is for research purposes only. This software is provided "AS IS," without a warran
  18:source\bsw\cdd/uart.c **** */
  19:source\bsw\cdd/uart.c **** 
  20:source\bsw\cdd/uart.c **** /*****************************************************************************/
  21:source\bsw\cdd/uart.c **** /* Include files                                                             */
  22:source\bsw\cdd/uart.c **** /*****************************************************************************/
  23:source\bsw\cdd/uart.c **** #include <string.h>
  24:source\bsw\cdd/uart.c **** 
  25:source\bsw\cdd/uart.c **** #include "uart.h"
  26:source\bsw\cdd/uart.c **** 
  27:source\bsw\cdd/uart.c **** /*****************************************************************************/
  28:source\bsw\cdd/uart.c **** /* Local pre-processor symbols/macros ('#define')                            */
  29:source\bsw\cdd/uart.c **** /*****************************************************************************/
  30:source\bsw\cdd/uart.c **** 
ARM GAS  C:\Users\zakis\AppData\Local\Temp\ccFIOqwe.s 			page 2


  31:source\bsw\cdd/uart.c **** /*****************************************************************************/
  32:source\bsw\cdd/uart.c **** /* Global variable definitions (declared in header file with 'extern')       */
  33:source\bsw\cdd/uart.c **** /*****************************************************************************/
  34:source\bsw\cdd/uart.c **** 
  35:source\bsw\cdd/uart.c **** /*****************************************************************************/
  36:source\bsw\cdd/uart.c **** /* Local type definitions ('typedef')                                        */
  37:source\bsw\cdd/uart.c **** /*****************************************************************************/
  38:source\bsw\cdd/uart.c **** 
  39:source\bsw\cdd/uart.c **** /*****************************************************************************/
  40:source\bsw\cdd/uart.c **** /* Local variable definitions ('static')                                     */
  41:source\bsw\cdd/uart.c **** /*****************************************************************************/
  42:source\bsw\cdd/uart.c **** 
  43:source\bsw\cdd/uart.c **** 
  44:source\bsw\cdd/uart.c **** 
  45:source\bsw\cdd/uart.c **** /*****************************************************************************/
  46:source\bsw\cdd/uart.c **** /* Local function prototypes ('static')                                      */
  47:source\bsw\cdd/uart.c **** /*****************************************************************************/
  48:source\bsw\cdd/uart.c **** 
  49:source\bsw\cdd/uart.c **** 
  50:source\bsw\cdd/uart.c **** /*****************************************************************************/
  51:source\bsw\cdd/uart.c **** /* Function implementation - global ('extern') and local ('static')          */
  52:source\bsw\cdd/uart.c **** /*****************************************************************************/
  53:source\bsw\cdd/uart.c **** 
  54:source\bsw\cdd/uart.c **** /**
  55:source\bsw\cdd/uart.c ****  * Init a Uart Port
  56:source\bsw\cdd/uart.c ****  * @param UART_t * const me : IN/OUT - pointer to uart port object 
  57:source\bsw\cdd/uart.c ****  * @return RC_SUCCESS or error code
  58:source\bsw\cdd/uart.c ****  */
  59:source\bsw\cdd/uart.c **** RC_t UART_init(UART_t *const me)
  60:source\bsw\cdd/uart.c **** {
  28              		.loc 1 60 0
  29              		.cfi_startproc
  30              		@ args = 0, pretend = 0, frame = 0
  31              		@ frame_needed = 0, uses_anonymous_args = 0
  32              	.LVL0:
  33 0000 38B5     		push	{r3, r4, r5, lr}
  34              		.cfi_def_cfa_offset 16
  35              		.cfi_offset 3, -16
  36              		.cfi_offset 4, -12
  37              		.cfi_offset 5, -8
  38              		.cfi_offset 14, -4
  39 0002 0446     		mov	r4, r0
  61:source\bsw\cdd/uart.c ****     RB_init(&me->m_rxBuffer);
  40              		.loc 1 61 0
  41 0004 CE30     		adds	r0, r0, #206
  42              	.LVL1:
  43 0006 FFF7FEFF 		bl	RB_init
  44              	.LVL2:
  62:source\bsw\cdd/uart.c ****     RB_init(&me->m_txBuffer);
  45              		.loc 1 62 0
  46 000a 2046     		mov	r0, r4
  47 000c FFF7FEFF 		bl	RB_init
  48              	.LVL3:
  63:source\bsw\cdd/uart.c ****     me -> countISR = 0;
  49              		.loc 1 63 0
  50 0010 0025     		movs	r5, #0
  51 0012 A4F89C51 		strh	r5, [r4, #412]	@ movhi
ARM GAS  C:\Users\zakis\AppData\Local\Temp\ccFIOqwe.s 			page 3


  64:source\bsw\cdd/uart.c ****     
  65:source\bsw\cdd/uart.c ****     UART_start();
  52              		.loc 1 65 0
  53 0016 FFF7FEFF 		bl	UART_LOG_Start
  54              	.LVL4:
  66:source\bsw\cdd/uart.c ****     UART_putString("UART is ready to receive JSON packets\n");
  55              		.loc 1 66 0
  56 001a 0248     		ldr	r0, .L3
  57 001c FFF7FEFF 		bl	UART_LOG_PutString
  58              	.LVL5:
  67:source\bsw\cdd/uart.c **** 
  68:source\bsw\cdd/uart.c ****     return RC_SUCCESS;
  69:source\bsw\cdd/uart.c **** }
  59              		.loc 1 69 0
  60 0020 2846     		mov	r0, r5
  61 0022 38BD     		pop	{r3, r4, r5, pc}
  62              	.LVL6:
  63              	.L4:
  64              		.align	2
  65              	.L3:
  66 0024 00000000 		.word	.LC0
  67              		.cfi_endproc
  68              	.LFE0:
  69              		.size	UART_init, .-UART_init
  70              		.section	.text.UART_clear,"ax",%progbits
  71              		.align	2
  72              		.global	UART_clear
  73              		.thumb
  74              		.thumb_func
  75              		.type	UART_clear, %function
  76              	UART_clear:
  77              	.LFB1:
  70:source\bsw\cdd/uart.c **** 
  71:source\bsw\cdd/uart.c **** RC_t UART_clear(UART_t *const me){
  78              		.loc 1 71 0
  79              		.cfi_startproc
  80              		@ args = 0, pretend = 0, frame = 0
  81              		@ frame_needed = 0, uses_anonymous_args = 0
  82              	.LVL7:
  83 0000 10B5     		push	{r4, lr}
  84              		.cfi_def_cfa_offset 8
  85              		.cfi_offset 4, -8
  86              		.cfi_offset 14, -4
  87 0002 0446     		mov	r4, r0
  72:source\bsw\cdd/uart.c ****     RB_clear(&me->m_rxBuffer);
  88              		.loc 1 72 0
  89 0004 CE30     		adds	r0, r0, #206
  90              	.LVL8:
  91 0006 FFF7FEFF 		bl	RB_clear
  92              	.LVL9:
  73:source\bsw\cdd/uart.c ****     RB_clear(&me->m_txBuffer);
  93              		.loc 1 73 0
  94 000a 2046     		mov	r0, r4
  95 000c FFF7FEFF 		bl	RB_clear
  96              	.LVL10:
  74:source\bsw\cdd/uart.c ****     
  75:source\bsw\cdd/uart.c ****     return RC_SUCCESS;
ARM GAS  C:\Users\zakis\AppData\Local\Temp\ccFIOqwe.s 			page 4


  76:source\bsw\cdd/uart.c **** 
  77:source\bsw\cdd/uart.c **** }
  97              		.loc 1 77 0
  98 0010 0020     		movs	r0, #0
  99 0012 10BD     		pop	{r4, pc}
 100              		.cfi_endproc
 101              	.LFE1:
 102              		.size	UART_clear, .-UART_clear
 103              		.section	.text.UART_restartOperation,"ax",%progbits
 104              		.align	2
 105              		.global	UART_restartOperation
 106              		.thumb
 107              		.thumb_func
 108              		.type	UART_restartOperation, %function
 109              	UART_restartOperation:
 110              	.LFB2:
  78:source\bsw\cdd/uart.c **** 
  79:source\bsw\cdd/uart.c **** RC_t UART_restartOperation(){
 111              		.loc 1 79 0
 112              		.cfi_startproc
 113              		@ args = 0, pretend = 0, frame = 0
 114              		@ frame_needed = 0, uses_anonymous_args = 0
 115 0000 08B5     		push	{r3, lr}
 116              		.cfi_def_cfa_offset 8
 117              		.cfi_offset 3, -8
 118              		.cfi_offset 14, -4
  80:source\bsw\cdd/uart.c ****     UART_LOG_Stop();
 119              		.loc 1 80 0
 120 0002 FFF7FEFF 		bl	UART_LOG_Stop
 121              	.LVL11:
  81:source\bsw\cdd/uart.c ****     UART_start();
 122              		.loc 1 81 0
 123 0006 FFF7FEFF 		bl	UART_LOG_Start
 124              	.LVL12:
  82:source\bsw\cdd/uart.c **** 
  83:source\bsw\cdd/uart.c **** }
 125              		.loc 1 83 0
 126 000a 08BD     		pop	{r3, pc}
 127              		.cfi_endproc
 128              	.LFE2:
 129              		.size	UART_restartOperation, .-UART_restartOperation
 130              		.section	.text.UART_writeString,"ax",%progbits
 131              		.align	2
 132              		.global	UART_writeString
 133              		.thumb
 134              		.thumb_func
 135              		.type	UART_writeString, %function
 136              	UART_writeString:
 137              	.LFB3:
  84:source\bsw\cdd/uart.c **** 
  85:source\bsw\cdd/uart.c **** /**
  86:source\bsw\cdd/uart.c ****  * Write a string to the UART, Using Ringbuffer and ISR
  87:source\bsw\cdd/uart.c ****  * @param UART_t * const me : IN/OUT - pointer to uart port object 
  88:source\bsw\cdd/uart.c ****  * @param uint8_t const * const s : IN - pointer to the string to be transmitted
  89:source\bsw\cdd/uart.c ****  * @return <return description>
  90:source\bsw\cdd/uart.c ****  */
  91:source\bsw\cdd/uart.c **** RC_t UART_writeString(UART_t *const me, uint8_t const * const s)
ARM GAS  C:\Users\zakis\AppData\Local\Temp\ccFIOqwe.s 			page 5


  92:source\bsw\cdd/uart.c **** {
 138              		.loc 1 92 0
 139              		.cfi_startproc
 140              		@ args = 0, pretend = 0, frame = 8
 141              		@ frame_needed = 0, uses_anonymous_args = 0
 142              	.LVL13:
 143 0000 2DE9F041 		push	{r4, r5, r6, r7, r8, lr}
 144              		.cfi_def_cfa_offset 24
 145              		.cfi_offset 4, -24
 146              		.cfi_offset 5, -20
 147              		.cfi_offset 6, -16
 148              		.cfi_offset 7, -12
 149              		.cfi_offset 8, -8
 150              		.cfi_offset 14, -4
 151 0004 82B0     		sub	sp, sp, #8
 152              		.cfi_def_cfa_offset 32
 153 0006 8046     		mov	r8, r0
 154 0008 0E46     		mov	r6, r1
  93:source\bsw\cdd/uart.c ****     //Write data into ringbuffer
  94:source\bsw\cdd/uart.c ****     uint16_t len = strlen(s);
 155              		.loc 1 94 0
 156 000a 0846     		mov	r0, r1
 157              	.LVL14:
 158 000c FFF7FEFF 		bl	strlen
 159              	.LVL15:
 160 0010 85B2     		uxth	r5, r0
 161              	.LVL16:
  95:source\bsw\cdd/uart.c ****     uint16_t capacity = RB_getCapacity(&me->m_txBuffer);
 162              		.loc 1 95 0
 163 0012 4046     		mov	r0, r8
 164 0014 FFF7FEFF 		bl	RB_getCapacity
 165              	.LVL17:
  96:source\bsw\cdd/uart.c ****     
  97:source\bsw\cdd/uart.c ****     if (len < capacity)
 166              		.loc 1 97 0
 167 0018 8542     		cmp	r5, r0
 168 001a 09D3     		bcc	.L13
  98:source\bsw\cdd/uart.c ****     {
  99:source\bsw\cdd/uart.c ****         for (uint16_t i = 0; i < len; i++)
 100:source\bsw\cdd/uart.c ****         {
 101:source\bsw\cdd/uart.c ****             RB_write(&me->m_txBuffer, &s[i]);
 102:source\bsw\cdd/uart.c ****         }
 103:source\bsw\cdd/uart.c ****     
 104:source\bsw\cdd/uart.c ****         //Initiate transfer
 105:source\bsw\cdd/uart.c ****         //Can be optimized in terms of speed
 106:source\bsw\cdd/uart.c ****         uint8_t firstElement = 0;
 107:source\bsw\cdd/uart.c ****         RB_read(&me->m_txBuffer, &firstElement);
 108:source\bsw\cdd/uart.c ****         
 109:source\bsw\cdd/uart.c ****         //Send to driver
 110:source\bsw\cdd/uart.c ****         //Rest will be transmitted by TX_isr;
 111:source\bsw\cdd/uart.c ****         UART_writeByte(firstElement);
 112:source\bsw\cdd/uart.c ****     }
 113:source\bsw\cdd/uart.c ****     else
 114:source\bsw\cdd/uart.c ****     {
 115:source\bsw\cdd/uart.c ****         return RC_ERROR_MEMORY;
 169              		.loc 1 115 0
 170 001c 6FF00300 		mvn	r0, #3
ARM GAS  C:\Users\zakis\AppData\Local\Temp\ccFIOqwe.s 			page 6


 171              	.LVL18:
 172 0020 16E0     		b	.L11
 173              	.LVL19:
 174              	.L12:
 175              	.LBB2:
 176              	.LBB3:
 101:source\bsw\cdd/uart.c ****         }
 177              		.loc 1 101 0 discriminator 3
 178 0022 3119     		adds	r1, r6, r4
 179 0024 3846     		mov	r0, r7
 180 0026 FFF7FEFF 		bl	RB_write
 181              	.LVL20:
  99:source\bsw\cdd/uart.c ****         {
 182              		.loc 1 99 0 discriminator 3
 183 002a 0134     		adds	r4, r4, #1
 184              	.LVL21:
 185 002c A4B2     		uxth	r4, r4
 186              	.LVL22:
 187 002e 01E0     		b	.L10
 188              	.LVL23:
 189              	.L13:
 190 0030 4746     		mov	r7, r8
 191              	.LBE3:
 192              	.LBE2:
 193 0032 0024     		movs	r4, #0
 194              	.LVL24:
 195              	.L10:
 196              	.LBB5:
 197              	.LBB4:
  99:source\bsw\cdd/uart.c ****         {
 198              		.loc 1 99 0 is_stmt 0 discriminator 1
 199 0034 AC42     		cmp	r4, r5
 200 0036 F4D3     		bcc	.L12
 201              	.LBE4:
 106:source\bsw\cdd/uart.c ****         RB_read(&me->m_txBuffer, &firstElement);
 202              		.loc 1 106 0 is_stmt 1
 203 0038 0024     		movs	r4, #0
 204              	.LVL25:
 205 003a 02A9     		add	r1, sp, #8
 206 003c 01F8014D 		strb	r4, [r1, #-1]!
 107:source\bsw\cdd/uart.c ****         
 207              		.loc 1 107 0
 208 0040 4046     		mov	r0, r8
 209 0042 FFF7FEFF 		bl	RB_read
 210              	.LVL26:
 111:source\bsw\cdd/uart.c ****     }
 211              		.loc 1 111 0
 212 0046 9DF80700 		ldrb	r0, [sp, #7]	@ zero_extendqisi2
 213 004a FFF7FEFF 		bl	UART_LOG_WriteTxData
 214              	.LVL27:
 215              	.LBE5:
 116:source\bsw\cdd/uart.c ****     }
 117:source\bsw\cdd/uart.c ****     
 118:source\bsw\cdd/uart.c ****     return RC_SUCCESS;
 216              		.loc 1 118 0
 217 004e 2046     		mov	r0, r4
 218              	.LVL28:
ARM GAS  C:\Users\zakis\AppData\Local\Temp\ccFIOqwe.s 			page 7


 219              	.L11:
 119:source\bsw\cdd/uart.c **** }
 220              		.loc 1 119 0
 221 0050 02B0     		add	sp, sp, #8
 222              		.cfi_def_cfa_offset 24
 223              		@ sp needed
 224 0052 BDE8F081 		pop	{r4, r5, r6, r7, r8, pc}
 225              		.cfi_endproc
 226              	.LFE3:
 227              		.size	UART_writeString, .-UART_writeString
 228              		.section	.text.UART_TX_isrHandler,"ax",%progbits
 229              		.align	2
 230              		.global	UART_TX_isrHandler
 231              		.thumb
 232              		.thumb_func
 233              		.type	UART_TX_isrHandler, %function
 234              	UART_TX_isrHandler:
 235              	.LFB4:
 120:source\bsw\cdd/uart.c **** 
 121:source\bsw\cdd/uart.c **** /**
 122:source\bsw\cdd/uart.c ****  * Write next char to the UART port
 123:source\bsw\cdd/uart.c ****  * @param UART_t * const me : IN/OUT - pointer to uart port object 
 124:source\bsw\cdd/uart.c ****  * @return RC_SUCCESS or errorcode
 125:source\bsw\cdd/uart.c ****  */
 126:source\bsw\cdd/uart.c **** RC_t UART_TX_isrHandler(UART_t *const me)
 127:source\bsw\cdd/uart.c **** {
 236              		.loc 1 127 0
 237              		.cfi_startproc
 238              		@ args = 0, pretend = 0, frame = 8
 239              		@ frame_needed = 0, uses_anonymous_args = 0
 240              	.LVL29:
 241 0000 30B5     		push	{r4, r5, lr}
 242              		.cfi_def_cfa_offset 12
 243              		.cfi_offset 4, -12
 244              		.cfi_offset 5, -8
 245              		.cfi_offset 14, -4
 246 0002 83B0     		sub	sp, sp, #12
 247              		.cfi_def_cfa_offset 24
 248 0004 0546     		mov	r5, r0
 128:source\bsw\cdd/uart.c ****     
 129:source\bsw\cdd/uart.c ****     if (RB_getNumberOfStoredElements(&me->m_txBuffer))
 249              		.loc 1 129 0
 250 0006 FFF7FEFF 		bl	RB_getNumberOfStoredElements
 251              	.LVL30:
 252 000a 60B1     		cbz	r0, .L17
 253              	.LBB6:
 130:source\bsw\cdd/uart.c ****     {
 131:source\bsw\cdd/uart.c ****         uint8_t nextElement = 0;
 254              		.loc 1 131 0
 255 000c 0024     		movs	r4, #0
 256 000e 02A9     		add	r1, sp, #8
 257 0010 01F8014D 		strb	r4, [r1, #-1]!
 132:source\bsw\cdd/uart.c ****         RB_read(&me->m_txBuffer, &nextElement);
 258              		.loc 1 132 0
 259 0014 2846     		mov	r0, r5
 260 0016 FFF7FEFF 		bl	RB_read
 261              	.LVL31:
ARM GAS  C:\Users\zakis\AppData\Local\Temp\ccFIOqwe.s 			page 8


 133:source\bsw\cdd/uart.c ****         
 134:source\bsw\cdd/uart.c ****         //Send to driver
 135:source\bsw\cdd/uart.c ****         UART_writeByte(nextElement);
 262              		.loc 1 135 0
 263 001a 9DF80700 		ldrb	r0, [sp, #7]	@ zero_extendqisi2
 264 001e FFF7FEFF 		bl	UART_LOG_WriteTxData
 265              	.LVL32:
 136:source\bsw\cdd/uart.c ****         
 137:source\bsw\cdd/uart.c ****         return RC_SUCCESS;
 266              		.loc 1 137 0
 267 0022 2046     		mov	r0, r4
 268 0024 01E0     		b	.L16
 269              	.L17:
 270              	.LBE6:
 138:source\bsw\cdd/uart.c ****     }
 139:source\bsw\cdd/uart.c ****     else
 140:source\bsw\cdd/uart.c ****     {
 141:source\bsw\cdd/uart.c ****         //do nothing, transfer ended
 142:source\bsw\cdd/uart.c ****         return RC_ERROR_BUFFER_EMTPY;
 271              		.loc 1 142 0
 272 0026 6FF00800 		mvn	r0, #8
 273              	.L16:
 143:source\bsw\cdd/uart.c ****     }
 144:source\bsw\cdd/uart.c ****     
 145:source\bsw\cdd/uart.c **** }
 274              		.loc 1 145 0 discriminator 1
 275 002a 03B0     		add	sp, sp, #12
 276              		.cfi_def_cfa_offset 12
 277              		@ sp needed
 278 002c 30BD     		pop	{r4, r5, pc}
 279              		.cfi_endproc
 280              	.LFE4:
 281              		.size	UART_TX_isrHandler, .-UART_TX_isrHandler
 282 002e 00BF     		.section	.text.UART_RX_isrHandler,"ax",%progbits
 283              		.align	2
 284              		.global	UART_RX_isrHandler
 285              		.thumb
 286              		.thumb_func
 287              		.type	UART_RX_isrHandler, %function
 288              	UART_RX_isrHandler:
 289              	.LFB5:
 146:source\bsw\cdd/uart.c **** 
 147:source\bsw\cdd/uart.c **** 
 148:source\bsw\cdd/uart.c **** 
 149:source\bsw\cdd/uart.c **** RC_t UART_RX_isrHandler(UART_t *const me){
 290              		.loc 1 149 0
 291              		.cfi_startproc
 292              		@ args = 0, pretend = 0, frame = 8
 293              		@ frame_needed = 0, uses_anonymous_args = 0
 294              	.LVL33:
 295 0000 10B5     		push	{r4, lr}
 296              		.cfi_def_cfa_offset 8
 297              		.cfi_offset 4, -8
 298              		.cfi_offset 14, -4
 299 0002 82B0     		sub	sp, sp, #8
 300              		.cfi_def_cfa_offset 16
 301 0004 0446     		mov	r4, r0
ARM GAS  C:\Users\zakis\AppData\Local\Temp\ccFIOqwe.s 			page 9


 150:source\bsw\cdd/uart.c ****     uint8_t receivedByte = UART_readByte();
 302              		.loc 1 150 0
 303 0006 FFF7FEFF 		bl	UART_LOG_GetByte
 304              	.LVL34:
 305 000a 02A9     		add	r1, sp, #8
 306 000c 01F8010D 		strb	r0, [r1, #-1]!
 307              	.LVL35:
 151:source\bsw\cdd/uart.c ****     
 152:source\bsw\cdd/uart.c ****     
 153:source\bsw\cdd/uart.c ****     RC_t result = RC_ERROR;
 154:source\bsw\cdd/uart.c ****     result =  RB_write(&me->m_rxBuffer, &receivedByte);
 308              		.loc 1 154 0
 309 0010 04F1CE00 		add	r0, r4, #206
 310 0014 FFF7FEFF 		bl	RB_write
 311              	.LVL36:
 155:source\bsw\cdd/uart.c ****     if (result == RC_SUCCESS && receivedByte == UART_Terminator){
 312              		.loc 1 155 0
 313 0018 0246     		mov	r2, r0
 314 001a 20B9     		cbnz	r0, .L20
 315              		.loc 1 155 0 is_stmt 0 discriminator 1
 316 001c 9DF80730 		ldrb	r3, [sp, #7]	@ zero_extendqisi2
 317 0020 232B     		cmp	r3, #35
 318 0022 00D1     		bne	.L20
 156:source\bsw\cdd/uart.c ****         result = RC_TRIGGER;
 319              		.loc 1 156 0 is_stmt 1
 320 0024 0122     		movs	r2, #1
 321              	.L20:
 322              	.LVL37:
 157:source\bsw\cdd/uart.c ****     }
 158:source\bsw\cdd/uart.c ****     me -> countISR++;
 323              		.loc 1 158 0
 324 0026 B4F89C31 		ldrh	r3, [r4, #412]
 325 002a 0133     		adds	r3, r3, #1
 326 002c A4F89C31 		strh	r3, [r4, #412]	@ movhi
 159:source\bsw\cdd/uart.c ****     return result;
 160:source\bsw\cdd/uart.c **** }
 327              		.loc 1 160 0
 328 0030 1046     		mov	r0, r2
 329 0032 02B0     		add	sp, sp, #8
 330              		.cfi_def_cfa_offset 8
 331              		@ sp needed
 332 0034 10BD     		pop	{r4, pc}
 333              		.cfi_endproc
 334              	.LFE5:
 335              		.size	UART_RX_isrHandler, .-UART_RX_isrHandler
 336 0036 00BF     		.section	.text.UART_getJsonString,"ax",%progbits
 337              		.align	2
 338              		.global	UART_getJsonString
 339              		.thumb
 340              		.thumb_func
 341              		.type	UART_getJsonString, %function
 342              	UART_getJsonString:
 343              	.LFB6:
 161:source\bsw\cdd/uart.c **** 
 162:source\bsw\cdd/uart.c **** RC_t UART_getJsonString(UART_t * const me, uint8_t * const jsonString){
 344              		.loc 1 162 0
 345              		.cfi_startproc
ARM GAS  C:\Users\zakis\AppData\Local\Temp\ccFIOqwe.s 			page 10


 346              		@ args = 0, pretend = 0, frame = 8
 347              		@ frame_needed = 0, uses_anonymous_args = 0
 348              	.LVL38:
 349 0000 70B5     		push	{r4, r5, r6, lr}
 350              		.cfi_def_cfa_offset 16
 351              		.cfi_offset 4, -16
 352              		.cfi_offset 5, -12
 353              		.cfi_offset 6, -8
 354              		.cfi_offset 14, -4
 355 0002 82B0     		sub	sp, sp, #8
 356              		.cfi_def_cfa_offset 24
 357 0004 0546     		mov	r5, r0
 358 0006 0E46     		mov	r6, r1
 359              	.LVL39:
 163:source\bsw\cdd/uart.c **** #if 0
 164:source\bsw\cdd/uart.c ****     if (me == NULL || jsonString == NULL){
 165:source\bsw\cdd/uart.c ****         return RC_ERROR_NULL;
 166:source\bsw\cdd/uart.c ****     }
 167:source\bsw\cdd/uart.c ****     
 168:source\bsw\cdd/uart.c ****     if (RB_getNumberOfStoredElements(&me->m_rxBuffer) == 0) {
 169:source\bsw\cdd/uart.c ****         return RC_ERROR_BUFFER_EMTPY;
 170:source\bsw\cdd/uart.c ****     }
 171:source\bsw\cdd/uart.c **** #endif
 172:source\bsw\cdd/uart.c **** for (uint8_t i = 0; i > MAX_JSON_STRING_LENGTH; ++i){
 173:source\bsw\cdd/uart.c **** 
 174:source\bsw\cdd/uart.c ****     jsonString[i] = '\0';
 175:source\bsw\cdd/uart.c **** }
 176:source\bsw\cdd/uart.c **** 
 177:source\bsw\cdd/uart.c **** 
 178:source\bsw\cdd/uart.c ****     char receivedChar;
 179:source\bsw\cdd/uart.c ****     int index = 0;
 360              		.loc 1 179 0
 361 0008 0024     		movs	r4, #0
 362              	.LBB7:
 363 000a 00E0     		b	.L26
 364              	.LVL40:
 365              	.L28:
 366              	.LBE7:
 367              	.LBB8:
 180:source\bsw\cdd/uart.c ****     uint8_t data;
 181:source\bsw\cdd/uart.c ****     while (1) {
 182:source\bsw\cdd/uart.c ****         RC_t result = RB_read(&me->m_rxBuffer, &data);
 183:source\bsw\cdd/uart.c **** 
 184:source\bsw\cdd/uart.c ****         if (result == RC_SUCCESS) {
 185:source\bsw\cdd/uart.c ****             receivedChar = data;
 186:source\bsw\cdd/uart.c ****             jsonString[index++] = receivedChar;
 368              		.loc 1 186 0
 369 000c 1446     		mov	r4, r2
 370              	.LVL41:
 371              	.L26:
 182:source\bsw\cdd/uart.c **** 
 372              		.loc 1 182 0
 373 000e 0DF10701 		add	r1, sp, #7
 374 0012 05F1CE00 		add	r0, r5, #206
 375 0016 FFF7FEFF 		bl	RB_read
 376              	.LVL42:
 184:source\bsw\cdd/uart.c ****             receivedChar = data;
ARM GAS  C:\Users\zakis\AppData\Local\Temp\ccFIOqwe.s 			page 11


 377              		.loc 1 184 0
 378 001a 60B9     		cbnz	r0, .L27
 185:source\bsw\cdd/uart.c ****             jsonString[index++] = receivedChar;
 379              		.loc 1 185 0
 380 001c 9DF80730 		ldrb	r3, [sp, #7]	@ zero_extendqisi2
 381              	.LVL43:
 382              		.loc 1 186 0
 383 0020 621C     		adds	r2, r4, #1
 384              	.LVL44:
 385 0022 3355     		strb	r3, [r6, r4]
 187:source\bsw\cdd/uart.c ****       
 188:source\bsw\cdd/uart.c ****             if (receivedChar == UART_Terminator) {
 386              		.loc 1 188 0
 387 0024 232B     		cmp	r3, #35
 388 0026 01D1     		bne	.L25
 189:source\bsw\cdd/uart.c ****                 jsonString[index] = '\0';
 389              		.loc 1 189 0
 390 0028 B054     		strb	r0, [r6, r2]
 190:source\bsw\cdd/uart.c ****                 //UART_LOG_PutString("UART_getString");
 191:source\bsw\cdd/uart.c ****                 //UART_LOG_PutString((const char8 *)jsonString); // debug
 192:source\bsw\cdd/uart.c ****                 //UART_LOG_PutString("\n");
 193:source\bsw\cdd/uart.c ****                 return RC_SUCCESS;
 391              		.loc 1 193 0
 392 002a 06E0     		b	.L24
 393              	.L25:
 194:source\bsw\cdd/uart.c ****             }
 195:source\bsw\cdd/uart.c **** 
 196:source\bsw\cdd/uart.c ****             if (index >= MAX_JSON_STRING_LENGTH - 1) {
 394              		.loc 1 196 0
 395 002c C62A     		cmp	r2, #198
 396 002e EDDD     		ble	.L28
 197:source\bsw\cdd/uart.c ****                 return RC_ERROR_READ_FAILS;
 397              		.loc 1 197 0
 398 0030 6FF01000 		mvn	r0, #16
 399              	.LVL45:
 400 0034 01E0     		b	.L24
 401              	.LVL46:
 402              	.L27:
 198:source\bsw\cdd/uart.c ****                 break;
 199:source\bsw\cdd/uart.c ****             }
 200:source\bsw\cdd/uart.c ****         } else {
 201:source\bsw\cdd/uart.c ****              return RC_ERROR_READ_FAILS;
 403              		.loc 1 201 0
 404 0036 6FF01000 		mvn	r0, #16
 405              	.LVL47:
 406              	.L24:
 407              	.LBE8:
 202:source\bsw\cdd/uart.c ****             //break;
 203:source\bsw\cdd/uart.c ****         }
 204:source\bsw\cdd/uart.c ****     }
 205:source\bsw\cdd/uart.c **** }
 408              		.loc 1 205 0
 409 003a 02B0     		add	sp, sp, #8
 410              		.cfi_def_cfa_offset 16
 411              		@ sp needed
 412 003c 70BD     		pop	{r4, r5, r6, pc}
 413              		.cfi_endproc
ARM GAS  C:\Users\zakis\AppData\Local\Temp\ccFIOqwe.s 			page 12


 414              	.LFE6:
 415              		.size	UART_getJsonString, .-UART_getJsonString
 416 003e 00BF     		.section	.rodata.str1.4,"aMS",%progbits,1
 417              		.align	2
 418              	.LC0:
 419 0000 55415254 		.ascii	"UART is ready to receive JSON packets\012\000"
 419      20697320 
 419      72656164 
 419      7920746F 
 419      20726563 
 420              		.text
 421              	.Letext0:
 422              		.file 2 ".\\source\\bsw/global.h"
 423              		.file 3 "source\\bsw\\cdd\\ringBuffer.h"
 424              		.file 4 "source\\bsw\\cdd\\uart.h"
 425              		.file 5 "Generated_Source\\PSoC5/UART_LOG.h"
 426              		.file 6 "c:\\program files (x86)\\cypress\\psoc creator\\4.4\\psoc creator\\import\\gnu\\arm\\5.4.
 427              		.section	.debug_info,"",%progbits
 428              	.Ldebug_info0:
 429 0000 EF050000 		.4byte	0x5ef
 430 0004 0400     		.2byte	0x4
 431 0006 00000000 		.4byte	.Ldebug_abbrev0
 432 000a 04       		.byte	0x4
 433 000b 01       		.uleb128 0x1
 434 000c 84030000 		.4byte	.LASF81
 435 0010 0C       		.byte	0xc
 436 0011 77040000 		.4byte	.LASF82
 437 0015 F0020000 		.4byte	.LASF83
 438 0019 30000000 		.4byte	.Ldebug_ranges0+0x30
 439 001d 00000000 		.4byte	0
 440 0021 00000000 		.4byte	.Ldebug_line0
 441 0025 02       		.uleb128 0x2
 442 0026 04       		.byte	0x4
 443 0027 05       		.byte	0x5
 444 0028 696E7400 		.ascii	"int\000"
 445 002c 03       		.uleb128 0x3
 446 002d 04       		.byte	0x4
 447 002e 07       		.byte	0x7
 448 002f A0020000 		.4byte	.LASF0
 449 0033 03       		.uleb128 0x3
 450 0034 08       		.byte	0x8
 451 0035 05       		.byte	0x5
 452 0036 44010000 		.4byte	.LASF1
 453 003a 03       		.uleb128 0x3
 454 003b 08       		.byte	0x8
 455 003c 04       		.byte	0x4
 456 003d 1F020000 		.4byte	.LASF2
 457 0041 03       		.uleb128 0x3
 458 0042 01       		.byte	0x1
 459 0043 06       		.byte	0x6
 460 0044 69020000 		.4byte	.LASF3
 461 0048 03       		.uleb128 0x3
 462 0049 01       		.byte	0x1
 463 004a 08       		.byte	0x8
 464 004b 38020000 		.4byte	.LASF4
 465 004f 03       		.uleb128 0x3
 466 0050 02       		.byte	0x2
ARM GAS  C:\Users\zakis\AppData\Local\Temp\ccFIOqwe.s 			page 13


 467 0051 05       		.byte	0x5
 468 0052 66000000 		.4byte	.LASF5
 469 0056 03       		.uleb128 0x3
 470 0057 02       		.byte	0x2
 471 0058 07       		.byte	0x7
 472 0059 71030000 		.4byte	.LASF6
 473 005d 03       		.uleb128 0x3
 474 005e 04       		.byte	0x4
 475 005f 05       		.byte	0x5
 476 0060 89010000 		.4byte	.LASF7
 477 0064 03       		.uleb128 0x3
 478 0065 04       		.byte	0x4
 479 0066 07       		.byte	0x7
 480 0067 AA040000 		.4byte	.LASF8
 481 006b 03       		.uleb128 0x3
 482 006c 08       		.byte	0x8
 483 006d 07       		.byte	0x7
 484 006e 7E020000 		.4byte	.LASF9
 485 0072 03       		.uleb128 0x3
 486 0073 04       		.byte	0x4
 487 0074 07       		.byte	0x7
 488 0075 8A000000 		.4byte	.LASF10
 489 0079 03       		.uleb128 0x3
 490 007a 01       		.byte	0x1
 491 007b 08       		.byte	0x8
 492 007c 39040000 		.4byte	.LASF11
 493 0080 04       		.uleb128 0x4
 494 0081 0D050000 		.4byte	.LASF12
 495 0085 02       		.byte	0x2
 496 0086 91       		.byte	0x91
 497 0087 48000000 		.4byte	0x48
 498 008b 04       		.uleb128 0x4
 499 008c 3E040000 		.4byte	.LASF13
 500 0090 02       		.byte	0x2
 501 0091 93       		.byte	0x93
 502 0092 56000000 		.4byte	0x56
 503 0096 03       		.uleb128 0x3
 504 0097 04       		.byte	0x4
 505 0098 04       		.byte	0x4
 506 0099 25010000 		.4byte	.LASF14
 507 009d 03       		.uleb128 0x3
 508 009e 08       		.byte	0x8
 509 009f 04       		.byte	0x4
 510 00a0 3D050000 		.4byte	.LASF15
 511 00a4 05       		.uleb128 0x5
 512 00a5 01       		.byte	0x1
 513 00a6 41000000 		.4byte	0x41
 514 00aa 02       		.byte	0x2
 515 00ab CF       		.byte	0xcf
 516 00ac 53010000 		.4byte	0x153
 517 00b0 06       		.uleb128 0x6
 518 00b1 41000000 		.4byte	.LASF16
 519 00b5 00       		.byte	0
 520 00b6 07       		.uleb128 0x7
 521 00b7 5E050000 		.4byte	.LASF17
 522 00bb 7F       		.sleb128 -1
 523 00bc 07       		.uleb128 0x7
ARM GAS  C:\Users\zakis\AppData\Local\Temp\ccFIOqwe.s 			page 14


 524 00bd CC020000 		.4byte	.LASF18
 525 00c1 7E       		.sleb128 -2
 526 00c2 07       		.uleb128 0x7
 527 00c3 A6000000 		.4byte	.LASF19
 528 00c7 7D       		.sleb128 -3
 529 00c8 07       		.uleb128 0x7
 530 00c9 67050000 		.4byte	.LASF20
 531 00cd 7C       		.sleb128 -4
 532 00ce 07       		.uleb128 0x7
 533 00cf 16010000 		.4byte	.LASF21
 534 00d3 7B       		.sleb128 -5
 535 00d4 07       		.uleb128 0x7
 536 00d5 FC040000 		.4byte	.LASF22
 537 00d9 7A       		.sleb128 -6
 538 00da 07       		.uleb128 0x7
 539 00db 92010000 		.4byte	.LASF23
 540 00df 79       		.sleb128 -7
 541 00e0 07       		.uleb128 0x7
 542 00e1 BB010000 		.4byte	.LASF24
 543 00e5 78       		.sleb128 -8
 544 00e6 07       		.uleb128 0x7
 545 00e7 DA020000 		.4byte	.LASF25
 546 00eb 77       		.sleb128 -9
 547 00ec 07       		.uleb128 0x7
 548 00ed AD010000 		.4byte	.LASF26
 549 00f1 76       		.sleb128 -10
 550 00f2 07       		.uleb128 0x7
 551 00f3 88050000 		.4byte	.LASF27
 552 00f7 75       		.sleb128 -11
 553 00f8 07       		.uleb128 0x7
 554 00f9 AD020000 		.4byte	.LASF28
 555 00fd 74       		.sleb128 -12
 556 00fe 07       		.uleb128 0x7
 557 00ff EA040000 		.4byte	.LASF29
 558 0103 73       		.sleb128 -13
 559 0104 07       		.uleb128 0x7
 560 0105 2E000000 		.4byte	.LASF30
 561 0109 72       		.sleb128 -14
 562 010a 07       		.uleb128 0x7
 563 010b 52000000 		.4byte	.LASF31
 564 010f 71       		.sleb128 -15
 565 0110 07       		.uleb128 0x7
 566 0111 D0010000 		.4byte	.LASF32
 567 0115 70       		.sleb128 -16
 568 0116 07       		.uleb128 0x7
 569 0117 B4000000 		.4byte	.LASF33
 570 011b 6F       		.sleb128 -17
 571 011c 07       		.uleb128 0x7
 572 011d 75000000 		.4byte	.LASF34
 573 0121 6E       		.sleb128 -18
 574 0122 07       		.uleb128 0x7
 575 0123 65010000 		.4byte	.LASF35
 576 0127 6D       		.sleb128 -19
 577 0128 07       		.uleb128 0x7
 578 0129 55040000 		.4byte	.LASF36
 579 012d 6C       		.sleb128 -20
 580 012e 07       		.uleb128 0x7
ARM GAS  C:\Users\zakis\AppData\Local\Temp\ccFIOqwe.s 			page 15


 581 012f EE010000 		.4byte	.LASF37
 582 0133 6B       		.sleb128 -21
 583 0134 07       		.uleb128 0x7
 584 0135 57020000 		.4byte	.LASF38
 585 0139 6A       		.sleb128 -22
 586 013a 07       		.uleb128 0x7
 587 013b F2000000 		.4byte	.LASF39
 588 013f 69       		.sleb128 -23
 589 0140 07       		.uleb128 0x7
 590 0141 78010000 		.4byte	.LASF40
 591 0145 68       		.sleb128 -24
 592 0146 07       		.uleb128 0x7
 593 0147 2B010000 		.4byte	.LASF41
 594 014b 67       		.sleb128 -25
 595 014c 06       		.uleb128 0x6
 596 014d CA040000 		.4byte	.LASF42
 597 0151 01       		.byte	0x1
 598 0152 00       		.byte	0
 599 0153 04       		.uleb128 0x4
 600 0154 83050000 		.4byte	.LASF43
 601 0158 02       		.byte	0x2
 602 0159 EB       		.byte	0xeb
 603 015a A4000000 		.4byte	0xa4
 604 015e 04       		.uleb128 0x4
 605 015f E2000000 		.4byte	.LASF44
 606 0163 03       		.byte	0x3
 607 0164 5B       		.byte	0x5b
 608 0165 80000000 		.4byte	0x80
 609 0169 08       		.uleb128 0x8
 610 016a CE       		.byte	0xce
 611 016b 03       		.byte	0x3
 612 016c 69       		.byte	0x69
 613 016d A2010000 		.4byte	0x1a2
 614 0171 09       		.uleb128 0x9
 615 0172 57050000 		.4byte	.LASF45
 616 0176 03       		.byte	0x3
 617 0177 6A       		.byte	0x6a
 618 0178 A2010000 		.4byte	0x1a2
 619 017c 00       		.byte	0
 620 017d 09       		.uleb128 0x9
 621 017e 77050000 		.4byte	.LASF46
 622 0182 03       		.byte	0x3
 623 0183 6B       		.byte	0x6b
 624 0184 8B000000 		.4byte	0x8b
 625 0188 C8       		.byte	0xc8
 626 0189 09       		.uleb128 0x9
 627 018a 16000000 		.4byte	.LASF47
 628 018e 03       		.byte	0x3
 629 018f 6C       		.byte	0x6c
 630 0190 8B000000 		.4byte	0x8b
 631 0194 CA       		.byte	0xca
 632 0195 09       		.uleb128 0x9
 633 0196 00020000 		.4byte	.LASF48
 634 019a 03       		.byte	0x3
 635 019b 6D       		.byte	0x6d
 636 019c 8B000000 		.4byte	0x8b
 637 01a0 CC       		.byte	0xcc
ARM GAS  C:\Users\zakis\AppData\Local\Temp\ccFIOqwe.s 			page 16


 638 01a1 00       		.byte	0
 639 01a2 0A       		.uleb128 0xa
 640 01a3 5E010000 		.4byte	0x15e
 641 01a7 B2010000 		.4byte	0x1b2
 642 01ab 0B       		.uleb128 0xb
 643 01ac 72000000 		.4byte	0x72
 644 01b0 C7       		.byte	0xc7
 645 01b1 00       		.byte	0
 646 01b2 04       		.uleb128 0x4
 647 01b3 70000000 		.4byte	.LASF49
 648 01b7 03       		.byte	0x3
 649 01b8 6E       		.byte	0x6e
 650 01b9 69010000 		.4byte	0x169
 651 01bd 0C       		.uleb128 0xc
 652 01be 4C000000 		.4byte	.LASF84
 653 01c2 9E01     		.2byte	0x19e
 654 01c4 04       		.byte	0x4
 655 01c5 39       		.byte	0x39
 656 01c6 F0010000 		.4byte	0x1f0
 657 01ca 09       		.uleb128 0x9
 658 01cb 23000000 		.4byte	.LASF50
 659 01cf 04       		.byte	0x4
 660 01d0 3A       		.byte	0x3a
 661 01d1 B2010000 		.4byte	0x1b2
 662 01d5 00       		.byte	0
 663 01d6 09       		.uleb128 0x9
 664 01d7 52010000 		.4byte	.LASF51
 665 01db 04       		.byte	0x4
 666 01dc 3B       		.byte	0x3b
 667 01dd B2010000 		.4byte	0x1b2
 668 01e1 CE       		.byte	0xce
 669 01e2 0D       		.uleb128 0xd
 670 01e3 E1040000 		.4byte	.LASF52
 671 01e7 04       		.byte	0x4
 672 01e8 3C       		.byte	0x3c
 673 01e9 8B000000 		.4byte	0x8b
 674 01ed 9C01     		.2byte	0x19c
 675 01ef 00       		.byte	0
 676 01f0 04       		.uleb128 0x4
 677 01f1 47040000 		.4byte	.LASF53
 678 01f5 04       		.byte	0x4
 679 01f6 3E       		.byte	0x3e
 680 01f7 BD010000 		.4byte	0x1bd
 681 01fb 0E       		.uleb128 0xe
 682 01fc 6D040000 		.4byte	.LASF54
 683 0200 01       		.byte	0x1
 684 0201 3B       		.byte	0x3b
 685 0202 53010000 		.4byte	0x153
 686 0206 00000000 		.4byte	.LFB0
 687 020a 28000000 		.4byte	.LFE0-.LFB0
 688 020e 01       		.uleb128 0x1
 689 020f 9C       		.byte	0x9c
 690 0210 68020000 		.4byte	0x268
 691 0214 0F       		.uleb128 0xf
 692 0215 6D6500   		.ascii	"me\000"
 693 0218 01       		.byte	0x1
 694 0219 3B       		.byte	0x3b
ARM GAS  C:\Users\zakis\AppData\Local\Temp\ccFIOqwe.s 			page 17


 695 021a 6E020000 		.4byte	0x26e
 696 021e 00000000 		.4byte	.LLST0
 697 0222 10       		.uleb128 0x10
 698 0223 0A000000 		.4byte	.LVL2
 699 0227 6E050000 		.4byte	0x56e
 700 022b 37020000 		.4byte	0x237
 701 022f 11       		.uleb128 0x11
 702 0230 01       		.uleb128 0x1
 703 0231 50       		.byte	0x50
 704 0232 03       		.uleb128 0x3
 705 0233 74       		.byte	0x74
 706 0234 CE01     		.sleb128 206
 707 0236 00       		.byte	0
 708 0237 10       		.uleb128 0x10
 709 0238 10000000 		.4byte	.LVL3
 710 023c 6E050000 		.4byte	0x56e
 711 0240 4B020000 		.4byte	0x24b
 712 0244 11       		.uleb128 0x11
 713 0245 01       		.uleb128 0x1
 714 0246 50       		.byte	0x50
 715 0247 02       		.uleb128 0x2
 716 0248 74       		.byte	0x74
 717 0249 00       		.sleb128 0
 718 024a 00       		.byte	0
 719 024b 12       		.uleb128 0x12
 720 024c 1A000000 		.4byte	.LVL4
 721 0250 79050000 		.4byte	0x579
 722 0254 13       		.uleb128 0x13
 723 0255 20000000 		.4byte	.LVL5
 724 0259 84050000 		.4byte	0x584
 725 025d 11       		.uleb128 0x11
 726 025e 01       		.uleb128 0x1
 727 025f 50       		.byte	0x50
 728 0260 05       		.uleb128 0x5
 729 0261 03       		.byte	0x3
 730 0262 00000000 		.4byte	.LC0
 731 0266 00       		.byte	0
 732 0267 00       		.byte	0
 733 0268 14       		.uleb128 0x14
 734 0269 04       		.byte	0x4
 735 026a F0010000 		.4byte	0x1f0
 736 026e 15       		.uleb128 0x15
 737 026f 68020000 		.4byte	0x268
 738 0273 0E       		.uleb128 0xe
 739 0274 D7000000 		.4byte	.LASF55
 740 0278 01       		.byte	0x1
 741 0279 47       		.byte	0x47
 742 027a 53010000 		.4byte	0x153
 743 027e 00000000 		.4byte	.LFB1
 744 0282 14000000 		.4byte	.LFE1-.LFB1
 745 0286 01       		.uleb128 0x1
 746 0287 9C       		.byte	0x9c
 747 0288 C0020000 		.4byte	0x2c0
 748 028c 0F       		.uleb128 0xf
 749 028d 6D6500   		.ascii	"me\000"
 750 0290 01       		.byte	0x1
 751 0291 47       		.byte	0x47
ARM GAS  C:\Users\zakis\AppData\Local\Temp\ccFIOqwe.s 			page 18


 752 0292 6E020000 		.4byte	0x26e
 753 0296 2C000000 		.4byte	.LLST1
 754 029a 10       		.uleb128 0x10
 755 029b 0A000000 		.4byte	.LVL9
 756 029f 8F050000 		.4byte	0x58f
 757 02a3 AF020000 		.4byte	0x2af
 758 02a7 11       		.uleb128 0x11
 759 02a8 01       		.uleb128 0x1
 760 02a9 50       		.byte	0x50
 761 02aa 03       		.uleb128 0x3
 762 02ab 74       		.byte	0x74
 763 02ac CE01     		.sleb128 206
 764 02ae 00       		.byte	0
 765 02af 13       		.uleb128 0x13
 766 02b0 10000000 		.4byte	.LVL10
 767 02b4 8F050000 		.4byte	0x58f
 768 02b8 11       		.uleb128 0x11
 769 02b9 01       		.uleb128 0x1
 770 02ba 50       		.byte	0x50
 771 02bb 02       		.uleb128 0x2
 772 02bc 74       		.byte	0x74
 773 02bd 00       		.sleb128 0
 774 02be 00       		.byte	0
 775 02bf 00       		.byte	0
 776 02c0 16       		.uleb128 0x16
 777 02c1 12040000 		.4byte	.LASF85
 778 02c5 01       		.byte	0x1
 779 02c6 4F       		.byte	0x4f
 780 02c7 53010000 		.4byte	0x153
 781 02cb 00000000 		.4byte	.LFB2
 782 02cf 0C000000 		.4byte	.LFE2-.LFB2
 783 02d3 01       		.uleb128 0x1
 784 02d4 9C       		.byte	0x9c
 785 02d5 EC020000 		.4byte	0x2ec
 786 02d9 12       		.uleb128 0x12
 787 02da 06000000 		.4byte	.LVL11
 788 02de 9A050000 		.4byte	0x59a
 789 02e2 12       		.uleb128 0x12
 790 02e3 0A000000 		.4byte	.LVL12
 791 02e7 79050000 		.4byte	0x579
 792 02eb 00       		.byte	0
 793 02ec 0E       		.uleb128 0xe
 794 02ed BB020000 		.4byte	.LASF56
 795 02f1 01       		.byte	0x1
 796 02f2 5B       		.byte	0x5b
 797 02f3 53010000 		.4byte	0x153
 798 02f7 00000000 		.4byte	.LFB3
 799 02fb 56000000 		.4byte	.LFE3-.LFB3
 800 02ff 01       		.uleb128 0x1
 801 0300 9C       		.byte	0x9c
 802 0301 CC030000 		.4byte	0x3cc
 803 0305 0F       		.uleb128 0xf
 804 0306 6D6500   		.ascii	"me\000"
 805 0309 01       		.byte	0x1
 806 030a 5B       		.byte	0x5b
 807 030b 6E020000 		.4byte	0x26e
 808 030f 4A000000 		.4byte	.LLST2
ARM GAS  C:\Users\zakis\AppData\Local\Temp\ccFIOqwe.s 			page 19


 809 0313 0F       		.uleb128 0xf
 810 0314 7300     		.ascii	"s\000"
 811 0316 01       		.byte	0x1
 812 0317 5B       		.byte	0x5b
 813 0318 D7030000 		.4byte	0x3d7
 814 031c 94000000 		.4byte	.LLST3
 815 0320 17       		.uleb128 0x17
 816 0321 6C656E00 		.ascii	"len\000"
 817 0325 01       		.byte	0x1
 818 0326 5E       		.byte	0x5e
 819 0327 8B000000 		.4byte	0x8b
 820 032b 01       		.uleb128 0x1
 821 032c 55       		.byte	0x55
 822 032d 18       		.uleb128 0x18
 823 032e 75020000 		.4byte	.LASF57
 824 0332 01       		.byte	0x1
 825 0333 5F       		.byte	0x5f
 826 0334 8B000000 		.4byte	0x8b
 827 0338 B2000000 		.4byte	.LLST4
 828 033c 19       		.uleb128 0x19
 829 033d 00000000 		.4byte	.Ldebug_ranges0+0
 830 0341 A7030000 		.4byte	0x3a7
 831 0345 1A       		.uleb128 0x1a
 832 0346 E1010000 		.4byte	.LASF58
 833 034a 01       		.byte	0x1
 834 034b 6A       		.byte	0x6a
 835 034c 80000000 		.4byte	0x80
 836 0350 02       		.uleb128 0x2
 837 0351 91       		.byte	0x91
 838 0352 67       		.sleb128 -25
 839 0353 19       		.uleb128 0x19
 840 0354 18000000 		.4byte	.Ldebug_ranges0+0x18
 841 0358 83030000 		.4byte	0x383
 842 035c 1B       		.uleb128 0x1b
 843 035d 6900     		.ascii	"i\000"
 844 035f 01       		.byte	0x1
 845 0360 63       		.byte	0x63
 846 0361 8B000000 		.4byte	0x8b
 847 0365 D0000000 		.4byte	.LLST5
 848 0369 13       		.uleb128 0x13
 849 036a 2A000000 		.4byte	.LVL20
 850 036e A5050000 		.4byte	0x5a5
 851 0372 11       		.uleb128 0x11
 852 0373 01       		.uleb128 0x1
 853 0374 50       		.byte	0x50
 854 0375 02       		.uleb128 0x2
 855 0376 77       		.byte	0x77
 856 0377 00       		.sleb128 0
 857 0378 11       		.uleb128 0x11
 858 0379 01       		.uleb128 0x1
 859 037a 51       		.byte	0x51
 860 037b 05       		.uleb128 0x5
 861 037c 76       		.byte	0x76
 862 037d 00       		.sleb128 0
 863 037e 74       		.byte	0x74
 864 037f 00       		.sleb128 0
 865 0380 22       		.byte	0x22
ARM GAS  C:\Users\zakis\AppData\Local\Temp\ccFIOqwe.s 			page 20


 866 0381 00       		.byte	0
 867 0382 00       		.byte	0
 868 0383 10       		.uleb128 0x10
 869 0384 46000000 		.4byte	.LVL26
 870 0388 B0050000 		.4byte	0x5b0
 871 038c 9D030000 		.4byte	0x39d
 872 0390 11       		.uleb128 0x11
 873 0391 01       		.uleb128 0x1
 874 0392 50       		.byte	0x50
 875 0393 02       		.uleb128 0x2
 876 0394 77       		.byte	0x77
 877 0395 00       		.sleb128 0
 878 0396 11       		.uleb128 0x11
 879 0397 01       		.uleb128 0x1
 880 0398 51       		.byte	0x51
 881 0399 02       		.uleb128 0x2
 882 039a 91       		.byte	0x91
 883 039b 67       		.sleb128 -25
 884 039c 00       		.byte	0
 885 039d 12       		.uleb128 0x12
 886 039e 4E000000 		.4byte	.LVL27
 887 03a2 BB050000 		.4byte	0x5bb
 888 03a6 00       		.byte	0
 889 03a7 10       		.uleb128 0x10
 890 03a8 10000000 		.4byte	.LVL15
 891 03ac C6050000 		.4byte	0x5c6
 892 03b0 BB030000 		.4byte	0x3bb
 893 03b4 11       		.uleb128 0x11
 894 03b5 01       		.uleb128 0x1
 895 03b6 50       		.byte	0x50
 896 03b7 02       		.uleb128 0x2
 897 03b8 76       		.byte	0x76
 898 03b9 00       		.sleb128 0
 899 03ba 00       		.byte	0
 900 03bb 13       		.uleb128 0x13
 901 03bc 18000000 		.4byte	.LVL17
 902 03c0 D1050000 		.4byte	0x5d1
 903 03c4 11       		.uleb128 0x11
 904 03c5 01       		.uleb128 0x1
 905 03c6 50       		.byte	0x50
 906 03c7 02       		.uleb128 0x2
 907 03c8 78       		.byte	0x78
 908 03c9 00       		.sleb128 0
 909 03ca 00       		.byte	0
 910 03cb 00       		.byte	0
 911 03cc 14       		.uleb128 0x14
 912 03cd 04       		.byte	0x4
 913 03ce D2030000 		.4byte	0x3d2
 914 03d2 15       		.uleb128 0x15
 915 03d3 80000000 		.4byte	0x80
 916 03d7 15       		.uleb128 0x15
 917 03d8 CC030000 		.4byte	0x3cc
 918 03dc 0E       		.uleb128 0xe
 919 03dd 44050000 		.4byte	.LASF59
 920 03e1 01       		.byte	0x1
 921 03e2 7E       		.byte	0x7e
 922 03e3 53010000 		.4byte	0x153
ARM GAS  C:\Users\zakis\AppData\Local\Temp\ccFIOqwe.s 			page 21


 923 03e7 00000000 		.4byte	.LFB4
 924 03eb 2E000000 		.4byte	.LFE4-.LFB4
 925 03ef 01       		.uleb128 0x1
 926 03f0 9C       		.byte	0x9c
 927 03f1 53040000 		.4byte	0x453
 928 03f5 0F       		.uleb128 0xf
 929 03f6 6D6500   		.ascii	"me\000"
 930 03f9 01       		.byte	0x1
 931 03fa 7E       		.byte	0x7e
 932 03fb 6E020000 		.4byte	0x26e
 933 03ff F9000000 		.4byte	.LLST6
 934 0403 1C       		.uleb128 0x1c
 935 0404 0C000000 		.4byte	.LBB6
 936 0408 1A000000 		.4byte	.LBE6-.LBB6
 937 040c 42040000 		.4byte	0x442
 938 0410 1A       		.uleb128 0x1a
 939 0411 D5040000 		.4byte	.LASF60
 940 0415 01       		.byte	0x1
 941 0416 83       		.byte	0x83
 942 0417 80000000 		.4byte	0x80
 943 041b 02       		.uleb128 0x2
 944 041c 91       		.byte	0x91
 945 041d 6F       		.sleb128 -17
 946 041e 10       		.uleb128 0x10
 947 041f 1A000000 		.4byte	.LVL31
 948 0423 B0050000 		.4byte	0x5b0
 949 0427 38040000 		.4byte	0x438
 950 042b 11       		.uleb128 0x11
 951 042c 01       		.uleb128 0x1
 952 042d 50       		.byte	0x50
 953 042e 02       		.uleb128 0x2
 954 042f 75       		.byte	0x75
 955 0430 00       		.sleb128 0
 956 0431 11       		.uleb128 0x11
 957 0432 01       		.uleb128 0x1
 958 0433 51       		.byte	0x51
 959 0434 02       		.uleb128 0x2
 960 0435 91       		.byte	0x91
 961 0436 6F       		.sleb128 -17
 962 0437 00       		.byte	0
 963 0438 12       		.uleb128 0x12
 964 0439 22000000 		.4byte	.LVL32
 965 043d BB050000 		.4byte	0x5bb
 966 0441 00       		.byte	0
 967 0442 13       		.uleb128 0x13
 968 0443 0A000000 		.4byte	.LVL30
 969 0447 DC050000 		.4byte	0x5dc
 970 044b 11       		.uleb128 0x11
 971 044c 01       		.uleb128 0x1
 972 044d 50       		.byte	0x50
 973 044e 02       		.uleb128 0x2
 974 044f 75       		.byte	0x75
 975 0450 00       		.sleb128 0
 976 0451 00       		.byte	0
 977 0452 00       		.byte	0
 978 0453 0E       		.uleb128 0xe
 979 0454 15050000 		.4byte	.LASF61
ARM GAS  C:\Users\zakis\AppData\Local\Temp\ccFIOqwe.s 			page 22


 980 0458 01       		.byte	0x1
 981 0459 95       		.byte	0x95
 982 045a 53010000 		.4byte	0x153
 983 045e 00000000 		.4byte	.LFB5
 984 0462 36000000 		.4byte	.LFE5-.LFB5
 985 0466 01       		.uleb128 0x1
 986 0467 9C       		.byte	0x9c
 987 0468 B8040000 		.4byte	0x4b8
 988 046c 0F       		.uleb128 0xf
 989 046d 6D6500   		.ascii	"me\000"
 990 0470 01       		.byte	0x1
 991 0471 95       		.byte	0x95
 992 0472 6E020000 		.4byte	0x26e
 993 0476 17010000 		.4byte	.LLST7
 994 047a 1A       		.uleb128 0x1a
 995 047b 09010000 		.4byte	.LASF62
 996 047f 01       		.byte	0x1
 997 0480 96       		.byte	0x96
 998 0481 80000000 		.4byte	0x80
 999 0485 02       		.uleb128 0x2
 1000 0486 91       		.byte	0x91
 1001 0487 77       		.sleb128 -9
 1002 0488 18       		.uleb128 0x18
 1003 0489 0F000000 		.4byte	.LASF63
 1004 048d 01       		.byte	0x1
 1005 048e 99       		.byte	0x99
 1006 048f 53010000 		.4byte	0x153
 1007 0493 35010000 		.4byte	.LLST8
 1008 0497 12       		.uleb128 0x12
 1009 0498 0A000000 		.4byte	.LVL34
 1010 049c E7050000 		.4byte	0x5e7
 1011 04a0 13       		.uleb128 0x13
 1012 04a1 18000000 		.4byte	.LVL36
 1013 04a5 A5050000 		.4byte	0x5a5
 1014 04a9 11       		.uleb128 0x11
 1015 04aa 01       		.uleb128 0x1
 1016 04ab 50       		.byte	0x50
 1017 04ac 03       		.uleb128 0x3
 1018 04ad 74       		.byte	0x74
 1019 04ae CE01     		.sleb128 206
 1020 04b0 11       		.uleb128 0x11
 1021 04b1 01       		.uleb128 0x1
 1022 04b2 51       		.byte	0x51
 1023 04b3 02       		.uleb128 0x2
 1024 04b4 91       		.byte	0x91
 1025 04b5 77       		.sleb128 -9
 1026 04b6 00       		.byte	0
 1027 04b7 00       		.byte	0
 1028 04b8 0E       		.uleb128 0xe
 1029 04b9 93000000 		.4byte	.LASF64
 1030 04bd 01       		.byte	0x1
 1031 04be A2       		.byte	0xa2
 1032 04bf 53010000 		.4byte	0x153
 1033 04c3 00000000 		.4byte	.LFB6
 1034 04c7 3E000000 		.4byte	.LFE6-.LFB6
 1035 04cb 01       		.uleb128 0x1
 1036 04cc 9C       		.byte	0x9c
ARM GAS  C:\Users\zakis\AppData\Local\Temp\ccFIOqwe.s 			page 23


 1037 04cd 63050000 		.4byte	0x563
 1038 04d1 0F       		.uleb128 0xf
 1039 04d2 6D6500   		.ascii	"me\000"
 1040 04d5 01       		.byte	0x1
 1041 04d6 A2       		.byte	0xa2
 1042 04d7 6E020000 		.4byte	0x26e
 1043 04db 60010000 		.4byte	.LLST9
 1044 04df 1D       		.uleb128 0x1d
 1045 04e0 95020000 		.4byte	.LASF65
 1046 04e4 01       		.byte	0x1
 1047 04e5 A2       		.byte	0xa2
 1048 04e6 69050000 		.4byte	0x569
 1049 04ea 7E010000 		.4byte	.LLST10
 1050 04ee 18       		.uleb128 0x18
 1051 04ef 2B020000 		.4byte	.LASF66
 1052 04f3 01       		.byte	0x1
 1053 04f4 B2       		.byte	0xb2
 1054 04f5 79000000 		.4byte	0x79
 1055 04f9 9C010000 		.4byte	.LLST11
 1056 04fd 18       		.uleb128 0x18
 1057 04fe EC000000 		.4byte	.LASF67
 1058 0502 01       		.byte	0x1
 1059 0503 B3       		.byte	0xb3
 1060 0504 25000000 		.4byte	0x25
 1061 0508 BA010000 		.4byte	.LLST12
 1062 050c 1A       		.uleb128 0x1a
 1063 050d 68040000 		.4byte	.LASF68
 1064 0511 01       		.byte	0x1
 1065 0512 B4       		.byte	0xb4
 1066 0513 80000000 		.4byte	0x80
 1067 0517 02       		.uleb128 0x2
 1068 0518 91       		.byte	0x91
 1069 0519 6F       		.sleb128 -17
 1070 051a 1C       		.uleb128 0x1c
 1071 051b 0A000000 		.4byte	.LBB7
 1072 051f 02000000 		.4byte	.LBE7-.LBB7
 1073 0523 32050000 		.4byte	0x532
 1074 0527 1E       		.uleb128 0x1e
 1075 0528 6900     		.ascii	"i\000"
 1076 052a 01       		.byte	0x1
 1077 052b AC       		.byte	0xac
 1078 052c 80000000 		.4byte	0x80
 1079 0530 00       		.byte	0
 1080 0531 00       		.byte	0
 1081 0532 1F       		.uleb128 0x1f
 1082 0533 0C000000 		.4byte	.LBB8
 1083 0537 2E000000 		.4byte	.LBE8-.LBB8
 1084 053b 18       		.uleb128 0x18
 1085 053c 0F000000 		.4byte	.LASF63
 1086 0540 01       		.byte	0x1
 1087 0541 B6       		.byte	0xb6
 1088 0542 53010000 		.4byte	0x153
 1089 0546 EE010000 		.4byte	.LLST13
 1090 054a 13       		.uleb128 0x13
 1091 054b 1A000000 		.4byte	.LVL42
 1092 054f B0050000 		.4byte	0x5b0
 1093 0553 11       		.uleb128 0x11
ARM GAS  C:\Users\zakis\AppData\Local\Temp\ccFIOqwe.s 			page 24


 1094 0554 01       		.uleb128 0x1
 1095 0555 50       		.byte	0x50
 1096 0556 03       		.uleb128 0x3
 1097 0557 75       		.byte	0x75
 1098 0558 CE01     		.sleb128 206
 1099 055a 11       		.uleb128 0x11
 1100 055b 01       		.uleb128 0x1
 1101 055c 51       		.byte	0x51
 1102 055d 02       		.uleb128 0x2
 1103 055e 91       		.byte	0x91
 1104 055f 6F       		.sleb128 -17
 1105 0560 00       		.byte	0
 1106 0561 00       		.byte	0
 1107 0562 00       		.byte	0
 1108 0563 14       		.uleb128 0x14
 1109 0564 04       		.byte	0x4
 1110 0565 80000000 		.4byte	0x80
 1111 0569 15       		.uleb128 0x15
 1112 056a 63050000 		.4byte	0x563
 1113 056e 20       		.uleb128 0x20
 1114 056f 5D010000 		.4byte	.LASF69
 1115 0573 5D010000 		.4byte	.LASF69
 1116 0577 03       		.byte	0x3
 1117 0578 8D       		.byte	0x8d
 1118 0579 20       		.uleb128 0x20
 1119 057a 00000000 		.4byte	.LASF70
 1120 057e 00000000 		.4byte	.LASF70
 1121 0582 05       		.byte	0x5
 1122 0583 54       		.byte	0x54
 1123 0584 20       		.uleb128 0x20
 1124 0585 0C020000 		.4byte	.LASF71
 1125 0589 0C020000 		.4byte	.LASF71
 1126 058d 05       		.byte	0x5
 1127 058e 8B       		.byte	0x8b
 1128 058f 20       		.uleb128 0x20
 1129 0590 A4010000 		.4byte	.LASF72
 1130 0594 A4010000 		.4byte	.LASF72
 1131 0598 03       		.byte	0x3
 1132 0599 94       		.byte	0x94
 1133 059a 20       		.uleb128 0x20
 1134 059b BC040000 		.4byte	.LASF73
 1135 059f BC040000 		.4byte	.LASF73
 1136 05a3 05       		.byte	0x5
 1137 05a4 55       		.byte	0x55
 1138 05a5 20       		.uleb128 0x20
 1139 05a6 46020000 		.4byte	.LASF74
 1140 05aa 46020000 		.4byte	.LASF74
 1141 05ae 03       		.byte	0x3
 1142 05af 9C       		.byte	0x9c
 1143 05b0 20       		.uleb128 0x20
 1144 05b1 4F020000 		.4byte	.LASF75
 1145 05b5 4F020000 		.4byte	.LASF75
 1146 05b9 03       		.byte	0x3
 1147 05ba A4       		.byte	0xa4
 1148 05bb 20       		.uleb128 0x20
 1149 05bc 28050000 		.4byte	.LASF76
 1150 05c0 28050000 		.4byte	.LASF76
ARM GAS  C:\Users\zakis\AppData\Local\Temp\ccFIOqwe.s 			page 25


 1151 05c4 05       		.byte	0x5
 1152 05c5 88       		.byte	0x88
 1153 05c6 20       		.uleb128 0x20
 1154 05c7 4E040000 		.4byte	.LASF77
 1155 05cb 4E040000 		.4byte	.LASF77
 1156 05cf 06       		.byte	0x6
 1157 05d0 21       		.byte	0x21
 1158 05d1 20       		.uleb128 0x20
 1159 05d2 C8000000 		.4byte	.LASF78
 1160 05d6 C8000000 		.4byte	.LASF78
 1161 05da 03       		.byte	0x3
 1162 05db AB       		.byte	0xab
 1163 05dc 20       		.uleb128 0x20
 1164 05dd 8D040000 		.4byte	.LASF79
 1165 05e1 8D040000 		.4byte	.LASF79
 1166 05e5 03       		.byte	0x3
 1167 05e6 B2       		.byte	0xb2
 1168 05e7 20       		.uleb128 0x20
 1169 05e8 28040000 		.4byte	.LASF80
 1170 05ec 28040000 		.4byte	.LASF80
 1171 05f0 05       		.byte	0x5
 1172 05f1 72       		.byte	0x72
 1173 05f2 00       		.byte	0
 1174              		.section	.debug_abbrev,"",%progbits
 1175              	.Ldebug_abbrev0:
 1176 0000 01       		.uleb128 0x1
 1177 0001 11       		.uleb128 0x11
 1178 0002 01       		.byte	0x1
 1179 0003 25       		.uleb128 0x25
 1180 0004 0E       		.uleb128 0xe
 1181 0005 13       		.uleb128 0x13
 1182 0006 0B       		.uleb128 0xb
 1183 0007 03       		.uleb128 0x3
 1184 0008 0E       		.uleb128 0xe
 1185 0009 1B       		.uleb128 0x1b
 1186 000a 0E       		.uleb128 0xe
 1187 000b 55       		.uleb128 0x55
 1188 000c 17       		.uleb128 0x17
 1189 000d 11       		.uleb128 0x11
 1190 000e 01       		.uleb128 0x1
 1191 000f 10       		.uleb128 0x10
 1192 0010 17       		.uleb128 0x17
 1193 0011 00       		.byte	0
 1194 0012 00       		.byte	0
 1195 0013 02       		.uleb128 0x2
 1196 0014 24       		.uleb128 0x24
 1197 0015 00       		.byte	0
 1198 0016 0B       		.uleb128 0xb
 1199 0017 0B       		.uleb128 0xb
 1200 0018 3E       		.uleb128 0x3e
 1201 0019 0B       		.uleb128 0xb
 1202 001a 03       		.uleb128 0x3
 1203 001b 08       		.uleb128 0x8
 1204 001c 00       		.byte	0
 1205 001d 00       		.byte	0
 1206 001e 03       		.uleb128 0x3
 1207 001f 24       		.uleb128 0x24
ARM GAS  C:\Users\zakis\AppData\Local\Temp\ccFIOqwe.s 			page 26


 1208 0020 00       		.byte	0
 1209 0021 0B       		.uleb128 0xb
 1210 0022 0B       		.uleb128 0xb
 1211 0023 3E       		.uleb128 0x3e
 1212 0024 0B       		.uleb128 0xb
 1213 0025 03       		.uleb128 0x3
 1214 0026 0E       		.uleb128 0xe
 1215 0027 00       		.byte	0
 1216 0028 00       		.byte	0
 1217 0029 04       		.uleb128 0x4
 1218 002a 16       		.uleb128 0x16
 1219 002b 00       		.byte	0
 1220 002c 03       		.uleb128 0x3
 1221 002d 0E       		.uleb128 0xe
 1222 002e 3A       		.uleb128 0x3a
 1223 002f 0B       		.uleb128 0xb
 1224 0030 3B       		.uleb128 0x3b
 1225 0031 0B       		.uleb128 0xb
 1226 0032 49       		.uleb128 0x49
 1227 0033 13       		.uleb128 0x13
 1228 0034 00       		.byte	0
 1229 0035 00       		.byte	0
 1230 0036 05       		.uleb128 0x5
 1231 0037 04       		.uleb128 0x4
 1232 0038 01       		.byte	0x1
 1233 0039 0B       		.uleb128 0xb
 1234 003a 0B       		.uleb128 0xb
 1235 003b 49       		.uleb128 0x49
 1236 003c 13       		.uleb128 0x13
 1237 003d 3A       		.uleb128 0x3a
 1238 003e 0B       		.uleb128 0xb
 1239 003f 3B       		.uleb128 0x3b
 1240 0040 0B       		.uleb128 0xb
 1241 0041 01       		.uleb128 0x1
 1242 0042 13       		.uleb128 0x13
 1243 0043 00       		.byte	0
 1244 0044 00       		.byte	0
 1245 0045 06       		.uleb128 0x6
 1246 0046 28       		.uleb128 0x28
 1247 0047 00       		.byte	0
 1248 0048 03       		.uleb128 0x3
 1249 0049 0E       		.uleb128 0xe
 1250 004a 1C       		.uleb128 0x1c
 1251 004b 0B       		.uleb128 0xb
 1252 004c 00       		.byte	0
 1253 004d 00       		.byte	0
 1254 004e 07       		.uleb128 0x7
 1255 004f 28       		.uleb128 0x28
 1256 0050 00       		.byte	0
 1257 0051 03       		.uleb128 0x3
 1258 0052 0E       		.uleb128 0xe
 1259 0053 1C       		.uleb128 0x1c
 1260 0054 0D       		.uleb128 0xd
 1261 0055 00       		.byte	0
 1262 0056 00       		.byte	0
 1263 0057 08       		.uleb128 0x8
 1264 0058 13       		.uleb128 0x13
ARM GAS  C:\Users\zakis\AppData\Local\Temp\ccFIOqwe.s 			page 27


 1265 0059 01       		.byte	0x1
 1266 005a 0B       		.uleb128 0xb
 1267 005b 0B       		.uleb128 0xb
 1268 005c 3A       		.uleb128 0x3a
 1269 005d 0B       		.uleb128 0xb
 1270 005e 3B       		.uleb128 0x3b
 1271 005f 0B       		.uleb128 0xb
 1272 0060 01       		.uleb128 0x1
 1273 0061 13       		.uleb128 0x13
 1274 0062 00       		.byte	0
 1275 0063 00       		.byte	0
 1276 0064 09       		.uleb128 0x9
 1277 0065 0D       		.uleb128 0xd
 1278 0066 00       		.byte	0
 1279 0067 03       		.uleb128 0x3
 1280 0068 0E       		.uleb128 0xe
 1281 0069 3A       		.uleb128 0x3a
 1282 006a 0B       		.uleb128 0xb
 1283 006b 3B       		.uleb128 0x3b
 1284 006c 0B       		.uleb128 0xb
 1285 006d 49       		.uleb128 0x49
 1286 006e 13       		.uleb128 0x13
 1287 006f 38       		.uleb128 0x38
 1288 0070 0B       		.uleb128 0xb
 1289 0071 00       		.byte	0
 1290 0072 00       		.byte	0
 1291 0073 0A       		.uleb128 0xa
 1292 0074 01       		.uleb128 0x1
 1293 0075 01       		.byte	0x1
 1294 0076 49       		.uleb128 0x49
 1295 0077 13       		.uleb128 0x13
 1296 0078 01       		.uleb128 0x1
 1297 0079 13       		.uleb128 0x13
 1298 007a 00       		.byte	0
 1299 007b 00       		.byte	0
 1300 007c 0B       		.uleb128 0xb
 1301 007d 21       		.uleb128 0x21
 1302 007e 00       		.byte	0
 1303 007f 49       		.uleb128 0x49
 1304 0080 13       		.uleb128 0x13
 1305 0081 2F       		.uleb128 0x2f
 1306 0082 0B       		.uleb128 0xb
 1307 0083 00       		.byte	0
 1308 0084 00       		.byte	0
 1309 0085 0C       		.uleb128 0xc
 1310 0086 13       		.uleb128 0x13
 1311 0087 01       		.byte	0x1
 1312 0088 03       		.uleb128 0x3
 1313 0089 0E       		.uleb128 0xe
 1314 008a 0B       		.uleb128 0xb
 1315 008b 05       		.uleb128 0x5
 1316 008c 3A       		.uleb128 0x3a
 1317 008d 0B       		.uleb128 0xb
 1318 008e 3B       		.uleb128 0x3b
 1319 008f 0B       		.uleb128 0xb
 1320 0090 01       		.uleb128 0x1
 1321 0091 13       		.uleb128 0x13
ARM GAS  C:\Users\zakis\AppData\Local\Temp\ccFIOqwe.s 			page 28


 1322 0092 00       		.byte	0
 1323 0093 00       		.byte	0
 1324 0094 0D       		.uleb128 0xd
 1325 0095 0D       		.uleb128 0xd
 1326 0096 00       		.byte	0
 1327 0097 03       		.uleb128 0x3
 1328 0098 0E       		.uleb128 0xe
 1329 0099 3A       		.uleb128 0x3a
 1330 009a 0B       		.uleb128 0xb
 1331 009b 3B       		.uleb128 0x3b
 1332 009c 0B       		.uleb128 0xb
 1333 009d 49       		.uleb128 0x49
 1334 009e 13       		.uleb128 0x13
 1335 009f 38       		.uleb128 0x38
 1336 00a0 05       		.uleb128 0x5
 1337 00a1 00       		.byte	0
 1338 00a2 00       		.byte	0
 1339 00a3 0E       		.uleb128 0xe
 1340 00a4 2E       		.uleb128 0x2e
 1341 00a5 01       		.byte	0x1
 1342 00a6 3F       		.uleb128 0x3f
 1343 00a7 19       		.uleb128 0x19
 1344 00a8 03       		.uleb128 0x3
 1345 00a9 0E       		.uleb128 0xe
 1346 00aa 3A       		.uleb128 0x3a
 1347 00ab 0B       		.uleb128 0xb
 1348 00ac 3B       		.uleb128 0x3b
 1349 00ad 0B       		.uleb128 0xb
 1350 00ae 27       		.uleb128 0x27
 1351 00af 19       		.uleb128 0x19
 1352 00b0 49       		.uleb128 0x49
 1353 00b1 13       		.uleb128 0x13
 1354 00b2 11       		.uleb128 0x11
 1355 00b3 01       		.uleb128 0x1
 1356 00b4 12       		.uleb128 0x12
 1357 00b5 06       		.uleb128 0x6
 1358 00b6 40       		.uleb128 0x40
 1359 00b7 18       		.uleb128 0x18
 1360 00b8 9742     		.uleb128 0x2117
 1361 00ba 19       		.uleb128 0x19
 1362 00bb 01       		.uleb128 0x1
 1363 00bc 13       		.uleb128 0x13
 1364 00bd 00       		.byte	0
 1365 00be 00       		.byte	0
 1366 00bf 0F       		.uleb128 0xf
 1367 00c0 05       		.uleb128 0x5
 1368 00c1 00       		.byte	0
 1369 00c2 03       		.uleb128 0x3
 1370 00c3 08       		.uleb128 0x8
 1371 00c4 3A       		.uleb128 0x3a
 1372 00c5 0B       		.uleb128 0xb
 1373 00c6 3B       		.uleb128 0x3b
 1374 00c7 0B       		.uleb128 0xb
 1375 00c8 49       		.uleb128 0x49
 1376 00c9 13       		.uleb128 0x13
 1377 00ca 02       		.uleb128 0x2
 1378 00cb 17       		.uleb128 0x17
ARM GAS  C:\Users\zakis\AppData\Local\Temp\ccFIOqwe.s 			page 29


 1379 00cc 00       		.byte	0
 1380 00cd 00       		.byte	0
 1381 00ce 10       		.uleb128 0x10
 1382 00cf 898201   		.uleb128 0x4109
 1383 00d2 01       		.byte	0x1
 1384 00d3 11       		.uleb128 0x11
 1385 00d4 01       		.uleb128 0x1
 1386 00d5 31       		.uleb128 0x31
 1387 00d6 13       		.uleb128 0x13
 1388 00d7 01       		.uleb128 0x1
 1389 00d8 13       		.uleb128 0x13
 1390 00d9 00       		.byte	0
 1391 00da 00       		.byte	0
 1392 00db 11       		.uleb128 0x11
 1393 00dc 8A8201   		.uleb128 0x410a
 1394 00df 00       		.byte	0
 1395 00e0 02       		.uleb128 0x2
 1396 00e1 18       		.uleb128 0x18
 1397 00e2 9142     		.uleb128 0x2111
 1398 00e4 18       		.uleb128 0x18
 1399 00e5 00       		.byte	0
 1400 00e6 00       		.byte	0
 1401 00e7 12       		.uleb128 0x12
 1402 00e8 898201   		.uleb128 0x4109
 1403 00eb 00       		.byte	0
 1404 00ec 11       		.uleb128 0x11
 1405 00ed 01       		.uleb128 0x1
 1406 00ee 31       		.uleb128 0x31
 1407 00ef 13       		.uleb128 0x13
 1408 00f0 00       		.byte	0
 1409 00f1 00       		.byte	0
 1410 00f2 13       		.uleb128 0x13
 1411 00f3 898201   		.uleb128 0x4109
 1412 00f6 01       		.byte	0x1
 1413 00f7 11       		.uleb128 0x11
 1414 00f8 01       		.uleb128 0x1
 1415 00f9 31       		.uleb128 0x31
 1416 00fa 13       		.uleb128 0x13
 1417 00fb 00       		.byte	0
 1418 00fc 00       		.byte	0
 1419 00fd 14       		.uleb128 0x14
 1420 00fe 0F       		.uleb128 0xf
 1421 00ff 00       		.byte	0
 1422 0100 0B       		.uleb128 0xb
 1423 0101 0B       		.uleb128 0xb
 1424 0102 49       		.uleb128 0x49
 1425 0103 13       		.uleb128 0x13
 1426 0104 00       		.byte	0
 1427 0105 00       		.byte	0
 1428 0106 15       		.uleb128 0x15
 1429 0107 26       		.uleb128 0x26
 1430 0108 00       		.byte	0
 1431 0109 49       		.uleb128 0x49
 1432 010a 13       		.uleb128 0x13
 1433 010b 00       		.byte	0
 1434 010c 00       		.byte	0
 1435 010d 16       		.uleb128 0x16
ARM GAS  C:\Users\zakis\AppData\Local\Temp\ccFIOqwe.s 			page 30


 1436 010e 2E       		.uleb128 0x2e
 1437 010f 01       		.byte	0x1
 1438 0110 3F       		.uleb128 0x3f
 1439 0111 19       		.uleb128 0x19
 1440 0112 03       		.uleb128 0x3
 1441 0113 0E       		.uleb128 0xe
 1442 0114 3A       		.uleb128 0x3a
 1443 0115 0B       		.uleb128 0xb
 1444 0116 3B       		.uleb128 0x3b
 1445 0117 0B       		.uleb128 0xb
 1446 0118 49       		.uleb128 0x49
 1447 0119 13       		.uleb128 0x13
 1448 011a 11       		.uleb128 0x11
 1449 011b 01       		.uleb128 0x1
 1450 011c 12       		.uleb128 0x12
 1451 011d 06       		.uleb128 0x6
 1452 011e 40       		.uleb128 0x40
 1453 011f 18       		.uleb128 0x18
 1454 0120 9742     		.uleb128 0x2117
 1455 0122 19       		.uleb128 0x19
 1456 0123 01       		.uleb128 0x1
 1457 0124 13       		.uleb128 0x13
 1458 0125 00       		.byte	0
 1459 0126 00       		.byte	0
 1460 0127 17       		.uleb128 0x17
 1461 0128 34       		.uleb128 0x34
 1462 0129 00       		.byte	0
 1463 012a 03       		.uleb128 0x3
 1464 012b 08       		.uleb128 0x8
 1465 012c 3A       		.uleb128 0x3a
 1466 012d 0B       		.uleb128 0xb
 1467 012e 3B       		.uleb128 0x3b
 1468 012f 0B       		.uleb128 0xb
 1469 0130 49       		.uleb128 0x49
 1470 0131 13       		.uleb128 0x13
 1471 0132 02       		.uleb128 0x2
 1472 0133 18       		.uleb128 0x18
 1473 0134 00       		.byte	0
 1474 0135 00       		.byte	0
 1475 0136 18       		.uleb128 0x18
 1476 0137 34       		.uleb128 0x34
 1477 0138 00       		.byte	0
 1478 0139 03       		.uleb128 0x3
 1479 013a 0E       		.uleb128 0xe
 1480 013b 3A       		.uleb128 0x3a
 1481 013c 0B       		.uleb128 0xb
 1482 013d 3B       		.uleb128 0x3b
 1483 013e 0B       		.uleb128 0xb
 1484 013f 49       		.uleb128 0x49
 1485 0140 13       		.uleb128 0x13
 1486 0141 02       		.uleb128 0x2
 1487 0142 17       		.uleb128 0x17
 1488 0143 00       		.byte	0
 1489 0144 00       		.byte	0
 1490 0145 19       		.uleb128 0x19
 1491 0146 0B       		.uleb128 0xb
 1492 0147 01       		.byte	0x1
ARM GAS  C:\Users\zakis\AppData\Local\Temp\ccFIOqwe.s 			page 31


 1493 0148 55       		.uleb128 0x55
 1494 0149 17       		.uleb128 0x17
 1495 014a 01       		.uleb128 0x1
 1496 014b 13       		.uleb128 0x13
 1497 014c 00       		.byte	0
 1498 014d 00       		.byte	0
 1499 014e 1A       		.uleb128 0x1a
 1500 014f 34       		.uleb128 0x34
 1501 0150 00       		.byte	0
 1502 0151 03       		.uleb128 0x3
 1503 0152 0E       		.uleb128 0xe
 1504 0153 3A       		.uleb128 0x3a
 1505 0154 0B       		.uleb128 0xb
 1506 0155 3B       		.uleb128 0x3b
 1507 0156 0B       		.uleb128 0xb
 1508 0157 49       		.uleb128 0x49
 1509 0158 13       		.uleb128 0x13
 1510 0159 02       		.uleb128 0x2
 1511 015a 18       		.uleb128 0x18
 1512 015b 00       		.byte	0
 1513 015c 00       		.byte	0
 1514 015d 1B       		.uleb128 0x1b
 1515 015e 34       		.uleb128 0x34
 1516 015f 00       		.byte	0
 1517 0160 03       		.uleb128 0x3
 1518 0161 08       		.uleb128 0x8
 1519 0162 3A       		.uleb128 0x3a
 1520 0163 0B       		.uleb128 0xb
 1521 0164 3B       		.uleb128 0x3b
 1522 0165 0B       		.uleb128 0xb
 1523 0166 49       		.uleb128 0x49
 1524 0167 13       		.uleb128 0x13
 1525 0168 02       		.uleb128 0x2
 1526 0169 17       		.uleb128 0x17
 1527 016a 00       		.byte	0
 1528 016b 00       		.byte	0
 1529 016c 1C       		.uleb128 0x1c
 1530 016d 0B       		.uleb128 0xb
 1531 016e 01       		.byte	0x1
 1532 016f 11       		.uleb128 0x11
 1533 0170 01       		.uleb128 0x1
 1534 0171 12       		.uleb128 0x12
 1535 0172 06       		.uleb128 0x6
 1536 0173 01       		.uleb128 0x1
 1537 0174 13       		.uleb128 0x13
 1538 0175 00       		.byte	0
 1539 0176 00       		.byte	0
 1540 0177 1D       		.uleb128 0x1d
 1541 0178 05       		.uleb128 0x5
 1542 0179 00       		.byte	0
 1543 017a 03       		.uleb128 0x3
 1544 017b 0E       		.uleb128 0xe
 1545 017c 3A       		.uleb128 0x3a
 1546 017d 0B       		.uleb128 0xb
 1547 017e 3B       		.uleb128 0x3b
 1548 017f 0B       		.uleb128 0xb
 1549 0180 49       		.uleb128 0x49
ARM GAS  C:\Users\zakis\AppData\Local\Temp\ccFIOqwe.s 			page 32


 1550 0181 13       		.uleb128 0x13
 1551 0182 02       		.uleb128 0x2
 1552 0183 17       		.uleb128 0x17
 1553 0184 00       		.byte	0
 1554 0185 00       		.byte	0
 1555 0186 1E       		.uleb128 0x1e
 1556 0187 34       		.uleb128 0x34
 1557 0188 00       		.byte	0
 1558 0189 03       		.uleb128 0x3
 1559 018a 08       		.uleb128 0x8
 1560 018b 3A       		.uleb128 0x3a
 1561 018c 0B       		.uleb128 0xb
 1562 018d 3B       		.uleb128 0x3b
 1563 018e 0B       		.uleb128 0xb
 1564 018f 49       		.uleb128 0x49
 1565 0190 13       		.uleb128 0x13
 1566 0191 1C       		.uleb128 0x1c
 1567 0192 0B       		.uleb128 0xb
 1568 0193 00       		.byte	0
 1569 0194 00       		.byte	0
 1570 0195 1F       		.uleb128 0x1f
 1571 0196 0B       		.uleb128 0xb
 1572 0197 01       		.byte	0x1
 1573 0198 11       		.uleb128 0x11
 1574 0199 01       		.uleb128 0x1
 1575 019a 12       		.uleb128 0x12
 1576 019b 06       		.uleb128 0x6
 1577 019c 00       		.byte	0
 1578 019d 00       		.byte	0
 1579 019e 20       		.uleb128 0x20
 1580 019f 2E       		.uleb128 0x2e
 1581 01a0 00       		.byte	0
 1582 01a1 3F       		.uleb128 0x3f
 1583 01a2 19       		.uleb128 0x19
 1584 01a3 3C       		.uleb128 0x3c
 1585 01a4 19       		.uleb128 0x19
 1586 01a5 6E       		.uleb128 0x6e
 1587 01a6 0E       		.uleb128 0xe
 1588 01a7 03       		.uleb128 0x3
 1589 01a8 0E       		.uleb128 0xe
 1590 01a9 3A       		.uleb128 0x3a
 1591 01aa 0B       		.uleb128 0xb
 1592 01ab 3B       		.uleb128 0x3b
 1593 01ac 0B       		.uleb128 0xb
 1594 01ad 00       		.byte	0
 1595 01ae 00       		.byte	0
 1596 01af 00       		.byte	0
 1597              		.section	.debug_loc,"",%progbits
 1598              	.Ldebug_loc0:
 1599              	.LLST0:
 1600 0000 00000000 		.4byte	.LVL0
 1601 0004 06000000 		.4byte	.LVL1
 1602 0008 0100     		.2byte	0x1
 1603 000a 50       		.byte	0x50
 1604 000b 06000000 		.4byte	.LVL1
 1605 000f 24000000 		.4byte	.LVL6
 1606 0013 0100     		.2byte	0x1
ARM GAS  C:\Users\zakis\AppData\Local\Temp\ccFIOqwe.s 			page 33


 1607 0015 54       		.byte	0x54
 1608 0016 24000000 		.4byte	.LVL6
 1609 001a 28000000 		.4byte	.LFE0
 1610 001e 0400     		.2byte	0x4
 1611 0020 F3       		.byte	0xf3
 1612 0021 01       		.uleb128 0x1
 1613 0022 50       		.byte	0x50
 1614 0023 9F       		.byte	0x9f
 1615 0024 00000000 		.4byte	0
 1616 0028 00000000 		.4byte	0
 1617              	.LLST1:
 1618 002c 00000000 		.4byte	.LVL7
 1619 0030 06000000 		.4byte	.LVL8
 1620 0034 0100     		.2byte	0x1
 1621 0036 50       		.byte	0x50
 1622 0037 06000000 		.4byte	.LVL8
 1623 003b 14000000 		.4byte	.LFE1
 1624 003f 0100     		.2byte	0x1
 1625 0041 54       		.byte	0x54
 1626 0042 00000000 		.4byte	0
 1627 0046 00000000 		.4byte	0
 1628              	.LLST2:
 1629 004a 00000000 		.4byte	.LVL13
 1630 004e 0C000000 		.4byte	.LVL14
 1631 0052 0100     		.2byte	0x1
 1632 0054 50       		.byte	0x50
 1633 0055 0C000000 		.4byte	.LVL14
 1634 0059 22000000 		.4byte	.LVL19
 1635 005d 0100     		.2byte	0x1
 1636 005f 58       		.byte	0x58
 1637 0060 22000000 		.4byte	.LVL19
 1638 0064 30000000 		.4byte	.LVL23
 1639 0068 0100     		.2byte	0x1
 1640 006a 57       		.byte	0x57
 1641 006b 30000000 		.4byte	.LVL23
 1642 006f 34000000 		.4byte	.LVL24
 1643 0073 0100     		.2byte	0x1
 1644 0075 58       		.byte	0x58
 1645 0076 34000000 		.4byte	.LVL24
 1646 007a 50000000 		.4byte	.LVL28
 1647 007e 0100     		.2byte	0x1
 1648 0080 57       		.byte	0x57
 1649 0081 50000000 		.4byte	.LVL28
 1650 0085 56000000 		.4byte	.LFE3
 1651 0089 0100     		.2byte	0x1
 1652 008b 58       		.byte	0x58
 1653 008c 00000000 		.4byte	0
 1654 0090 00000000 		.4byte	0
 1655              	.LLST3:
 1656 0094 00000000 		.4byte	.LVL13
 1657 0098 0F000000 		.4byte	.LVL15-1
 1658 009c 0100     		.2byte	0x1
 1659 009e 51       		.byte	0x51
 1660 009f 0F000000 		.4byte	.LVL15-1
 1661 00a3 56000000 		.4byte	.LFE3
 1662 00a7 0100     		.2byte	0x1
 1663 00a9 56       		.byte	0x56
ARM GAS  C:\Users\zakis\AppData\Local\Temp\ccFIOqwe.s 			page 34


 1664 00aa 00000000 		.4byte	0
 1665 00ae 00000000 		.4byte	0
 1666              	.LLST4:
 1667 00b2 18000000 		.4byte	.LVL17
 1668 00b6 20000000 		.4byte	.LVL18
 1669 00ba 0100     		.2byte	0x1
 1670 00bc 50       		.byte	0x50
 1671 00bd 30000000 		.4byte	.LVL23
 1672 00c1 34000000 		.4byte	.LVL24
 1673 00c5 0100     		.2byte	0x1
 1674 00c7 50       		.byte	0x50
 1675 00c8 00000000 		.4byte	0
 1676 00cc 00000000 		.4byte	0
 1677              	.LLST5:
 1678 00d0 22000000 		.4byte	.LVL19
 1679 00d4 2C000000 		.4byte	.LVL21
 1680 00d8 0100     		.2byte	0x1
 1681 00da 54       		.byte	0x54
 1682 00db 2E000000 		.4byte	.LVL22
 1683 00df 30000000 		.4byte	.LVL23
 1684 00e3 0100     		.2byte	0x1
 1685 00e5 54       		.byte	0x54
 1686 00e6 34000000 		.4byte	.LVL24
 1687 00ea 3A000000 		.4byte	.LVL25
 1688 00ee 0100     		.2byte	0x1
 1689 00f0 54       		.byte	0x54
 1690 00f1 00000000 		.4byte	0
 1691 00f5 00000000 		.4byte	0
 1692              	.LLST6:
 1693 00f9 00000000 		.4byte	.LVL29
 1694 00fd 09000000 		.4byte	.LVL30-1
 1695 0101 0100     		.2byte	0x1
 1696 0103 50       		.byte	0x50
 1697 0104 09000000 		.4byte	.LVL30-1
 1698 0108 2E000000 		.4byte	.LFE4
 1699 010c 0100     		.2byte	0x1
 1700 010e 55       		.byte	0x55
 1701 010f 00000000 		.4byte	0
 1702 0113 00000000 		.4byte	0
 1703              	.LLST7:
 1704 0117 00000000 		.4byte	.LVL33
 1705 011b 09000000 		.4byte	.LVL34-1
 1706 011f 0100     		.2byte	0x1
 1707 0121 50       		.byte	0x50
 1708 0122 09000000 		.4byte	.LVL34-1
 1709 0126 36000000 		.4byte	.LFE5
 1710 012a 0100     		.2byte	0x1
 1711 012c 54       		.byte	0x54
 1712 012d 00000000 		.4byte	0
 1713 0131 00000000 		.4byte	0
 1714              	.LLST8:
 1715 0135 10000000 		.4byte	.LVL35
 1716 0139 18000000 		.4byte	.LVL36
 1717 013d 0300     		.2byte	0x3
 1718 013f 09       		.byte	0x9
 1719 0140 FF       		.byte	0xff
 1720 0141 9F       		.byte	0x9f
ARM GAS  C:\Users\zakis\AppData\Local\Temp\ccFIOqwe.s 			page 35


 1721 0142 18000000 		.4byte	.LVL36
 1722 0146 26000000 		.4byte	.LVL37
 1723 014a 0100     		.2byte	0x1
 1724 014c 50       		.byte	0x50
 1725 014d 26000000 		.4byte	.LVL37
 1726 0151 36000000 		.4byte	.LFE5
 1727 0155 0100     		.2byte	0x1
 1728 0157 52       		.byte	0x52
 1729 0158 00000000 		.4byte	0
 1730 015c 00000000 		.4byte	0
 1731              	.LLST9:
 1732 0160 00000000 		.4byte	.LVL38
 1733 0164 0C000000 		.4byte	.LVL40
 1734 0168 0100     		.2byte	0x1
 1735 016a 50       		.byte	0x50
 1736 016b 0C000000 		.4byte	.LVL40
 1737 016f 3E000000 		.4byte	.LFE6
 1738 0173 0100     		.2byte	0x1
 1739 0175 55       		.byte	0x55
 1740 0176 00000000 		.4byte	0
 1741 017a 00000000 		.4byte	0
 1742              	.LLST10:
 1743 017e 00000000 		.4byte	.LVL38
 1744 0182 0C000000 		.4byte	.LVL40
 1745 0186 0100     		.2byte	0x1
 1746 0188 51       		.byte	0x51
 1747 0189 0C000000 		.4byte	.LVL40
 1748 018d 3E000000 		.4byte	.LFE6
 1749 0191 0100     		.2byte	0x1
 1750 0193 56       		.byte	0x56
 1751 0194 00000000 		.4byte	0
 1752 0198 00000000 		.4byte	0
 1753              	.LLST11:
 1754 019c 0C000000 		.4byte	.LVL40
 1755 01a0 0E000000 		.4byte	.LVL41
 1756 01a4 0100     		.2byte	0x1
 1757 01a6 53       		.byte	0x53
 1758 01a7 20000000 		.4byte	.LVL43
 1759 01ab 36000000 		.4byte	.LVL46
 1760 01af 0100     		.2byte	0x1
 1761 01b1 53       		.byte	0x53
 1762 01b2 00000000 		.4byte	0
 1763 01b6 00000000 		.4byte	0
 1764              	.LLST12:
 1765 01ba 0C000000 		.4byte	.LVL40
 1766 01be 0E000000 		.4byte	.LVL41
 1767 01c2 0100     		.2byte	0x1
 1768 01c4 52       		.byte	0x52
 1769 01c5 0E000000 		.4byte	.LVL41
 1770 01c9 22000000 		.4byte	.LVL44
 1771 01cd 0100     		.2byte	0x1
 1772 01cf 54       		.byte	0x54
 1773 01d0 22000000 		.4byte	.LVL44
 1774 01d4 36000000 		.4byte	.LVL46
 1775 01d8 0100     		.2byte	0x1
 1776 01da 52       		.byte	0x52
 1777 01db 36000000 		.4byte	.LVL46
ARM GAS  C:\Users\zakis\AppData\Local\Temp\ccFIOqwe.s 			page 36


 1778 01df 3A000000 		.4byte	.LVL47
 1779 01e3 0100     		.2byte	0x1
 1780 01e5 54       		.byte	0x54
 1781 01e6 00000000 		.4byte	0
 1782 01ea 00000000 		.4byte	0
 1783              	.LLST13:
 1784 01ee 0C000000 		.4byte	.LVL40
 1785 01f2 0E000000 		.4byte	.LVL41
 1786 01f6 0100     		.2byte	0x1
 1787 01f8 50       		.byte	0x50
 1788 01f9 1A000000 		.4byte	.LVL42
 1789 01fd 34000000 		.4byte	.LVL45
 1790 0201 0100     		.2byte	0x1
 1791 0203 50       		.byte	0x50
 1792 0204 36000000 		.4byte	.LVL46
 1793 0208 3A000000 		.4byte	.LVL47
 1794 020c 0100     		.2byte	0x1
 1795 020e 50       		.byte	0x50
 1796 020f 00000000 		.4byte	0
 1797 0213 00000000 		.4byte	0
 1798              		.section	.debug_aranges,"",%progbits
 1799 0000 4C000000 		.4byte	0x4c
 1800 0004 0200     		.2byte	0x2
 1801 0006 00000000 		.4byte	.Ldebug_info0
 1802 000a 04       		.byte	0x4
 1803 000b 00       		.byte	0
 1804 000c 0000     		.2byte	0
 1805 000e 0000     		.2byte	0
 1806 0010 00000000 		.4byte	.LFB0
 1807 0014 28000000 		.4byte	.LFE0-.LFB0
 1808 0018 00000000 		.4byte	.LFB1
 1809 001c 14000000 		.4byte	.LFE1-.LFB1
 1810 0020 00000000 		.4byte	.LFB2
 1811 0024 0C000000 		.4byte	.LFE2-.LFB2
 1812 0028 00000000 		.4byte	.LFB3
 1813 002c 56000000 		.4byte	.LFE3-.LFB3
 1814 0030 00000000 		.4byte	.LFB4
 1815 0034 2E000000 		.4byte	.LFE4-.LFB4
 1816 0038 00000000 		.4byte	.LFB5
 1817 003c 36000000 		.4byte	.LFE5-.LFB5
 1818 0040 00000000 		.4byte	.LFB6
 1819 0044 3E000000 		.4byte	.LFE6-.LFB6
 1820 0048 00000000 		.4byte	0
 1821 004c 00000000 		.4byte	0
 1822              		.section	.debug_ranges,"",%progbits
 1823              	.Ldebug_ranges0:
 1824 0000 22000000 		.4byte	.LBB2
 1825 0004 32000000 		.4byte	.LBE2
 1826 0008 34000000 		.4byte	.LBB5
 1827 000c 4E000000 		.4byte	.LBE5
 1828 0010 00000000 		.4byte	0
 1829 0014 00000000 		.4byte	0
 1830 0018 22000000 		.4byte	.LBB3
 1831 001c 32000000 		.4byte	.LBE3
 1832 0020 34000000 		.4byte	.LBB4
 1833 0024 38000000 		.4byte	.LBE4
 1834 0028 00000000 		.4byte	0
ARM GAS  C:\Users\zakis\AppData\Local\Temp\ccFIOqwe.s 			page 37


 1835 002c 00000000 		.4byte	0
 1836 0030 00000000 		.4byte	.LFB0
 1837 0034 28000000 		.4byte	.LFE0
 1838 0038 00000000 		.4byte	.LFB1
 1839 003c 14000000 		.4byte	.LFE1
 1840 0040 00000000 		.4byte	.LFB2
 1841 0044 0C000000 		.4byte	.LFE2
 1842 0048 00000000 		.4byte	.LFB3
 1843 004c 56000000 		.4byte	.LFE3
 1844 0050 00000000 		.4byte	.LFB4
 1845 0054 2E000000 		.4byte	.LFE4
 1846 0058 00000000 		.4byte	.LFB5
 1847 005c 36000000 		.4byte	.LFE5
 1848 0060 00000000 		.4byte	.LFB6
 1849 0064 3E000000 		.4byte	.LFE6
 1850 0068 00000000 		.4byte	0
 1851 006c 00000000 		.4byte	0
 1852              		.section	.debug_line,"",%progbits
 1853              	.Ldebug_line0:
 1854 0000 BE010000 		.section	.debug_str,"MS",%progbits,1
 1854      0200F800 
 1854      00000201 
 1854      FB0E0D00 
 1854      01010101 
 1855              	.LASF70:
 1856 0000 55415254 		.ascii	"UART_LOG_Start\000"
 1856      5F4C4F47 
 1856      5F537461 
 1856      727400
 1857              	.LASF63:
 1858 000f 72657375 		.ascii	"result\000"
 1858      6C7400
 1859              	.LASF47:
 1860 0016 6D5F7772 		.ascii	"m_writeIndex\000"
 1860      69746549 
 1860      6E646578 
 1860      00
 1861              	.LASF50:
 1862 0023 6D5F7478 		.ascii	"m_txBuffer\000"
 1862      42756666 
 1862      657200
 1863              	.LASF30:
 1864 002e 52435F45 		.ascii	"RC_ERROR_READ_ONLY\000"
 1864      52524F52 
 1864      5F524541 
 1864      445F4F4E 
 1864      4C5900
 1865              	.LASF16:
 1866 0041 52435F53 		.ascii	"RC_SUCCESS\000"
 1866      55434345 
 1866      535300
 1867              	.LASF84:
 1868 004c 73556172 		.ascii	"sUart\000"
 1868      7400
 1869              	.LASF31:
 1870 0052 52435F45 		.ascii	"RC_ERROR_WRITE_ONLY\000"
 1870      52524F52 
ARM GAS  C:\Users\zakis\AppData\Local\Temp\ccFIOqwe.s 			page 38


 1870      5F575249 
 1870      54455F4F 
 1870      4E4C5900 
 1871              	.LASF5:
 1872 0066 73686F72 		.ascii	"short int\000"
 1872      7420696E 
 1872      7400
 1873              	.LASF49:
 1874 0070 52425F74 		.ascii	"RB_t\000"
 1874      00
 1875              	.LASF34:
 1876 0075 52435F45 		.ascii	"RC_ERROR_WRITE_FAILS\000"
 1876      52524F52 
 1876      5F575249 
 1876      54455F46 
 1876      41494C53 
 1877              	.LASF10:
 1878 008a 73697A65 		.ascii	"sizetype\000"
 1878      74797065 
 1878      00
 1879              	.LASF64:
 1880 0093 55415254 		.ascii	"UART_getJsonString\000"
 1880      5F676574 
 1880      4A736F6E 
 1880      53747269 
 1880      6E6700
 1881              	.LASF19:
 1882 00a6 52435F45 		.ascii	"RC_ERROR_ZERO\000"
 1882      52524F52 
 1882      5F5A4552 
 1882      4F00
 1883              	.LASF33:
 1884 00b4 52435F45 		.ascii	"RC_ERROR_READ_FAILS\000"
 1884      52524F52 
 1884      5F524541 
 1884      445F4641 
 1884      494C5300 
 1885              	.LASF78:
 1886 00c8 52425F67 		.ascii	"RB_getCapacity\000"
 1886      65744361 
 1886      70616369 
 1886      747900
 1887              	.LASF55:
 1888 00d7 55415254 		.ascii	"UART_clear\000"
 1888      5F636C65 
 1888      617200
 1889              	.LASF44:
 1890 00e2 52425F64 		.ascii	"RB_data_t\000"
 1890      6174615F 
 1890      7400
 1891              	.LASF67:
 1892 00ec 696E6465 		.ascii	"index\000"
 1892      7800
 1893              	.LASF39:
 1894 00f2 52435F45 		.ascii	"RC_ERROR_INVALID_STATE\000"
 1894      52524F52 
 1894      5F494E56 
ARM GAS  C:\Users\zakis\AppData\Local\Temp\ccFIOqwe.s 			page 39


 1894      414C4944 
 1894      5F535441 
 1895              	.LASF62:
 1896 0109 72656365 		.ascii	"receivedByte\000"
 1896      69766564 
 1896      42797465 
 1896      00
 1897              	.LASF21:
 1898 0116 52435F45 		.ascii	"RC_ERROR_RANGE\000"
 1898      52524F52 
 1898      5F52414E 
 1898      474500
 1899              	.LASF14:
 1900 0125 666C6F61 		.ascii	"float\000"
 1900      7400
 1901              	.LASF41:
 1902 012b 52435F45 		.ascii	"RC_ERROR_NOT_IMPLEMENTED\000"
 1902      52524F52 
 1902      5F4E4F54 
 1902      5F494D50 
 1902      4C454D45 
 1903              	.LASF1:
 1904 0144 6C6F6E67 		.ascii	"long long int\000"
 1904      206C6F6E 
 1904      6720696E 
 1904      7400
 1905              	.LASF51:
 1906 0152 6D5F7278 		.ascii	"m_rxBuffer\000"
 1906      42756666 
 1906      657200
 1907              	.LASF69:
 1908 015d 52425F69 		.ascii	"RB_init\000"
 1908      6E697400 
 1909              	.LASF35:
 1910 0165 52435F45 		.ascii	"RC_ERROR_NOT_MATCH\000"
 1910      52524F52 
 1910      5F4E4F54 
 1910      5F4D4154 
 1910      434800
 1911              	.LASF40:
 1912 0178 52435F45 		.ascii	"RC_ERROR_UNKNOWN\000"
 1912      52524F52 
 1912      5F554E4B 
 1912      4E4F574E 
 1912      00
 1913              	.LASF7:
 1914 0189 6C6F6E67 		.ascii	"long int\000"
 1914      20696E74 
 1914      00
 1915              	.LASF23:
 1916 0192 52435F45 		.ascii	"RC_ERROR_UNDERRUN\000"
 1916      52524F52 
 1916      5F554E44 
 1916      45525255 
 1916      4E00
 1917              	.LASF72:
 1918 01a4 52425F63 		.ascii	"RB_clear\000"
ARM GAS  C:\Users\zakis\AppData\Local\Temp\ccFIOqwe.s 			page 40


 1918      6C656172 
 1918      00
 1919              	.LASF26:
 1920 01ad 52435F45 		.ascii	"RC_ERROR_BUSY\000"
 1920      52524F52 
 1920      5F425553 
 1920      5900
 1921              	.LASF24:
 1922 01bb 52435F45 		.ascii	"RC_ERROR_BUFFER_FULL\000"
 1922      52524F52 
 1922      5F425546 
 1922      4645525F 
 1922      46554C4C 
 1923              	.LASF32:
 1924 01d0 52435F45 		.ascii	"RC_ERROR_INVALID\000"
 1924      52524F52 
 1924      5F494E56 
 1924      414C4944 
 1924      00
 1925              	.LASF58:
 1926 01e1 66697273 		.ascii	"firstElement\000"
 1926      74456C65 
 1926      6D656E74 
 1926      00
 1927              	.LASF37:
 1928 01ee 52435F45 		.ascii	"RC_ERROR_BAD_DATA\000"
 1928      52524F52 
 1928      5F424144 
 1928      5F444154 
 1928      4100
 1929              	.LASF48:
 1930 0200 6D5F6669 		.ascii	"m_fillLevel\000"
 1930      6C6C4C65 
 1930      76656C00 
 1931              	.LASF71:
 1932 020c 55415254 		.ascii	"UART_LOG_PutString\000"
 1932      5F4C4F47 
 1932      5F507574 
 1932      53747269 
 1932      6E6700
 1933              	.LASF2:
 1934 021f 6C6F6E67 		.ascii	"long double\000"
 1934      20646F75 
 1934      626C6500 
 1935              	.LASF66:
 1936 022b 72656365 		.ascii	"receivedChar\000"
 1936      69766564 
 1936      43686172 
 1936      00
 1937              	.LASF4:
 1938 0238 756E7369 		.ascii	"unsigned char\000"
 1938      676E6564 
 1938      20636861 
 1938      7200
 1939              	.LASF74:
 1940 0246 52425F77 		.ascii	"RB_write\000"
 1940      72697465 
ARM GAS  C:\Users\zakis\AppData\Local\Temp\ccFIOqwe.s 			page 41


 1940      00
 1941              	.LASF75:
 1942 024f 52425F72 		.ascii	"RB_read\000"
 1942      65616400 
 1943              	.LASF38:
 1944 0257 52435F45 		.ascii	"RC_ERROR_CANCELED\000"
 1944      52524F52 
 1944      5F43414E 
 1944      43454C45 
 1944      4400
 1945              	.LASF3:
 1946 0269 7369676E 		.ascii	"signed char\000"
 1946      65642063 
 1946      68617200 
 1947              	.LASF57:
 1948 0275 63617061 		.ascii	"capacity\000"
 1948      63697479 
 1948      00
 1949              	.LASF9:
 1950 027e 6C6F6E67 		.ascii	"long long unsigned int\000"
 1950      206C6F6E 
 1950      6720756E 
 1950      7369676E 
 1950      65642069 
 1951              	.LASF65:
 1952 0295 6A736F6E 		.ascii	"jsonString\000"
 1952      53747269 
 1952      6E6700
 1953              	.LASF0:
 1954 02a0 756E7369 		.ascii	"unsigned int\000"
 1954      676E6564 
 1954      20696E74 
 1954      00
 1955              	.LASF28:
 1956 02ad 52435F45 		.ascii	"RC_ERROR_OPEN\000"
 1956      52524F52 
 1956      5F4F5045 
 1956      4E00
 1957              	.LASF56:
 1958 02bb 55415254 		.ascii	"UART_writeString\000"
 1958      5F777269 
 1958      74655374 
 1958      72696E67 
 1958      00
 1959              	.LASF18:
 1960 02cc 52435F45 		.ascii	"RC_ERROR_NULL\000"
 1960      52524F52 
 1960      5F4E554C 
 1960      4C00
 1961              	.LASF25:
 1962 02da 52435F45 		.ascii	"RC_ERROR_BUFFER_EMTPY\000"
 1962      52524F52 
 1962      5F425546 
 1962      4645525F 
 1962      454D5450 
 1963              	.LASF83:
 1964 02f0 433A5C55 		.ascii	"C:\\Users\\zakis\\Documents\\EOS_Assignment_Two\\JS"
ARM GAS  C:\Users\zakis\AppData\Local\Temp\ccFIOqwe.s 			page 42


 1964      73657273 
 1964      5C7A616B 
 1964      69735C44 
 1964      6F63756D 
 1965 031e 4F4E5F50 		.ascii	"ON_Parser\\EOS_Assignment_Two\\Archive\\JSON_Parser"
 1965      61727365 
 1965      725C454F 
 1965      535F4173 
 1965      7369676E 
 1966 034e 2E637970 		.ascii	".cyprj.Archive02\\JSON_Parser.cydsn\000"
 1966      726A2E41 
 1966      72636869 
 1966      76653032 
 1966      5C4A534F 
 1967              	.LASF6:
 1968 0371 73686F72 		.ascii	"short unsigned int\000"
 1968      7420756E 
 1968      7369676E 
 1968      65642069 
 1968      6E7400
 1969              	.LASF81:
 1970 0384 474E5520 		.ascii	"GNU C11 5.4.1 20160609 (release) [ARM/embedded-5-br"
 1970      43313120 
 1970      352E342E 
 1970      31203230 
 1970      31363036 
 1971 03b7 616E6368 		.ascii	"anch revision 237715] -mcpu=cortex-m3 -mthumb -g -O"
 1971      20726576 
 1971      6973696F 
 1971      6E203233 
 1971      37373135 
 1972 03ea 67202D66 		.ascii	"g -ffunction-sections -ffat-lto-objects\000"
 1972      66756E63 
 1972      74696F6E 
 1972      2D736563 
 1972      74696F6E 
 1973              	.LASF85:
 1974 0412 55415254 		.ascii	"UART_restartOperation\000"
 1974      5F726573 
 1974      74617274 
 1974      4F706572 
 1974      6174696F 
 1975              	.LASF80:
 1976 0428 55415254 		.ascii	"UART_LOG_GetByte\000"
 1976      5F4C4F47 
 1976      5F476574 
 1976      42797465 
 1976      00
 1977              	.LASF11:
 1978 0439 63686172 		.ascii	"char\000"
 1978      00
 1979              	.LASF13:
 1980 043e 75696E74 		.ascii	"uint16_t\000"
 1980      31365F74 
 1980      00
 1981              	.LASF53:
 1982 0447 55415254 		.ascii	"UART_t\000"
ARM GAS  C:\Users\zakis\AppData\Local\Temp\ccFIOqwe.s 			page 43


 1982      5F7400
 1983              	.LASF77:
 1984 044e 7374726C 		.ascii	"strlen\000"
 1984      656E00
 1985              	.LASF36:
 1986 0455 52435F45 		.ascii	"RC_ERROR_BAD_PARAM\000"
 1986      52524F52 
 1986      5F424144 
 1986      5F504152 
 1986      414D00
 1987              	.LASF68:
 1988 0468 64617461 		.ascii	"data\000"
 1988      00
 1989              	.LASF54:
 1990 046d 55415254 		.ascii	"UART_init\000"
 1990      5F696E69 
 1990      7400
 1991              	.LASF82:
 1992 0477 736F7572 		.ascii	"source\\bsw\\cdd\\uart.c\000"
 1992      63655C62 
 1992      73775C63 
 1992      64645C75 
 1992      6172742E 
 1993              	.LASF79:
 1994 048d 52425F67 		.ascii	"RB_getNumberOfStoredElements\000"
 1994      65744E75 
 1994      6D626572 
 1994      4F665374 
 1994      6F726564 
 1995              	.LASF8:
 1996 04aa 6C6F6E67 		.ascii	"long unsigned int\000"
 1996      20756E73 
 1996      69676E65 
 1996      6420696E 
 1996      7400
 1997              	.LASF73:
 1998 04bc 55415254 		.ascii	"UART_LOG_Stop\000"
 1998      5F4C4F47 
 1998      5F53746F 
 1998      7000
 1999              	.LASF42:
 2000 04ca 52435F54 		.ascii	"RC_TRIGGER\000"
 2000      52494747 
 2000      455200
 2001              	.LASF60:
 2002 04d5 6E657874 		.ascii	"nextElement\000"
 2002      456C656D 
 2002      656E7400 
 2003              	.LASF52:
 2004 04e1 636F756E 		.ascii	"countISR\000"
 2004      74495352 
 2004      00
 2005              	.LASF29:
 2006 04ea 52435F45 		.ascii	"RC_ERROR_CHECKSUM\000"
 2006      52524F52 
 2006      5F434845 
 2006      434B5355 
ARM GAS  C:\Users\zakis\AppData\Local\Temp\ccFIOqwe.s 			page 44


 2006      4D00
 2007              	.LASF22:
 2008 04fc 52435F45 		.ascii	"RC_ERROR_OVERRUN\000"
 2008      52524F52 
 2008      5F4F5645 
 2008      5252554E 
 2008      00
 2009              	.LASF12:
 2010 050d 75696E74 		.ascii	"uint8_t\000"
 2010      385F7400 
 2011              	.LASF61:
 2012 0515 55415254 		.ascii	"UART_RX_isrHandler\000"
 2012      5F52585F 
 2012      69737248 
 2012      616E646C 
 2012      657200
 2013              	.LASF76:
 2014 0528 55415254 		.ascii	"UART_LOG_WriteTxData\000"
 2014      5F4C4F47 
 2014      5F577269 
 2014      74655478 
 2014      44617461 
 2015              	.LASF15:
 2016 053d 646F7562 		.ascii	"double\000"
 2016      6C6500
 2017              	.LASF59:
 2018 0544 55415254 		.ascii	"UART_TX_isrHandler\000"
 2018      5F54585F 
 2018      69737248 
 2018      616E646C 
 2018      657200
 2019              	.LASF45:
 2020 0557 6D5F6461 		.ascii	"m_data\000"
 2020      746100
 2021              	.LASF17:
 2022 055e 52435F45 		.ascii	"RC_ERROR\000"
 2022      52524F52 
 2022      00
 2023              	.LASF20:
 2024 0567 52435F45 		.ascii	"RC_ERROR_MEMORY\000"
 2024      52524F52 
 2024      5F4D454D 
 2024      4F525900 
 2025              	.LASF46:
 2026 0577 6D5F7265 		.ascii	"m_readIndex\000"
 2026      6164496E 
 2026      64657800 
 2027              	.LASF43:
 2028 0583 52435F74 		.ascii	"RC_t\000"
 2028      00
 2029              	.LASF27:
 2030 0588 52435F45 		.ascii	"RC_ERROR_TIME_OUT\000"
 2030      52524F52 
 2030      5F54494D 
 2030      455F4F55 
 2030      5400
 2031              		.ident	"GCC: (GNU Tools for ARM Embedded Processors) 5.4.1 20160609 (release) [ARM/embedded-5-bran
ARM GAS  C:\Users\zakis\AppData\Local\Temp\ccFIOqwe.s 			page 45


